Chronologic VCS simulator copyright 1991-2011
Contains Synopsys proprietary information.
Compiler version E-2011.03_Full64; Runtime version E-2011.03_Full64;  Dec 10 00:51 2012
@@
@@
@@                     0  Asserting System reset......
@@
@@                     0 : System STILL at reset, can't show anything
@@
@@
@@                    10 : System STILL at reset, can't show anything
@@
@@
@@                    20 : System STILL at reset, can't show anything
@@
@@@ Unified Memory contents hex on left, decimal on right: 
@@@
@@@ mem[    0] = 207f1000205f0000 : 2341607923985088512
@@@ mem[    8] = b4430000f0400002 : 12989225754297368578
@@@ mem[   16] = 4040340240611403 : 4629757601211552771
@@@ mem[   24] = f43ffffa4041fda1 : 17600067319072161185
@@@ mem[   32] = 0000000000000555 : 1365
@@@
@@@ mem[ 4104] = 0000000000000002 : 2
@@@ mem[ 4112] = 0000000000000004 : 4
@@@ mem[ 4120] = 0000000000000006 : 6
@@@ mem[ 4128] = 0000000000000008 : 8
@@@ mem[ 4136] = 000000000000000a : 10
@@@ mem[ 4144] = 000000000000000c : 12
@@@ mem[ 4152] = 000000000000000e : 14
@@@
@@@
@@                  1272 : System halted
@@
@@@ System halted on HALT instruction
@@@
@@
@@  126 cycles / 99 instrs = 1.272727 CPI
@@
@@  3750.00 ns total time to execute
@@

$finish called from file "testbench/pipeline_test.v", line 817.
$finish at simulation time                 1272
           V C S   S i m u l a t i o n   R e p o r t 
Time: 1272
CPU Time:      0.340 seconds;       Data structure size:   0.3Mb
Mon Dec 10 00:51:09 2012
