Chronologic VCS simulator copyright 1991-2011
Contains Synopsys proprietary information.
Compiler version E-2011.03_Full64; Runtime version E-2011.03_Full64;  Dec 10 00:51 2012
@@
@@
@@                     0  Asserting System reset......
@@
@@                     0 : System STILL at reset, can't show anything
@@
@@
@@                    10 : System STILL at reset, can't show anything
@@
@@
@@                    20 : System STILL at reset, can't show anything
@@
@@@ Unified Memory contents hex on left, decimal on right: 
@@@
@@@ mem[    0] = 0000000000000555 : 1365
@@@
@@@
@@                    72 : System halted
@@
@@@ System halted on HALT instruction
@@@
@@
@@  6 cycles / 1 instrs = 6.000000 CPI
@@
@@  150.00 ns total time to execute
@@

$finish called from file "testbench/pipeline_test.v", line 817.
$finish at simulation time                   72
           V C S   S i m u l a t i o n   R e p o r t 
Time: 72
CPU Time:      0.280 seconds;       Data structure size:   0.3Mb
Mon Dec 10 00:51:19 2012
