Chronologic VCS simulator copyright 1991-2011
Contains Synopsys proprietary information.
Compiler version E-2011.03_Full64; Runtime version E-2011.03_Full64;  Dec 10 00:51 2012
@@
@@
@@                     0  Asserting System reset......
@@
@@                     0 : System STILL at reset, can't show anything
@@
@@
@@                    10 : System STILL at reset, can't show anything
@@
@@
@@                    20 : System STILL at reset, can't show anything
@@
@@@ Unified Memory contents hex on left, decimal on right: 
@@@
@@@ mem[    0] = 203f100020bf0000 : 2323593525481897984
@@@ mem[    8] = a4610000b4410000 : 11844748497985273856
@@@ mem[   16] = 0000000000000555 : 1365
@@@
@@@
@@                   152 : System halted
@@
@@@ System halted on HALT instruction
@@@
@@
@@  14 cycles / 5 instrs = 2.800000 CPI
@@
@@  390.00 ns total time to execute
@@

$finish called from file "testbench/pipeline_test.v", line 817.
$finish at simulation time                  152
           V C S   S i m u l a t i o n   R e p o r t 
Time: 152
CPU Time:      0.290 seconds;       Data structure size:   0.3Mb
Mon Dec 10 00:51:21 2012
