4:lda
8:nop
12:nop
16:nop
20:nop
24:lda
28:nop
32:nop
36:nop
40:nop
44:blbs
48:nop
52:nop
56:nop
60:nop
64:stq
68:nop
72:nop
76:nop
80:nop
84:addq
88:nop
92:nop
96:nop
100:nop
104:addq
108:nop
112:nop
116:nop
120:nop
124:cmple
128:nop
132:nop
136:nop
140:nop
144:bne
44:blbs
104:addq
108:nop
112:nop
116:nop
120:nop
124:cmple
128:nop
132:nop
136:nop
140:nop
144:bne
44:blbs
48:nop
52:nop
56:nop
60:nop
64:stq
68:nop
72:nop
76:nop
80:nop
84:addq
88:nop
92:nop
96:nop
100:nop
104:addq
108:nop
112:nop
116:nop
120:nop
124:cmple
128:nop
132:nop
136:nop
140:nop
144:bne
44:blbs
104:addq
108:nop
112:nop
116:nop
120:nop
124:cmple
128:nop
132:nop
136:nop
140:nop
144:bne
44:blbs
48:nop
52:nop
56:nop
60:nop
64:stq
68:nop
72:nop
76:nop
80:nop
84:addq
88:nop
92:nop
96:nop
100:nop
104:addq
108:nop
112:nop
116:nop
120:nop
124:cmple
128:nop
132:nop
136:nop
140:nop
144:bne
44:blbs
104:addq
108:nop
112:nop
116:nop
120:nop
124:cmple
128:nop
132:nop
136:nop
140:nop
144:bne
44:blbs
48:nop
52:nop
56:nop
60:nop
64:stq
68:nop
72:nop
76:nop
80:nop
84:addq
88:nop
92:nop
96:nop
100:nop
104:addq
108:nop
112:nop
116:nop
120:nop
124:cmple
128:nop
132:nop
136:nop
140:nop
144:bne
44:blbs
104:addq
108:nop
112:nop
116:nop
120:nop
124:cmple
128:nop
132:nop
136:nop
140:nop
144:bne
44:blbs
48:nop
52:nop
56:nop
60:nop
64:stq
68:nop
72:nop
76:nop
80:nop
84:addq
88:nop
92:nop
96:nop
100:nop
104:addq
108:nop
112:nop
116:nop
120:nop
124:cmple
128:nop
132:nop
136:nop
140:nop
144:bne
44:blbs
104:addq
108:nop
112:nop
116:nop
120:nop
124:cmple
128:nop
132:nop
136:nop
140:nop
144:bne
44:blbs
48:nop
52:nop
56:nop
60:nop
64:stq
68:nop
72:nop
76:nop
80:nop
84:addq
88:nop
92:nop
96:nop
100:nop
104:addq
108:nop
112:nop
116:nop
120:nop
124:cmple
128:nop
132:nop
136:nop
140:nop
144:bne
44:blbs
104:addq
108:nop
112:nop
116:nop
120:nop
124:cmple
128:nop
132:nop
136:nop
140:nop
144:bne
44:blbs
48:nop
52:nop
56:nop
60:nop
64:stq
68:nop
72:nop
76:nop
80:nop
84:addq
88:nop
92:nop
96:nop
100:nop
104:addq
108:nop
112:nop
116:nop
120:nop
124:cmple
128:nop
132:nop
136:nop
140:nop
144:bne
44:blbs
104:addq
108:nop
112:nop
116:nop
120:nop
124:cmple
128:nop
132:nop
136:nop
140:nop
144:bne
44:blbs
48:nop
52:nop
56:nop
60:nop
64:stq
68:nop
72:nop
76:nop
80:nop
84:addq
88:nop
92:nop
96:nop
100:nop
104:addq
108:nop
112:nop
116:nop
120:nop
124:cmple
128:nop
132:nop
136:nop
140:nop
144:bne
44:blbs
104:addq
108:nop
112:nop
116:nop
120:nop
124:cmple
128:nop
132:nop
136:nop
140:nop
144:bne
148:nop
152:nop
156:nop
160:nop
164:halt
