                                                                            D-MEM Bus &
Cycle:      IF      |     ID      |     EX      |     MEM     |     WB      Reg Result
    0:    4:-       |   0:-       |   0:-       |   0:-       |   0:-       
    1:    4:-       |   4:-       |   0:-       |   0:-       |   0:-       BUS_LOAD  MEM[0] accepted 1
    2:    4:-       |   4:-       |   4:-       |   0:-       |   0:-       
    3:    4:-       |   4:-       |   4:-       |   4:-       |   0:-       
    4:    4:-       |   4:-       |   4:-       |   4:-       |   4:-       
    5:    4:-       |   4:-       |   4:-       |   4:-       |   4:-       
    6:    4:lda     |   4:-       |   4:-       |   4:-       |   4:-       
    7:    8:-       |   4:lda     |   4:-       |   4:-       |   4:-       
    8:    8:-       |   8:-       |   4:lda     |   4:-       |   4:-       
    9:    8:-       |   8:-       |   8:-       |   4:lda     |   4:-       
   10:    8:-       |   8:-       |   8:-       |   8:-       |   4:lda     r3=4096  
   11:    8:lda     |   8:-       |   8:-       |   8:-       |   8:-       
   12:   12:-       |   8:lda     |   8:-       |   8:-       |   8:-       
   13:   12:-       |  12:-       |   8:lda     |   8:-       |   8:-       BUS_LOAD  MEM[8] accepted 1
   14:   12:-       |  12:-       |  12:-       |   8:lda     |   8:-       
   15:   12:-       |  12:-       |  12:-       |  12:-       |   8:lda     r4=4104  
   16:   12:-       |  12:-       |  12:-       |  12:-       |  12:-       
   17:   12:-       |  12:-       |  12:-       |  12:-       |  12:-       
   18:   12:lda     |  12:-       |  12:-       |  12:-       |  12:-       
   19:   16:-       |  12:lda     |  12:-       |  12:-       |  12:-       
   20:   16:-       |  16:-       |  12:lda     |  12:-       |  12:-       
   21:   16:-       |  16:-       |  16:-       |  12:lda     |  12:-       
   22:   16:-       |  16:-       |  16:-       |  16:-       |  12:lda     r5=4112  
   23:   16:lda     |  16:-       |  16:-       |  16:-       |  16:-       
   24:   20:-       |  16:lda     |  16:-       |  16:-       |  16:-       
   25:   20:-       |  20:-       |  16:lda     |  16:-       |  16:-       BUS_LOAD  MEM[16] accepted 1
   26:   20:-       |  20:-       |  20:-       |  16:lda     |  16:-       
   27:   20:-       |  20:-       |  20:-       |  20:-       |  16:lda     r9=2  
   28:   20:-       |  20:-       |  20:-       |  20:-       |  20:-       
   29:   20:-       |  20:-       |  20:-       |  20:-       |  20:-       
   30:   20:lda     |  20:-       |  20:-       |  20:-       |  20:-       
   31:   24:-       |  20:lda     |  20:-       |  20:-       |  20:-       
   32:   24:-       |  24:-       |  20:lda     |  20:-       |  20:-       
   33:   24:-       |  24:-       |  24:-       |  20:lda     |  20:-       
   34:   24:-       |  24:-       |  24:-       |  24:-       |  20:lda     r1=1  
   35:   24:stq     |  24:-       |  24:-       |  24:-       |  24:-       
   36:   28:-       |  24:stq     |  24:-       |  24:-       |  24:-       
   37:   28:-       |  28:-       |  24:stq     |  24:-       |  24:-       BUS_LOAD  MEM[24] accepted 1
   38:   28:-       |  28:-       |  28:-       |  24:stq     |  24:-       BUS_STORE MEM[4096] = 1 accepted 2
   39:   28:-       |  28:-       |  28:-       |  28:-       |  24:stq     
   40:   28:-       |  28:-       |  28:-       |  28:-       |  28:-       
   41:   28:-       |  28:-       |  28:-       |  28:-       |  28:-       
   42:   28:stq     |  28:-       |  28:-       |  28:-       |  28:-       
   43:   32:-       |  28:stq     |  28:-       |  28:-       |  28:-       
   44:   32:-       |  32:-       |  28:stq     |  28:-       |  28:-       
   45:   32:-       |  32:-       |  32:-       |  28:stq     |  28:-       BUS_STORE MEM[4104] = 1 accepted 1
   46:   32:-       |  32:-       |  32:-       |  32:-       |  28:stq     
   47:   32:ldq     |  32:-       |  32:-       |  32:-       |  32:-       
   48:   36:-       |  32:ldq     |  32:-       |  32:-       |  32:-       
   49:   36:-       |  36:-       |  32:ldq     |  32:-       |  32:-       BUS_LOAD  MEM[32] accepted 2
   50:   36:-       |  36:-       |  36:-       |  32:ldq     |  32:-       BUS_LOAD  MEM[4096] accepted 1
   51:   36:-       |  36:-       |  36:-       |  32:ldq     |  32:-       
   52:   36:-       |  36:-       |  36:-       |  32:ldq     |  32:-       
   53:   36:-       |  36:-       |  36:-       |  32:ldq     |  32:-       
   54:   36:-       |  36:-       |  36:-       |  32:ldq     |  32:-       
   55:   36:-       |  36:-       |  36:-       |  36:-       |  32:ldq     r1=1  
   56:   36:ldq     |  36:-       |  36:-       |  36:-       |  36:-       
   57:   40:-       |  36:ldq     |  36:-       |  36:-       |  36:-       
   58:   40:-       |  40:-       |  36:ldq     |  36:-       |  36:-       
   59:   40:-       |  40:-       |  40:-       |  36:ldq     |  36:-       BUS_LOAD  MEM[4104] accepted 1
   60:   40:-       |  40:-       |  40:-       |  36:ldq     |  36:-       
   61:   40:-       |  40:-       |  40:-       |  36:ldq     |  36:-       
   62:   40:-       |  40:-       |  40:-       |  36:ldq     |  36:-       
   63:   40:-       |  40:-       |  40:-       |  36:ldq     |  36:-       
   64:   40:-       |  40:-       |  40:-       |  40:-       |  36:ldq     r2=1  
   65:   40:addq    |  40:-       |  40:-       |  40:-       |  40:-       
   66:   44:-       |  40:addq    |  40:-       |  40:-       |  40:-       
   67:   44:-       |  44:-       |  40:addq    |  40:-       |  40:-       BUS_LOAD  MEM[40] accepted 1
   68:   44:-       |  44:-       |  44:-       |  40:addq    |  40:-       
   69:   44:-       |  44:-       |  44:-       |  44:-       |  40:addq    r2=2  
   70:   44:-       |  44:-       |  44:-       |  44:-       |  44:-       
   71:   44:-       |  44:-       |  44:-       |  44:-       |  44:-       
   72:   44:addq    |  44:-       |  44:-       |  44:-       |  44:-       
   73:   48:-       |  44:addq    |  44:-       |  44:-       |  44:-       
   74:   48:-       |  48:-       |  44:addq    |  44:-       |  44:-       
   75:   48:-       |  48:-       |  48:-       |  44:addq    |  44:-       
   76:   48:-       |  48:-       |  48:-       |  48:-       |  44:addq    r3=4104  
   77:   48:addq    |  48:-       |  48:-       |  48:-       |  48:-       
   78:   52:-       |  48:addq    |  48:-       |  48:-       |  48:-       
   79:   52:-       |  52:-       |  48:addq    |  48:-       |  48:-       BUS_LOAD  MEM[48] accepted 1
   80:   52:-       |  52:-       |  52:-       |  48:addq    |  48:-       
   81:   52:-       |  52:-       |  52:-       |  52:-       |  48:addq    r4=4112  
   82:   52:-       |  52:-       |  52:-       |  52:-       |  52:-       
   83:   52:-       |  52:-       |  52:-       |  52:-       |  52:-       
   84:   52:addq    |  52:-       |  52:-       |  52:-       |  52:-       
   85:   56:-       |  52:addq    |  52:-       |  52:-       |  52:-       
   86:   56:-       |  56:-       |  52:addq    |  52:-       |  52:-       
   87:   56:-       |  56:-       |  56:-       |  52:addq    |  52:-       
   88:   56:-       |  56:-       |  56:-       |  56:-       |  52:addq    r9=3  
   89:   56:cmple   |  56:-       |  56:-       |  56:-       |  56:-       
   90:   60:-       |  56:cmple   |  56:-       |  56:-       |  56:-       
   91:   60:-       |  60:-       |  56:cmple   |  56:-       |  56:-       BUS_LOAD  MEM[56] accepted 1
   92:   60:-       |  60:-       |  60:-       |  56:cmple   |  56:-       
   93:   60:-       |  60:-       |  60:-       |  60:-       |  56:cmple   r10=1  
   94:   60:-       |  60:-       |  60:-       |  60:-       |  60:-       
   95:   60:-       |  60:-       |  60:-       |  60:-       |  60:-       
   96:   60:stq     |  60:-       |  60:-       |  60:-       |  60:-       
   97:   64:-       |  60:stq     |  60:-       |  60:-       |  60:-       
   98:   64:-       |  64:-       |  60:stq     |  60:-       |  60:-       
   99:   64:-       |  64:-       |  64:-       |  60:stq     |  60:-       BUS_STORE MEM[4112] = 2 accepted 1
  100:   64:-       |  64:-       |  64:-       |  64:-       |  60:stq     
  101:   64:addq    |  64:-       |  64:-       |  64:-       |  64:-       
  102:   68:-       |  64:addq    |  64:-       |  64:-       |  64:-       
  103:   68:-       |  68:-       |  64:addq    |  64:-       |  64:-       BUS_LOAD  MEM[64] accepted 2
  104:   68:-       |  68:-       |  68:-       |  64:addq    |  64:-       
  105:   68:-       |  68:-       |  68:-       |  68:-       |  64:addq    r5=4120  
  106:   68:-       |  68:-       |  68:-       |  68:-       |  68:-       
  107:   68:-       |  68:-       |  68:-       |  68:-       |  68:-       
  108:   68:bne     |  68:-       |  68:-       |  68:-       |  68:-       
  109:   72:-       |  68:bne     |  68:-       |  68:-       |  68:-       
  110:   72:-       |  72:-       |  68:bne     |  68:-       |  68:-       
  111:   72:-       |  72:-       |  72:-       |  68:bne     |  68:-       
  112:   32:-       |  72:-       |  72:-       |  72:-       |  68:bne     
  113:   32:ldq     |  32:-       |  72:-       |  72:-       |  72:-       
  114:   36:-       |  32:ldq     |  32:-       |  72:-       |  72:-       
  115:   36:-       |  36:-       |  32:ldq     |  32:-       |  72:-       
  116:   36:-       |  36:-       |  36:-       |  32:ldq     |  32:-       BUS_LOAD  MEM[4104] accepted 1
  117:   36:-       |  36:-       |  36:-       |  32:ldq     |  32:-       
  118:   36:-       |  36:-       |  36:-       |  32:ldq     |  32:-       
  119:   36:-       |  36:-       |  36:-       |  32:ldq     |  32:-       
  120:   36:-       |  36:-       |  36:-       |  32:ldq     |  32:-       
  121:   36:-       |  36:-       |  36:-       |  36:-       |  32:ldq     r1=1  
  122:   36:ldq     |  36:-       |  36:-       |  36:-       |  36:-       
  123:   40:-       |  36:ldq     |  36:-       |  36:-       |  36:-       
  124:   40:-       |  40:-       |  36:ldq     |  36:-       |  36:-       
  125:   40:-       |  40:-       |  40:-       |  36:ldq     |  36:-       BUS_LOAD  MEM[4112] accepted 1
  126:   40:-       |  40:-       |  40:-       |  36:ldq     |  36:-       
  127:   40:-       |  40:-       |  40:-       |  36:ldq     |  36:-       
  128:   40:-       |  40:-       |  40:-       |  36:ldq     |  36:-       
  129:   40:-       |  40:-       |  40:-       |  36:ldq     |  36:-       
  130:   40:-       |  40:-       |  40:-       |  40:-       |  36:ldq     r2=2  
  131:   40:addq    |  40:-       |  40:-       |  40:-       |  40:-       
  132:   44:-       |  40:addq    |  40:-       |  40:-       |  40:-       
  133:   44:-       |  44:-       |  40:addq    |  40:-       |  40:-       
  134:   44:-       |  44:-       |  44:-       |  40:addq    |  40:-       
  135:   44:-       |  44:-       |  44:-       |  44:-       |  40:addq    r2=3  
  136:   44:addq    |  44:-       |  44:-       |  44:-       |  44:-       
  137:   48:-       |  44:addq    |  44:-       |  44:-       |  44:-       
  138:   48:-       |  48:-       |  44:addq    |  44:-       |  44:-       
  139:   48:-       |  48:-       |  48:-       |  44:addq    |  44:-       
  140:   48:-       |  48:-       |  48:-       |  48:-       |  44:addq    r3=4112  
  141:   48:addq    |  48:-       |  48:-       |  48:-       |  48:-       
  142:   52:-       |  48:addq    |  48:-       |  48:-       |  48:-       
  143:   52:-       |  52:-       |  48:addq    |  48:-       |  48:-       
  144:   52:-       |  52:-       |  52:-       |  48:addq    |  48:-       
  145:   52:-       |  52:-       |  52:-       |  52:-       |  48:addq    r4=4120  
  146:   52:addq    |  52:-       |  52:-       |  52:-       |  52:-       
  147:   56:-       |  52:addq    |  52:-       |  52:-       |  52:-       
  148:   56:-       |  56:-       |  52:addq    |  52:-       |  52:-       
  149:   56:-       |  56:-       |  56:-       |  52:addq    |  52:-       
  150:   56:-       |  56:-       |  56:-       |  56:-       |  52:addq    r9=4  
  151:   56:cmple   |  56:-       |  56:-       |  56:-       |  56:-       
  152:   60:-       |  56:cmple   |  56:-       |  56:-       |  56:-       
  153:   60:-       |  60:-       |  56:cmple   |  56:-       |  56:-       
  154:   60:-       |  60:-       |  60:-       |  56:cmple   |  56:-       
  155:   60:-       |  60:-       |  60:-       |  60:-       |  56:cmple   r10=1  
  156:   60:stq     |  60:-       |  60:-       |  60:-       |  60:-       
  157:   64:-       |  60:stq     |  60:-       |  60:-       |  60:-       
  158:   64:-       |  64:-       |  60:stq     |  60:-       |  60:-       
  159:   64:-       |  64:-       |  64:-       |  60:stq     |  60:-       BUS_STORE MEM[4120] = 3 accepted 1
  160:   64:-       |  64:-       |  64:-       |  64:-       |  60:stq     
  161:   64:addq    |  64:-       |  64:-       |  64:-       |  64:-       
  162:   68:-       |  64:addq    |  64:-       |  64:-       |  64:-       
  163:   68:-       |  68:-       |  64:addq    |  64:-       |  64:-       
  164:   68:-       |  68:-       |  68:-       |  64:addq    |  64:-       
  165:   68:-       |  68:-       |  68:-       |  68:-       |  64:addq    r5=4128  
  166:   68:bne     |  68:-       |  68:-       |  68:-       |  68:-       
  167:   72:-       |  68:bne     |  68:-       |  68:-       |  68:-       
  168:   72:-       |  72:-       |  68:bne     |  68:-       |  68:-       
  169:   72:-       |  72:-       |  72:-       |  68:bne     |  68:-       
  170:   32:-       |  72:-       |  72:-       |  72:-       |  68:bne     
  171:   32:ldq     |  32:-       |  72:-       |  72:-       |  72:-       
  172:   36:-       |  32:ldq     |  32:-       |  72:-       |  72:-       
  173:   36:-       |  36:-       |  32:ldq     |  32:-       |  72:-       
  174:   36:-       |  36:-       |  36:-       |  32:ldq     |  32:-       BUS_LOAD  MEM[4112] accepted 1
  175:   36:-       |  36:-       |  36:-       |  32:ldq     |  32:-       
  176:   36:-       |  36:-       |  36:-       |  32:ldq     |  32:-       
  177:   36:-       |  36:-       |  36:-       |  32:ldq     |  32:-       
  178:   36:-       |  36:-       |  36:-       |  32:ldq     |  32:-       
  179:   36:-       |  36:-       |  36:-       |  36:-       |  32:ldq     r1=2  
  180:   36:ldq     |  36:-       |  36:-       |  36:-       |  36:-       
  181:   40:-       |  36:ldq     |  36:-       |  36:-       |  36:-       
  182:   40:-       |  40:-       |  36:ldq     |  36:-       |  36:-       
  183:   40:-       |  40:-       |  40:-       |  36:ldq     |  36:-       BUS_LOAD  MEM[4120] accepted 1
  184:   40:-       |  40:-       |  40:-       |  36:ldq     |  36:-       
  185:   40:-       |  40:-       |  40:-       |  36:ldq     |  36:-       
  186:   40:-       |  40:-       |  40:-       |  36:ldq     |  36:-       
  187:   40:-       |  40:-       |  40:-       |  36:ldq     |  36:-       
  188:   40:-       |  40:-       |  40:-       |  40:-       |  36:ldq     r2=3  
  189:   40:addq    |  40:-       |  40:-       |  40:-       |  40:-       
  190:   44:-       |  40:addq    |  40:-       |  40:-       |  40:-       
  191:   44:-       |  44:-       |  40:addq    |  40:-       |  40:-       
  192:   44:-       |  44:-       |  44:-       |  40:addq    |  40:-       
  193:   44:-       |  44:-       |  44:-       |  44:-       |  40:addq    r2=5  
  194:   44:addq    |  44:-       |  44:-       |  44:-       |  44:-       
  195:   48:-       |  44:addq    |  44:-       |  44:-       |  44:-       
  196:   48:-       |  48:-       |  44:addq    |  44:-       |  44:-       
  197:   48:-       |  48:-       |  48:-       |  44:addq    |  44:-       
  198:   48:-       |  48:-       |  48:-       |  48:-       |  44:addq    r3=4120  
  199:   48:addq    |  48:-       |  48:-       |  48:-       |  48:-       
  200:   52:-       |  48:addq    |  48:-       |  48:-       |  48:-       
  201:   52:-       |  52:-       |  48:addq    |  48:-       |  48:-       
  202:   52:-       |  52:-       |  52:-       |  48:addq    |  48:-       
  203:   52:-       |  52:-       |  52:-       |  52:-       |  48:addq    r4=4128  
  204:   52:addq    |  52:-       |  52:-       |  52:-       |  52:-       
  205:   56:-       |  52:addq    |  52:-       |  52:-       |  52:-       
  206:   56:-       |  56:-       |  52:addq    |  52:-       |  52:-       
  207:   56:-       |  56:-       |  56:-       |  52:addq    |  52:-       
  208:   56:-       |  56:-       |  56:-       |  56:-       |  52:addq    r9=5  
  209:   56:cmple   |  56:-       |  56:-       |  56:-       |  56:-       
  210:   60:-       |  56:cmple   |  56:-       |  56:-       |  56:-       
  211:   60:-       |  60:-       |  56:cmple   |  56:-       |  56:-       
  212:   60:-       |  60:-       |  60:-       |  56:cmple   |  56:-       
  213:   60:-       |  60:-       |  60:-       |  60:-       |  56:cmple   r10=1  
  214:   60:stq     |  60:-       |  60:-       |  60:-       |  60:-       
  215:   64:-       |  60:stq     |  60:-       |  60:-       |  60:-       
  216:   64:-       |  64:-       |  60:stq     |  60:-       |  60:-       
  217:   64:-       |  64:-       |  64:-       |  60:stq     |  60:-       BUS_STORE MEM[4128] = 5 accepted 1
  218:   64:-       |  64:-       |  64:-       |  64:-       |  60:stq     
  219:   64:addq    |  64:-       |  64:-       |  64:-       |  64:-       
  220:   68:-       |  64:addq    |  64:-       |  64:-       |  64:-       
  221:   68:-       |  68:-       |  64:addq    |  64:-       |  64:-       
  222:   68:-       |  68:-       |  68:-       |  64:addq    |  64:-       
  223:   68:-       |  68:-       |  68:-       |  68:-       |  64:addq    r5=4136  
  224:   68:bne     |  68:-       |  68:-       |  68:-       |  68:-       
  225:   72:-       |  68:bne     |  68:-       |  68:-       |  68:-       
  226:   72:-       |  72:-       |  68:bne     |  68:-       |  68:-       
  227:   72:-       |  72:-       |  72:-       |  68:bne     |  68:-       
  228:   32:-       |  72:-       |  72:-       |  72:-       |  68:bne     
  229:   32:ldq     |  32:-       |  72:-       |  72:-       |  72:-       
  230:   36:-       |  32:ldq     |  32:-       |  72:-       |  72:-       
  231:   36:-       |  36:-       |  32:ldq     |  32:-       |  72:-       
  232:   36:-       |  36:-       |  36:-       |  32:ldq     |  32:-       BUS_LOAD  MEM[4120] accepted 1
  233:   36:-       |  36:-       |  36:-       |  32:ldq     |  32:-       
  234:   36:-       |  36:-       |  36:-       |  32:ldq     |  32:-       
  235:   36:-       |  36:-       |  36:-       |  32:ldq     |  32:-       
  236:   36:-       |  36:-       |  36:-       |  32:ldq     |  32:-       
  237:   36:-       |  36:-       |  36:-       |  36:-       |  32:ldq     r1=3  
  238:   36:ldq     |  36:-       |  36:-       |  36:-       |  36:-       
  239:   40:-       |  36:ldq     |  36:-       |  36:-       |  36:-       
  240:   40:-       |  40:-       |  36:ldq     |  36:-       |  36:-       
  241:   40:-       |  40:-       |  40:-       |  36:ldq     |  36:-       BUS_LOAD  MEM[4128] accepted 1
  242:   40:-       |  40:-       |  40:-       |  36:ldq     |  36:-       
  243:   40:-       |  40:-       |  40:-       |  36:ldq     |  36:-       
  244:   40:-       |  40:-       |  40:-       |  36:ldq     |  36:-       
  245:   40:-       |  40:-       |  40:-       |  36:ldq     |  36:-       
  246:   40:-       |  40:-       |  40:-       |  40:-       |  36:ldq     r2=5  
  247:   40:addq    |  40:-       |  40:-       |  40:-       |  40:-       
  248:   44:-       |  40:addq    |  40:-       |  40:-       |  40:-       
  249:   44:-       |  44:-       |  40:addq    |  40:-       |  40:-       
  250:   44:-       |  44:-       |  44:-       |  40:addq    |  40:-       
  251:   44:-       |  44:-       |  44:-       |  44:-       |  40:addq    r2=8  
  252:   44:addq    |  44:-       |  44:-       |  44:-       |  44:-       
  253:   48:-       |  44:addq    |  44:-       |  44:-       |  44:-       
  254:   48:-       |  48:-       |  44:addq    |  44:-       |  44:-       
  255:   48:-       |  48:-       |  48:-       |  44:addq    |  44:-       
  256:   48:-       |  48:-       |  48:-       |  48:-       |  44:addq    r3=4128  
  257:   48:addq    |  48:-       |  48:-       |  48:-       |  48:-       
  258:   52:-       |  48:addq    |  48:-       |  48:-       |  48:-       
  259:   52:-       |  52:-       |  48:addq    |  48:-       |  48:-       
  260:   52:-       |  52:-       |  52:-       |  48:addq    |  48:-       
  261:   52:-       |  52:-       |  52:-       |  52:-       |  48:addq    r4=4136  
  262:   52:addq    |  52:-       |  52:-       |  52:-       |  52:-       
  263:   56:-       |  52:addq    |  52:-       |  52:-       |  52:-       
  264:   56:-       |  56:-       |  52:addq    |  52:-       |  52:-       
  265:   56:-       |  56:-       |  56:-       |  52:addq    |  52:-       
  266:   56:-       |  56:-       |  56:-       |  56:-       |  52:addq    r9=6  
  267:   56:cmple   |  56:-       |  56:-       |  56:-       |  56:-       
  268:   60:-       |  56:cmple   |  56:-       |  56:-       |  56:-       
  269:   60:-       |  60:-       |  56:cmple   |  56:-       |  56:-       
  270:   60:-       |  60:-       |  60:-       |  56:cmple   |  56:-       
  271:   60:-       |  60:-       |  60:-       |  60:-       |  56:cmple   r10=1  
  272:   60:stq     |  60:-       |  60:-       |  60:-       |  60:-       
  273:   64:-       |  60:stq     |  60:-       |  60:-       |  60:-       
  274:   64:-       |  64:-       |  60:stq     |  60:-       |  60:-       
  275:   64:-       |  64:-       |  64:-       |  60:stq     |  60:-       BUS_STORE MEM[4136] = 8 accepted 1
  276:   64:-       |  64:-       |  64:-       |  64:-       |  60:stq     
  277:   64:addq    |  64:-       |  64:-       |  64:-       |  64:-       
  278:   68:-       |  64:addq    |  64:-       |  64:-       |  64:-       
  279:   68:-       |  68:-       |  64:addq    |  64:-       |  64:-       
  280:   68:-       |  68:-       |  68:-       |  64:addq    |  64:-       
  281:   68:-       |  68:-       |  68:-       |  68:-       |  64:addq    r5=4144  
  282:   68:bne     |  68:-       |  68:-       |  68:-       |  68:-       
  283:   72:-       |  68:bne     |  68:-       |  68:-       |  68:-       
  284:   72:-       |  72:-       |  68:bne     |  68:-       |  68:-       
  285:   72:-       |  72:-       |  72:-       |  68:bne     |  68:-       
  286:   32:-       |  72:-       |  72:-       |  72:-       |  68:bne     
  287:   32:ldq     |  32:-       |  72:-       |  72:-       |  72:-       
  288:   36:-       |  32:ldq     |  32:-       |  72:-       |  72:-       
  289:   36:-       |  36:-       |  32:ldq     |  32:-       |  72:-       
  290:   36:-       |  36:-       |  36:-       |  32:ldq     |  32:-       BUS_LOAD  MEM[4128] accepted 1
  291:   36:-       |  36:-       |  36:-       |  32:ldq     |  32:-       
  292:   36:-       |  36:-       |  36:-       |  32:ldq     |  32:-       
  293:   36:-       |  36:-       |  36:-       |  32:ldq     |  32:-       
  294:   36:-       |  36:-       |  36:-       |  32:ldq     |  32:-       
  295:   36:-       |  36:-       |  36:-       |  36:-       |  32:ldq     r1=5  
  296:   36:ldq     |  36:-       |  36:-       |  36:-       |  36:-       
  297:   40:-       |  36:ldq     |  36:-       |  36:-       |  36:-       
  298:   40:-       |  40:-       |  36:ldq     |  36:-       |  36:-       
  299:   40:-       |  40:-       |  40:-       |  36:ldq     |  36:-       BUS_LOAD  MEM[4136] accepted 1
  300:   40:-       |  40:-       |  40:-       |  36:ldq     |  36:-       
  301:   40:-       |  40:-       |  40:-       |  36:ldq     |  36:-       
  302:   40:-       |  40:-       |  40:-       |  36:ldq     |  36:-       
  303:   40:-       |  40:-       |  40:-       |  36:ldq     |  36:-       
  304:   40:-       |  40:-       |  40:-       |  40:-       |  36:ldq     r2=8  
  305:   40:addq    |  40:-       |  40:-       |  40:-       |  40:-       
  306:   44:-       |  40:addq    |  40:-       |  40:-       |  40:-       
  307:   44:-       |  44:-       |  40:addq    |  40:-       |  40:-       
  308:   44:-       |  44:-       |  44:-       |  40:addq    |  40:-       
  309:   44:-       |  44:-       |  44:-       |  44:-       |  40:addq    r2=13  
  310:   44:addq    |  44:-       |  44:-       |  44:-       |  44:-       
  311:   48:-       |  44:addq    |  44:-       |  44:-       |  44:-       
  312:   48:-       |  48:-       |  44:addq    |  44:-       |  44:-       
  313:   48:-       |  48:-       |  48:-       |  44:addq    |  44:-       
  314:   48:-       |  48:-       |  48:-       |  48:-       |  44:addq    r3=4136  
  315:   48:addq    |  48:-       |  48:-       |  48:-       |  48:-       
  316:   52:-       |  48:addq    |  48:-       |  48:-       |  48:-       
  317:   52:-       |  52:-       |  48:addq    |  48:-       |  48:-       
  318:   52:-       |  52:-       |  52:-       |  48:addq    |  48:-       
  319:   52:-       |  52:-       |  52:-       |  52:-       |  48:addq    r4=4144  
  320:   52:addq    |  52:-       |  52:-       |  52:-       |  52:-       
  321:   56:-       |  52:addq    |  52:-       |  52:-       |  52:-       
  322:   56:-       |  56:-       |  52:addq    |  52:-       |  52:-       
  323:   56:-       |  56:-       |  56:-       |  52:addq    |  52:-       
  324:   56:-       |  56:-       |  56:-       |  56:-       |  52:addq    r9=7  
  325:   56:cmple   |  56:-       |  56:-       |  56:-       |  56:-       
  326:   60:-       |  56:cmple   |  56:-       |  56:-       |  56:-       
  327:   60:-       |  60:-       |  56:cmple   |  56:-       |  56:-       
  328:   60:-       |  60:-       |  60:-       |  56:cmple   |  56:-       
  329:   60:-       |  60:-       |  60:-       |  60:-       |  56:cmple   r10=1  
  330:   60:stq     |  60:-       |  60:-       |  60:-       |  60:-       
  331:   64:-       |  60:stq     |  60:-       |  60:-       |  60:-       
  332:   64:-       |  64:-       |  60:stq     |  60:-       |  60:-       
  333:   64:-       |  64:-       |  64:-       |  60:stq     |  60:-       BUS_STORE MEM[4144] = 13 accepted 1
  334:   64:-       |  64:-       |  64:-       |  64:-       |  60:stq     
  335:   64:addq    |  64:-       |  64:-       |  64:-       |  64:-       
  336:   68:-       |  64:addq    |  64:-       |  64:-       |  64:-       
  337:   68:-       |  68:-       |  64:addq    |  64:-       |  64:-       
  338:   68:-       |  68:-       |  68:-       |  64:addq    |  64:-       
  339:   68:-       |  68:-       |  68:-       |  68:-       |  64:addq    r5=4152  
  340:   68:bne     |  68:-       |  68:-       |  68:-       |  68:-       
  341:   72:-       |  68:bne     |  68:-       |  68:-       |  68:-       
  342:   72:-       |  72:-       |  68:bne     |  68:-       |  68:-       
  343:   72:-       |  72:-       |  72:-       |  68:bne     |  68:-       
  344:   32:-       |  72:-       |  72:-       |  72:-       |  68:bne     
  345:   32:ldq     |  32:-       |  72:-       |  72:-       |  72:-       
  346:   36:-       |  32:ldq     |  32:-       |  72:-       |  72:-       
  347:   36:-       |  36:-       |  32:ldq     |  32:-       |  72:-       
  348:   36:-       |  36:-       |  36:-       |  32:ldq     |  32:-       BUS_LOAD  MEM[4136] accepted 1
  349:   36:-       |  36:-       |  36:-       |  32:ldq     |  32:-       
  350:   36:-       |  36:-       |  36:-       |  32:ldq     |  32:-       
  351:   36:-       |  36:-       |  36:-       |  32:ldq     |  32:-       
  352:   36:-       |  36:-       |  36:-       |  32:ldq     |  32:-       
  353:   36:-       |  36:-       |  36:-       |  36:-       |  32:ldq     r1=8  
  354:   36:ldq     |  36:-       |  36:-       |  36:-       |  36:-       
  355:   40:-       |  36:ldq     |  36:-       |  36:-       |  36:-       
  356:   40:-       |  40:-       |  36:ldq     |  36:-       |  36:-       
  357:   40:-       |  40:-       |  40:-       |  36:ldq     |  36:-       BUS_LOAD  MEM[4144] accepted 1
  358:   40:-       |  40:-       |  40:-       |  36:ldq     |  36:-       
  359:   40:-       |  40:-       |  40:-       |  36:ldq     |  36:-       
  360:   40:-       |  40:-       |  40:-       |  36:ldq     |  36:-       
  361:   40:-       |  40:-       |  40:-       |  36:ldq     |  36:-       
  362:   40:-       |  40:-       |  40:-       |  40:-       |  36:ldq     r2=13  
  363:   40:addq    |  40:-       |  40:-       |  40:-       |  40:-       
  364:   44:-       |  40:addq    |  40:-       |  40:-       |  40:-       
  365:   44:-       |  44:-       |  40:addq    |  40:-       |  40:-       
  366:   44:-       |  44:-       |  44:-       |  40:addq    |  40:-       
  367:   44:-       |  44:-       |  44:-       |  44:-       |  40:addq    r2=21  
  368:   44:addq    |  44:-       |  44:-       |  44:-       |  44:-       
  369:   48:-       |  44:addq    |  44:-       |  44:-       |  44:-       
  370:   48:-       |  48:-       |  44:addq    |  44:-       |  44:-       
  371:   48:-       |  48:-       |  48:-       |  44:addq    |  44:-       
  372:   48:-       |  48:-       |  48:-       |  48:-       |  44:addq    r3=4144  
  373:   48:addq    |  48:-       |  48:-       |  48:-       |  48:-       
  374:   52:-       |  48:addq    |  48:-       |  48:-       |  48:-       
  375:   52:-       |  52:-       |  48:addq    |  48:-       |  48:-       
  376:   52:-       |  52:-       |  52:-       |  48:addq    |  48:-       
  377:   52:-       |  52:-       |  52:-       |  52:-       |  48:addq    r4=4152  
  378:   52:addq    |  52:-       |  52:-       |  52:-       |  52:-       
  379:   56:-       |  52:addq    |  52:-       |  52:-       |  52:-       
  380:   56:-       |  56:-       |  52:addq    |  52:-       |  52:-       
  381:   56:-       |  56:-       |  56:-       |  52:addq    |  52:-       
  382:   56:-       |  56:-       |  56:-       |  56:-       |  52:addq    r9=8  
  383:   56:cmple   |  56:-       |  56:-       |  56:-       |  56:-       
  384:   60:-       |  56:cmple   |  56:-       |  56:-       |  56:-       
  385:   60:-       |  60:-       |  56:cmple   |  56:-       |  56:-       
  386:   60:-       |  60:-       |  60:-       |  56:cmple   |  56:-       
  387:   60:-       |  60:-       |  60:-       |  60:-       |  56:cmple   r10=1  
  388:   60:stq     |  60:-       |  60:-       |  60:-       |  60:-       
  389:   64:-       |  60:stq     |  60:-       |  60:-       |  60:-       
  390:   64:-       |  64:-       |  60:stq     |  60:-       |  60:-       
  391:   64:-       |  64:-       |  64:-       |  60:stq     |  60:-       BUS_STORE MEM[4152] = 21 accepted 1
  392:   64:-       |  64:-       |  64:-       |  64:-       |  60:stq     
  393:   64:addq    |  64:-       |  64:-       |  64:-       |  64:-       
  394:   68:-       |  64:addq    |  64:-       |  64:-       |  64:-       
  395:   68:-       |  68:-       |  64:addq    |  64:-       |  64:-       
  396:   68:-       |  68:-       |  68:-       |  64:addq    |  64:-       
  397:   68:-       |  68:-       |  68:-       |  68:-       |  64:addq    r5=4160  
  398:   68:bne     |  68:-       |  68:-       |  68:-       |  68:-       
  399:   72:-       |  68:bne     |  68:-       |  68:-       |  68:-       
  400:   72:-       |  72:-       |  68:bne     |  68:-       |  68:-       
  401:   72:-       |  72:-       |  72:-       |  68:bne     |  68:-       
  402:   32:-       |  72:-       |  72:-       |  72:-       |  68:bne     
  403:   32:ldq     |  32:-       |  72:-       |  72:-       |  72:-       
  404:   36:-       |  32:ldq     |  32:-       |  72:-       |  72:-       
  405:   36:-       |  36:-       |  32:ldq     |  32:-       |  72:-       
  406:   36:-       |  36:-       |  36:-       |  32:ldq     |  32:-       BUS_LOAD  MEM[4144] accepted 1
  407:   36:-       |  36:-       |  36:-       |  32:ldq     |  32:-       
  408:   36:-       |  36:-       |  36:-       |  32:ldq     |  32:-       
  409:   36:-       |  36:-       |  36:-       |  32:ldq     |  32:-       
  410:   36:-       |  36:-       |  36:-       |  32:ldq     |  32:-       
  411:   36:-       |  36:-       |  36:-       |  36:-       |  32:ldq     r1=13  
  412:   36:ldq     |  36:-       |  36:-       |  36:-       |  36:-       
  413:   40:-       |  36:ldq     |  36:-       |  36:-       |  36:-       
  414:   40:-       |  40:-       |  36:ldq     |  36:-       |  36:-       
  415:   40:-       |  40:-       |  40:-       |  36:ldq     |  36:-       BUS_LOAD  MEM[4152] accepted 1
  416:   40:-       |  40:-       |  40:-       |  36:ldq     |  36:-       
  417:   40:-       |  40:-       |  40:-       |  36:ldq     |  36:-       
  418:   40:-       |  40:-       |  40:-       |  36:ldq     |  36:-       
  419:   40:-       |  40:-       |  40:-       |  36:ldq     |  36:-       
  420:   40:-       |  40:-       |  40:-       |  40:-       |  36:ldq     r2=21  
  421:   40:addq    |  40:-       |  40:-       |  40:-       |  40:-       
  422:   44:-       |  40:addq    |  40:-       |  40:-       |  40:-       
  423:   44:-       |  44:-       |  40:addq    |  40:-       |  40:-       
  424:   44:-       |  44:-       |  44:-       |  40:addq    |  40:-       
  425:   44:-       |  44:-       |  44:-       |  44:-       |  40:addq    r2=34  
  426:   44:addq    |  44:-       |  44:-       |  44:-       |  44:-       
  427:   48:-       |  44:addq    |  44:-       |  44:-       |  44:-       
  428:   48:-       |  48:-       |  44:addq    |  44:-       |  44:-       
  429:   48:-       |  48:-       |  48:-       |  44:addq    |  44:-       
  430:   48:-       |  48:-       |  48:-       |  48:-       |  44:addq    r3=4152  
  431:   48:addq    |  48:-       |  48:-       |  48:-       |  48:-       
  432:   52:-       |  48:addq    |  48:-       |  48:-       |  48:-       
  433:   52:-       |  52:-       |  48:addq    |  48:-       |  48:-       
  434:   52:-       |  52:-       |  52:-       |  48:addq    |  48:-       
  435:   52:-       |  52:-       |  52:-       |  52:-       |  48:addq    r4=4160  
  436:   52:addq    |  52:-       |  52:-       |  52:-       |  52:-       
  437:   56:-       |  52:addq    |  52:-       |  52:-       |  52:-       
  438:   56:-       |  56:-       |  52:addq    |  52:-       |  52:-       
  439:   56:-       |  56:-       |  56:-       |  52:addq    |  52:-       
  440:   56:-       |  56:-       |  56:-       |  56:-       |  52:addq    r9=9  
  441:   56:cmple   |  56:-       |  56:-       |  56:-       |  56:-       
  442:   60:-       |  56:cmple   |  56:-       |  56:-       |  56:-       
  443:   60:-       |  60:-       |  56:cmple   |  56:-       |  56:-       
  444:   60:-       |  60:-       |  60:-       |  56:cmple   |  56:-       
  445:   60:-       |  60:-       |  60:-       |  60:-       |  56:cmple   r10=1  
  446:   60:stq     |  60:-       |  60:-       |  60:-       |  60:-       
  447:   64:-       |  60:stq     |  60:-       |  60:-       |  60:-       
  448:   64:-       |  64:-       |  60:stq     |  60:-       |  60:-       
  449:   64:-       |  64:-       |  64:-       |  60:stq     |  60:-       BUS_STORE MEM[4160] = 34 accepted 1
  450:   64:-       |  64:-       |  64:-       |  64:-       |  60:stq     
  451:   64:addq    |  64:-       |  64:-       |  64:-       |  64:-       
  452:   68:-       |  64:addq    |  64:-       |  64:-       |  64:-       
  453:   68:-       |  68:-       |  64:addq    |  64:-       |  64:-       
  454:   68:-       |  68:-       |  68:-       |  64:addq    |  64:-       
  455:   68:-       |  68:-       |  68:-       |  68:-       |  64:addq    r5=4168  
  456:   68:bne     |  68:-       |  68:-       |  68:-       |  68:-       
  457:   72:-       |  68:bne     |  68:-       |  68:-       |  68:-       
  458:   72:-       |  72:-       |  68:bne     |  68:-       |  68:-       
  459:   72:-       |  72:-       |  72:-       |  68:bne     |  68:-       
  460:   32:-       |  72:-       |  72:-       |  72:-       |  68:bne     
  461:   32:ldq     |  32:-       |  72:-       |  72:-       |  72:-       
  462:   36:-       |  32:ldq     |  32:-       |  72:-       |  72:-       
  463:   36:-       |  36:-       |  32:ldq     |  32:-       |  72:-       
  464:   36:-       |  36:-       |  36:-       |  32:ldq     |  32:-       BUS_LOAD  MEM[4152] accepted 1
  465:   36:-       |  36:-       |  36:-       |  32:ldq     |  32:-       
  466:   36:-       |  36:-       |  36:-       |  32:ldq     |  32:-       
  467:   36:-       |  36:-       |  36:-       |  32:ldq     |  32:-       
  468:   36:-       |  36:-       |  36:-       |  32:ldq     |  32:-       
  469:   36:-       |  36:-       |  36:-       |  36:-       |  32:ldq     r1=21  
  470:   36:ldq     |  36:-       |  36:-       |  36:-       |  36:-       
  471:   40:-       |  36:ldq     |  36:-       |  36:-       |  36:-       
  472:   40:-       |  40:-       |  36:ldq     |  36:-       |  36:-       
  473:   40:-       |  40:-       |  40:-       |  36:ldq     |  36:-       BUS_LOAD  MEM[4160] accepted 1
  474:   40:-       |  40:-       |  40:-       |  36:ldq     |  36:-       
  475:   40:-       |  40:-       |  40:-       |  36:ldq     |  36:-       
  476:   40:-       |  40:-       |  40:-       |  36:ldq     |  36:-       
  477:   40:-       |  40:-       |  40:-       |  36:ldq     |  36:-       
  478:   40:-       |  40:-       |  40:-       |  40:-       |  36:ldq     r2=34  
  479:   40:addq    |  40:-       |  40:-       |  40:-       |  40:-       
  480:   44:-       |  40:addq    |  40:-       |  40:-       |  40:-       
  481:   44:-       |  44:-       |  40:addq    |  40:-       |  40:-       
  482:   44:-       |  44:-       |  44:-       |  40:addq    |  40:-       
  483:   44:-       |  44:-       |  44:-       |  44:-       |  40:addq    r2=55  
  484:   44:addq    |  44:-       |  44:-       |  44:-       |  44:-       
  485:   48:-       |  44:addq    |  44:-       |  44:-       |  44:-       
  486:   48:-       |  48:-       |  44:addq    |  44:-       |  44:-       
  487:   48:-       |  48:-       |  48:-       |  44:addq    |  44:-       
  488:   48:-       |  48:-       |  48:-       |  48:-       |  44:addq    r3=4160  
  489:   48:addq    |  48:-       |  48:-       |  48:-       |  48:-       
  490:   52:-       |  48:addq    |  48:-       |  48:-       |  48:-       
  491:   52:-       |  52:-       |  48:addq    |  48:-       |  48:-       
  492:   52:-       |  52:-       |  52:-       |  48:addq    |  48:-       
  493:   52:-       |  52:-       |  52:-       |  52:-       |  48:addq    r4=4168  
  494:   52:addq    |  52:-       |  52:-       |  52:-       |  52:-       
  495:   56:-       |  52:addq    |  52:-       |  52:-       |  52:-       
  496:   56:-       |  56:-       |  52:addq    |  52:-       |  52:-       
  497:   56:-       |  56:-       |  56:-       |  52:addq    |  52:-       
  498:   56:-       |  56:-       |  56:-       |  56:-       |  52:addq    r9=10  
  499:   56:cmple   |  56:-       |  56:-       |  56:-       |  56:-       
  500:   60:-       |  56:cmple   |  56:-       |  56:-       |  56:-       
  501:   60:-       |  60:-       |  56:cmple   |  56:-       |  56:-       
  502:   60:-       |  60:-       |  60:-       |  56:cmple   |  56:-       
  503:   60:-       |  60:-       |  60:-       |  60:-       |  56:cmple   r10=1  
  504:   60:stq     |  60:-       |  60:-       |  60:-       |  60:-       
  505:   64:-       |  60:stq     |  60:-       |  60:-       |  60:-       
  506:   64:-       |  64:-       |  60:stq     |  60:-       |  60:-       
  507:   64:-       |  64:-       |  64:-       |  60:stq     |  60:-       BUS_STORE MEM[4168] = 55 accepted 1
  508:   64:-       |  64:-       |  64:-       |  64:-       |  60:stq     
  509:   64:addq    |  64:-       |  64:-       |  64:-       |  64:-       
  510:   68:-       |  64:addq    |  64:-       |  64:-       |  64:-       
  511:   68:-       |  68:-       |  64:addq    |  64:-       |  64:-       
  512:   68:-       |  68:-       |  68:-       |  64:addq    |  64:-       
  513:   68:-       |  68:-       |  68:-       |  68:-       |  64:addq    r5=4176  
  514:   68:bne     |  68:-       |  68:-       |  68:-       |  68:-       
  515:   72:-       |  68:bne     |  68:-       |  68:-       |  68:-       
  516:   72:-       |  72:-       |  68:bne     |  68:-       |  68:-       
  517:   72:-       |  72:-       |  72:-       |  68:bne     |  68:-       
  518:   32:-       |  72:-       |  72:-       |  72:-       |  68:bne     
  519:   32:ldq     |  32:-       |  72:-       |  72:-       |  72:-       
  520:   36:-       |  32:ldq     |  32:-       |  72:-       |  72:-       
  521:   36:-       |  36:-       |  32:ldq     |  32:-       |  72:-       
  522:   36:-       |  36:-       |  36:-       |  32:ldq     |  32:-       BUS_LOAD  MEM[4160] accepted 1
  523:   36:-       |  36:-       |  36:-       |  32:ldq     |  32:-       
  524:   36:-       |  36:-       |  36:-       |  32:ldq     |  32:-       
  525:   36:-       |  36:-       |  36:-       |  32:ldq     |  32:-       
  526:   36:-       |  36:-       |  36:-       |  32:ldq     |  32:-       
  527:   36:-       |  36:-       |  36:-       |  36:-       |  32:ldq     r1=34  
  528:   36:ldq     |  36:-       |  36:-       |  36:-       |  36:-       
  529:   40:-       |  36:ldq     |  36:-       |  36:-       |  36:-       
  530:   40:-       |  40:-       |  36:ldq     |  36:-       |  36:-       
  531:   40:-       |  40:-       |  40:-       |  36:ldq     |  36:-       BUS_LOAD  MEM[4168] accepted 1
  532:   40:-       |  40:-       |  40:-       |  36:ldq     |  36:-       
  533:   40:-       |  40:-       |  40:-       |  36:ldq     |  36:-       
  534:   40:-       |  40:-       |  40:-       |  36:ldq     |  36:-       
  535:   40:-       |  40:-       |  40:-       |  36:ldq     |  36:-       
  536:   40:-       |  40:-       |  40:-       |  40:-       |  36:ldq     r2=55  
  537:   40:addq    |  40:-       |  40:-       |  40:-       |  40:-       
  538:   44:-       |  40:addq    |  40:-       |  40:-       |  40:-       
  539:   44:-       |  44:-       |  40:addq    |  40:-       |  40:-       
  540:   44:-       |  44:-       |  44:-       |  40:addq    |  40:-       
  541:   44:-       |  44:-       |  44:-       |  44:-       |  40:addq    r2=89  
  542:   44:addq    |  44:-       |  44:-       |  44:-       |  44:-       
  543:   48:-       |  44:addq    |  44:-       |  44:-       |  44:-       
  544:   48:-       |  48:-       |  44:addq    |  44:-       |  44:-       
  545:   48:-       |  48:-       |  48:-       |  44:addq    |  44:-       
  546:   48:-       |  48:-       |  48:-       |  48:-       |  44:addq    r3=4168  
  547:   48:addq    |  48:-       |  48:-       |  48:-       |  48:-       
  548:   52:-       |  48:addq    |  48:-       |  48:-       |  48:-       
  549:   52:-       |  52:-       |  48:addq    |  48:-       |  48:-       
  550:   52:-       |  52:-       |  52:-       |  48:addq    |  48:-       
  551:   52:-       |  52:-       |  52:-       |  52:-       |  48:addq    r4=4176  
  552:   52:addq    |  52:-       |  52:-       |  52:-       |  52:-       
  553:   56:-       |  52:addq    |  52:-       |  52:-       |  52:-       
  554:   56:-       |  56:-       |  52:addq    |  52:-       |  52:-       
  555:   56:-       |  56:-       |  56:-       |  52:addq    |  52:-       
  556:   56:-       |  56:-       |  56:-       |  56:-       |  52:addq    r9=11  
  557:   56:cmple   |  56:-       |  56:-       |  56:-       |  56:-       
  558:   60:-       |  56:cmple   |  56:-       |  56:-       |  56:-       
  559:   60:-       |  60:-       |  56:cmple   |  56:-       |  56:-       
  560:   60:-       |  60:-       |  60:-       |  56:cmple   |  56:-       
  561:   60:-       |  60:-       |  60:-       |  60:-       |  56:cmple   r10=1  
  562:   60:stq     |  60:-       |  60:-       |  60:-       |  60:-       
  563:   64:-       |  60:stq     |  60:-       |  60:-       |  60:-       
  564:   64:-       |  64:-       |  60:stq     |  60:-       |  60:-       
  565:   64:-       |  64:-       |  64:-       |  60:stq     |  60:-       BUS_STORE MEM[4176] = 89 accepted 1
  566:   64:-       |  64:-       |  64:-       |  64:-       |  60:stq     
  567:   64:addq    |  64:-       |  64:-       |  64:-       |  64:-       
  568:   68:-       |  64:addq    |  64:-       |  64:-       |  64:-       
  569:   68:-       |  68:-       |  64:addq    |  64:-       |  64:-       
  570:   68:-       |  68:-       |  68:-       |  64:addq    |  64:-       
  571:   68:-       |  68:-       |  68:-       |  68:-       |  64:addq    r5=4184  
  572:   68:bne     |  68:-       |  68:-       |  68:-       |  68:-       
  573:   72:-       |  68:bne     |  68:-       |  68:-       |  68:-       
  574:   72:-       |  72:-       |  68:bne     |  68:-       |  68:-       
  575:   72:-       |  72:-       |  72:-       |  68:bne     |  68:-       
  576:   32:-       |  72:-       |  72:-       |  72:-       |  68:bne     
  577:   32:ldq     |  32:-       |  72:-       |  72:-       |  72:-       
  578:   36:-       |  32:ldq     |  32:-       |  72:-       |  72:-       
  579:   36:-       |  36:-       |  32:ldq     |  32:-       |  72:-       
  580:   36:-       |  36:-       |  36:-       |  32:ldq     |  32:-       BUS_LOAD  MEM[4168] accepted 1
  581:   36:-       |  36:-       |  36:-       |  32:ldq     |  32:-       
  582:   36:-       |  36:-       |  36:-       |  32:ldq     |  32:-       
  583:   36:-       |  36:-       |  36:-       |  32:ldq     |  32:-       
  584:   36:-       |  36:-       |  36:-       |  32:ldq     |  32:-       
  585:   36:-       |  36:-       |  36:-       |  36:-       |  32:ldq     r1=55  
  586:   36:ldq     |  36:-       |  36:-       |  36:-       |  36:-       
  587:   40:-       |  36:ldq     |  36:-       |  36:-       |  36:-       
  588:   40:-       |  40:-       |  36:ldq     |  36:-       |  36:-       
  589:   40:-       |  40:-       |  40:-       |  36:ldq     |  36:-       BUS_LOAD  MEM[4176] accepted 1
  590:   40:-       |  40:-       |  40:-       |  36:ldq     |  36:-       
  591:   40:-       |  40:-       |  40:-       |  36:ldq     |  36:-       
  592:   40:-       |  40:-       |  40:-       |  36:ldq     |  36:-       
  593:   40:-       |  40:-       |  40:-       |  36:ldq     |  36:-       
  594:   40:-       |  40:-       |  40:-       |  40:-       |  36:ldq     r2=89  
  595:   40:addq    |  40:-       |  40:-       |  40:-       |  40:-       
  596:   44:-       |  40:addq    |  40:-       |  40:-       |  40:-       
  597:   44:-       |  44:-       |  40:addq    |  40:-       |  40:-       
  598:   44:-       |  44:-       |  44:-       |  40:addq    |  40:-       
  599:   44:-       |  44:-       |  44:-       |  44:-       |  40:addq    r2=144  
  600:   44:addq    |  44:-       |  44:-       |  44:-       |  44:-       
  601:   48:-       |  44:addq    |  44:-       |  44:-       |  44:-       
  602:   48:-       |  48:-       |  44:addq    |  44:-       |  44:-       
  603:   48:-       |  48:-       |  48:-       |  44:addq    |  44:-       
  604:   48:-       |  48:-       |  48:-       |  48:-       |  44:addq    r3=4176  
  605:   48:addq    |  48:-       |  48:-       |  48:-       |  48:-       
  606:   52:-       |  48:addq    |  48:-       |  48:-       |  48:-       
  607:   52:-       |  52:-       |  48:addq    |  48:-       |  48:-       
  608:   52:-       |  52:-       |  52:-       |  48:addq    |  48:-       
  609:   52:-       |  52:-       |  52:-       |  52:-       |  48:addq    r4=4184  
  610:   52:addq    |  52:-       |  52:-       |  52:-       |  52:-       
  611:   56:-       |  52:addq    |  52:-       |  52:-       |  52:-       
  612:   56:-       |  56:-       |  52:addq    |  52:-       |  52:-       
  613:   56:-       |  56:-       |  56:-       |  52:addq    |  52:-       
  614:   56:-       |  56:-       |  56:-       |  56:-       |  52:addq    r9=12  
  615:   56:cmple   |  56:-       |  56:-       |  56:-       |  56:-       
  616:   60:-       |  56:cmple   |  56:-       |  56:-       |  56:-       
  617:   60:-       |  60:-       |  56:cmple   |  56:-       |  56:-       
  618:   60:-       |  60:-       |  60:-       |  56:cmple   |  56:-       
  619:   60:-       |  60:-       |  60:-       |  60:-       |  56:cmple   r10=1  
  620:   60:stq     |  60:-       |  60:-       |  60:-       |  60:-       
  621:   64:-       |  60:stq     |  60:-       |  60:-       |  60:-       
  622:   64:-       |  64:-       |  60:stq     |  60:-       |  60:-       
  623:   64:-       |  64:-       |  64:-       |  60:stq     |  60:-       BUS_STORE MEM[4184] = 144 accepted 1
  624:   64:-       |  64:-       |  64:-       |  64:-       |  60:stq     
  625:   64:addq    |  64:-       |  64:-       |  64:-       |  64:-       
  626:   68:-       |  64:addq    |  64:-       |  64:-       |  64:-       
  627:   68:-       |  68:-       |  64:addq    |  64:-       |  64:-       
  628:   68:-       |  68:-       |  68:-       |  64:addq    |  64:-       
  629:   68:-       |  68:-       |  68:-       |  68:-       |  64:addq    r5=4192  
  630:   68:bne     |  68:-       |  68:-       |  68:-       |  68:-       
  631:   72:-       |  68:bne     |  68:-       |  68:-       |  68:-       
  632:   72:-       |  72:-       |  68:bne     |  68:-       |  68:-       
  633:   72:-       |  72:-       |  72:-       |  68:bne     |  68:-       
  634:   32:-       |  72:-       |  72:-       |  72:-       |  68:bne     
  635:   32:ldq     |  32:-       |  72:-       |  72:-       |  72:-       
  636:   36:-       |  32:ldq     |  32:-       |  72:-       |  72:-       
  637:   36:-       |  36:-       |  32:ldq     |  32:-       |  72:-       
  638:   36:-       |  36:-       |  36:-       |  32:ldq     |  32:-       BUS_LOAD  MEM[4176] accepted 1
  639:   36:-       |  36:-       |  36:-       |  32:ldq     |  32:-       
  640:   36:-       |  36:-       |  36:-       |  32:ldq     |  32:-       
  641:   36:-       |  36:-       |  36:-       |  32:ldq     |  32:-       
  642:   36:-       |  36:-       |  36:-       |  32:ldq     |  32:-       
  643:   36:-       |  36:-       |  36:-       |  36:-       |  32:ldq     r1=89  
  644:   36:ldq     |  36:-       |  36:-       |  36:-       |  36:-       
  645:   40:-       |  36:ldq     |  36:-       |  36:-       |  36:-       
  646:   40:-       |  40:-       |  36:ldq     |  36:-       |  36:-       
  647:   40:-       |  40:-       |  40:-       |  36:ldq     |  36:-       BUS_LOAD  MEM[4184] accepted 1
  648:   40:-       |  40:-       |  40:-       |  36:ldq     |  36:-       
  649:   40:-       |  40:-       |  40:-       |  36:ldq     |  36:-       
  650:   40:-       |  40:-       |  40:-       |  36:ldq     |  36:-       
  651:   40:-       |  40:-       |  40:-       |  36:ldq     |  36:-       
  652:   40:-       |  40:-       |  40:-       |  40:-       |  36:ldq     r2=144  
  653:   40:addq    |  40:-       |  40:-       |  40:-       |  40:-       
  654:   44:-       |  40:addq    |  40:-       |  40:-       |  40:-       
  655:   44:-       |  44:-       |  40:addq    |  40:-       |  40:-       
  656:   44:-       |  44:-       |  44:-       |  40:addq    |  40:-       
  657:   44:-       |  44:-       |  44:-       |  44:-       |  40:addq    r2=233  
  658:   44:addq    |  44:-       |  44:-       |  44:-       |  44:-       
  659:   48:-       |  44:addq    |  44:-       |  44:-       |  44:-       
  660:   48:-       |  48:-       |  44:addq    |  44:-       |  44:-       
  661:   48:-       |  48:-       |  48:-       |  44:addq    |  44:-       
  662:   48:-       |  48:-       |  48:-       |  48:-       |  44:addq    r3=4184  
  663:   48:addq    |  48:-       |  48:-       |  48:-       |  48:-       
  664:   52:-       |  48:addq    |  48:-       |  48:-       |  48:-       
  665:   52:-       |  52:-       |  48:addq    |  48:-       |  48:-       
  666:   52:-       |  52:-       |  52:-       |  48:addq    |  48:-       
  667:   52:-       |  52:-       |  52:-       |  52:-       |  48:addq    r4=4192  
  668:   52:addq    |  52:-       |  52:-       |  52:-       |  52:-       
  669:   56:-       |  52:addq    |  52:-       |  52:-       |  52:-       
  670:   56:-       |  56:-       |  52:addq    |  52:-       |  52:-       
  671:   56:-       |  56:-       |  56:-       |  52:addq    |  52:-       
  672:   56:-       |  56:-       |  56:-       |  56:-       |  52:addq    r9=13  
  673:   56:cmple   |  56:-       |  56:-       |  56:-       |  56:-       
  674:   60:-       |  56:cmple   |  56:-       |  56:-       |  56:-       
  675:   60:-       |  60:-       |  56:cmple   |  56:-       |  56:-       
  676:   60:-       |  60:-       |  60:-       |  56:cmple   |  56:-       
  677:   60:-       |  60:-       |  60:-       |  60:-       |  56:cmple   r10=1  
  678:   60:stq     |  60:-       |  60:-       |  60:-       |  60:-       
  679:   64:-       |  60:stq     |  60:-       |  60:-       |  60:-       
  680:   64:-       |  64:-       |  60:stq     |  60:-       |  60:-       
  681:   64:-       |  64:-       |  64:-       |  60:stq     |  60:-       BUS_STORE MEM[4192] = 233 accepted 1
  682:   64:-       |  64:-       |  64:-       |  64:-       |  60:stq     
  683:   64:addq    |  64:-       |  64:-       |  64:-       |  64:-       
  684:   68:-       |  64:addq    |  64:-       |  64:-       |  64:-       
  685:   68:-       |  68:-       |  64:addq    |  64:-       |  64:-       
  686:   68:-       |  68:-       |  68:-       |  64:addq    |  64:-       
  687:   68:-       |  68:-       |  68:-       |  68:-       |  64:addq    r5=4200  
  688:   68:bne     |  68:-       |  68:-       |  68:-       |  68:-       
  689:   72:-       |  68:bne     |  68:-       |  68:-       |  68:-       
  690:   72:-       |  72:-       |  68:bne     |  68:-       |  68:-       
  691:   72:-       |  72:-       |  72:-       |  68:bne     |  68:-       
  692:   32:-       |  72:-       |  72:-       |  72:-       |  68:bne     
  693:   32:ldq     |  32:-       |  72:-       |  72:-       |  72:-       
  694:   36:-       |  32:ldq     |  32:-       |  72:-       |  72:-       
  695:   36:-       |  36:-       |  32:ldq     |  32:-       |  72:-       
  696:   36:-       |  36:-       |  36:-       |  32:ldq     |  32:-       BUS_LOAD  MEM[4184] accepted 1
  697:   36:-       |  36:-       |  36:-       |  32:ldq     |  32:-       
  698:   36:-       |  36:-       |  36:-       |  32:ldq     |  32:-       
  699:   36:-       |  36:-       |  36:-       |  32:ldq     |  32:-       
  700:   36:-       |  36:-       |  36:-       |  32:ldq     |  32:-       
  701:   36:-       |  36:-       |  36:-       |  36:-       |  32:ldq     r1=144  
  702:   36:ldq     |  36:-       |  36:-       |  36:-       |  36:-       
  703:   40:-       |  36:ldq     |  36:-       |  36:-       |  36:-       
  704:   40:-       |  40:-       |  36:ldq     |  36:-       |  36:-       
  705:   40:-       |  40:-       |  40:-       |  36:ldq     |  36:-       BUS_LOAD  MEM[4192] accepted 1
  706:   40:-       |  40:-       |  40:-       |  36:ldq     |  36:-       
  707:   40:-       |  40:-       |  40:-       |  36:ldq     |  36:-       
  708:   40:-       |  40:-       |  40:-       |  36:ldq     |  36:-       
  709:   40:-       |  40:-       |  40:-       |  36:ldq     |  36:-       
  710:   40:-       |  40:-       |  40:-       |  40:-       |  36:ldq     r2=233  
  711:   40:addq    |  40:-       |  40:-       |  40:-       |  40:-       
  712:   44:-       |  40:addq    |  40:-       |  40:-       |  40:-       
  713:   44:-       |  44:-       |  40:addq    |  40:-       |  40:-       
  714:   44:-       |  44:-       |  44:-       |  40:addq    |  40:-       
  715:   44:-       |  44:-       |  44:-       |  44:-       |  40:addq    r2=377  
  716:   44:addq    |  44:-       |  44:-       |  44:-       |  44:-       
  717:   48:-       |  44:addq    |  44:-       |  44:-       |  44:-       
  718:   48:-       |  48:-       |  44:addq    |  44:-       |  44:-       
  719:   48:-       |  48:-       |  48:-       |  44:addq    |  44:-       
  720:   48:-       |  48:-       |  48:-       |  48:-       |  44:addq    r3=4192  
  721:   48:addq    |  48:-       |  48:-       |  48:-       |  48:-       
  722:   52:-       |  48:addq    |  48:-       |  48:-       |  48:-       
  723:   52:-       |  52:-       |  48:addq    |  48:-       |  48:-       
  724:   52:-       |  52:-       |  52:-       |  48:addq    |  48:-       
  725:   52:-       |  52:-       |  52:-       |  52:-       |  48:addq    r4=4200  
  726:   52:addq    |  52:-       |  52:-       |  52:-       |  52:-       
  727:   56:-       |  52:addq    |  52:-       |  52:-       |  52:-       
  728:   56:-       |  56:-       |  52:addq    |  52:-       |  52:-       
  729:   56:-       |  56:-       |  56:-       |  52:addq    |  52:-       
  730:   56:-       |  56:-       |  56:-       |  56:-       |  52:addq    r9=14  
  731:   56:cmple   |  56:-       |  56:-       |  56:-       |  56:-       
  732:   60:-       |  56:cmple   |  56:-       |  56:-       |  56:-       
  733:   60:-       |  60:-       |  56:cmple   |  56:-       |  56:-       
  734:   60:-       |  60:-       |  60:-       |  56:cmple   |  56:-       
  735:   60:-       |  60:-       |  60:-       |  60:-       |  56:cmple   r10=1  
  736:   60:stq     |  60:-       |  60:-       |  60:-       |  60:-       
  737:   64:-       |  60:stq     |  60:-       |  60:-       |  60:-       
  738:   64:-       |  64:-       |  60:stq     |  60:-       |  60:-       
  739:   64:-       |  64:-       |  64:-       |  60:stq     |  60:-       BUS_STORE MEM[4200] = 377 accepted 1
  740:   64:-       |  64:-       |  64:-       |  64:-       |  60:stq     
  741:   64:addq    |  64:-       |  64:-       |  64:-       |  64:-       
  742:   68:-       |  64:addq    |  64:-       |  64:-       |  64:-       
  743:   68:-       |  68:-       |  64:addq    |  64:-       |  64:-       
  744:   68:-       |  68:-       |  68:-       |  64:addq    |  64:-       
  745:   68:-       |  68:-       |  68:-       |  68:-       |  64:addq    r5=4208  
  746:   68:bne     |  68:-       |  68:-       |  68:-       |  68:-       
  747:   72:-       |  68:bne     |  68:-       |  68:-       |  68:-       
  748:   72:-       |  72:-       |  68:bne     |  68:-       |  68:-       
  749:   72:-       |  72:-       |  72:-       |  68:bne     |  68:-       
  750:   32:-       |  72:-       |  72:-       |  72:-       |  68:bne     
  751:   32:ldq     |  32:-       |  72:-       |  72:-       |  72:-       
  752:   36:-       |  32:ldq     |  32:-       |  72:-       |  72:-       
  753:   36:-       |  36:-       |  32:ldq     |  32:-       |  72:-       
  754:   36:-       |  36:-       |  36:-       |  32:ldq     |  32:-       BUS_LOAD  MEM[4192] accepted 1
  755:   36:-       |  36:-       |  36:-       |  32:ldq     |  32:-       
  756:   36:-       |  36:-       |  36:-       |  32:ldq     |  32:-       
  757:   36:-       |  36:-       |  36:-       |  32:ldq     |  32:-       
  758:   36:-       |  36:-       |  36:-       |  32:ldq     |  32:-       
  759:   36:-       |  36:-       |  36:-       |  36:-       |  32:ldq     r1=233  
  760:   36:ldq     |  36:-       |  36:-       |  36:-       |  36:-       
  761:   40:-       |  36:ldq     |  36:-       |  36:-       |  36:-       
  762:   40:-       |  40:-       |  36:ldq     |  36:-       |  36:-       
  763:   40:-       |  40:-       |  40:-       |  36:ldq     |  36:-       BUS_LOAD  MEM[4200] accepted 1
  764:   40:-       |  40:-       |  40:-       |  36:ldq     |  36:-       
  765:   40:-       |  40:-       |  40:-       |  36:ldq     |  36:-       
  766:   40:-       |  40:-       |  40:-       |  36:ldq     |  36:-       
  767:   40:-       |  40:-       |  40:-       |  36:ldq     |  36:-       
  768:   40:-       |  40:-       |  40:-       |  40:-       |  36:ldq     r2=377  
  769:   40:addq    |  40:-       |  40:-       |  40:-       |  40:-       
  770:   44:-       |  40:addq    |  40:-       |  40:-       |  40:-       
  771:   44:-       |  44:-       |  40:addq    |  40:-       |  40:-       
  772:   44:-       |  44:-       |  44:-       |  40:addq    |  40:-       
  773:   44:-       |  44:-       |  44:-       |  44:-       |  40:addq    r2=610  
  774:   44:addq    |  44:-       |  44:-       |  44:-       |  44:-       
  775:   48:-       |  44:addq    |  44:-       |  44:-       |  44:-       
  776:   48:-       |  48:-       |  44:addq    |  44:-       |  44:-       
  777:   48:-       |  48:-       |  48:-       |  44:addq    |  44:-       
  778:   48:-       |  48:-       |  48:-       |  48:-       |  44:addq    r3=4200  
  779:   48:addq    |  48:-       |  48:-       |  48:-       |  48:-       
  780:   52:-       |  48:addq    |  48:-       |  48:-       |  48:-       
  781:   52:-       |  52:-       |  48:addq    |  48:-       |  48:-       
  782:   52:-       |  52:-       |  52:-       |  48:addq    |  48:-       
  783:   52:-       |  52:-       |  52:-       |  52:-       |  48:addq    r4=4208  
  784:   52:addq    |  52:-       |  52:-       |  52:-       |  52:-       
  785:   56:-       |  52:addq    |  52:-       |  52:-       |  52:-       
  786:   56:-       |  56:-       |  52:addq    |  52:-       |  52:-       
  787:   56:-       |  56:-       |  56:-       |  52:addq    |  52:-       
  788:   56:-       |  56:-       |  56:-       |  56:-       |  52:addq    r9=15  
  789:   56:cmple   |  56:-       |  56:-       |  56:-       |  56:-       
  790:   60:-       |  56:cmple   |  56:-       |  56:-       |  56:-       
  791:   60:-       |  60:-       |  56:cmple   |  56:-       |  56:-       
  792:   60:-       |  60:-       |  60:-       |  56:cmple   |  56:-       
  793:   60:-       |  60:-       |  60:-       |  60:-       |  56:cmple   r10=1  
  794:   60:stq     |  60:-       |  60:-       |  60:-       |  60:-       
  795:   64:-       |  60:stq     |  60:-       |  60:-       |  60:-       
  796:   64:-       |  64:-       |  60:stq     |  60:-       |  60:-       
  797:   64:-       |  64:-       |  64:-       |  60:stq     |  60:-       BUS_STORE MEM[4208] = 610 accepted 1
  798:   64:-       |  64:-       |  64:-       |  64:-       |  60:stq     
  799:   64:addq    |  64:-       |  64:-       |  64:-       |  64:-       
  800:   68:-       |  64:addq    |  64:-       |  64:-       |  64:-       
  801:   68:-       |  68:-       |  64:addq    |  64:-       |  64:-       
  802:   68:-       |  68:-       |  68:-       |  64:addq    |  64:-       
  803:   68:-       |  68:-       |  68:-       |  68:-       |  64:addq    r5=4216  
  804:   68:bne     |  68:-       |  68:-       |  68:-       |  68:-       
  805:   72:-       |  68:bne     |  68:-       |  68:-       |  68:-       
  806:   72:-       |  72:-       |  68:bne     |  68:-       |  68:-       
  807:   72:-       |  72:-       |  72:-       |  68:bne     |  68:-       
  808:   32:-       |  72:-       |  72:-       |  72:-       |  68:bne     
  809:   32:ldq     |  32:-       |  72:-       |  72:-       |  72:-       
  810:   36:-       |  32:ldq     |  32:-       |  72:-       |  72:-       
  811:   36:-       |  36:-       |  32:ldq     |  32:-       |  72:-       
  812:   36:-       |  36:-       |  36:-       |  32:ldq     |  32:-       BUS_LOAD  MEM[4200] accepted 1
  813:   36:-       |  36:-       |  36:-       |  32:ldq     |  32:-       
  814:   36:-       |  36:-       |  36:-       |  32:ldq     |  32:-       
  815:   36:-       |  36:-       |  36:-       |  32:ldq     |  32:-       
  816:   36:-       |  36:-       |  36:-       |  32:ldq     |  32:-       
  817:   36:-       |  36:-       |  36:-       |  36:-       |  32:ldq     r1=377  
  818:   36:ldq     |  36:-       |  36:-       |  36:-       |  36:-       
  819:   40:-       |  36:ldq     |  36:-       |  36:-       |  36:-       
  820:   40:-       |  40:-       |  36:ldq     |  36:-       |  36:-       
  821:   40:-       |  40:-       |  40:-       |  36:ldq     |  36:-       BUS_LOAD  MEM[4208] accepted 1
  822:   40:-       |  40:-       |  40:-       |  36:ldq     |  36:-       
  823:   40:-       |  40:-       |  40:-       |  36:ldq     |  36:-       
  824:   40:-       |  40:-       |  40:-       |  36:ldq     |  36:-       
  825:   40:-       |  40:-       |  40:-       |  36:ldq     |  36:-       
  826:   40:-       |  40:-       |  40:-       |  40:-       |  36:ldq     r2=610  
  827:   40:addq    |  40:-       |  40:-       |  40:-       |  40:-       
  828:   44:-       |  40:addq    |  40:-       |  40:-       |  40:-       
  829:   44:-       |  44:-       |  40:addq    |  40:-       |  40:-       
  830:   44:-       |  44:-       |  44:-       |  40:addq    |  40:-       
  831:   44:-       |  44:-       |  44:-       |  44:-       |  40:addq    r2=987  
  832:   44:addq    |  44:-       |  44:-       |  44:-       |  44:-       
  833:   48:-       |  44:addq    |  44:-       |  44:-       |  44:-       
  834:   48:-       |  48:-       |  44:addq    |  44:-       |  44:-       
  835:   48:-       |  48:-       |  48:-       |  44:addq    |  44:-       
  836:   48:-       |  48:-       |  48:-       |  48:-       |  44:addq    r3=4208  
  837:   48:addq    |  48:-       |  48:-       |  48:-       |  48:-       
  838:   52:-       |  48:addq    |  48:-       |  48:-       |  48:-       
  839:   52:-       |  52:-       |  48:addq    |  48:-       |  48:-       
  840:   52:-       |  52:-       |  52:-       |  48:addq    |  48:-       
  841:   52:-       |  52:-       |  52:-       |  52:-       |  48:addq    r4=4216  
  842:   52:addq    |  52:-       |  52:-       |  52:-       |  52:-       
  843:   56:-       |  52:addq    |  52:-       |  52:-       |  52:-       
  844:   56:-       |  56:-       |  52:addq    |  52:-       |  52:-       
  845:   56:-       |  56:-       |  56:-       |  52:addq    |  52:-       
  846:   56:-       |  56:-       |  56:-       |  56:-       |  52:addq    r9=16  
  847:   56:cmple   |  56:-       |  56:-       |  56:-       |  56:-       
  848:   60:-       |  56:cmple   |  56:-       |  56:-       |  56:-       
  849:   60:-       |  60:-       |  56:cmple   |  56:-       |  56:-       
  850:   60:-       |  60:-       |  60:-       |  56:cmple   |  56:-       
  851:   60:-       |  60:-       |  60:-       |  60:-       |  56:cmple   r10=0  
  852:   60:stq     |  60:-       |  60:-       |  60:-       |  60:-       
  853:   64:-       |  60:stq     |  60:-       |  60:-       |  60:-       
  854:   64:-       |  64:-       |  60:stq     |  60:-       |  60:-       
  855:   64:-       |  64:-       |  64:-       |  60:stq     |  60:-       BUS_STORE MEM[4216] = 987 accepted 1
  856:   64:-       |  64:-       |  64:-       |  64:-       |  60:stq     
  857:   64:addq    |  64:-       |  64:-       |  64:-       |  64:-       
  858:   68:-       |  64:addq    |  64:-       |  64:-       |  64:-       
  859:   68:-       |  68:-       |  64:addq    |  64:-       |  64:-       
  860:   68:-       |  68:-       |  68:-       |  64:addq    |  64:-       
  861:   68:-       |  68:-       |  68:-       |  68:-       |  64:addq    r5=4224  
  862:   68:bne     |  68:-       |  68:-       |  68:-       |  68:-       
  863:   72:-       |  68:bne     |  68:-       |  68:-       |  68:-       
  864:   72:-       |  72:-       |  68:bne     |  68:-       |  68:-       
  865:   72:-       |  72:-       |  72:-       |  68:bne     |  68:-       
  866:   72:-       |  72:-       |  72:-       |  72:-       |  68:bne     
  867:   72:halt    |  72:-       |  72:-       |  72:-       |  72:-       
  868:   76:-       |  72:halt    |  72:-       |  72:-       |  72:-       
  869:   76:-       |  76:-       |  72:halt    |  72:-       |  72:-       BUS_LOAD  MEM[72] accepted 1
  870:   76:-       |  76:-       |  76:-       |  72:halt    |  72:-       
  871:   76:-       |  76:-       |  76:-       |  76:-       |  72:halt    
