4:lda
8:nop
12:nop
16:nop
20:nop
24:lda
28:nop
32:nop
36:nop
40:nop
44:lda
48:nop
52:nop
56:nop
60:nop
64:lda
68:nop
72:nop
76:nop
80:nop
84:lda
88:nop
92:nop
96:nop
100:nop
104:stq
108:nop
112:nop
116:nop
120:nop
124:stq
128:nop
132:nop
136:nop
140:nop
144:ldq
148:nop
152:nop
156:nop
160:nop
164:ldq
168:nop
172:nop
176:nop
180:nop
184:addq
188:nop
192:nop
196:nop
200:nop
204:addq
208:nop
212:nop
216:nop
220:nop
224:addq
228:nop
232:nop
236:nop
240:nop
244:addq
248:nop
252:nop
256:nop
260:nop
264:cmple
268:nop
272:nop
276:nop
280:nop
284:stq
288:addq
292:nop
296:nop
300:nop
304:nop
308:bne
144:ldq
148:nop
152:nop
156:nop
160:nop
164:ldq
168:nop
172:nop
176:nop
180:nop
184:addq
188:nop
192:nop
196:nop
200:nop
204:addq
208:nop
212:nop
216:nop
220:nop
224:addq
228:nop
232:nop
236:nop
240:nop
244:addq
248:nop
252:nop
256:nop
260:nop
264:cmple
268:nop
272:nop
276:nop
280:nop
284:stq
288:addq
292:nop
296:nop
300:nop
304:nop
308:bne
144:ldq
148:nop
152:nop
156:nop
160:nop
164:ldq
168:nop
172:nop
176:nop
180:nop
184:addq
188:nop
192:nop
196:nop
200:nop
204:addq
208:nop
212:nop
216:nop
220:nop
224:addq
228:nop
232:nop
236:nop
240:nop
244:addq
248:nop
252:nop
256:nop
260:nop
264:cmple
268:nop
272:nop
276:nop
280:nop
284:stq
288:addq
292:nop
296:nop
300:nop
304:nop
308:bne
144:ldq
148:nop
152:nop
156:nop
160:nop
164:ldq
168:nop
172:nop
176:nop
180:nop
184:addq
188:nop
192:nop
196:nop
200:nop
204:addq
208:nop
212:nop
216:nop
220:nop
224:addq
228:nop
232:nop
236:nop
240:nop
244:addq
248:nop
252:nop
256:nop
260:nop
264:cmple
268:nop
272:nop
276:nop
280:nop
284:stq
288:addq
292:nop
296:nop
300:nop
304:nop
308:bne
144:ldq
148:nop
152:nop
156:nop
160:nop
164:ldq
168:nop
172:nop
176:nop
180:nop
184:addq
188:nop
192:nop
196:nop
200:nop
204:addq
208:nop
212:nop
216:nop
220:nop
224:addq
228:nop
232:nop
236:nop
240:nop
244:addq
248:nop
252:nop
256:nop
260:nop
264:cmple
268:nop
272:nop
276:nop
280:nop
284:stq
288:addq
292:nop
296:nop
300:nop
304:nop
308:bne
144:ldq
148:nop
152:nop
156:nop
160:nop
164:ldq
168:nop
172:nop
176:nop
180:nop
184:addq
188:nop
192:nop
196:nop
200:nop
204:addq
208:nop
212:nop
216:nop
220:nop
224:addq
228:nop
232:nop
236:nop
240:nop
244:addq
248:nop
252:nop
256:nop
260:nop
264:cmple
268:nop
272:nop
276:nop
280:nop
284:stq
288:addq
292:nop
296:nop
300:nop
304:nop
308:bne
144:ldq
148:nop
152:nop
156:nop
160:nop
164:ldq
168:nop
172:nop
176:nop
180:nop
184:addq
188:nop
192:nop
196:nop
200:nop
204:addq
208:nop
212:nop
216:nop
220:nop
224:addq
228:nop
232:nop
236:nop
240:nop
244:addq
248:nop
252:nop
256:nop
260:nop
264:cmple
268:nop
272:nop
276:nop
280:nop
284:stq
288:addq
292:nop
296:nop
300:nop
304:nop
308:bne
144:ldq
148:nop
152:nop
156:nop
160:nop
164:ldq
168:nop
172:nop
176:nop
180:nop
184:addq
188:nop
192:nop
196:nop
200:nop
204:addq
208:nop
212:nop
216:nop
220:nop
224:addq
228:nop
232:nop
236:nop
240:nop
244:addq
248:nop
252:nop
256:nop
260:nop
264:cmple
268:nop
272:nop
276:nop
280:nop
284:stq
288:addq
292:nop
296:nop
300:nop
304:nop
308:bne
144:ldq
148:nop
152:nop
156:nop
160:nop
164:ldq
168:nop
172:nop
176:nop
180:nop
184:addq
188:nop
192:nop
196:nop
200:nop
204:addq
208:nop
212:nop
216:nop
220:nop
224:addq
228:nop
232:nop
236:nop
240:nop
244:addq
248:nop
252:nop
256:nop
260:nop
264:cmple
268:nop
272:nop
276:nop
280:nop
284:stq
288:addq
292:nop
296:nop
300:nop
304:nop
308:bne
144:ldq
148:nop
152:nop
156:nop
160:nop
164:ldq
168:nop
172:nop
176:nop
180:nop
184:addq
188:nop
192:nop
196:nop
200:nop
204:addq
208:nop
212:nop
216:nop
220:nop
224:addq
228:nop
232:nop
236:nop
240:nop
244:addq
248:nop
252:nop
256:nop
260:nop
264:cmple
268:nop
272:nop
276:nop
280:nop
284:stq
288:addq
292:nop
296:nop
300:nop
304:nop
308:bne
144:ldq
148:nop
152:nop
156:nop
160:nop
164:ldq
168:nop
172:nop
176:nop
180:nop
184:addq
188:nop
192:nop
196:nop
200:nop
204:addq
208:nop
212:nop
216:nop
220:nop
224:addq
228:nop
232:nop
236:nop
240:nop
244:addq
248:nop
252:nop
256:nop
260:nop
264:cmple
268:nop
272:nop
276:nop
280:nop
284:stq
288:addq
292:nop
296:nop
300:nop
304:nop
308:bne
144:ldq
148:nop
152:nop
156:nop
160:nop
164:ldq
168:nop
172:nop
176:nop
180:nop
184:addq
188:nop
192:nop
196:nop
200:nop
204:addq
208:nop
212:nop
216:nop
220:nop
224:addq
228:nop
232:nop
236:nop
240:nop
244:addq
248:nop
252:nop
256:nop
260:nop
264:cmple
268:nop
272:nop
276:nop
280:nop
284:stq
288:addq
292:nop
296:nop
300:nop
304:nop
308:bne
144:ldq
148:nop
152:nop
156:nop
160:nop
164:ldq
168:nop
172:nop
176:nop
180:nop
184:addq
188:nop
192:nop
196:nop
200:nop
204:addq
208:nop
212:nop
216:nop
220:nop
224:addq
228:nop
232:nop
236:nop
240:nop
244:addq
248:nop
252:nop
256:nop
260:nop
264:cmple
268:nop
272:nop
276:nop
280:nop
284:stq
288:addq
292:nop
296:nop
300:nop
304:nop
308:bne
144:ldq
148:nop
152:nop
156:nop
160:nop
164:ldq
168:nop
172:nop
176:nop
180:nop
184:addq
188:nop
192:nop
196:nop
200:nop
204:addq
208:nop
212:nop
216:nop
220:nop
224:addq
228:nop
232:nop
236:nop
240:nop
244:addq
248:nop
252:nop
256:nop
260:nop
264:cmple
268:nop
272:nop
276:nop
280:nop
284:stq
288:addq
292:nop
296:nop
300:nop
304:nop
308:bne
312:nop
316:nop
320:nop
324:nop
328:halt
