4:lda
8:br
28:ldq
32:ldq
36:lda
40:addq
44:cmple
48:mulq
52:addq
56:mulq
60:addq
64:mulq
68:addq
72:mulq
76:addq
80:srl
84:stq
88:srl
92:stq
96:srl
100:stq
104:srl
108:stq
112:addq
116:bne
40:addq
44:cmple
48:mulq
52:addq
56:mulq
60:addq
64:mulq
68:addq
72:mulq
76:addq
80:srl
84:stq
88:srl
92:stq
96:srl
100:stq
104:srl
108:stq
112:addq
116:bne
40:addq
44:cmple
48:mulq
52:addq
56:mulq
60:addq
64:mulq
68:addq
72:mulq
76:addq
80:srl
84:stq
88:srl
92:stq
96:srl
100:stq
104:srl
108:stq
112:addq
116:bne
40:addq
44:cmple
48:mulq
52:addq
56:mulq
60:addq
64:mulq
68:addq
72:mulq
76:addq
80:srl
84:stq
88:srl
92:stq
96:srl
100:stq
104:srl
108:stq
112:addq
116:bne
40:addq
44:cmple
48:mulq
52:addq
56:mulq
60:addq
64:mulq
68:addq
72:mulq
76:addq
80:srl
84:stq
88:srl
92:stq
96:srl
100:stq
104:srl
108:stq
112:addq
116:bne
40:addq
44:cmple
48:mulq
52:addq
56:mulq
60:addq
64:mulq
68:addq
72:mulq
76:addq
80:srl
84:stq
88:srl
92:stq
96:srl
100:stq
104:srl
108:stq
112:addq
116:bne
40:addq
44:cmple
48:mulq
52:addq
56:mulq
60:addq
64:mulq
68:addq
72:mulq
76:addq
80:srl
84:stq
88:srl
92:stq
96:srl
100:stq
104:srl
108:stq
112:addq
116:bne
40:addq
44:cmple
48:mulq
52:addq
56:mulq
60:addq
64:mulq
68:addq
72:mulq
76:addq
80:srl
84:stq
88:srl
92:stq
96:srl
100:stq
104:srl
108:stq
112:addq
116:bne
40:addq
44:cmple
48:mulq
52:addq
56:mulq
60:addq
64:mulq
68:addq
72:mulq
76:addq
80:srl
84:stq
88:srl
92:stq
96:srl
100:stq
104:srl
108:stq
112:addq
116:bne
40:addq
44:cmple
48:mulq
52:addq
56:mulq
60:addq
64:mulq
68:addq
72:mulq
76:addq
80:srl
84:stq
88:srl
92:stq
96:srl
100:stq
104:srl
108:stq
112:addq
116:bne
40:addq
44:cmple
48:mulq
52:addq
56:mulq
60:addq
64:mulq
68:addq
72:mulq
76:addq
80:srl
84:stq
88:srl
92:stq
96:srl
100:stq
104:srl
108:stq
112:addq
116:bne
40:addq
44:cmple
48:mulq
52:addq
56:mulq
60:addq
64:mulq
68:addq
72:mulq
76:addq
80:srl
84:stq
88:srl
92:stq
96:srl
100:stq
104:srl
108:stq
112:addq
116:bne
40:addq
44:cmple
48:mulq
52:addq
56:mulq
60:addq
64:mulq
68:addq
72:mulq
76:addq
80:srl
84:stq
88:srl
92:stq
96:srl
100:stq
104:srl
108:stq
112:addq
116:bne
40:addq
44:cmple
48:mulq
52:addq
56:mulq
60:addq
64:mulq
68:addq
72:mulq
76:addq
80:srl
84:stq
88:srl
92:stq
96:srl
100:stq
104:srl
108:stq
112:addq
116:bne
40:addq
44:cmple
48:mulq
52:addq
56:mulq
60:addq
64:mulq
68:addq
72:mulq
76:addq
80:srl
84:stq
88:srl
92:stq
96:srl
100:stq
104:srl
108:stq
112:addq
116:bne
40:addq
44:cmple
48:mulq
52:addq
56:mulq
60:addq
64:mulq
68:addq
72:mulq
76:addq
80:srl
84:stq
88:srl
92:stq
96:srl
100:stq
104:srl
108:stq
112:addq
116:bne
120:halt
