4:lda
8:lda
12:addq
16:addq
20:addq
24:addq
28:addq
32:addq
36:addq
40:stq
44:addq
48:addq
52:cmple
56:bne
12:addq
16:addq
20:addq
24:addq
28:addq
32:addq
36:addq
40:stq
44:addq
48:addq
52:cmple
56:bne
12:addq
16:addq
20:addq
24:addq
28:addq
32:addq
36:addq
40:stq
44:addq
48:addq
52:cmple
56:bne
12:addq
16:addq
20:addq
24:addq
28:addq
32:addq
36:addq
40:stq
44:addq
48:addq
52:cmple
56:bne
12:addq
16:addq
20:addq
24:addq
28:addq
32:addq
36:addq
40:stq
44:addq
48:addq
52:cmple
56:bne
12:addq
16:addq
20:addq
24:addq
28:addq
32:addq
36:addq
40:stq
44:addq
48:addq
52:cmple
56:bne
12:addq
16:addq
20:addq
24:addq
28:addq
32:addq
36:addq
40:stq
44:addq
48:addq
52:cmple
56:bne
12:addq
16:addq
20:addq
24:addq
28:addq
32:addq
36:addq
40:stq
44:addq
48:addq
52:cmple
56:bne
12:addq
16:addq
20:addq
24:addq
28:addq
32:addq
36:addq
40:stq
44:addq
48:addq
52:cmple
56:bne
12:addq
16:addq
20:addq
24:addq
28:addq
32:addq
36:addq
40:stq
44:addq
48:addq
52:cmple
56:bne
12:addq
16:addq
20:addq
24:addq
28:addq
32:addq
36:addq
40:stq
44:addq
48:addq
52:cmple
56:bne
12:addq
16:addq
20:addq
24:addq
28:addq
32:addq
36:addq
40:stq
44:addq
48:addq
52:cmple
56:bne
12:addq
16:addq
20:addq
24:addq
28:addq
32:addq
36:addq
40:stq
44:addq
48:addq
52:cmple
56:bne
12:addq
16:addq
20:addq
24:addq
28:addq
32:addq
36:addq
40:stq
44:addq
48:addq
52:cmple
56:bne
12:addq
16:addq
20:addq
24:addq
28:addq
32:addq
36:addq
40:stq
44:addq
48:addq
52:cmple
56:bne
12:addq
16:addq
20:addq
24:addq
28:addq
32:addq
36:addq
40:stq
44:addq
48:addq
52:cmple
56:bne
60:halt
