                                                                            D-MEM Bus &
Cycle:      IF      |     ID      |     EX      |     MEM     |     WB      Reg Result
    0:    4:-       |   0:-       |   0:-       |   0:-       |   0:-       
    1:    4:-       |   4:-       |   0:-       |   0:-       |   0:-       BUS_LOAD  MEM[0] accepted 1
    2:    4:-       |   4:-       |   4:-       |   0:-       |   0:-       
    3:    4:-       |   4:-       |   4:-       |   4:-       |   0:-       
    4:    4:-       |   4:-       |   4:-       |   4:-       |   4:-       
    5:    4:-       |   4:-       |   4:-       |   4:-       |   4:-       
    6:    4:lda     |   4:-       |   4:-       |   4:-       |   4:-       
    7:    8:-       |   4:lda     |   4:-       |   4:-       |   4:-       
    8:    8:-       |   8:-       |   4:lda     |   4:-       |   4:-       
    9:    8:-       |   8:-       |   8:-       |   4:lda     |   4:-       
   10:    8:-       |   8:-       |   8:-       |   8:-       |   4:lda     r2=0  
   11:    8:lda     |   8:-       |   8:-       |   8:-       |   8:-       
   12:   12:-       |   8:lda     |   8:-       |   8:-       |   8:-       
   13:   12:-       |  12:-       |   8:lda     |   8:-       |   8:-       BUS_LOAD  MEM[8] accepted 1
   14:   12:-       |  12:-       |  12:-       |   8:lda     |   8:-       
   15:   12:-       |  12:-       |  12:-       |  12:-       |   8:lda     r3=4096  
   16:   12:-       |  12:-       |  12:-       |  12:-       |  12:-       
   17:   12:-       |  12:-       |  12:-       |  12:-       |  12:-       
   18:   12:addq    |  12:-       |  12:-       |  12:-       |  12:-       
   19:   16:-       |  12:addq    |  12:-       |  12:-       |  12:-       
   20:   16:-       |  16:-       |  12:addq    |  12:-       |  12:-       
   21:   16:-       |  16:-       |  16:-       |  12:addq    |  12:-       
   22:   16:-       |  16:-       |  16:-       |  16:-       |  12:addq    r5=0  
   23:   16:addq    |  16:-       |  16:-       |  16:-       |  16:-       
   24:   20:-       |  16:addq    |  16:-       |  16:-       |  16:-       
   25:   20:-       |  20:-       |  16:addq    |  16:-       |  16:-       BUS_LOAD  MEM[16] accepted 1
   26:   20:-       |  20:-       |  20:-       |  16:addq    |  16:-       
   27:   20:-       |  20:-       |  20:-       |  20:-       |  16:addq    r8=0  
   28:   20:-       |  20:-       |  20:-       |  20:-       |  20:-       
   29:   20:-       |  20:-       |  20:-       |  20:-       |  20:-       
   30:   20:addq    |  20:-       |  20:-       |  20:-       |  20:-       
   31:   24:-       |  20:addq    |  20:-       |  20:-       |  20:-       
   32:   24:-       |  24:-       |  20:addq    |  20:-       |  20:-       
   33:   24:-       |  24:-       |  24:-       |  20:addq    |  20:-       
   34:   24:-       |  24:-       |  24:-       |  24:-       |  20:addq    r7=0  
   35:   24:addq    |  24:-       |  24:-       |  24:-       |  24:-       
   36:   28:-       |  24:addq    |  24:-       |  24:-       |  24:-       
   37:   28:-       |  28:-       |  24:addq    |  24:-       |  24:-       BUS_LOAD  MEM[24] accepted 1
   38:   28:-       |  28:-       |  28:-       |  24:addq    |  24:-       
   39:   28:-       |  28:-       |  28:-       |  28:-       |  24:addq    r4=0  
   40:   28:-       |  28:-       |  28:-       |  28:-       |  28:-       
   41:   28:-       |  28:-       |  28:-       |  28:-       |  28:-       
   42:   28:addq    |  28:-       |  28:-       |  28:-       |  28:-       
   43:   32:-       |  28:addq    |  28:-       |  28:-       |  28:-       
   44:   32:-       |  32:-       |  28:addq    |  28:-       |  28:-       
   45:   32:-       |  32:-       |  32:-       |  28:addq    |  28:-       
   46:   32:-       |  32:-       |  32:-       |  32:-       |  28:addq    r6=0  
   47:   32:addq    |  32:-       |  32:-       |  32:-       |  32:-       
   48:   36:-       |  32:addq    |  32:-       |  32:-       |  32:-       
   49:   36:-       |  36:-       |  32:addq    |  32:-       |  32:-       BUS_LOAD  MEM[32] accepted 1
   50:   36:-       |  36:-       |  36:-       |  32:addq    |  32:-       
   51:   36:-       |  36:-       |  36:-       |  36:-       |  32:addq    r9=0  
   52:   36:-       |  36:-       |  36:-       |  36:-       |  36:-       
   53:   36:-       |  36:-       |  36:-       |  36:-       |  36:-       
   54:   36:addq    |  36:-       |  36:-       |  36:-       |  36:-       
   55:   40:-       |  36:addq    |  36:-       |  36:-       |  36:-       
   56:   40:-       |  40:-       |  36:addq    |  36:-       |  36:-       
   57:   40:-       |  40:-       |  40:-       |  36:addq    |  36:-       
   58:   40:-       |  40:-       |  40:-       |  40:-       |  36:addq    r10=0  
   59:   40:stq     |  40:-       |  40:-       |  40:-       |  40:-       
   60:   44:-       |  40:stq     |  40:-       |  40:-       |  40:-       
   61:   44:-       |  44:-       |  40:stq     |  40:-       |  40:-       BUS_LOAD  MEM[40] accepted 1
   62:   44:-       |  44:-       |  44:-       |  40:stq     |  40:-       BUS_STORE MEM[4096] = 0 accepted 2
   63:   44:-       |  44:-       |  44:-       |  44:-       |  40:stq     
   64:   44:-       |  44:-       |  44:-       |  44:-       |  44:-       
   65:   44:-       |  44:-       |  44:-       |  44:-       |  44:-       
   66:   44:addq    |  44:-       |  44:-       |  44:-       |  44:-       
   67:   48:-       |  44:addq    |  44:-       |  44:-       |  44:-       
   68:   48:-       |  48:-       |  44:addq    |  44:-       |  44:-       
   69:   48:-       |  48:-       |  48:-       |  44:addq    |  44:-       
   70:   48:-       |  48:-       |  48:-       |  48:-       |  44:addq    r3=4104  
   71:   48:addq    |  48:-       |  48:-       |  48:-       |  48:-       
   72:   52:-       |  48:addq    |  48:-       |  48:-       |  48:-       
   73:   52:-       |  52:-       |  48:addq    |  48:-       |  48:-       BUS_LOAD  MEM[48] accepted 1
   74:   52:-       |  52:-       |  52:-       |  48:addq    |  48:-       
   75:   52:-       |  52:-       |  52:-       |  52:-       |  48:addq    r2=1  
   76:   52:-       |  52:-       |  52:-       |  52:-       |  52:-       
   77:   52:-       |  52:-       |  52:-       |  52:-       |  52:-       
   78:   52:cmple   |  52:-       |  52:-       |  52:-       |  52:-       
   79:   56:-       |  52:cmple   |  52:-       |  52:-       |  52:-       
   80:   56:-       |  56:-       |  52:cmple   |  52:-       |  52:-       
   81:   56:-       |  56:-       |  56:-       |  52:cmple   |  52:-       
   82:   56:-       |  56:-       |  56:-       |  56:-       |  52:cmple   r1=1  
   83:   56:bne     |  56:-       |  56:-       |  56:-       |  56:-       
   84:   60:-       |  56:bne     |  56:-       |  56:-       |  56:-       
   85:   60:-       |  60:-       |  56:bne     |  56:-       |  56:-       BUS_LOAD  MEM[56] accepted 1
   86:   60:-       |  60:-       |  60:-       |  56:bne     |  56:-       
   87:   12:-       |  60:-       |  60:-       |  60:-       |  56:bne     
   88:   12:addq    |  12:-       |  60:-       |  60:-       |  60:-       
   89:   16:-       |  12:addq    |  12:-       |  60:-       |  60:-       
   90:   16:-       |  16:-       |  12:addq    |  12:-       |  60:-       
   91:   16:-       |  16:-       |  16:-       |  12:addq    |  12:-       
   92:   16:-       |  16:-       |  16:-       |  16:-       |  12:addq    r5=2  
   93:   16:addq    |  16:-       |  16:-       |  16:-       |  16:-       
   94:   20:-       |  16:addq    |  16:-       |  16:-       |  16:-       
   95:   20:-       |  20:-       |  16:addq    |  16:-       |  16:-       
   96:   20:-       |  20:-       |  20:-       |  16:addq    |  16:-       
   97:   20:-       |  20:-       |  20:-       |  20:-       |  16:addq    r8=2  
   98:   20:addq    |  20:-       |  20:-       |  20:-       |  20:-       
   99:   24:-       |  20:addq    |  20:-       |  20:-       |  20:-       
  100:   24:-       |  24:-       |  20:addq    |  20:-       |  20:-       
  101:   24:-       |  24:-       |  24:-       |  20:addq    |  20:-       
  102:   24:-       |  24:-       |  24:-       |  24:-       |  20:addq    r7=2  
  103:   24:addq    |  24:-       |  24:-       |  24:-       |  24:-       
  104:   28:-       |  24:addq    |  24:-       |  24:-       |  24:-       
  105:   28:-       |  28:-       |  24:addq    |  24:-       |  24:-       
  106:   28:-       |  28:-       |  28:-       |  24:addq    |  24:-       
  107:   28:-       |  28:-       |  28:-       |  28:-       |  24:addq    r4=2  
  108:   28:addq    |  28:-       |  28:-       |  28:-       |  28:-       
  109:   32:-       |  28:addq    |  28:-       |  28:-       |  28:-       
  110:   32:-       |  32:-       |  28:addq    |  28:-       |  28:-       
  111:   32:-       |  32:-       |  32:-       |  28:addq    |  28:-       
  112:   32:-       |  32:-       |  32:-       |  32:-       |  28:addq    r6=4  
  113:   32:addq    |  32:-       |  32:-       |  32:-       |  32:-       
  114:   36:-       |  32:addq    |  32:-       |  32:-       |  32:-       
  115:   36:-       |  36:-       |  32:addq    |  32:-       |  32:-       
  116:   36:-       |  36:-       |  36:-       |  32:addq    |  32:-       
  117:   36:-       |  36:-       |  36:-       |  36:-       |  32:addq    r9=4  
  118:   36:addq    |  36:-       |  36:-       |  36:-       |  36:-       
  119:   40:-       |  36:addq    |  36:-       |  36:-       |  36:-       
  120:   40:-       |  40:-       |  36:addq    |  36:-       |  36:-       
  121:   40:-       |  40:-       |  40:-       |  36:addq    |  36:-       
  122:   40:-       |  40:-       |  40:-       |  40:-       |  36:addq    r10=8  
  123:   40:stq     |  40:-       |  40:-       |  40:-       |  40:-       
  124:   44:-       |  40:stq     |  40:-       |  40:-       |  40:-       
  125:   44:-       |  44:-       |  40:stq     |  40:-       |  40:-       
  126:   44:-       |  44:-       |  44:-       |  40:stq     |  40:-       BUS_STORE MEM[4104] = 8 accepted 1
  127:   44:-       |  44:-       |  44:-       |  44:-       |  40:stq     
  128:   44:addq    |  44:-       |  44:-       |  44:-       |  44:-       
  129:   48:-       |  44:addq    |  44:-       |  44:-       |  44:-       
  130:   48:-       |  48:-       |  44:addq    |  44:-       |  44:-       
  131:   48:-       |  48:-       |  48:-       |  44:addq    |  44:-       
  132:   48:-       |  48:-       |  48:-       |  48:-       |  44:addq    r3=4112  
  133:   48:addq    |  48:-       |  48:-       |  48:-       |  48:-       
  134:   52:-       |  48:addq    |  48:-       |  48:-       |  48:-       
  135:   52:-       |  52:-       |  48:addq    |  48:-       |  48:-       
  136:   52:-       |  52:-       |  52:-       |  48:addq    |  48:-       
  137:   52:-       |  52:-       |  52:-       |  52:-       |  48:addq    r2=2  
  138:   52:cmple   |  52:-       |  52:-       |  52:-       |  52:-       
  139:   56:-       |  52:cmple   |  52:-       |  52:-       |  52:-       
  140:   56:-       |  56:-       |  52:cmple   |  52:-       |  52:-       
  141:   56:-       |  56:-       |  56:-       |  52:cmple   |  52:-       
  142:   56:-       |  56:-       |  56:-       |  56:-       |  52:cmple   r1=1  
  143:   56:bne     |  56:-       |  56:-       |  56:-       |  56:-       
  144:   60:-       |  56:bne     |  56:-       |  56:-       |  56:-       
  145:   60:-       |  60:-       |  56:bne     |  56:-       |  56:-       BUS_LOAD  MEM[56] accepted 1
  146:   60:-       |  60:-       |  60:-       |  56:bne     |  56:-       
  147:   12:-       |  60:-       |  60:-       |  60:-       |  56:bne     
  148:   12:addq    |  12:-       |  60:-       |  60:-       |  60:-       
  149:   16:-       |  12:addq    |  12:-       |  60:-       |  60:-       
  150:   16:-       |  16:-       |  12:addq    |  12:-       |  60:-       
  151:   16:-       |  16:-       |  16:-       |  12:addq    |  12:-       
  152:   16:-       |  16:-       |  16:-       |  16:-       |  12:addq    r5=4  
  153:   16:addq    |  16:-       |  16:-       |  16:-       |  16:-       
  154:   20:-       |  16:addq    |  16:-       |  16:-       |  16:-       
  155:   20:-       |  20:-       |  16:addq    |  16:-       |  16:-       
  156:   20:-       |  20:-       |  20:-       |  16:addq    |  16:-       
  157:   20:-       |  20:-       |  20:-       |  20:-       |  16:addq    r8=4  
  158:   20:addq    |  20:-       |  20:-       |  20:-       |  20:-       
  159:   24:-       |  20:addq    |  20:-       |  20:-       |  20:-       
  160:   24:-       |  24:-       |  20:addq    |  20:-       |  20:-       
  161:   24:-       |  24:-       |  24:-       |  20:addq    |  20:-       
  162:   24:-       |  24:-       |  24:-       |  24:-       |  20:addq    r7=4  
  163:   24:addq    |  24:-       |  24:-       |  24:-       |  24:-       
  164:   28:-       |  24:addq    |  24:-       |  24:-       |  24:-       
  165:   28:-       |  28:-       |  24:addq    |  24:-       |  24:-       
  166:   28:-       |  28:-       |  28:-       |  24:addq    |  24:-       
  167:   28:-       |  28:-       |  28:-       |  28:-       |  24:addq    r4=4  
  168:   28:addq    |  28:-       |  28:-       |  28:-       |  28:-       
  169:   32:-       |  28:addq    |  28:-       |  28:-       |  28:-       
  170:   32:-       |  32:-       |  28:addq    |  28:-       |  28:-       
  171:   32:-       |  32:-       |  32:-       |  28:addq    |  28:-       
  172:   32:-       |  32:-       |  32:-       |  32:-       |  28:addq    r6=8  
  173:   32:addq    |  32:-       |  32:-       |  32:-       |  32:-       
  174:   36:-       |  32:addq    |  32:-       |  32:-       |  32:-       
  175:   36:-       |  36:-       |  32:addq    |  32:-       |  32:-       
  176:   36:-       |  36:-       |  36:-       |  32:addq    |  32:-       
  177:   36:-       |  36:-       |  36:-       |  36:-       |  32:addq    r9=8  
  178:   36:addq    |  36:-       |  36:-       |  36:-       |  36:-       
  179:   40:-       |  36:addq    |  36:-       |  36:-       |  36:-       
  180:   40:-       |  40:-       |  36:addq    |  36:-       |  36:-       
  181:   40:-       |  40:-       |  40:-       |  36:addq    |  36:-       
  182:   40:-       |  40:-       |  40:-       |  40:-       |  36:addq    r10=16  
  183:   40:stq     |  40:-       |  40:-       |  40:-       |  40:-       
  184:   44:-       |  40:stq     |  40:-       |  40:-       |  40:-       
  185:   44:-       |  44:-       |  40:stq     |  40:-       |  40:-       
  186:   44:-       |  44:-       |  44:-       |  40:stq     |  40:-       BUS_STORE MEM[4112] = 16 accepted 1
  187:   44:-       |  44:-       |  44:-       |  44:-       |  40:stq     
  188:   44:addq    |  44:-       |  44:-       |  44:-       |  44:-       
  189:   48:-       |  44:addq    |  44:-       |  44:-       |  44:-       
  190:   48:-       |  48:-       |  44:addq    |  44:-       |  44:-       
  191:   48:-       |  48:-       |  48:-       |  44:addq    |  44:-       
  192:   48:-       |  48:-       |  48:-       |  48:-       |  44:addq    r3=4120  
  193:   48:addq    |  48:-       |  48:-       |  48:-       |  48:-       
  194:   52:-       |  48:addq    |  48:-       |  48:-       |  48:-       
  195:   52:-       |  52:-       |  48:addq    |  48:-       |  48:-       
  196:   52:-       |  52:-       |  52:-       |  48:addq    |  48:-       
  197:   52:-       |  52:-       |  52:-       |  52:-       |  48:addq    r2=3  
  198:   52:cmple   |  52:-       |  52:-       |  52:-       |  52:-       
  199:   56:-       |  52:cmple   |  52:-       |  52:-       |  52:-       
  200:   56:-       |  56:-       |  52:cmple   |  52:-       |  52:-       
  201:   56:-       |  56:-       |  56:-       |  52:cmple   |  52:-       
  202:   56:-       |  56:-       |  56:-       |  56:-       |  52:cmple   r1=1  
  203:   56:bne     |  56:-       |  56:-       |  56:-       |  56:-       
  204:   60:-       |  56:bne     |  56:-       |  56:-       |  56:-       
  205:   60:-       |  60:-       |  56:bne     |  56:-       |  56:-       BUS_LOAD  MEM[56] accepted 1
  206:   60:-       |  60:-       |  60:-       |  56:bne     |  56:-       
  207:   12:-       |  60:-       |  60:-       |  60:-       |  56:bne     
  208:   12:addq    |  12:-       |  60:-       |  60:-       |  60:-       
  209:   16:-       |  12:addq    |  12:-       |  60:-       |  60:-       
  210:   16:-       |  16:-       |  12:addq    |  12:-       |  60:-       
  211:   16:-       |  16:-       |  16:-       |  12:addq    |  12:-       
  212:   16:-       |  16:-       |  16:-       |  16:-       |  12:addq    r5=6  
  213:   16:addq    |  16:-       |  16:-       |  16:-       |  16:-       
  214:   20:-       |  16:addq    |  16:-       |  16:-       |  16:-       
  215:   20:-       |  20:-       |  16:addq    |  16:-       |  16:-       
  216:   20:-       |  20:-       |  20:-       |  16:addq    |  16:-       
  217:   20:-       |  20:-       |  20:-       |  20:-       |  16:addq    r8=6  
  218:   20:addq    |  20:-       |  20:-       |  20:-       |  20:-       
  219:   24:-       |  20:addq    |  20:-       |  20:-       |  20:-       
  220:   24:-       |  24:-       |  20:addq    |  20:-       |  20:-       
  221:   24:-       |  24:-       |  24:-       |  20:addq    |  20:-       
  222:   24:-       |  24:-       |  24:-       |  24:-       |  20:addq    r7=6  
  223:   24:addq    |  24:-       |  24:-       |  24:-       |  24:-       
  224:   28:-       |  24:addq    |  24:-       |  24:-       |  24:-       
  225:   28:-       |  28:-       |  24:addq    |  24:-       |  24:-       
  226:   28:-       |  28:-       |  28:-       |  24:addq    |  24:-       
  227:   28:-       |  28:-       |  28:-       |  28:-       |  24:addq    r4=6  
  228:   28:addq    |  28:-       |  28:-       |  28:-       |  28:-       
  229:   32:-       |  28:addq    |  28:-       |  28:-       |  28:-       
  230:   32:-       |  32:-       |  28:addq    |  28:-       |  28:-       
  231:   32:-       |  32:-       |  32:-       |  28:addq    |  28:-       
  232:   32:-       |  32:-       |  32:-       |  32:-       |  28:addq    r6=12  
  233:   32:addq    |  32:-       |  32:-       |  32:-       |  32:-       
  234:   36:-       |  32:addq    |  32:-       |  32:-       |  32:-       
  235:   36:-       |  36:-       |  32:addq    |  32:-       |  32:-       
  236:   36:-       |  36:-       |  36:-       |  32:addq    |  32:-       
  237:   36:-       |  36:-       |  36:-       |  36:-       |  32:addq    r9=12  
  238:   36:addq    |  36:-       |  36:-       |  36:-       |  36:-       
  239:   40:-       |  36:addq    |  36:-       |  36:-       |  36:-       
  240:   40:-       |  40:-       |  36:addq    |  36:-       |  36:-       
  241:   40:-       |  40:-       |  40:-       |  36:addq    |  36:-       
  242:   40:-       |  40:-       |  40:-       |  40:-       |  36:addq    r10=24  
  243:   40:stq     |  40:-       |  40:-       |  40:-       |  40:-       
  244:   44:-       |  40:stq     |  40:-       |  40:-       |  40:-       
  245:   44:-       |  44:-       |  40:stq     |  40:-       |  40:-       
  246:   44:-       |  44:-       |  44:-       |  40:stq     |  40:-       BUS_STORE MEM[4120] = 24 accepted 1
  247:   44:-       |  44:-       |  44:-       |  44:-       |  40:stq     
  248:   44:addq    |  44:-       |  44:-       |  44:-       |  44:-       
  249:   48:-       |  44:addq    |  44:-       |  44:-       |  44:-       
  250:   48:-       |  48:-       |  44:addq    |  44:-       |  44:-       
  251:   48:-       |  48:-       |  48:-       |  44:addq    |  44:-       
  252:   48:-       |  48:-       |  48:-       |  48:-       |  44:addq    r3=4128  
  253:   48:addq    |  48:-       |  48:-       |  48:-       |  48:-       
  254:   52:-       |  48:addq    |  48:-       |  48:-       |  48:-       
  255:   52:-       |  52:-       |  48:addq    |  48:-       |  48:-       
  256:   52:-       |  52:-       |  52:-       |  48:addq    |  48:-       
  257:   52:-       |  52:-       |  52:-       |  52:-       |  48:addq    r2=4  
  258:   52:cmple   |  52:-       |  52:-       |  52:-       |  52:-       
  259:   56:-       |  52:cmple   |  52:-       |  52:-       |  52:-       
  260:   56:-       |  56:-       |  52:cmple   |  52:-       |  52:-       
  261:   56:-       |  56:-       |  56:-       |  52:cmple   |  52:-       
  262:   56:-       |  56:-       |  56:-       |  56:-       |  52:cmple   r1=1  
  263:   56:bne     |  56:-       |  56:-       |  56:-       |  56:-       
  264:   60:-       |  56:bne     |  56:-       |  56:-       |  56:-       
  265:   60:-       |  60:-       |  56:bne     |  56:-       |  56:-       BUS_LOAD  MEM[56] accepted 1
  266:   60:-       |  60:-       |  60:-       |  56:bne     |  56:-       
  267:   12:-       |  60:-       |  60:-       |  60:-       |  56:bne     
  268:   12:addq    |  12:-       |  60:-       |  60:-       |  60:-       
  269:   16:-       |  12:addq    |  12:-       |  60:-       |  60:-       
  270:   16:-       |  16:-       |  12:addq    |  12:-       |  60:-       
  271:   16:-       |  16:-       |  16:-       |  12:addq    |  12:-       
  272:   16:-       |  16:-       |  16:-       |  16:-       |  12:addq    r5=8  
  273:   16:addq    |  16:-       |  16:-       |  16:-       |  16:-       
  274:   20:-       |  16:addq    |  16:-       |  16:-       |  16:-       
  275:   20:-       |  20:-       |  16:addq    |  16:-       |  16:-       
  276:   20:-       |  20:-       |  20:-       |  16:addq    |  16:-       
  277:   20:-       |  20:-       |  20:-       |  20:-       |  16:addq    r8=8  
  278:   20:addq    |  20:-       |  20:-       |  20:-       |  20:-       
  279:   24:-       |  20:addq    |  20:-       |  20:-       |  20:-       
  280:   24:-       |  24:-       |  20:addq    |  20:-       |  20:-       
  281:   24:-       |  24:-       |  24:-       |  20:addq    |  20:-       
  282:   24:-       |  24:-       |  24:-       |  24:-       |  20:addq    r7=8  
  283:   24:addq    |  24:-       |  24:-       |  24:-       |  24:-       
  284:   28:-       |  24:addq    |  24:-       |  24:-       |  24:-       
  285:   28:-       |  28:-       |  24:addq    |  24:-       |  24:-       
  286:   28:-       |  28:-       |  28:-       |  24:addq    |  24:-       
  287:   28:-       |  28:-       |  28:-       |  28:-       |  24:addq    r4=8  
  288:   28:addq    |  28:-       |  28:-       |  28:-       |  28:-       
  289:   32:-       |  28:addq    |  28:-       |  28:-       |  28:-       
  290:   32:-       |  32:-       |  28:addq    |  28:-       |  28:-       
  291:   32:-       |  32:-       |  32:-       |  28:addq    |  28:-       
  292:   32:-       |  32:-       |  32:-       |  32:-       |  28:addq    r6=16  
  293:   32:addq    |  32:-       |  32:-       |  32:-       |  32:-       
  294:   36:-       |  32:addq    |  32:-       |  32:-       |  32:-       
  295:   36:-       |  36:-       |  32:addq    |  32:-       |  32:-       
  296:   36:-       |  36:-       |  36:-       |  32:addq    |  32:-       
  297:   36:-       |  36:-       |  36:-       |  36:-       |  32:addq    r9=16  
  298:   36:addq    |  36:-       |  36:-       |  36:-       |  36:-       
  299:   40:-       |  36:addq    |  36:-       |  36:-       |  36:-       
  300:   40:-       |  40:-       |  36:addq    |  36:-       |  36:-       
  301:   40:-       |  40:-       |  40:-       |  36:addq    |  36:-       
  302:   40:-       |  40:-       |  40:-       |  40:-       |  36:addq    r10=32  
  303:   40:stq     |  40:-       |  40:-       |  40:-       |  40:-       
  304:   44:-       |  40:stq     |  40:-       |  40:-       |  40:-       
  305:   44:-       |  44:-       |  40:stq     |  40:-       |  40:-       
  306:   44:-       |  44:-       |  44:-       |  40:stq     |  40:-       BUS_STORE MEM[4128] = 32 accepted 1
  307:   44:-       |  44:-       |  44:-       |  44:-       |  40:stq     
  308:   44:addq    |  44:-       |  44:-       |  44:-       |  44:-       
  309:   48:-       |  44:addq    |  44:-       |  44:-       |  44:-       
  310:   48:-       |  48:-       |  44:addq    |  44:-       |  44:-       
  311:   48:-       |  48:-       |  48:-       |  44:addq    |  44:-       
  312:   48:-       |  48:-       |  48:-       |  48:-       |  44:addq    r3=4136  
  313:   48:addq    |  48:-       |  48:-       |  48:-       |  48:-       
  314:   52:-       |  48:addq    |  48:-       |  48:-       |  48:-       
  315:   52:-       |  52:-       |  48:addq    |  48:-       |  48:-       
  316:   52:-       |  52:-       |  52:-       |  48:addq    |  48:-       
  317:   52:-       |  52:-       |  52:-       |  52:-       |  48:addq    r2=5  
  318:   52:cmple   |  52:-       |  52:-       |  52:-       |  52:-       
  319:   56:-       |  52:cmple   |  52:-       |  52:-       |  52:-       
  320:   56:-       |  56:-       |  52:cmple   |  52:-       |  52:-       
  321:   56:-       |  56:-       |  56:-       |  52:cmple   |  52:-       
  322:   56:-       |  56:-       |  56:-       |  56:-       |  52:cmple   r1=1  
  323:   56:bne     |  56:-       |  56:-       |  56:-       |  56:-       
  324:   60:-       |  56:bne     |  56:-       |  56:-       |  56:-       
  325:   60:-       |  60:-       |  56:bne     |  56:-       |  56:-       BUS_LOAD  MEM[56] accepted 1
  326:   60:-       |  60:-       |  60:-       |  56:bne     |  56:-       
  327:   12:-       |  60:-       |  60:-       |  60:-       |  56:bne     
  328:   12:addq    |  12:-       |  60:-       |  60:-       |  60:-       
  329:   16:-       |  12:addq    |  12:-       |  60:-       |  60:-       
  330:   16:-       |  16:-       |  12:addq    |  12:-       |  60:-       
  331:   16:-       |  16:-       |  16:-       |  12:addq    |  12:-       
  332:   16:-       |  16:-       |  16:-       |  16:-       |  12:addq    r5=10  
  333:   16:addq    |  16:-       |  16:-       |  16:-       |  16:-       
  334:   20:-       |  16:addq    |  16:-       |  16:-       |  16:-       
  335:   20:-       |  20:-       |  16:addq    |  16:-       |  16:-       
  336:   20:-       |  20:-       |  20:-       |  16:addq    |  16:-       
  337:   20:-       |  20:-       |  20:-       |  20:-       |  16:addq    r8=10  
  338:   20:addq    |  20:-       |  20:-       |  20:-       |  20:-       
  339:   24:-       |  20:addq    |  20:-       |  20:-       |  20:-       
  340:   24:-       |  24:-       |  20:addq    |  20:-       |  20:-       
  341:   24:-       |  24:-       |  24:-       |  20:addq    |  20:-       
  342:   24:-       |  24:-       |  24:-       |  24:-       |  20:addq    r7=10  
  343:   24:addq    |  24:-       |  24:-       |  24:-       |  24:-       
  344:   28:-       |  24:addq    |  24:-       |  24:-       |  24:-       
  345:   28:-       |  28:-       |  24:addq    |  24:-       |  24:-       
  346:   28:-       |  28:-       |  28:-       |  24:addq    |  24:-       
  347:   28:-       |  28:-       |  28:-       |  28:-       |  24:addq    r4=10  
  348:   28:addq    |  28:-       |  28:-       |  28:-       |  28:-       
  349:   32:-       |  28:addq    |  28:-       |  28:-       |  28:-       
  350:   32:-       |  32:-       |  28:addq    |  28:-       |  28:-       
  351:   32:-       |  32:-       |  32:-       |  28:addq    |  28:-       
  352:   32:-       |  32:-       |  32:-       |  32:-       |  28:addq    r6=20  
  353:   32:addq    |  32:-       |  32:-       |  32:-       |  32:-       
  354:   36:-       |  32:addq    |  32:-       |  32:-       |  32:-       
  355:   36:-       |  36:-       |  32:addq    |  32:-       |  32:-       
  356:   36:-       |  36:-       |  36:-       |  32:addq    |  32:-       
  357:   36:-       |  36:-       |  36:-       |  36:-       |  32:addq    r9=20  
  358:   36:addq    |  36:-       |  36:-       |  36:-       |  36:-       
  359:   40:-       |  36:addq    |  36:-       |  36:-       |  36:-       
  360:   40:-       |  40:-       |  36:addq    |  36:-       |  36:-       
  361:   40:-       |  40:-       |  40:-       |  36:addq    |  36:-       
  362:   40:-       |  40:-       |  40:-       |  40:-       |  36:addq    r10=40  
  363:   40:stq     |  40:-       |  40:-       |  40:-       |  40:-       
  364:   44:-       |  40:stq     |  40:-       |  40:-       |  40:-       
  365:   44:-       |  44:-       |  40:stq     |  40:-       |  40:-       
  366:   44:-       |  44:-       |  44:-       |  40:stq     |  40:-       BUS_STORE MEM[4136] = 40 accepted 1
  367:   44:-       |  44:-       |  44:-       |  44:-       |  40:stq     
  368:   44:addq    |  44:-       |  44:-       |  44:-       |  44:-       
  369:   48:-       |  44:addq    |  44:-       |  44:-       |  44:-       
  370:   48:-       |  48:-       |  44:addq    |  44:-       |  44:-       
  371:   48:-       |  48:-       |  48:-       |  44:addq    |  44:-       
  372:   48:-       |  48:-       |  48:-       |  48:-       |  44:addq    r3=4144  
  373:   48:addq    |  48:-       |  48:-       |  48:-       |  48:-       
  374:   52:-       |  48:addq    |  48:-       |  48:-       |  48:-       
  375:   52:-       |  52:-       |  48:addq    |  48:-       |  48:-       
  376:   52:-       |  52:-       |  52:-       |  48:addq    |  48:-       
  377:   52:-       |  52:-       |  52:-       |  52:-       |  48:addq    r2=6  
  378:   52:cmple   |  52:-       |  52:-       |  52:-       |  52:-       
  379:   56:-       |  52:cmple   |  52:-       |  52:-       |  52:-       
  380:   56:-       |  56:-       |  52:cmple   |  52:-       |  52:-       
  381:   56:-       |  56:-       |  56:-       |  52:cmple   |  52:-       
  382:   56:-       |  56:-       |  56:-       |  56:-       |  52:cmple   r1=1  
  383:   56:bne     |  56:-       |  56:-       |  56:-       |  56:-       
  384:   60:-       |  56:bne     |  56:-       |  56:-       |  56:-       
  385:   60:-       |  60:-       |  56:bne     |  56:-       |  56:-       BUS_LOAD  MEM[56] accepted 1
  386:   60:-       |  60:-       |  60:-       |  56:bne     |  56:-       
  387:   12:-       |  60:-       |  60:-       |  60:-       |  56:bne     
  388:   12:addq    |  12:-       |  60:-       |  60:-       |  60:-       
  389:   16:-       |  12:addq    |  12:-       |  60:-       |  60:-       
  390:   16:-       |  16:-       |  12:addq    |  12:-       |  60:-       
  391:   16:-       |  16:-       |  16:-       |  12:addq    |  12:-       
  392:   16:-       |  16:-       |  16:-       |  16:-       |  12:addq    r5=12  
  393:   16:addq    |  16:-       |  16:-       |  16:-       |  16:-       
  394:   20:-       |  16:addq    |  16:-       |  16:-       |  16:-       
  395:   20:-       |  20:-       |  16:addq    |  16:-       |  16:-       
  396:   20:-       |  20:-       |  20:-       |  16:addq    |  16:-       
  397:   20:-       |  20:-       |  20:-       |  20:-       |  16:addq    r8=12  
  398:   20:addq    |  20:-       |  20:-       |  20:-       |  20:-       
  399:   24:-       |  20:addq    |  20:-       |  20:-       |  20:-       
  400:   24:-       |  24:-       |  20:addq    |  20:-       |  20:-       
  401:   24:-       |  24:-       |  24:-       |  20:addq    |  20:-       
  402:   24:-       |  24:-       |  24:-       |  24:-       |  20:addq    r7=12  
  403:   24:addq    |  24:-       |  24:-       |  24:-       |  24:-       
  404:   28:-       |  24:addq    |  24:-       |  24:-       |  24:-       
  405:   28:-       |  28:-       |  24:addq    |  24:-       |  24:-       
  406:   28:-       |  28:-       |  28:-       |  24:addq    |  24:-       
  407:   28:-       |  28:-       |  28:-       |  28:-       |  24:addq    r4=12  
  408:   28:addq    |  28:-       |  28:-       |  28:-       |  28:-       
  409:   32:-       |  28:addq    |  28:-       |  28:-       |  28:-       
  410:   32:-       |  32:-       |  28:addq    |  28:-       |  28:-       
  411:   32:-       |  32:-       |  32:-       |  28:addq    |  28:-       
  412:   32:-       |  32:-       |  32:-       |  32:-       |  28:addq    r6=24  
  413:   32:addq    |  32:-       |  32:-       |  32:-       |  32:-       
  414:   36:-       |  32:addq    |  32:-       |  32:-       |  32:-       
  415:   36:-       |  36:-       |  32:addq    |  32:-       |  32:-       
  416:   36:-       |  36:-       |  36:-       |  32:addq    |  32:-       
  417:   36:-       |  36:-       |  36:-       |  36:-       |  32:addq    r9=24  
  418:   36:addq    |  36:-       |  36:-       |  36:-       |  36:-       
  419:   40:-       |  36:addq    |  36:-       |  36:-       |  36:-       
  420:   40:-       |  40:-       |  36:addq    |  36:-       |  36:-       
  421:   40:-       |  40:-       |  40:-       |  36:addq    |  36:-       
  422:   40:-       |  40:-       |  40:-       |  40:-       |  36:addq    r10=48  
  423:   40:stq     |  40:-       |  40:-       |  40:-       |  40:-       
  424:   44:-       |  40:stq     |  40:-       |  40:-       |  40:-       
  425:   44:-       |  44:-       |  40:stq     |  40:-       |  40:-       
  426:   44:-       |  44:-       |  44:-       |  40:stq     |  40:-       BUS_STORE MEM[4144] = 48 accepted 1
  427:   44:-       |  44:-       |  44:-       |  44:-       |  40:stq     
  428:   44:addq    |  44:-       |  44:-       |  44:-       |  44:-       
  429:   48:-       |  44:addq    |  44:-       |  44:-       |  44:-       
  430:   48:-       |  48:-       |  44:addq    |  44:-       |  44:-       
  431:   48:-       |  48:-       |  48:-       |  44:addq    |  44:-       
  432:   48:-       |  48:-       |  48:-       |  48:-       |  44:addq    r3=4152  
  433:   48:addq    |  48:-       |  48:-       |  48:-       |  48:-       
  434:   52:-       |  48:addq    |  48:-       |  48:-       |  48:-       
  435:   52:-       |  52:-       |  48:addq    |  48:-       |  48:-       
  436:   52:-       |  52:-       |  52:-       |  48:addq    |  48:-       
  437:   52:-       |  52:-       |  52:-       |  52:-       |  48:addq    r2=7  
  438:   52:cmple   |  52:-       |  52:-       |  52:-       |  52:-       
  439:   56:-       |  52:cmple   |  52:-       |  52:-       |  52:-       
  440:   56:-       |  56:-       |  52:cmple   |  52:-       |  52:-       
  441:   56:-       |  56:-       |  56:-       |  52:cmple   |  52:-       
  442:   56:-       |  56:-       |  56:-       |  56:-       |  52:cmple   r1=1  
  443:   56:bne     |  56:-       |  56:-       |  56:-       |  56:-       
  444:   60:-       |  56:bne     |  56:-       |  56:-       |  56:-       
  445:   60:-       |  60:-       |  56:bne     |  56:-       |  56:-       BUS_LOAD  MEM[56] accepted 1
  446:   60:-       |  60:-       |  60:-       |  56:bne     |  56:-       
  447:   12:-       |  60:-       |  60:-       |  60:-       |  56:bne     
  448:   12:addq    |  12:-       |  60:-       |  60:-       |  60:-       
  449:   16:-       |  12:addq    |  12:-       |  60:-       |  60:-       
  450:   16:-       |  16:-       |  12:addq    |  12:-       |  60:-       
  451:   16:-       |  16:-       |  16:-       |  12:addq    |  12:-       
  452:   16:-       |  16:-       |  16:-       |  16:-       |  12:addq    r5=14  
  453:   16:addq    |  16:-       |  16:-       |  16:-       |  16:-       
  454:   20:-       |  16:addq    |  16:-       |  16:-       |  16:-       
  455:   20:-       |  20:-       |  16:addq    |  16:-       |  16:-       
  456:   20:-       |  20:-       |  20:-       |  16:addq    |  16:-       
  457:   20:-       |  20:-       |  20:-       |  20:-       |  16:addq    r8=14  
  458:   20:addq    |  20:-       |  20:-       |  20:-       |  20:-       
  459:   24:-       |  20:addq    |  20:-       |  20:-       |  20:-       
  460:   24:-       |  24:-       |  20:addq    |  20:-       |  20:-       
  461:   24:-       |  24:-       |  24:-       |  20:addq    |  20:-       
  462:   24:-       |  24:-       |  24:-       |  24:-       |  20:addq    r7=14  
  463:   24:addq    |  24:-       |  24:-       |  24:-       |  24:-       
  464:   28:-       |  24:addq    |  24:-       |  24:-       |  24:-       
  465:   28:-       |  28:-       |  24:addq    |  24:-       |  24:-       
  466:   28:-       |  28:-       |  28:-       |  24:addq    |  24:-       
  467:   28:-       |  28:-       |  28:-       |  28:-       |  24:addq    r4=14  
  468:   28:addq    |  28:-       |  28:-       |  28:-       |  28:-       
  469:   32:-       |  28:addq    |  28:-       |  28:-       |  28:-       
  470:   32:-       |  32:-       |  28:addq    |  28:-       |  28:-       
  471:   32:-       |  32:-       |  32:-       |  28:addq    |  28:-       
  472:   32:-       |  32:-       |  32:-       |  32:-       |  28:addq    r6=28  
  473:   32:addq    |  32:-       |  32:-       |  32:-       |  32:-       
  474:   36:-       |  32:addq    |  32:-       |  32:-       |  32:-       
  475:   36:-       |  36:-       |  32:addq    |  32:-       |  32:-       
  476:   36:-       |  36:-       |  36:-       |  32:addq    |  32:-       
  477:   36:-       |  36:-       |  36:-       |  36:-       |  32:addq    r9=28  
  478:   36:addq    |  36:-       |  36:-       |  36:-       |  36:-       
  479:   40:-       |  36:addq    |  36:-       |  36:-       |  36:-       
  480:   40:-       |  40:-       |  36:addq    |  36:-       |  36:-       
  481:   40:-       |  40:-       |  40:-       |  36:addq    |  36:-       
  482:   40:-       |  40:-       |  40:-       |  40:-       |  36:addq    r10=56  
  483:   40:stq     |  40:-       |  40:-       |  40:-       |  40:-       
  484:   44:-       |  40:stq     |  40:-       |  40:-       |  40:-       
  485:   44:-       |  44:-       |  40:stq     |  40:-       |  40:-       
  486:   44:-       |  44:-       |  44:-       |  40:stq     |  40:-       BUS_STORE MEM[4152] = 56 accepted 1
  487:   44:-       |  44:-       |  44:-       |  44:-       |  40:stq     
  488:   44:addq    |  44:-       |  44:-       |  44:-       |  44:-       
  489:   48:-       |  44:addq    |  44:-       |  44:-       |  44:-       
  490:   48:-       |  48:-       |  44:addq    |  44:-       |  44:-       
  491:   48:-       |  48:-       |  48:-       |  44:addq    |  44:-       
  492:   48:-       |  48:-       |  48:-       |  48:-       |  44:addq    r3=4160  
  493:   48:addq    |  48:-       |  48:-       |  48:-       |  48:-       
  494:   52:-       |  48:addq    |  48:-       |  48:-       |  48:-       
  495:   52:-       |  52:-       |  48:addq    |  48:-       |  48:-       
  496:   52:-       |  52:-       |  52:-       |  48:addq    |  48:-       
  497:   52:-       |  52:-       |  52:-       |  52:-       |  48:addq    r2=8  
  498:   52:cmple   |  52:-       |  52:-       |  52:-       |  52:-       
  499:   56:-       |  52:cmple   |  52:-       |  52:-       |  52:-       
  500:   56:-       |  56:-       |  52:cmple   |  52:-       |  52:-       
  501:   56:-       |  56:-       |  56:-       |  52:cmple   |  52:-       
  502:   56:-       |  56:-       |  56:-       |  56:-       |  52:cmple   r1=1  
  503:   56:bne     |  56:-       |  56:-       |  56:-       |  56:-       
  504:   60:-       |  56:bne     |  56:-       |  56:-       |  56:-       
  505:   60:-       |  60:-       |  56:bne     |  56:-       |  56:-       BUS_LOAD  MEM[56] accepted 1
  506:   60:-       |  60:-       |  60:-       |  56:bne     |  56:-       
  507:   12:-       |  60:-       |  60:-       |  60:-       |  56:bne     
  508:   12:addq    |  12:-       |  60:-       |  60:-       |  60:-       
  509:   16:-       |  12:addq    |  12:-       |  60:-       |  60:-       
  510:   16:-       |  16:-       |  12:addq    |  12:-       |  60:-       
  511:   16:-       |  16:-       |  16:-       |  12:addq    |  12:-       
  512:   16:-       |  16:-       |  16:-       |  16:-       |  12:addq    r5=16  
  513:   16:addq    |  16:-       |  16:-       |  16:-       |  16:-       
  514:   20:-       |  16:addq    |  16:-       |  16:-       |  16:-       
  515:   20:-       |  20:-       |  16:addq    |  16:-       |  16:-       
  516:   20:-       |  20:-       |  20:-       |  16:addq    |  16:-       
  517:   20:-       |  20:-       |  20:-       |  20:-       |  16:addq    r8=16  
  518:   20:addq    |  20:-       |  20:-       |  20:-       |  20:-       
  519:   24:-       |  20:addq    |  20:-       |  20:-       |  20:-       
  520:   24:-       |  24:-       |  20:addq    |  20:-       |  20:-       
  521:   24:-       |  24:-       |  24:-       |  20:addq    |  20:-       
  522:   24:-       |  24:-       |  24:-       |  24:-       |  20:addq    r7=16  
  523:   24:addq    |  24:-       |  24:-       |  24:-       |  24:-       
  524:   28:-       |  24:addq    |  24:-       |  24:-       |  24:-       
  525:   28:-       |  28:-       |  24:addq    |  24:-       |  24:-       
  526:   28:-       |  28:-       |  28:-       |  24:addq    |  24:-       
  527:   28:-       |  28:-       |  28:-       |  28:-       |  24:addq    r4=16  
  528:   28:addq    |  28:-       |  28:-       |  28:-       |  28:-       
  529:   32:-       |  28:addq    |  28:-       |  28:-       |  28:-       
  530:   32:-       |  32:-       |  28:addq    |  28:-       |  28:-       
  531:   32:-       |  32:-       |  32:-       |  28:addq    |  28:-       
  532:   32:-       |  32:-       |  32:-       |  32:-       |  28:addq    r6=32  
  533:   32:addq    |  32:-       |  32:-       |  32:-       |  32:-       
  534:   36:-       |  32:addq    |  32:-       |  32:-       |  32:-       
  535:   36:-       |  36:-       |  32:addq    |  32:-       |  32:-       
  536:   36:-       |  36:-       |  36:-       |  32:addq    |  32:-       
  537:   36:-       |  36:-       |  36:-       |  36:-       |  32:addq    r9=32  
  538:   36:addq    |  36:-       |  36:-       |  36:-       |  36:-       
  539:   40:-       |  36:addq    |  36:-       |  36:-       |  36:-       
  540:   40:-       |  40:-       |  36:addq    |  36:-       |  36:-       
  541:   40:-       |  40:-       |  40:-       |  36:addq    |  36:-       
  542:   40:-       |  40:-       |  40:-       |  40:-       |  36:addq    r10=64  
  543:   40:stq     |  40:-       |  40:-       |  40:-       |  40:-       
  544:   44:-       |  40:stq     |  40:-       |  40:-       |  40:-       
  545:   44:-       |  44:-       |  40:stq     |  40:-       |  40:-       
  546:   44:-       |  44:-       |  44:-       |  40:stq     |  40:-       BUS_STORE MEM[4160] = 64 accepted 1
  547:   44:-       |  44:-       |  44:-       |  44:-       |  40:stq     
  548:   44:addq    |  44:-       |  44:-       |  44:-       |  44:-       
  549:   48:-       |  44:addq    |  44:-       |  44:-       |  44:-       
  550:   48:-       |  48:-       |  44:addq    |  44:-       |  44:-       
  551:   48:-       |  48:-       |  48:-       |  44:addq    |  44:-       
  552:   48:-       |  48:-       |  48:-       |  48:-       |  44:addq    r3=4168  
  553:   48:addq    |  48:-       |  48:-       |  48:-       |  48:-       
  554:   52:-       |  48:addq    |  48:-       |  48:-       |  48:-       
  555:   52:-       |  52:-       |  48:addq    |  48:-       |  48:-       
  556:   52:-       |  52:-       |  52:-       |  48:addq    |  48:-       
  557:   52:-       |  52:-       |  52:-       |  52:-       |  48:addq    r2=9  
  558:   52:cmple   |  52:-       |  52:-       |  52:-       |  52:-       
  559:   56:-       |  52:cmple   |  52:-       |  52:-       |  52:-       
  560:   56:-       |  56:-       |  52:cmple   |  52:-       |  52:-       
  561:   56:-       |  56:-       |  56:-       |  52:cmple   |  52:-       
  562:   56:-       |  56:-       |  56:-       |  56:-       |  52:cmple   r1=1  
  563:   56:bne     |  56:-       |  56:-       |  56:-       |  56:-       
  564:   60:-       |  56:bne     |  56:-       |  56:-       |  56:-       
  565:   60:-       |  60:-       |  56:bne     |  56:-       |  56:-       BUS_LOAD  MEM[56] accepted 1
  566:   60:-       |  60:-       |  60:-       |  56:bne     |  56:-       
  567:   12:-       |  60:-       |  60:-       |  60:-       |  56:bne     
  568:   12:addq    |  12:-       |  60:-       |  60:-       |  60:-       
  569:   16:-       |  12:addq    |  12:-       |  60:-       |  60:-       
  570:   16:-       |  16:-       |  12:addq    |  12:-       |  60:-       
  571:   16:-       |  16:-       |  16:-       |  12:addq    |  12:-       
  572:   16:-       |  16:-       |  16:-       |  16:-       |  12:addq    r5=18  
  573:   16:addq    |  16:-       |  16:-       |  16:-       |  16:-       
  574:   20:-       |  16:addq    |  16:-       |  16:-       |  16:-       
  575:   20:-       |  20:-       |  16:addq    |  16:-       |  16:-       
  576:   20:-       |  20:-       |  20:-       |  16:addq    |  16:-       
  577:   20:-       |  20:-       |  20:-       |  20:-       |  16:addq    r8=18  
  578:   20:addq    |  20:-       |  20:-       |  20:-       |  20:-       
  579:   24:-       |  20:addq    |  20:-       |  20:-       |  20:-       
  580:   24:-       |  24:-       |  20:addq    |  20:-       |  20:-       
  581:   24:-       |  24:-       |  24:-       |  20:addq    |  20:-       
  582:   24:-       |  24:-       |  24:-       |  24:-       |  20:addq    r7=18  
  583:   24:addq    |  24:-       |  24:-       |  24:-       |  24:-       
  584:   28:-       |  24:addq    |  24:-       |  24:-       |  24:-       
  585:   28:-       |  28:-       |  24:addq    |  24:-       |  24:-       
  586:   28:-       |  28:-       |  28:-       |  24:addq    |  24:-       
  587:   28:-       |  28:-       |  28:-       |  28:-       |  24:addq    r4=18  
  588:   28:addq    |  28:-       |  28:-       |  28:-       |  28:-       
  589:   32:-       |  28:addq    |  28:-       |  28:-       |  28:-       
  590:   32:-       |  32:-       |  28:addq    |  28:-       |  28:-       
  591:   32:-       |  32:-       |  32:-       |  28:addq    |  28:-       
  592:   32:-       |  32:-       |  32:-       |  32:-       |  28:addq    r6=36  
  593:   32:addq    |  32:-       |  32:-       |  32:-       |  32:-       
  594:   36:-       |  32:addq    |  32:-       |  32:-       |  32:-       
  595:   36:-       |  36:-       |  32:addq    |  32:-       |  32:-       
  596:   36:-       |  36:-       |  36:-       |  32:addq    |  32:-       
  597:   36:-       |  36:-       |  36:-       |  36:-       |  32:addq    r9=36  
  598:   36:addq    |  36:-       |  36:-       |  36:-       |  36:-       
  599:   40:-       |  36:addq    |  36:-       |  36:-       |  36:-       
  600:   40:-       |  40:-       |  36:addq    |  36:-       |  36:-       
  601:   40:-       |  40:-       |  40:-       |  36:addq    |  36:-       
  602:   40:-       |  40:-       |  40:-       |  40:-       |  36:addq    r10=72  
  603:   40:stq     |  40:-       |  40:-       |  40:-       |  40:-       
  604:   44:-       |  40:stq     |  40:-       |  40:-       |  40:-       
  605:   44:-       |  44:-       |  40:stq     |  40:-       |  40:-       
  606:   44:-       |  44:-       |  44:-       |  40:stq     |  40:-       BUS_STORE MEM[4168] = 72 accepted 1
  607:   44:-       |  44:-       |  44:-       |  44:-       |  40:stq     
  608:   44:addq    |  44:-       |  44:-       |  44:-       |  44:-       
  609:   48:-       |  44:addq    |  44:-       |  44:-       |  44:-       
  610:   48:-       |  48:-       |  44:addq    |  44:-       |  44:-       
  611:   48:-       |  48:-       |  48:-       |  44:addq    |  44:-       
  612:   48:-       |  48:-       |  48:-       |  48:-       |  44:addq    r3=4176  
  613:   48:addq    |  48:-       |  48:-       |  48:-       |  48:-       
  614:   52:-       |  48:addq    |  48:-       |  48:-       |  48:-       
  615:   52:-       |  52:-       |  48:addq    |  48:-       |  48:-       
  616:   52:-       |  52:-       |  52:-       |  48:addq    |  48:-       
  617:   52:-       |  52:-       |  52:-       |  52:-       |  48:addq    r2=10  
  618:   52:cmple   |  52:-       |  52:-       |  52:-       |  52:-       
  619:   56:-       |  52:cmple   |  52:-       |  52:-       |  52:-       
  620:   56:-       |  56:-       |  52:cmple   |  52:-       |  52:-       
  621:   56:-       |  56:-       |  56:-       |  52:cmple   |  52:-       
  622:   56:-       |  56:-       |  56:-       |  56:-       |  52:cmple   r1=1  
  623:   56:bne     |  56:-       |  56:-       |  56:-       |  56:-       
  624:   60:-       |  56:bne     |  56:-       |  56:-       |  56:-       
  625:   60:-       |  60:-       |  56:bne     |  56:-       |  56:-       BUS_LOAD  MEM[56] accepted 1
  626:   60:-       |  60:-       |  60:-       |  56:bne     |  56:-       
  627:   12:-       |  60:-       |  60:-       |  60:-       |  56:bne     
  628:   12:addq    |  12:-       |  60:-       |  60:-       |  60:-       
  629:   16:-       |  12:addq    |  12:-       |  60:-       |  60:-       
  630:   16:-       |  16:-       |  12:addq    |  12:-       |  60:-       
  631:   16:-       |  16:-       |  16:-       |  12:addq    |  12:-       
  632:   16:-       |  16:-       |  16:-       |  16:-       |  12:addq    r5=20  
  633:   16:addq    |  16:-       |  16:-       |  16:-       |  16:-       
  634:   20:-       |  16:addq    |  16:-       |  16:-       |  16:-       
  635:   20:-       |  20:-       |  16:addq    |  16:-       |  16:-       
  636:   20:-       |  20:-       |  20:-       |  16:addq    |  16:-       
  637:   20:-       |  20:-       |  20:-       |  20:-       |  16:addq    r8=20  
  638:   20:addq    |  20:-       |  20:-       |  20:-       |  20:-       
  639:   24:-       |  20:addq    |  20:-       |  20:-       |  20:-       
  640:   24:-       |  24:-       |  20:addq    |  20:-       |  20:-       
  641:   24:-       |  24:-       |  24:-       |  20:addq    |  20:-       
  642:   24:-       |  24:-       |  24:-       |  24:-       |  20:addq    r7=20  
  643:   24:addq    |  24:-       |  24:-       |  24:-       |  24:-       
  644:   28:-       |  24:addq    |  24:-       |  24:-       |  24:-       
  645:   28:-       |  28:-       |  24:addq    |  24:-       |  24:-       
  646:   28:-       |  28:-       |  28:-       |  24:addq    |  24:-       
  647:   28:-       |  28:-       |  28:-       |  28:-       |  24:addq    r4=20  
  648:   28:addq    |  28:-       |  28:-       |  28:-       |  28:-       
  649:   32:-       |  28:addq    |  28:-       |  28:-       |  28:-       
  650:   32:-       |  32:-       |  28:addq    |  28:-       |  28:-       
  651:   32:-       |  32:-       |  32:-       |  28:addq    |  28:-       
  652:   32:-       |  32:-       |  32:-       |  32:-       |  28:addq    r6=40  
  653:   32:addq    |  32:-       |  32:-       |  32:-       |  32:-       
  654:   36:-       |  32:addq    |  32:-       |  32:-       |  32:-       
  655:   36:-       |  36:-       |  32:addq    |  32:-       |  32:-       
  656:   36:-       |  36:-       |  36:-       |  32:addq    |  32:-       
  657:   36:-       |  36:-       |  36:-       |  36:-       |  32:addq    r9=40  
  658:   36:addq    |  36:-       |  36:-       |  36:-       |  36:-       
  659:   40:-       |  36:addq    |  36:-       |  36:-       |  36:-       
  660:   40:-       |  40:-       |  36:addq    |  36:-       |  36:-       
  661:   40:-       |  40:-       |  40:-       |  36:addq    |  36:-       
  662:   40:-       |  40:-       |  40:-       |  40:-       |  36:addq    r10=80  
  663:   40:stq     |  40:-       |  40:-       |  40:-       |  40:-       
  664:   44:-       |  40:stq     |  40:-       |  40:-       |  40:-       
  665:   44:-       |  44:-       |  40:stq     |  40:-       |  40:-       
  666:   44:-       |  44:-       |  44:-       |  40:stq     |  40:-       BUS_STORE MEM[4176] = 80 accepted 1
  667:   44:-       |  44:-       |  44:-       |  44:-       |  40:stq     
  668:   44:addq    |  44:-       |  44:-       |  44:-       |  44:-       
  669:   48:-       |  44:addq    |  44:-       |  44:-       |  44:-       
  670:   48:-       |  48:-       |  44:addq    |  44:-       |  44:-       
  671:   48:-       |  48:-       |  48:-       |  44:addq    |  44:-       
  672:   48:-       |  48:-       |  48:-       |  48:-       |  44:addq    r3=4184  
  673:   48:addq    |  48:-       |  48:-       |  48:-       |  48:-       
  674:   52:-       |  48:addq    |  48:-       |  48:-       |  48:-       
  675:   52:-       |  52:-       |  48:addq    |  48:-       |  48:-       
  676:   52:-       |  52:-       |  52:-       |  48:addq    |  48:-       
  677:   52:-       |  52:-       |  52:-       |  52:-       |  48:addq    r2=11  
  678:   52:cmple   |  52:-       |  52:-       |  52:-       |  52:-       
  679:   56:-       |  52:cmple   |  52:-       |  52:-       |  52:-       
  680:   56:-       |  56:-       |  52:cmple   |  52:-       |  52:-       
  681:   56:-       |  56:-       |  56:-       |  52:cmple   |  52:-       
  682:   56:-       |  56:-       |  56:-       |  56:-       |  52:cmple   r1=1  
  683:   56:bne     |  56:-       |  56:-       |  56:-       |  56:-       
  684:   60:-       |  56:bne     |  56:-       |  56:-       |  56:-       
  685:   60:-       |  60:-       |  56:bne     |  56:-       |  56:-       BUS_LOAD  MEM[56] accepted 1
  686:   60:-       |  60:-       |  60:-       |  56:bne     |  56:-       
  687:   12:-       |  60:-       |  60:-       |  60:-       |  56:bne     
  688:   12:addq    |  12:-       |  60:-       |  60:-       |  60:-       
  689:   16:-       |  12:addq    |  12:-       |  60:-       |  60:-       
  690:   16:-       |  16:-       |  12:addq    |  12:-       |  60:-       
  691:   16:-       |  16:-       |  16:-       |  12:addq    |  12:-       
  692:   16:-       |  16:-       |  16:-       |  16:-       |  12:addq    r5=22  
  693:   16:addq    |  16:-       |  16:-       |  16:-       |  16:-       
  694:   20:-       |  16:addq    |  16:-       |  16:-       |  16:-       
  695:   20:-       |  20:-       |  16:addq    |  16:-       |  16:-       
  696:   20:-       |  20:-       |  20:-       |  16:addq    |  16:-       
  697:   20:-       |  20:-       |  20:-       |  20:-       |  16:addq    r8=22  
  698:   20:addq    |  20:-       |  20:-       |  20:-       |  20:-       
  699:   24:-       |  20:addq    |  20:-       |  20:-       |  20:-       
  700:   24:-       |  24:-       |  20:addq    |  20:-       |  20:-       
  701:   24:-       |  24:-       |  24:-       |  20:addq    |  20:-       
  702:   24:-       |  24:-       |  24:-       |  24:-       |  20:addq    r7=22  
  703:   24:addq    |  24:-       |  24:-       |  24:-       |  24:-       
  704:   28:-       |  24:addq    |  24:-       |  24:-       |  24:-       
  705:   28:-       |  28:-       |  24:addq    |  24:-       |  24:-       
  706:   28:-       |  28:-       |  28:-       |  24:addq    |  24:-       
  707:   28:-       |  28:-       |  28:-       |  28:-       |  24:addq    r4=22  
  708:   28:addq    |  28:-       |  28:-       |  28:-       |  28:-       
  709:   32:-       |  28:addq    |  28:-       |  28:-       |  28:-       
  710:   32:-       |  32:-       |  28:addq    |  28:-       |  28:-       
  711:   32:-       |  32:-       |  32:-       |  28:addq    |  28:-       
  712:   32:-       |  32:-       |  32:-       |  32:-       |  28:addq    r6=44  
  713:   32:addq    |  32:-       |  32:-       |  32:-       |  32:-       
  714:   36:-       |  32:addq    |  32:-       |  32:-       |  32:-       
  715:   36:-       |  36:-       |  32:addq    |  32:-       |  32:-       
  716:   36:-       |  36:-       |  36:-       |  32:addq    |  32:-       
  717:   36:-       |  36:-       |  36:-       |  36:-       |  32:addq    r9=44  
  718:   36:addq    |  36:-       |  36:-       |  36:-       |  36:-       
  719:   40:-       |  36:addq    |  36:-       |  36:-       |  36:-       
  720:   40:-       |  40:-       |  36:addq    |  36:-       |  36:-       
  721:   40:-       |  40:-       |  40:-       |  36:addq    |  36:-       
  722:   40:-       |  40:-       |  40:-       |  40:-       |  36:addq    r10=88  
  723:   40:stq     |  40:-       |  40:-       |  40:-       |  40:-       
  724:   44:-       |  40:stq     |  40:-       |  40:-       |  40:-       
  725:   44:-       |  44:-       |  40:stq     |  40:-       |  40:-       
  726:   44:-       |  44:-       |  44:-       |  40:stq     |  40:-       BUS_STORE MEM[4184] = 88 accepted 1
  727:   44:-       |  44:-       |  44:-       |  44:-       |  40:stq     
  728:   44:addq    |  44:-       |  44:-       |  44:-       |  44:-       
  729:   48:-       |  44:addq    |  44:-       |  44:-       |  44:-       
  730:   48:-       |  48:-       |  44:addq    |  44:-       |  44:-       
  731:   48:-       |  48:-       |  48:-       |  44:addq    |  44:-       
  732:   48:-       |  48:-       |  48:-       |  48:-       |  44:addq    r3=4192  
  733:   48:addq    |  48:-       |  48:-       |  48:-       |  48:-       
  734:   52:-       |  48:addq    |  48:-       |  48:-       |  48:-       
  735:   52:-       |  52:-       |  48:addq    |  48:-       |  48:-       
  736:   52:-       |  52:-       |  52:-       |  48:addq    |  48:-       
  737:   52:-       |  52:-       |  52:-       |  52:-       |  48:addq    r2=12  
  738:   52:cmple   |  52:-       |  52:-       |  52:-       |  52:-       
  739:   56:-       |  52:cmple   |  52:-       |  52:-       |  52:-       
  740:   56:-       |  56:-       |  52:cmple   |  52:-       |  52:-       
  741:   56:-       |  56:-       |  56:-       |  52:cmple   |  52:-       
  742:   56:-       |  56:-       |  56:-       |  56:-       |  52:cmple   r1=1  
  743:   56:bne     |  56:-       |  56:-       |  56:-       |  56:-       
  744:   60:-       |  56:bne     |  56:-       |  56:-       |  56:-       
  745:   60:-       |  60:-       |  56:bne     |  56:-       |  56:-       BUS_LOAD  MEM[56] accepted 1
  746:   60:-       |  60:-       |  60:-       |  56:bne     |  56:-       
  747:   12:-       |  60:-       |  60:-       |  60:-       |  56:bne     
  748:   12:addq    |  12:-       |  60:-       |  60:-       |  60:-       
  749:   16:-       |  12:addq    |  12:-       |  60:-       |  60:-       
  750:   16:-       |  16:-       |  12:addq    |  12:-       |  60:-       
  751:   16:-       |  16:-       |  16:-       |  12:addq    |  12:-       
  752:   16:-       |  16:-       |  16:-       |  16:-       |  12:addq    r5=24  
  753:   16:addq    |  16:-       |  16:-       |  16:-       |  16:-       
  754:   20:-       |  16:addq    |  16:-       |  16:-       |  16:-       
  755:   20:-       |  20:-       |  16:addq    |  16:-       |  16:-       
  756:   20:-       |  20:-       |  20:-       |  16:addq    |  16:-       
  757:   20:-       |  20:-       |  20:-       |  20:-       |  16:addq    r8=24  
  758:   20:addq    |  20:-       |  20:-       |  20:-       |  20:-       
  759:   24:-       |  20:addq    |  20:-       |  20:-       |  20:-       
  760:   24:-       |  24:-       |  20:addq    |  20:-       |  20:-       
  761:   24:-       |  24:-       |  24:-       |  20:addq    |  20:-       
  762:   24:-       |  24:-       |  24:-       |  24:-       |  20:addq    r7=24  
  763:   24:addq    |  24:-       |  24:-       |  24:-       |  24:-       
  764:   28:-       |  24:addq    |  24:-       |  24:-       |  24:-       
  765:   28:-       |  28:-       |  24:addq    |  24:-       |  24:-       
  766:   28:-       |  28:-       |  28:-       |  24:addq    |  24:-       
  767:   28:-       |  28:-       |  28:-       |  28:-       |  24:addq    r4=24  
  768:   28:addq    |  28:-       |  28:-       |  28:-       |  28:-       
  769:   32:-       |  28:addq    |  28:-       |  28:-       |  28:-       
  770:   32:-       |  32:-       |  28:addq    |  28:-       |  28:-       
  771:   32:-       |  32:-       |  32:-       |  28:addq    |  28:-       
  772:   32:-       |  32:-       |  32:-       |  32:-       |  28:addq    r6=48  
  773:   32:addq    |  32:-       |  32:-       |  32:-       |  32:-       
  774:   36:-       |  32:addq    |  32:-       |  32:-       |  32:-       
  775:   36:-       |  36:-       |  32:addq    |  32:-       |  32:-       
  776:   36:-       |  36:-       |  36:-       |  32:addq    |  32:-       
  777:   36:-       |  36:-       |  36:-       |  36:-       |  32:addq    r9=48  
  778:   36:addq    |  36:-       |  36:-       |  36:-       |  36:-       
  779:   40:-       |  36:addq    |  36:-       |  36:-       |  36:-       
  780:   40:-       |  40:-       |  36:addq    |  36:-       |  36:-       
  781:   40:-       |  40:-       |  40:-       |  36:addq    |  36:-       
  782:   40:-       |  40:-       |  40:-       |  40:-       |  36:addq    r10=96  
  783:   40:stq     |  40:-       |  40:-       |  40:-       |  40:-       
  784:   44:-       |  40:stq     |  40:-       |  40:-       |  40:-       
  785:   44:-       |  44:-       |  40:stq     |  40:-       |  40:-       
  786:   44:-       |  44:-       |  44:-       |  40:stq     |  40:-       BUS_STORE MEM[4192] = 96 accepted 1
  787:   44:-       |  44:-       |  44:-       |  44:-       |  40:stq     
  788:   44:addq    |  44:-       |  44:-       |  44:-       |  44:-       
  789:   48:-       |  44:addq    |  44:-       |  44:-       |  44:-       
  790:   48:-       |  48:-       |  44:addq    |  44:-       |  44:-       
  791:   48:-       |  48:-       |  48:-       |  44:addq    |  44:-       
  792:   48:-       |  48:-       |  48:-       |  48:-       |  44:addq    r3=4200  
  793:   48:addq    |  48:-       |  48:-       |  48:-       |  48:-       
  794:   52:-       |  48:addq    |  48:-       |  48:-       |  48:-       
  795:   52:-       |  52:-       |  48:addq    |  48:-       |  48:-       
  796:   52:-       |  52:-       |  52:-       |  48:addq    |  48:-       
  797:   52:-       |  52:-       |  52:-       |  52:-       |  48:addq    r2=13  
  798:   52:cmple   |  52:-       |  52:-       |  52:-       |  52:-       
  799:   56:-       |  52:cmple   |  52:-       |  52:-       |  52:-       
  800:   56:-       |  56:-       |  52:cmple   |  52:-       |  52:-       
  801:   56:-       |  56:-       |  56:-       |  52:cmple   |  52:-       
  802:   56:-       |  56:-       |  56:-       |  56:-       |  52:cmple   r1=1  
  803:   56:bne     |  56:-       |  56:-       |  56:-       |  56:-       
  804:   60:-       |  56:bne     |  56:-       |  56:-       |  56:-       
  805:   60:-       |  60:-       |  56:bne     |  56:-       |  56:-       BUS_LOAD  MEM[56] accepted 1
  806:   60:-       |  60:-       |  60:-       |  56:bne     |  56:-       
  807:   12:-       |  60:-       |  60:-       |  60:-       |  56:bne     
  808:   12:addq    |  12:-       |  60:-       |  60:-       |  60:-       
  809:   16:-       |  12:addq    |  12:-       |  60:-       |  60:-       
  810:   16:-       |  16:-       |  12:addq    |  12:-       |  60:-       
  811:   16:-       |  16:-       |  16:-       |  12:addq    |  12:-       
  812:   16:-       |  16:-       |  16:-       |  16:-       |  12:addq    r5=26  
  813:   16:addq    |  16:-       |  16:-       |  16:-       |  16:-       
  814:   20:-       |  16:addq    |  16:-       |  16:-       |  16:-       
  815:   20:-       |  20:-       |  16:addq    |  16:-       |  16:-       
  816:   20:-       |  20:-       |  20:-       |  16:addq    |  16:-       
  817:   20:-       |  20:-       |  20:-       |  20:-       |  16:addq    r8=26  
  818:   20:addq    |  20:-       |  20:-       |  20:-       |  20:-       
  819:   24:-       |  20:addq    |  20:-       |  20:-       |  20:-       
  820:   24:-       |  24:-       |  20:addq    |  20:-       |  20:-       
  821:   24:-       |  24:-       |  24:-       |  20:addq    |  20:-       
  822:   24:-       |  24:-       |  24:-       |  24:-       |  20:addq    r7=26  
  823:   24:addq    |  24:-       |  24:-       |  24:-       |  24:-       
  824:   28:-       |  24:addq    |  24:-       |  24:-       |  24:-       
  825:   28:-       |  28:-       |  24:addq    |  24:-       |  24:-       
  826:   28:-       |  28:-       |  28:-       |  24:addq    |  24:-       
  827:   28:-       |  28:-       |  28:-       |  28:-       |  24:addq    r4=26  
  828:   28:addq    |  28:-       |  28:-       |  28:-       |  28:-       
  829:   32:-       |  28:addq    |  28:-       |  28:-       |  28:-       
  830:   32:-       |  32:-       |  28:addq    |  28:-       |  28:-       
  831:   32:-       |  32:-       |  32:-       |  28:addq    |  28:-       
  832:   32:-       |  32:-       |  32:-       |  32:-       |  28:addq    r6=52  
  833:   32:addq    |  32:-       |  32:-       |  32:-       |  32:-       
  834:   36:-       |  32:addq    |  32:-       |  32:-       |  32:-       
  835:   36:-       |  36:-       |  32:addq    |  32:-       |  32:-       
  836:   36:-       |  36:-       |  36:-       |  32:addq    |  32:-       
  837:   36:-       |  36:-       |  36:-       |  36:-       |  32:addq    r9=52  
  838:   36:addq    |  36:-       |  36:-       |  36:-       |  36:-       
  839:   40:-       |  36:addq    |  36:-       |  36:-       |  36:-       
  840:   40:-       |  40:-       |  36:addq    |  36:-       |  36:-       
  841:   40:-       |  40:-       |  40:-       |  36:addq    |  36:-       
  842:   40:-       |  40:-       |  40:-       |  40:-       |  36:addq    r10=104  
  843:   40:stq     |  40:-       |  40:-       |  40:-       |  40:-       
  844:   44:-       |  40:stq     |  40:-       |  40:-       |  40:-       
  845:   44:-       |  44:-       |  40:stq     |  40:-       |  40:-       
  846:   44:-       |  44:-       |  44:-       |  40:stq     |  40:-       BUS_STORE MEM[4200] = 104 accepted 1
  847:   44:-       |  44:-       |  44:-       |  44:-       |  40:stq     
  848:   44:addq    |  44:-       |  44:-       |  44:-       |  44:-       
  849:   48:-       |  44:addq    |  44:-       |  44:-       |  44:-       
  850:   48:-       |  48:-       |  44:addq    |  44:-       |  44:-       
  851:   48:-       |  48:-       |  48:-       |  44:addq    |  44:-       
  852:   48:-       |  48:-       |  48:-       |  48:-       |  44:addq    r3=4208  
  853:   48:addq    |  48:-       |  48:-       |  48:-       |  48:-       
  854:   52:-       |  48:addq    |  48:-       |  48:-       |  48:-       
  855:   52:-       |  52:-       |  48:addq    |  48:-       |  48:-       
  856:   52:-       |  52:-       |  52:-       |  48:addq    |  48:-       
  857:   52:-       |  52:-       |  52:-       |  52:-       |  48:addq    r2=14  
  858:   52:cmple   |  52:-       |  52:-       |  52:-       |  52:-       
  859:   56:-       |  52:cmple   |  52:-       |  52:-       |  52:-       
  860:   56:-       |  56:-       |  52:cmple   |  52:-       |  52:-       
  861:   56:-       |  56:-       |  56:-       |  52:cmple   |  52:-       
  862:   56:-       |  56:-       |  56:-       |  56:-       |  52:cmple   r1=1  
  863:   56:bne     |  56:-       |  56:-       |  56:-       |  56:-       
  864:   60:-       |  56:bne     |  56:-       |  56:-       |  56:-       
  865:   60:-       |  60:-       |  56:bne     |  56:-       |  56:-       BUS_LOAD  MEM[56] accepted 1
  866:   60:-       |  60:-       |  60:-       |  56:bne     |  56:-       
  867:   12:-       |  60:-       |  60:-       |  60:-       |  56:bne     
  868:   12:addq    |  12:-       |  60:-       |  60:-       |  60:-       
  869:   16:-       |  12:addq    |  12:-       |  60:-       |  60:-       
  870:   16:-       |  16:-       |  12:addq    |  12:-       |  60:-       
  871:   16:-       |  16:-       |  16:-       |  12:addq    |  12:-       
  872:   16:-       |  16:-       |  16:-       |  16:-       |  12:addq    r5=28  
  873:   16:addq    |  16:-       |  16:-       |  16:-       |  16:-       
  874:   20:-       |  16:addq    |  16:-       |  16:-       |  16:-       
  875:   20:-       |  20:-       |  16:addq    |  16:-       |  16:-       
  876:   20:-       |  20:-       |  20:-       |  16:addq    |  16:-       
  877:   20:-       |  20:-       |  20:-       |  20:-       |  16:addq    r8=28  
  878:   20:addq    |  20:-       |  20:-       |  20:-       |  20:-       
  879:   24:-       |  20:addq    |  20:-       |  20:-       |  20:-       
  880:   24:-       |  24:-       |  20:addq    |  20:-       |  20:-       
  881:   24:-       |  24:-       |  24:-       |  20:addq    |  20:-       
  882:   24:-       |  24:-       |  24:-       |  24:-       |  20:addq    r7=28  
  883:   24:addq    |  24:-       |  24:-       |  24:-       |  24:-       
  884:   28:-       |  24:addq    |  24:-       |  24:-       |  24:-       
  885:   28:-       |  28:-       |  24:addq    |  24:-       |  24:-       
  886:   28:-       |  28:-       |  28:-       |  24:addq    |  24:-       
  887:   28:-       |  28:-       |  28:-       |  28:-       |  24:addq    r4=28  
  888:   28:addq    |  28:-       |  28:-       |  28:-       |  28:-       
  889:   32:-       |  28:addq    |  28:-       |  28:-       |  28:-       
  890:   32:-       |  32:-       |  28:addq    |  28:-       |  28:-       
  891:   32:-       |  32:-       |  32:-       |  28:addq    |  28:-       
  892:   32:-       |  32:-       |  32:-       |  32:-       |  28:addq    r6=56  
  893:   32:addq    |  32:-       |  32:-       |  32:-       |  32:-       
  894:   36:-       |  32:addq    |  32:-       |  32:-       |  32:-       
  895:   36:-       |  36:-       |  32:addq    |  32:-       |  32:-       
  896:   36:-       |  36:-       |  36:-       |  32:addq    |  32:-       
  897:   36:-       |  36:-       |  36:-       |  36:-       |  32:addq    r9=56  
  898:   36:addq    |  36:-       |  36:-       |  36:-       |  36:-       
  899:   40:-       |  36:addq    |  36:-       |  36:-       |  36:-       
  900:   40:-       |  40:-       |  36:addq    |  36:-       |  36:-       
  901:   40:-       |  40:-       |  40:-       |  36:addq    |  36:-       
  902:   40:-       |  40:-       |  40:-       |  40:-       |  36:addq    r10=112  
  903:   40:stq     |  40:-       |  40:-       |  40:-       |  40:-       
  904:   44:-       |  40:stq     |  40:-       |  40:-       |  40:-       
  905:   44:-       |  44:-       |  40:stq     |  40:-       |  40:-       
  906:   44:-       |  44:-       |  44:-       |  40:stq     |  40:-       BUS_STORE MEM[4208] = 112 accepted 1
  907:   44:-       |  44:-       |  44:-       |  44:-       |  40:stq     
  908:   44:addq    |  44:-       |  44:-       |  44:-       |  44:-       
  909:   48:-       |  44:addq    |  44:-       |  44:-       |  44:-       
  910:   48:-       |  48:-       |  44:addq    |  44:-       |  44:-       
  911:   48:-       |  48:-       |  48:-       |  44:addq    |  44:-       
  912:   48:-       |  48:-       |  48:-       |  48:-       |  44:addq    r3=4216  
  913:   48:addq    |  48:-       |  48:-       |  48:-       |  48:-       
  914:   52:-       |  48:addq    |  48:-       |  48:-       |  48:-       
  915:   52:-       |  52:-       |  48:addq    |  48:-       |  48:-       
  916:   52:-       |  52:-       |  52:-       |  48:addq    |  48:-       
  917:   52:-       |  52:-       |  52:-       |  52:-       |  48:addq    r2=15  
  918:   52:cmple   |  52:-       |  52:-       |  52:-       |  52:-       
  919:   56:-       |  52:cmple   |  52:-       |  52:-       |  52:-       
  920:   56:-       |  56:-       |  52:cmple   |  52:-       |  52:-       
  921:   56:-       |  56:-       |  56:-       |  52:cmple   |  52:-       
  922:   56:-       |  56:-       |  56:-       |  56:-       |  52:cmple   r1=1  
  923:   56:bne     |  56:-       |  56:-       |  56:-       |  56:-       
  924:   60:-       |  56:bne     |  56:-       |  56:-       |  56:-       
  925:   60:-       |  60:-       |  56:bne     |  56:-       |  56:-       BUS_LOAD  MEM[56] accepted 1
  926:   60:-       |  60:-       |  60:-       |  56:bne     |  56:-       
  927:   12:-       |  60:-       |  60:-       |  60:-       |  56:bne     
  928:   12:addq    |  12:-       |  60:-       |  60:-       |  60:-       
  929:   16:-       |  12:addq    |  12:-       |  60:-       |  60:-       
  930:   16:-       |  16:-       |  12:addq    |  12:-       |  60:-       
  931:   16:-       |  16:-       |  16:-       |  12:addq    |  12:-       
  932:   16:-       |  16:-       |  16:-       |  16:-       |  12:addq    r5=30  
  933:   16:addq    |  16:-       |  16:-       |  16:-       |  16:-       
  934:   20:-       |  16:addq    |  16:-       |  16:-       |  16:-       
  935:   20:-       |  20:-       |  16:addq    |  16:-       |  16:-       
  936:   20:-       |  20:-       |  20:-       |  16:addq    |  16:-       
  937:   20:-       |  20:-       |  20:-       |  20:-       |  16:addq    r8=30  
  938:   20:addq    |  20:-       |  20:-       |  20:-       |  20:-       
  939:   24:-       |  20:addq    |  20:-       |  20:-       |  20:-       
  940:   24:-       |  24:-       |  20:addq    |  20:-       |  20:-       
  941:   24:-       |  24:-       |  24:-       |  20:addq    |  20:-       
  942:   24:-       |  24:-       |  24:-       |  24:-       |  20:addq    r7=30  
  943:   24:addq    |  24:-       |  24:-       |  24:-       |  24:-       
  944:   28:-       |  24:addq    |  24:-       |  24:-       |  24:-       
  945:   28:-       |  28:-       |  24:addq    |  24:-       |  24:-       
  946:   28:-       |  28:-       |  28:-       |  24:addq    |  24:-       
  947:   28:-       |  28:-       |  28:-       |  28:-       |  24:addq    r4=30  
  948:   28:addq    |  28:-       |  28:-       |  28:-       |  28:-       
  949:   32:-       |  28:addq    |  28:-       |  28:-       |  28:-       
  950:   32:-       |  32:-       |  28:addq    |  28:-       |  28:-       
  951:   32:-       |  32:-       |  32:-       |  28:addq    |  28:-       
  952:   32:-       |  32:-       |  32:-       |  32:-       |  28:addq    r6=60  
  953:   32:addq    |  32:-       |  32:-       |  32:-       |  32:-       
  954:   36:-       |  32:addq    |  32:-       |  32:-       |  32:-       
  955:   36:-       |  36:-       |  32:addq    |  32:-       |  32:-       
  956:   36:-       |  36:-       |  36:-       |  32:addq    |  32:-       
  957:   36:-       |  36:-       |  36:-       |  36:-       |  32:addq    r9=60  
  958:   36:addq    |  36:-       |  36:-       |  36:-       |  36:-       
  959:   40:-       |  36:addq    |  36:-       |  36:-       |  36:-       
  960:   40:-       |  40:-       |  36:addq    |  36:-       |  36:-       
  961:   40:-       |  40:-       |  40:-       |  36:addq    |  36:-       
  962:   40:-       |  40:-       |  40:-       |  40:-       |  36:addq    r10=120  
  963:   40:stq     |  40:-       |  40:-       |  40:-       |  40:-       
  964:   44:-       |  40:stq     |  40:-       |  40:-       |  40:-       
  965:   44:-       |  44:-       |  40:stq     |  40:-       |  40:-       
  966:   44:-       |  44:-       |  44:-       |  40:stq     |  40:-       BUS_STORE MEM[4216] = 120 accepted 1
  967:   44:-       |  44:-       |  44:-       |  44:-       |  40:stq     
  968:   44:addq    |  44:-       |  44:-       |  44:-       |  44:-       
  969:   48:-       |  44:addq    |  44:-       |  44:-       |  44:-       
  970:   48:-       |  48:-       |  44:addq    |  44:-       |  44:-       
  971:   48:-       |  48:-       |  48:-       |  44:addq    |  44:-       
  972:   48:-       |  48:-       |  48:-       |  48:-       |  44:addq    r3=4224  
  973:   48:addq    |  48:-       |  48:-       |  48:-       |  48:-       
  974:   52:-       |  48:addq    |  48:-       |  48:-       |  48:-       
  975:   52:-       |  52:-       |  48:addq    |  48:-       |  48:-       
  976:   52:-       |  52:-       |  52:-       |  48:addq    |  48:-       
  977:   52:-       |  52:-       |  52:-       |  52:-       |  48:addq    r2=16  
  978:   52:cmple   |  52:-       |  52:-       |  52:-       |  52:-       
  979:   56:-       |  52:cmple   |  52:-       |  52:-       |  52:-       
  980:   56:-       |  56:-       |  52:cmple   |  52:-       |  52:-       
  981:   56:-       |  56:-       |  56:-       |  52:cmple   |  52:-       
  982:   56:-       |  56:-       |  56:-       |  56:-       |  52:cmple   r1=0  
  983:   56:bne     |  56:-       |  56:-       |  56:-       |  56:-       
  984:   60:-       |  56:bne     |  56:-       |  56:-       |  56:-       
  985:   60:-       |  60:-       |  56:bne     |  56:-       |  56:-       BUS_LOAD  MEM[56] accepted 1
  986:   60:-       |  60:-       |  60:-       |  56:bne     |  56:-       
  987:   60:-       |  60:-       |  60:-       |  60:-       |  56:bne     
  988:   60:-       |  60:-       |  60:-       |  60:-       |  60:-       
  989:   60:-       |  60:-       |  60:-       |  60:-       |  60:-       
  990:   60:halt    |  60:-       |  60:-       |  60:-       |  60:-       
  991:   64:-       |  60:halt    |  60:-       |  60:-       |  60:-       
  992:   64:-       |  64:-       |  60:halt    |  60:-       |  60:-       
  993:   64:-       |  64:-       |  64:-       |  60:halt    |  60:-       
  994:   64:-       |  64:-       |  64:-       |  64:-       |  60:halt    
