                                                                            D-MEM Bus &
Cycle:      IF      |     ID      |     EX      |     MEM     |     WB      Reg Result
    0:    4:-       |   0:-       |   0:-       |   0:-       |   0:-       
    1:    4:-       |   4:-       |   0:-       |   0:-       |   0:-       BUS_LOAD  MEM[0] accepted 1
    2:    4:-       |   4:-       |   4:-       |   0:-       |   0:-       
    3:    4:-       |   4:-       |   4:-       |   4:-       |   0:-       
    4:    4:-       |   4:-       |   4:-       |   4:-       |   4:-       
    5:    4:-       |   4:-       |   4:-       |   4:-       |   4:-       
    6:    4:br      |   4:-       |   4:-       |   4:-       |   4:-       
    7:    8:-       |   4:br      |   4:-       |   4:-       |   4:-       
    8:    8:-       |   8:-       |   4:br      |   4:-       |   4:-       
    9:    8:-       |   8:-       |   8:-       |   4:br      |   4:-       
   10:  300:-       |   8:-       |   8:-       |   8:-       |   4:br      
   11:  300:-       | 300:-       |   8:-       |   8:-       |   8:-       BUS_LOAD  MEM[296] accepted 1
   12:  300:-       | 300:-       | 300:-       |   8:-       |   8:-       
   13:  300:-       | 300:-       | 300:-       | 300:-       |   8:-       
   14:  300:-       | 300:-       | 300:-       | 300:-       | 300:-       
   15:  300:-       | 300:-       | 300:-       | 300:-       | 300:-       
   16:  300:lda     | 300:-       | 300:-       | 300:-       | 300:-       
   17:  304:-       | 300:lda     | 300:-       | 300:-       | 300:-       
   18:  304:-       | 304:-       | 300:lda     | 300:-       | 300:-       
   19:  304:-       | 304:-       | 304:-       | 300:lda     | 300:-       
   20:  304:-       | 304:-       | 304:-       | 304:-       | 300:lda     r5=0  
   21:  304:lda     | 304:-       | 304:-       | 304:-       | 304:-       
   22:  308:-       | 304:lda     | 304:-       | 304:-       | 304:-       
   23:  308:-       | 308:-       | 304:lda     | 304:-       | 304:-       BUS_LOAD  MEM[304] accepted 1
   24:  308:-       | 308:-       | 308:-       | 304:lda     | 304:-       
   25:  308:-       | 308:-       | 308:-       | 308:-       | 304:lda     r6=9999  
   26:  308:-       | 308:-       | 308:-       | 308:-       | 308:-       
   27:  308:-       | 308:-       | 308:-       | 308:-       | 308:-       
   28:  308:lda     | 308:-       | 308:-       | 308:-       | 308:-       
   29:  312:-       | 308:lda     | 308:-       | 308:-       | 308:-       
   30:  312:-       | 312:-       | 308:lda     | 308:-       | 308:-       
   31:  312:-       | 312:-       | 312:-       | 308:lda     | 308:-       
   32:  312:-       | 312:-       | 312:-       | 312:-       | 308:lda     r0=8  
   33:  312:lda     | 312:-       | 312:-       | 312:-       | 312:-       
   34:  316:-       | 312:lda     | 312:-       | 312:-       | 312:-       
   35:  316:-       | 316:-       | 312:lda     | 312:-       | 312:-       BUS_LOAD  MEM[312] accepted 1
   36:  316:-       | 316:-       | 316:-       | 312:lda     | 312:-       
   37:  316:-       | 316:-       | 316:-       | 316:-       | 312:lda     r1=152  
   38:  316:-       | 316:-       | 316:-       | 316:-       | 316:-       
   39:  316:-       | 316:-       | 316:-       | 316:-       | 316:-       
   40:  316:ldq     | 316:-       | 316:-       | 316:-       | 316:-       
   41:  320:-       | 316:ldq     | 316:-       | 316:-       | 316:-       
   42:  320:-       | 320:-       | 316:ldq     | 316:-       | 316:-       
   43:  320:-       | 320:-       | 320:-       | 316:ldq     | 316:-       BUS_LOAD  MEM[8] accepted 1
   44:  320:-       | 320:-       | 320:-       | 316:ldq     | 316:-       
   45:  320:-       | 320:-       | 320:-       | 316:ldq     | 316:-       
   46:  320:-       | 320:-       | 320:-       | 316:ldq     | 316:-       
   47:  320:-       | 320:-       | 320:-       | 316:ldq     | 316:-       
   48:  320:-       | 320:-       | 320:-       | 320:-       | 316:ldq     r2=3  
   49:  320:mulq    | 320:-       | 320:-       | 320:-       | 320:-       
   50:  324:-       | 320:mulq    | 320:-       | 320:-       | 320:-       
   51:  324:-       | 324:-       | 320:mulq    | 320:-       | 320:-       BUS_LOAD  MEM[320] accepted 1
   52:  324:-       | 324:-       | 324:-       | 320:mulq    | 320:-       
   53:  324:-       | 324:-       | 324:-       | 324:-       | 320:mulq    r2=29997  
   54:  324:-       | 324:-       | 324:-       | 324:-       | 324:-       
   55:  324:-       | 324:-       | 324:-       | 324:-       | 324:-       
   56:  324:ldq     | 324:-       | 324:-       | 324:-       | 324:-       
   57:  328:-       | 324:ldq     | 324:-       | 324:-       | 324:-       
   58:  328:-       | 328:-       | 324:ldq     | 324:-       | 324:-       
   59:  328:-       | 328:-       | 328:-       | 324:ldq     | 324:-       BUS_LOAD  MEM[152] accepted 1
   60:  328:-       | 328:-       | 328:-       | 324:ldq     | 324:-       
   61:  328:-       | 328:-       | 328:-       | 324:ldq     | 324:-       
   62:  328:-       | 328:-       | 328:-       | 324:ldq     | 324:-       
   63:  328:-       | 328:-       | 328:-       | 324:ldq     | 324:-       
   64:  328:-       | 328:-       | 328:-       | 328:-       | 324:ldq     r3=1  
   65:  328:addq    | 328:-       | 328:-       | 328:-       | 328:-       
   66:  332:-       | 328:addq    | 328:-       | 328:-       | 328:-       
   67:  332:-       | 332:-       | 328:addq    | 328:-       | 328:-       BUS_LOAD  MEM[328] accepted 1
   68:  332:-       | 332:-       | 332:-       | 328:addq    | 328:-       
   69:  332:-       | 332:-       | 332:-       | 332:-       | 328:addq    r2=29998  
   70:  332:-       | 332:-       | 332:-       | 332:-       | 332:-       
   71:  332:-       | 332:-       | 332:-       | 332:-       | 332:-       
   72:  332:stq     | 332:-       | 332:-       | 332:-       | 332:-       
   73:  336:-       | 332:stq     | 332:-       | 332:-       | 332:-       
   74:  336:-       | 336:-       | 332:stq     | 332:-       | 332:-       
   75:  336:-       | 336:-       | 336:-       | 332:stq     | 332:-       BUS_STORE MEM[152] = 29998 accepted 1
   76:  336:-       | 336:-       | 336:-       | 336:-       | 332:stq     
   77:  336:addq    | 336:-       | 336:-       | 336:-       | 336:-       
   78:  340:-       | 336:addq    | 336:-       | 336:-       | 336:-       
   79:  340:-       | 340:-       | 336:addq    | 336:-       | 336:-       BUS_LOAD  MEM[336] accepted 2
   80:  340:-       | 340:-       | 340:-       | 336:addq    | 336:-       
   81:  340:-       | 340:-       | 340:-       | 340:-       | 336:addq    r0=16  
   82:  340:-       | 340:-       | 340:-       | 340:-       | 340:-       
   83:  340:-       | 340:-       | 340:-       | 340:-       | 340:-       
   84:  340:addq    | 340:-       | 340:-       | 340:-       | 340:-       
   85:  344:-       | 340:addq    | 340:-       | 340:-       | 340:-       
   86:  344:-       | 344:-       | 340:addq    | 340:-       | 340:-       
   87:  344:-       | 344:-       | 344:-       | 340:addq    | 340:-       
   88:  344:-       | 344:-       | 344:-       | 344:-       | 340:addq    r1=160  
   89:  344:addq    | 344:-       | 344:-       | 344:-       | 344:-       
   90:  348:-       | 344:addq    | 344:-       | 344:-       | 344:-       
   91:  348:-       | 348:-       | 344:addq    | 344:-       | 344:-       BUS_LOAD  MEM[344] accepted 1
   92:  348:-       | 348:-       | 348:-       | 344:addq    | 344:-       
   93:  348:-       | 348:-       | 348:-       | 348:-       | 344:addq    r5=1  
   94:  348:-       | 348:-       | 348:-       | 348:-       | 348:-       
   95:  348:-       | 348:-       | 348:-       | 348:-       | 348:-       
   96:  348:cmpult  | 348:-       | 348:-       | 348:-       | 348:-       
   97:  352:-       | 348:cmpult  | 348:-       | 348:-       | 348:-       
   98:  352:-       | 352:-       | 348:cmpult  | 348:-       | 348:-       
   99:  352:-       | 352:-       | 352:-       | 348:cmpult  | 348:-       
  100:  352:-       | 352:-       | 352:-       | 352:-       | 348:cmpult  r4=1  
  101:  352:bne     | 352:-       | 352:-       | 352:-       | 352:-       
  102:  356:-       | 352:bne     | 352:-       | 352:-       | 352:-       
  103:  356:-       | 356:-       | 352:bne     | 352:-       | 352:-       BUS_LOAD  MEM[352] accepted 1
  104:  356:-       | 356:-       | 356:-       | 352:bne     | 352:-       
  105:  316:-       | 356:-       | 356:-       | 356:-       | 352:bne     
  106:  316:ldq     | 316:-       | 356:-       | 356:-       | 356:-       
  107:  320:-       | 316:ldq     | 316:-       | 356:-       | 356:-       
  108:  320:-       | 320:-       | 316:ldq     | 316:-       | 356:-       
  109:  320:-       | 320:-       | 320:-       | 316:ldq     | 316:-       BUS_LOAD  MEM[16] accepted 1
  110:  320:-       | 320:-       | 320:-       | 316:ldq     | 316:-       
  111:  320:-       | 320:-       | 320:-       | 316:ldq     | 316:-       
  112:  320:-       | 320:-       | 320:-       | 316:ldq     | 316:-       
  113:  320:-       | 320:-       | 320:-       | 316:ldq     | 316:-       
  114:  320:-       | 320:-       | 320:-       | 320:-       | 316:ldq     r2=1  
  115:  320:mulq    | 320:-       | 320:-       | 320:-       | 320:-       
  116:  324:-       | 320:mulq    | 320:-       | 320:-       | 320:-       
  117:  324:-       | 324:-       | 320:mulq    | 320:-       | 320:-       
  118:  324:-       | 324:-       | 324:-       | 320:mulq    | 320:-       
  119:  324:-       | 324:-       | 324:-       | 324:-       | 320:mulq    r2=9999  
  120:  324:ldq     | 324:-       | 324:-       | 324:-       | 324:-       
  121:  328:-       | 324:ldq     | 324:-       | 324:-       | 324:-       
  122:  328:-       | 328:-       | 324:ldq     | 324:-       | 324:-       
  123:  328:-       | 328:-       | 328:-       | 324:ldq     | 324:-       BUS_LOAD  MEM[160] accepted 1
  124:  328:-       | 328:-       | 328:-       | 324:ldq     | 324:-       
  125:  328:-       | 328:-       | 328:-       | 324:ldq     | 324:-       
  126:  328:-       | 328:-       | 328:-       | 324:ldq     | 324:-       
  127:  328:-       | 328:-       | 328:-       | 324:ldq     | 324:-       
  128:  328:-       | 328:-       | 328:-       | 328:-       | 324:ldq     r3=4  
  129:  328:addq    | 328:-       | 328:-       | 328:-       | 328:-       
  130:  332:-       | 328:addq    | 328:-       | 328:-       | 328:-       
  131:  332:-       | 332:-       | 328:addq    | 328:-       | 328:-       
  132:  332:-       | 332:-       | 332:-       | 328:addq    | 328:-       
  133:  332:-       | 332:-       | 332:-       | 332:-       | 328:addq    r2=10003  
  134:  332:stq     | 332:-       | 332:-       | 332:-       | 332:-       
  135:  336:-       | 332:stq     | 332:-       | 332:-       | 332:-       
  136:  336:-       | 336:-       | 332:stq     | 332:-       | 332:-       
  137:  336:-       | 336:-       | 336:-       | 332:stq     | 332:-       BUS_STORE MEM[160] = 10003 accepted 1
  138:  336:-       | 336:-       | 336:-       | 336:-       | 332:stq     
  139:  336:addq    | 336:-       | 336:-       | 336:-       | 336:-       
  140:  340:-       | 336:addq    | 336:-       | 336:-       | 336:-       
  141:  340:-       | 340:-       | 336:addq    | 336:-       | 336:-       
  142:  340:-       | 340:-       | 340:-       | 336:addq    | 336:-       
  143:  340:-       | 340:-       | 340:-       | 340:-       | 336:addq    r0=24  
  144:  340:addq    | 340:-       | 340:-       | 340:-       | 340:-       
  145:  344:-       | 340:addq    | 340:-       | 340:-       | 340:-       
  146:  344:-       | 344:-       | 340:addq    | 340:-       | 340:-       
  147:  344:-       | 344:-       | 344:-       | 340:addq    | 340:-       
  148:  344:-       | 344:-       | 344:-       | 344:-       | 340:addq    r1=168  
  149:  344:addq    | 344:-       | 344:-       | 344:-       | 344:-       
  150:  348:-       | 344:addq    | 344:-       | 344:-       | 344:-       
  151:  348:-       | 348:-       | 344:addq    | 344:-       | 344:-       
  152:  348:-       | 348:-       | 348:-       | 344:addq    | 344:-       
  153:  348:-       | 348:-       | 348:-       | 348:-       | 344:addq    r5=2  
  154:  348:cmpult  | 348:-       | 348:-       | 348:-       | 348:-       
  155:  352:-       | 348:cmpult  | 348:-       | 348:-       | 348:-       
  156:  352:-       | 352:-       | 348:cmpult  | 348:-       | 348:-       
  157:  352:-       | 352:-       | 352:-       | 348:cmpult  | 348:-       
  158:  352:-       | 352:-       | 352:-       | 352:-       | 348:cmpult  r4=1  
  159:  352:bne     | 352:-       | 352:-       | 352:-       | 352:-       
  160:  356:-       | 352:bne     | 352:-       | 352:-       | 352:-       
  161:  356:-       | 356:-       | 352:bne     | 352:-       | 352:-       BUS_LOAD  MEM[352] accepted 1
  162:  356:-       | 356:-       | 356:-       | 352:bne     | 352:-       
  163:  316:-       | 356:-       | 356:-       | 356:-       | 352:bne     
  164:  316:ldq     | 316:-       | 356:-       | 356:-       | 356:-       
  165:  320:-       | 316:ldq     | 316:-       | 356:-       | 356:-       
  166:  320:-       | 320:-       | 316:ldq     | 316:-       | 356:-       
  167:  320:-       | 320:-       | 320:-       | 316:ldq     | 316:-       BUS_LOAD  MEM[24] accepted 1
  168:  320:-       | 320:-       | 320:-       | 316:ldq     | 316:-       
  169:  320:-       | 320:-       | 320:-       | 316:ldq     | 316:-       
  170:  320:-       | 320:-       | 320:-       | 316:ldq     | 316:-       
  171:  320:-       | 320:-       | 320:-       | 316:ldq     | 316:-       
  172:  320:-       | 320:-       | 320:-       | 320:-       | 316:ldq     r2=4  
  173:  320:mulq    | 320:-       | 320:-       | 320:-       | 320:-       
  174:  324:-       | 320:mulq    | 320:-       | 320:-       | 320:-       
  175:  324:-       | 324:-       | 320:mulq    | 320:-       | 320:-       
  176:  324:-       | 324:-       | 324:-       | 320:mulq    | 320:-       
  177:  324:-       | 324:-       | 324:-       | 324:-       | 320:mulq    r2=39996  
  178:  324:ldq     | 324:-       | 324:-       | 324:-       | 324:-       
  179:  328:-       | 324:ldq     | 324:-       | 324:-       | 324:-       
  180:  328:-       | 328:-       | 324:ldq     | 324:-       | 324:-       
  181:  328:-       | 328:-       | 328:-       | 324:ldq     | 324:-       BUS_LOAD  MEM[168] accepted 1
  182:  328:-       | 328:-       | 328:-       | 324:ldq     | 324:-       
  183:  328:-       | 328:-       | 328:-       | 324:ldq     | 324:-       
  184:  328:-       | 328:-       | 328:-       | 324:ldq     | 324:-       
  185:  328:-       | 328:-       | 328:-       | 324:ldq     | 324:-       
  186:  328:-       | 328:-       | 328:-       | 328:-       | 324:ldq     r3=1  
  187:  328:addq    | 328:-       | 328:-       | 328:-       | 328:-       
  188:  332:-       | 328:addq    | 328:-       | 328:-       | 328:-       
  189:  332:-       | 332:-       | 328:addq    | 328:-       | 328:-       
  190:  332:-       | 332:-       | 332:-       | 328:addq    | 328:-       
  191:  332:-       | 332:-       | 332:-       | 332:-       | 328:addq    r2=39997  
  192:  332:stq     | 332:-       | 332:-       | 332:-       | 332:-       
  193:  336:-       | 332:stq     | 332:-       | 332:-       | 332:-       
  194:  336:-       | 336:-       | 332:stq     | 332:-       | 332:-       
  195:  336:-       | 336:-       | 336:-       | 332:stq     | 332:-       BUS_STORE MEM[168] = 39997 accepted 1
  196:  336:-       | 336:-       | 336:-       | 336:-       | 332:stq     
  197:  336:addq    | 336:-       | 336:-       | 336:-       | 336:-       
  198:  340:-       | 336:addq    | 336:-       | 336:-       | 336:-       
  199:  340:-       | 340:-       | 336:addq    | 336:-       | 336:-       
  200:  340:-       | 340:-       | 340:-       | 336:addq    | 336:-       
  201:  340:-       | 340:-       | 340:-       | 340:-       | 336:addq    r0=32  
  202:  340:addq    | 340:-       | 340:-       | 340:-       | 340:-       
  203:  344:-       | 340:addq    | 340:-       | 340:-       | 340:-       
  204:  344:-       | 344:-       | 340:addq    | 340:-       | 340:-       
  205:  344:-       | 344:-       | 344:-       | 340:addq    | 340:-       
  206:  344:-       | 344:-       | 344:-       | 344:-       | 340:addq    r1=176  
  207:  344:addq    | 344:-       | 344:-       | 344:-       | 344:-       
  208:  348:-       | 344:addq    | 344:-       | 344:-       | 344:-       
  209:  348:-       | 348:-       | 344:addq    | 344:-       | 344:-       
  210:  348:-       | 348:-       | 348:-       | 344:addq    | 344:-       
  211:  348:-       | 348:-       | 348:-       | 348:-       | 344:addq    r5=3  
  212:  348:cmpult  | 348:-       | 348:-       | 348:-       | 348:-       
  213:  352:-       | 348:cmpult  | 348:-       | 348:-       | 348:-       
  214:  352:-       | 352:-       | 348:cmpult  | 348:-       | 348:-       
  215:  352:-       | 352:-       | 352:-       | 348:cmpult  | 348:-       
  216:  352:-       | 352:-       | 352:-       | 352:-       | 348:cmpult  r4=1  
  217:  352:bne     | 352:-       | 352:-       | 352:-       | 352:-       
  218:  356:-       | 352:bne     | 352:-       | 352:-       | 352:-       
  219:  356:-       | 356:-       | 352:bne     | 352:-       | 352:-       BUS_LOAD  MEM[352] accepted 1
  220:  356:-       | 356:-       | 356:-       | 352:bne     | 352:-       
  221:  316:-       | 356:-       | 356:-       | 356:-       | 352:bne     
  222:  316:ldq     | 316:-       | 356:-       | 356:-       | 356:-       
  223:  320:-       | 316:ldq     | 316:-       | 356:-       | 356:-       
  224:  320:-       | 320:-       | 316:ldq     | 316:-       | 356:-       
  225:  320:-       | 320:-       | 320:-       | 316:ldq     | 316:-       BUS_LOAD  MEM[32] accepted 1
  226:  320:-       | 320:-       | 320:-       | 316:ldq     | 316:-       
  227:  320:-       | 320:-       | 320:-       | 316:ldq     | 316:-       
  228:  320:-       | 320:-       | 320:-       | 316:ldq     | 316:-       
  229:  320:-       | 320:-       | 320:-       | 316:ldq     | 316:-       
  230:  320:-       | 320:-       | 320:-       | 320:-       | 316:ldq     r2=1  
  231:  320:mulq    | 320:-       | 320:-       | 320:-       | 320:-       
  232:  324:-       | 320:mulq    | 320:-       | 320:-       | 320:-       
  233:  324:-       | 324:-       | 320:mulq    | 320:-       | 320:-       
  234:  324:-       | 324:-       | 324:-       | 320:mulq    | 320:-       
  235:  324:-       | 324:-       | 324:-       | 324:-       | 320:mulq    r2=9999  
  236:  324:ldq     | 324:-       | 324:-       | 324:-       | 324:-       
  237:  328:-       | 324:ldq     | 324:-       | 324:-       | 324:-       
  238:  328:-       | 328:-       | 324:ldq     | 324:-       | 324:-       
  239:  328:-       | 328:-       | 328:-       | 324:ldq     | 324:-       BUS_LOAD  MEM[176] accepted 1
  240:  328:-       | 328:-       | 328:-       | 324:ldq     | 324:-       
  241:  328:-       | 328:-       | 328:-       | 324:ldq     | 324:-       
  242:  328:-       | 328:-       | 328:-       | 324:ldq     | 324:-       
  243:  328:-       | 328:-       | 328:-       | 324:ldq     | 324:-       
  244:  328:-       | 328:-       | 328:-       | 328:-       | 324:ldq     r3=4  
  245:  328:addq    | 328:-       | 328:-       | 328:-       | 328:-       
  246:  332:-       | 328:addq    | 328:-       | 328:-       | 328:-       
  247:  332:-       | 332:-       | 328:addq    | 328:-       | 328:-       
  248:  332:-       | 332:-       | 332:-       | 328:addq    | 328:-       
  249:  332:-       | 332:-       | 332:-       | 332:-       | 328:addq    r2=10003  
  250:  332:stq     | 332:-       | 332:-       | 332:-       | 332:-       
  251:  336:-       | 332:stq     | 332:-       | 332:-       | 332:-       
  252:  336:-       | 336:-       | 332:stq     | 332:-       | 332:-       
  253:  336:-       | 336:-       | 336:-       | 332:stq     | 332:-       BUS_STORE MEM[176] = 10003 accepted 1
  254:  336:-       | 336:-       | 336:-       | 336:-       | 332:stq     
  255:  336:addq    | 336:-       | 336:-       | 336:-       | 336:-       
  256:  340:-       | 336:addq    | 336:-       | 336:-       | 336:-       
  257:  340:-       | 340:-       | 336:addq    | 336:-       | 336:-       
  258:  340:-       | 340:-       | 340:-       | 336:addq    | 336:-       
  259:  340:-       | 340:-       | 340:-       | 340:-       | 336:addq    r0=40  
  260:  340:addq    | 340:-       | 340:-       | 340:-       | 340:-       
  261:  344:-       | 340:addq    | 340:-       | 340:-       | 340:-       
  262:  344:-       | 344:-       | 340:addq    | 340:-       | 340:-       
  263:  344:-       | 344:-       | 344:-       | 340:addq    | 340:-       
  264:  344:-       | 344:-       | 344:-       | 344:-       | 340:addq    r1=184  
  265:  344:addq    | 344:-       | 344:-       | 344:-       | 344:-       
  266:  348:-       | 344:addq    | 344:-       | 344:-       | 344:-       
  267:  348:-       | 348:-       | 344:addq    | 344:-       | 344:-       
  268:  348:-       | 348:-       | 348:-       | 344:addq    | 344:-       
  269:  348:-       | 348:-       | 348:-       | 348:-       | 344:addq    r5=4  
  270:  348:cmpult  | 348:-       | 348:-       | 348:-       | 348:-       
  271:  352:-       | 348:cmpult  | 348:-       | 348:-       | 348:-       
  272:  352:-       | 352:-       | 348:cmpult  | 348:-       | 348:-       
  273:  352:-       | 352:-       | 352:-       | 348:cmpult  | 348:-       
  274:  352:-       | 352:-       | 352:-       | 352:-       | 348:cmpult  r4=1  
  275:  352:bne     | 352:-       | 352:-       | 352:-       | 352:-       
  276:  356:-       | 352:bne     | 352:-       | 352:-       | 352:-       
  277:  356:-       | 356:-       | 352:bne     | 352:-       | 352:-       BUS_LOAD  MEM[352] accepted 1
  278:  356:-       | 356:-       | 356:-       | 352:bne     | 352:-       
  279:  316:-       | 356:-       | 356:-       | 356:-       | 352:bne     
  280:  316:ldq     | 316:-       | 356:-       | 356:-       | 356:-       
  281:  320:-       | 316:ldq     | 316:-       | 356:-       | 356:-       
  282:  320:-       | 320:-       | 316:ldq     | 316:-       | 356:-       
  283:  320:-       | 320:-       | 320:-       | 316:ldq     | 316:-       BUS_LOAD  MEM[40] accepted 1
  284:  320:-       | 320:-       | 320:-       | 316:ldq     | 316:-       
  285:  320:-       | 320:-       | 320:-       | 316:ldq     | 316:-       
  286:  320:-       | 320:-       | 320:-       | 316:ldq     | 316:-       
  287:  320:-       | 320:-       | 320:-       | 316:ldq     | 316:-       
  288:  320:-       | 320:-       | 320:-       | 320:-       | 316:ldq     r2=5  
  289:  320:mulq    | 320:-       | 320:-       | 320:-       | 320:-       
  290:  324:-       | 320:mulq    | 320:-       | 320:-       | 320:-       
  291:  324:-       | 324:-       | 320:mulq    | 320:-       | 320:-       
  292:  324:-       | 324:-       | 324:-       | 320:mulq    | 320:-       
  293:  324:-       | 324:-       | 324:-       | 324:-       | 320:mulq    r2=49995  
  294:  324:ldq     | 324:-       | 324:-       | 324:-       | 324:-       
  295:  328:-       | 324:ldq     | 324:-       | 324:-       | 324:-       
  296:  328:-       | 328:-       | 324:ldq     | 324:-       | 324:-       
  297:  328:-       | 328:-       | 328:-       | 324:ldq     | 324:-       BUS_LOAD  MEM[184] accepted 1
  298:  328:-       | 328:-       | 328:-       | 324:ldq     | 324:-       
  299:  328:-       | 328:-       | 328:-       | 324:ldq     | 324:-       
  300:  328:-       | 328:-       | 328:-       | 324:ldq     | 324:-       
  301:  328:-       | 328:-       | 328:-       | 324:ldq     | 324:-       
  302:  328:-       | 328:-       | 328:-       | 328:-       | 324:ldq     r3=2  
  303:  328:addq    | 328:-       | 328:-       | 328:-       | 328:-       
  304:  332:-       | 328:addq    | 328:-       | 328:-       | 328:-       
  305:  332:-       | 332:-       | 328:addq    | 328:-       | 328:-       
  306:  332:-       | 332:-       | 332:-       | 328:addq    | 328:-       
  307:  332:-       | 332:-       | 332:-       | 332:-       | 328:addq    r2=49997  
  308:  332:stq     | 332:-       | 332:-       | 332:-       | 332:-       
  309:  336:-       | 332:stq     | 332:-       | 332:-       | 332:-       
  310:  336:-       | 336:-       | 332:stq     | 332:-       | 332:-       
  311:  336:-       | 336:-       | 336:-       | 332:stq     | 332:-       BUS_STORE MEM[184] = 49997 accepted 1
  312:  336:-       | 336:-       | 336:-       | 336:-       | 332:stq     
  313:  336:addq    | 336:-       | 336:-       | 336:-       | 336:-       
  314:  340:-       | 336:addq    | 336:-       | 336:-       | 336:-       
  315:  340:-       | 340:-       | 336:addq    | 336:-       | 336:-       
  316:  340:-       | 340:-       | 340:-       | 336:addq    | 336:-       
  317:  340:-       | 340:-       | 340:-       | 340:-       | 336:addq    r0=48  
  318:  340:addq    | 340:-       | 340:-       | 340:-       | 340:-       
  319:  344:-       | 340:addq    | 340:-       | 340:-       | 340:-       
  320:  344:-       | 344:-       | 340:addq    | 340:-       | 340:-       
  321:  344:-       | 344:-       | 344:-       | 340:addq    | 340:-       
  322:  344:-       | 344:-       | 344:-       | 344:-       | 340:addq    r1=192  
  323:  344:addq    | 344:-       | 344:-       | 344:-       | 344:-       
  324:  348:-       | 344:addq    | 344:-       | 344:-       | 344:-       
  325:  348:-       | 348:-       | 344:addq    | 344:-       | 344:-       
  326:  348:-       | 348:-       | 348:-       | 344:addq    | 344:-       
  327:  348:-       | 348:-       | 348:-       | 348:-       | 344:addq    r5=5  
  328:  348:cmpult  | 348:-       | 348:-       | 348:-       | 348:-       
  329:  352:-       | 348:cmpult  | 348:-       | 348:-       | 348:-       
  330:  352:-       | 352:-       | 348:cmpult  | 348:-       | 348:-       
  331:  352:-       | 352:-       | 352:-       | 348:cmpult  | 348:-       
  332:  352:-       | 352:-       | 352:-       | 352:-       | 348:cmpult  r4=1  
  333:  352:bne     | 352:-       | 352:-       | 352:-       | 352:-       
  334:  356:-       | 352:bne     | 352:-       | 352:-       | 352:-       
  335:  356:-       | 356:-       | 352:bne     | 352:-       | 352:-       BUS_LOAD  MEM[352] accepted 1
  336:  356:-       | 356:-       | 356:-       | 352:bne     | 352:-       
  337:  316:-       | 356:-       | 356:-       | 356:-       | 352:bne     
  338:  316:ldq     | 316:-       | 356:-       | 356:-       | 356:-       
  339:  320:-       | 316:ldq     | 316:-       | 356:-       | 356:-       
  340:  320:-       | 320:-       | 316:ldq     | 316:-       | 356:-       
  341:  320:-       | 320:-       | 320:-       | 316:ldq     | 316:-       BUS_LOAD  MEM[48] accepted 1
  342:  320:-       | 320:-       | 320:-       | 316:ldq     | 316:-       
  343:  320:-       | 320:-       | 320:-       | 316:ldq     | 316:-       
  344:  320:-       | 320:-       | 320:-       | 316:ldq     | 316:-       
  345:  320:-       | 320:-       | 320:-       | 316:ldq     | 316:-       
  346:  320:-       | 320:-       | 320:-       | 320:-       | 316:ldq     r2=9  
  347:  320:mulq    | 320:-       | 320:-       | 320:-       | 320:-       
  348:  324:-       | 320:mulq    | 320:-       | 320:-       | 320:-       
  349:  324:-       | 324:-       | 320:mulq    | 320:-       | 320:-       
  350:  324:-       | 324:-       | 324:-       | 320:mulq    | 320:-       
  351:  324:-       | 324:-       | 324:-       | 324:-       | 320:mulq    r2=89991  
  352:  324:ldq     | 324:-       | 324:-       | 324:-       | 324:-       
  353:  328:-       | 324:ldq     | 324:-       | 324:-       | 324:-       
  354:  328:-       | 328:-       | 324:ldq     | 324:-       | 324:-       
  355:  328:-       | 328:-       | 328:-       | 324:ldq     | 324:-       BUS_LOAD  MEM[192] accepted 1
  356:  328:-       | 328:-       | 328:-       | 324:ldq     | 324:-       
  357:  328:-       | 328:-       | 328:-       | 324:ldq     | 324:-       
  358:  328:-       | 328:-       | 328:-       | 324:ldq     | 324:-       
  359:  328:-       | 328:-       | 328:-       | 324:ldq     | 324:-       
  360:  328:-       | 328:-       | 328:-       | 328:-       | 324:ldq     r3=1  
  361:  328:addq    | 328:-       | 328:-       | 328:-       | 328:-       
  362:  332:-       | 328:addq    | 328:-       | 328:-       | 328:-       
  363:  332:-       | 332:-       | 328:addq    | 328:-       | 328:-       
  364:  332:-       | 332:-       | 332:-       | 328:addq    | 328:-       
  365:  332:-       | 332:-       | 332:-       | 332:-       | 328:addq    r2=89992  
  366:  332:stq     | 332:-       | 332:-       | 332:-       | 332:-       
  367:  336:-       | 332:stq     | 332:-       | 332:-       | 332:-       
  368:  336:-       | 336:-       | 332:stq     | 332:-       | 332:-       
  369:  336:-       | 336:-       | 336:-       | 332:stq     | 332:-       BUS_STORE MEM[192] = 89992 accepted 1
  370:  336:-       | 336:-       | 336:-       | 336:-       | 332:stq     
  371:  336:addq    | 336:-       | 336:-       | 336:-       | 336:-       
  372:  340:-       | 336:addq    | 336:-       | 336:-       | 336:-       
  373:  340:-       | 340:-       | 336:addq    | 336:-       | 336:-       
  374:  340:-       | 340:-       | 340:-       | 336:addq    | 336:-       
  375:  340:-       | 340:-       | 340:-       | 340:-       | 336:addq    r0=56  
  376:  340:addq    | 340:-       | 340:-       | 340:-       | 340:-       
  377:  344:-       | 340:addq    | 340:-       | 340:-       | 340:-       
  378:  344:-       | 344:-       | 340:addq    | 340:-       | 340:-       
  379:  344:-       | 344:-       | 344:-       | 340:addq    | 340:-       
  380:  344:-       | 344:-       | 344:-       | 344:-       | 340:addq    r1=200  
  381:  344:addq    | 344:-       | 344:-       | 344:-       | 344:-       
  382:  348:-       | 344:addq    | 344:-       | 344:-       | 344:-       
  383:  348:-       | 348:-       | 344:addq    | 344:-       | 344:-       
  384:  348:-       | 348:-       | 348:-       | 344:addq    | 344:-       
  385:  348:-       | 348:-       | 348:-       | 348:-       | 344:addq    r5=6  
  386:  348:cmpult  | 348:-       | 348:-       | 348:-       | 348:-       
  387:  352:-       | 348:cmpult  | 348:-       | 348:-       | 348:-       
  388:  352:-       | 352:-       | 348:cmpult  | 348:-       | 348:-       
  389:  352:-       | 352:-       | 352:-       | 348:cmpult  | 348:-       
  390:  352:-       | 352:-       | 352:-       | 352:-       | 348:cmpult  r4=1  
  391:  352:bne     | 352:-       | 352:-       | 352:-       | 352:-       
  392:  356:-       | 352:bne     | 352:-       | 352:-       | 352:-       
  393:  356:-       | 356:-       | 352:bne     | 352:-       | 352:-       BUS_LOAD  MEM[352] accepted 1
  394:  356:-       | 356:-       | 356:-       | 352:bne     | 352:-       
  395:  316:-       | 356:-       | 356:-       | 356:-       | 352:bne     
  396:  316:ldq     | 316:-       | 356:-       | 356:-       | 356:-       
  397:  320:-       | 316:ldq     | 316:-       | 356:-       | 356:-       
  398:  320:-       | 320:-       | 316:ldq     | 316:-       | 356:-       
  399:  320:-       | 320:-       | 320:-       | 316:ldq     | 316:-       BUS_LOAD  MEM[56] accepted 1
  400:  320:-       | 320:-       | 320:-       | 316:ldq     | 316:-       
  401:  320:-       | 320:-       | 320:-       | 316:ldq     | 316:-       
  402:  320:-       | 320:-       | 320:-       | 316:ldq     | 316:-       
  403:  320:-       | 320:-       | 320:-       | 316:ldq     | 316:-       
  404:  320:-       | 320:-       | 320:-       | 320:-       | 316:ldq     r2=2  
  405:  320:mulq    | 320:-       | 320:-       | 320:-       | 320:-       
  406:  324:-       | 320:mulq    | 320:-       | 320:-       | 320:-       
  407:  324:-       | 324:-       | 320:mulq    | 320:-       | 320:-       
  408:  324:-       | 324:-       | 324:-       | 320:mulq    | 320:-       
  409:  324:-       | 324:-       | 324:-       | 324:-       | 320:mulq    r2=19998  
  410:  324:ldq     | 324:-       | 324:-       | 324:-       | 324:-       
  411:  328:-       | 324:ldq     | 324:-       | 324:-       | 324:-       
  412:  328:-       | 328:-       | 324:ldq     | 324:-       | 324:-       
  413:  328:-       | 328:-       | 328:-       | 324:ldq     | 324:-       BUS_LOAD  MEM[200] accepted 1
  414:  328:-       | 328:-       | 328:-       | 324:ldq     | 324:-       
  415:  328:-       | 328:-       | 328:-       | 324:ldq     | 324:-       
  416:  328:-       | 328:-       | 328:-       | 324:ldq     | 324:-       
  417:  328:-       | 328:-       | 328:-       | 324:ldq     | 324:-       
  418:  328:-       | 328:-       | 328:-       | 328:-       | 324:ldq     r3=3  
  419:  328:addq    | 328:-       | 328:-       | 328:-       | 328:-       
  420:  332:-       | 328:addq    | 328:-       | 328:-       | 328:-       
  421:  332:-       | 332:-       | 328:addq    | 328:-       | 328:-       
  422:  332:-       | 332:-       | 332:-       | 328:addq    | 328:-       
  423:  332:-       | 332:-       | 332:-       | 332:-       | 328:addq    r2=20001  
  424:  332:stq     | 332:-       | 332:-       | 332:-       | 332:-       
  425:  336:-       | 332:stq     | 332:-       | 332:-       | 332:-       
  426:  336:-       | 336:-       | 332:stq     | 332:-       | 332:-       
  427:  336:-       | 336:-       | 336:-       | 332:stq     | 332:-       BUS_STORE MEM[200] = 20001 accepted 1
  428:  336:-       | 336:-       | 336:-       | 336:-       | 332:stq     
  429:  336:addq    | 336:-       | 336:-       | 336:-       | 336:-       
  430:  340:-       | 336:addq    | 336:-       | 336:-       | 336:-       
  431:  340:-       | 340:-       | 336:addq    | 336:-       | 336:-       
  432:  340:-       | 340:-       | 340:-       | 336:addq    | 336:-       
  433:  340:-       | 340:-       | 340:-       | 340:-       | 336:addq    r0=64  
  434:  340:addq    | 340:-       | 340:-       | 340:-       | 340:-       
  435:  344:-       | 340:addq    | 340:-       | 340:-       | 340:-       
  436:  344:-       | 344:-       | 340:addq    | 340:-       | 340:-       
  437:  344:-       | 344:-       | 344:-       | 340:addq    | 340:-       
  438:  344:-       | 344:-       | 344:-       | 344:-       | 340:addq    r1=208  
  439:  344:addq    | 344:-       | 344:-       | 344:-       | 344:-       
  440:  348:-       | 344:addq    | 344:-       | 344:-       | 344:-       
  441:  348:-       | 348:-       | 344:addq    | 344:-       | 344:-       
  442:  348:-       | 348:-       | 348:-       | 344:addq    | 344:-       
  443:  348:-       | 348:-       | 348:-       | 348:-       | 344:addq    r5=7  
  444:  348:cmpult  | 348:-       | 348:-       | 348:-       | 348:-       
  445:  352:-       | 348:cmpult  | 348:-       | 348:-       | 348:-       
  446:  352:-       | 352:-       | 348:cmpult  | 348:-       | 348:-       
  447:  352:-       | 352:-       | 352:-       | 348:cmpult  | 348:-       
  448:  352:-       | 352:-       | 352:-       | 352:-       | 348:cmpult  r4=1  
  449:  352:bne     | 352:-       | 352:-       | 352:-       | 352:-       
  450:  356:-       | 352:bne     | 352:-       | 352:-       | 352:-       
  451:  356:-       | 356:-       | 352:bne     | 352:-       | 352:-       BUS_LOAD  MEM[352] accepted 1
  452:  356:-       | 356:-       | 356:-       | 352:bne     | 352:-       
  453:  316:-       | 356:-       | 356:-       | 356:-       | 352:bne     
  454:  316:ldq     | 316:-       | 356:-       | 356:-       | 356:-       
  455:  320:-       | 316:ldq     | 316:-       | 356:-       | 356:-       
  456:  320:-       | 320:-       | 316:ldq     | 316:-       | 356:-       
  457:  320:-       | 320:-       | 320:-       | 316:ldq     | 316:-       BUS_LOAD  MEM[64] accepted 1
  458:  320:-       | 320:-       | 320:-       | 316:ldq     | 316:-       
  459:  320:-       | 320:-       | 320:-       | 316:ldq     | 316:-       
  460:  320:-       | 320:-       | 320:-       | 316:ldq     | 316:-       
  461:  320:-       | 320:-       | 320:-       | 316:ldq     | 316:-       
  462:  320:-       | 320:-       | 320:-       | 320:-       | 316:ldq     r2=6  
  463:  320:mulq    | 320:-       | 320:-       | 320:-       | 320:-       
  464:  324:-       | 320:mulq    | 320:-       | 320:-       | 320:-       
  465:  324:-       | 324:-       | 320:mulq    | 320:-       | 320:-       
  466:  324:-       | 324:-       | 324:-       | 320:mulq    | 320:-       
  467:  324:-       | 324:-       | 324:-       | 324:-       | 320:mulq    r2=59994  
  468:  324:ldq     | 324:-       | 324:-       | 324:-       | 324:-       
  469:  328:-       | 324:ldq     | 324:-       | 324:-       | 324:-       
  470:  328:-       | 328:-       | 324:ldq     | 324:-       | 324:-       
  471:  328:-       | 328:-       | 328:-       | 324:ldq     | 324:-       BUS_LOAD  MEM[208] accepted 1
  472:  328:-       | 328:-       | 328:-       | 324:ldq     | 324:-       
  473:  328:-       | 328:-       | 328:-       | 324:ldq     | 324:-       
  474:  328:-       | 328:-       | 328:-       | 324:ldq     | 324:-       
  475:  328:-       | 328:-       | 328:-       | 324:ldq     | 324:-       
  476:  328:-       | 328:-       | 328:-       | 328:-       | 324:ldq     r3=5  
  477:  328:addq    | 328:-       | 328:-       | 328:-       | 328:-       
  478:  332:-       | 328:addq    | 328:-       | 328:-       | 328:-       
  479:  332:-       | 332:-       | 328:addq    | 328:-       | 328:-       
  480:  332:-       | 332:-       | 332:-       | 328:addq    | 328:-       
  481:  332:-       | 332:-       | 332:-       | 332:-       | 328:addq    r2=59999  
  482:  332:stq     | 332:-       | 332:-       | 332:-       | 332:-       
  483:  336:-       | 332:stq     | 332:-       | 332:-       | 332:-       
  484:  336:-       | 336:-       | 332:stq     | 332:-       | 332:-       
  485:  336:-       | 336:-       | 336:-       | 332:stq     | 332:-       BUS_STORE MEM[208] = 59999 accepted 1
  486:  336:-       | 336:-       | 336:-       | 336:-       | 332:stq     
  487:  336:addq    | 336:-       | 336:-       | 336:-       | 336:-       
  488:  340:-       | 336:addq    | 336:-       | 336:-       | 336:-       
  489:  340:-       | 340:-       | 336:addq    | 336:-       | 336:-       
  490:  340:-       | 340:-       | 340:-       | 336:addq    | 336:-       
  491:  340:-       | 340:-       | 340:-       | 340:-       | 336:addq    r0=72  
  492:  340:addq    | 340:-       | 340:-       | 340:-       | 340:-       
  493:  344:-       | 340:addq    | 340:-       | 340:-       | 340:-       
  494:  344:-       | 344:-       | 340:addq    | 340:-       | 340:-       
  495:  344:-       | 344:-       | 344:-       | 340:addq    | 340:-       
  496:  344:-       | 344:-       | 344:-       | 344:-       | 340:addq    r1=216  
  497:  344:addq    | 344:-       | 344:-       | 344:-       | 344:-       
  498:  348:-       | 344:addq    | 344:-       | 344:-       | 344:-       
  499:  348:-       | 348:-       | 344:addq    | 344:-       | 344:-       
  500:  348:-       | 348:-       | 348:-       | 344:addq    | 344:-       
  501:  348:-       | 348:-       | 348:-       | 348:-       | 344:addq    r5=8  
  502:  348:cmpult  | 348:-       | 348:-       | 348:-       | 348:-       
  503:  352:-       | 348:cmpult  | 348:-       | 348:-       | 348:-       
  504:  352:-       | 352:-       | 348:cmpult  | 348:-       | 348:-       
  505:  352:-       | 352:-       | 352:-       | 348:cmpult  | 348:-       
  506:  352:-       | 352:-       | 352:-       | 352:-       | 348:cmpult  r4=1  
  507:  352:bne     | 352:-       | 352:-       | 352:-       | 352:-       
  508:  356:-       | 352:bne     | 352:-       | 352:-       | 352:-       
  509:  356:-       | 356:-       | 352:bne     | 352:-       | 352:-       BUS_LOAD  MEM[352] accepted 1
  510:  356:-       | 356:-       | 356:-       | 352:bne     | 352:-       
  511:  316:-       | 356:-       | 356:-       | 356:-       | 352:bne     
  512:  316:ldq     | 316:-       | 356:-       | 356:-       | 356:-       
  513:  320:-       | 316:ldq     | 316:-       | 356:-       | 356:-       
  514:  320:-       | 320:-       | 316:ldq     | 316:-       | 356:-       
  515:  320:-       | 320:-       | 320:-       | 316:ldq     | 316:-       BUS_LOAD  MEM[72] accepted 1
  516:  320:-       | 320:-       | 320:-       | 316:ldq     | 316:-       
  517:  320:-       | 320:-       | 320:-       | 316:ldq     | 316:-       
  518:  320:-       | 320:-       | 320:-       | 316:ldq     | 316:-       
  519:  320:-       | 320:-       | 320:-       | 316:ldq     | 316:-       
  520:  320:-       | 320:-       | 320:-       | 320:-       | 316:ldq     r2=5  
  521:  320:mulq    | 320:-       | 320:-       | 320:-       | 320:-       
  522:  324:-       | 320:mulq    | 320:-       | 320:-       | 320:-       
  523:  324:-       | 324:-       | 320:mulq    | 320:-       | 320:-       
  524:  324:-       | 324:-       | 324:-       | 320:mulq    | 320:-       
  525:  324:-       | 324:-       | 324:-       | 324:-       | 320:mulq    r2=49995  
  526:  324:ldq     | 324:-       | 324:-       | 324:-       | 324:-       
  527:  328:-       | 324:ldq     | 324:-       | 324:-       | 324:-       
  528:  328:-       | 328:-       | 324:ldq     | 324:-       | 324:-       
  529:  328:-       | 328:-       | 328:-       | 324:ldq     | 324:-       BUS_LOAD  MEM[216] accepted 1
  530:  328:-       | 328:-       | 328:-       | 324:ldq     | 324:-       
  531:  328:-       | 328:-       | 328:-       | 324:ldq     | 324:-       
  532:  328:-       | 328:-       | 328:-       | 324:ldq     | 324:-       
  533:  328:-       | 328:-       | 328:-       | 324:ldq     | 324:-       
  534:  328:-       | 328:-       | 328:-       | 328:-       | 324:ldq     r3=6  
  535:  328:addq    | 328:-       | 328:-       | 328:-       | 328:-       
  536:  332:-       | 328:addq    | 328:-       | 328:-       | 328:-       
  537:  332:-       | 332:-       | 328:addq    | 328:-       | 328:-       
  538:  332:-       | 332:-       | 332:-       | 328:addq    | 328:-       
  539:  332:-       | 332:-       | 332:-       | 332:-       | 328:addq    r2=50001  
  540:  332:stq     | 332:-       | 332:-       | 332:-       | 332:-       
  541:  336:-       | 332:stq     | 332:-       | 332:-       | 332:-       
  542:  336:-       | 336:-       | 332:stq     | 332:-       | 332:-       
  543:  336:-       | 336:-       | 336:-       | 332:stq     | 332:-       BUS_STORE MEM[216] = 50001 accepted 1
  544:  336:-       | 336:-       | 336:-       | 336:-       | 332:stq     
  545:  336:addq    | 336:-       | 336:-       | 336:-       | 336:-       
  546:  340:-       | 336:addq    | 336:-       | 336:-       | 336:-       
  547:  340:-       | 340:-       | 336:addq    | 336:-       | 336:-       
  548:  340:-       | 340:-       | 340:-       | 336:addq    | 336:-       
  549:  340:-       | 340:-       | 340:-       | 340:-       | 336:addq    r0=80  
  550:  340:addq    | 340:-       | 340:-       | 340:-       | 340:-       
  551:  344:-       | 340:addq    | 340:-       | 340:-       | 340:-       
  552:  344:-       | 344:-       | 340:addq    | 340:-       | 340:-       
  553:  344:-       | 344:-       | 344:-       | 340:addq    | 340:-       
  554:  344:-       | 344:-       | 344:-       | 344:-       | 340:addq    r1=224  
  555:  344:addq    | 344:-       | 344:-       | 344:-       | 344:-       
  556:  348:-       | 344:addq    | 344:-       | 344:-       | 344:-       
  557:  348:-       | 348:-       | 344:addq    | 344:-       | 344:-       
  558:  348:-       | 348:-       | 348:-       | 344:addq    | 344:-       
  559:  348:-       | 348:-       | 348:-       | 348:-       | 344:addq    r5=9  
  560:  348:cmpult  | 348:-       | 348:-       | 348:-       | 348:-       
  561:  352:-       | 348:cmpult  | 348:-       | 348:-       | 348:-       
  562:  352:-       | 352:-       | 348:cmpult  | 348:-       | 348:-       
  563:  352:-       | 352:-       | 352:-       | 348:cmpult  | 348:-       
  564:  352:-       | 352:-       | 352:-       | 352:-       | 348:cmpult  r4=1  
  565:  352:bne     | 352:-       | 352:-       | 352:-       | 352:-       
  566:  356:-       | 352:bne     | 352:-       | 352:-       | 352:-       
  567:  356:-       | 356:-       | 352:bne     | 352:-       | 352:-       BUS_LOAD  MEM[352] accepted 1
  568:  356:-       | 356:-       | 356:-       | 352:bne     | 352:-       
  569:  316:-       | 356:-       | 356:-       | 356:-       | 352:bne     
  570:  316:ldq     | 316:-       | 356:-       | 356:-       | 356:-       
  571:  320:-       | 316:ldq     | 316:-       | 356:-       | 356:-       
  572:  320:-       | 320:-       | 316:ldq     | 316:-       | 356:-       
  573:  320:-       | 320:-       | 320:-       | 316:ldq     | 316:-       BUS_LOAD  MEM[80] accepted 1
  574:  320:-       | 320:-       | 320:-       | 316:ldq     | 316:-       
  575:  320:-       | 320:-       | 320:-       | 316:ldq     | 316:-       
  576:  320:-       | 320:-       | 320:-       | 316:ldq     | 316:-       
  577:  320:-       | 320:-       | 320:-       | 316:ldq     | 316:-       
  578:  320:-       | 320:-       | 320:-       | 320:-       | 316:ldq     r2=3  
  579:  320:mulq    | 320:-       | 320:-       | 320:-       | 320:-       
  580:  324:-       | 320:mulq    | 320:-       | 320:-       | 320:-       
  581:  324:-       | 324:-       | 320:mulq    | 320:-       | 320:-       
  582:  324:-       | 324:-       | 324:-       | 320:mulq    | 320:-       
  583:  324:-       | 324:-       | 324:-       | 324:-       | 320:mulq    r2=29997  
  584:  324:ldq     | 324:-       | 324:-       | 324:-       | 324:-       
  585:  328:-       | 324:ldq     | 324:-       | 324:-       | 324:-       
  586:  328:-       | 328:-       | 324:ldq     | 324:-       | 324:-       
  587:  328:-       | 328:-       | 328:-       | 324:ldq     | 324:-       BUS_LOAD  MEM[224] accepted 1
  588:  328:-       | 328:-       | 328:-       | 324:ldq     | 324:-       
  589:  328:-       | 328:-       | 328:-       | 324:ldq     | 324:-       
  590:  328:-       | 328:-       | 328:-       | 324:ldq     | 324:-       
  591:  328:-       | 328:-       | 328:-       | 324:ldq     | 324:-       
  592:  328:-       | 328:-       | 328:-       | 328:-       | 324:ldq     r3=2  
  593:  328:addq    | 328:-       | 328:-       | 328:-       | 328:-       
  594:  332:-       | 328:addq    | 328:-       | 328:-       | 328:-       
  595:  332:-       | 332:-       | 328:addq    | 328:-       | 328:-       
  596:  332:-       | 332:-       | 332:-       | 328:addq    | 328:-       
  597:  332:-       | 332:-       | 332:-       | 332:-       | 328:addq    r2=29999  
  598:  332:stq     | 332:-       | 332:-       | 332:-       | 332:-       
  599:  336:-       | 332:stq     | 332:-       | 332:-       | 332:-       
  600:  336:-       | 336:-       | 332:stq     | 332:-       | 332:-       
  601:  336:-       | 336:-       | 336:-       | 332:stq     | 332:-       BUS_STORE MEM[224] = 29999 accepted 1
  602:  336:-       | 336:-       | 336:-       | 336:-       | 332:stq     
  603:  336:addq    | 336:-       | 336:-       | 336:-       | 336:-       
  604:  340:-       | 336:addq    | 336:-       | 336:-       | 336:-       
  605:  340:-       | 340:-       | 336:addq    | 336:-       | 336:-       
  606:  340:-       | 340:-       | 340:-       | 336:addq    | 336:-       
  607:  340:-       | 340:-       | 340:-       | 340:-       | 336:addq    r0=88  
  608:  340:addq    | 340:-       | 340:-       | 340:-       | 340:-       
  609:  344:-       | 340:addq    | 340:-       | 340:-       | 340:-       
  610:  344:-       | 344:-       | 340:addq    | 340:-       | 340:-       
  611:  344:-       | 344:-       | 344:-       | 340:addq    | 340:-       
  612:  344:-       | 344:-       | 344:-       | 344:-       | 340:addq    r1=232  
  613:  344:addq    | 344:-       | 344:-       | 344:-       | 344:-       
  614:  348:-       | 344:addq    | 344:-       | 344:-       | 344:-       
  615:  348:-       | 348:-       | 344:addq    | 344:-       | 344:-       
  616:  348:-       | 348:-       | 348:-       | 344:addq    | 344:-       
  617:  348:-       | 348:-       | 348:-       | 348:-       | 344:addq    r5=10  
  618:  348:cmpult  | 348:-       | 348:-       | 348:-       | 348:-       
  619:  352:-       | 348:cmpult  | 348:-       | 348:-       | 348:-       
  620:  352:-       | 352:-       | 348:cmpult  | 348:-       | 348:-       
  621:  352:-       | 352:-       | 352:-       | 348:cmpult  | 348:-       
  622:  352:-       | 352:-       | 352:-       | 352:-       | 348:cmpult  r4=1  
  623:  352:bne     | 352:-       | 352:-       | 352:-       | 352:-       
  624:  356:-       | 352:bne     | 352:-       | 352:-       | 352:-       
  625:  356:-       | 356:-       | 352:bne     | 352:-       | 352:-       BUS_LOAD  MEM[352] accepted 1
  626:  356:-       | 356:-       | 356:-       | 352:bne     | 352:-       
  627:  316:-       | 356:-       | 356:-       | 356:-       | 352:bne     
  628:  316:ldq     | 316:-       | 356:-       | 356:-       | 356:-       
  629:  320:-       | 316:ldq     | 316:-       | 356:-       | 356:-       
  630:  320:-       | 320:-       | 316:ldq     | 316:-       | 356:-       
  631:  320:-       | 320:-       | 320:-       | 316:ldq     | 316:-       BUS_LOAD  MEM[88] accepted 1
  632:  320:-       | 320:-       | 320:-       | 316:ldq     | 316:-       
  633:  320:-       | 320:-       | 320:-       | 316:ldq     | 316:-       
  634:  320:-       | 320:-       | 320:-       | 316:ldq     | 316:-       
  635:  320:-       | 320:-       | 320:-       | 316:ldq     | 316:-       
  636:  320:-       | 320:-       | 320:-       | 320:-       | 316:ldq     r2=5  
  637:  320:mulq    | 320:-       | 320:-       | 320:-       | 320:-       
  638:  324:-       | 320:mulq    | 320:-       | 320:-       | 320:-       
  639:  324:-       | 324:-       | 320:mulq    | 320:-       | 320:-       
  640:  324:-       | 324:-       | 324:-       | 320:mulq    | 320:-       
  641:  324:-       | 324:-       | 324:-       | 324:-       | 320:mulq    r2=49995  
  642:  324:ldq     | 324:-       | 324:-       | 324:-       | 324:-       
  643:  328:-       | 324:ldq     | 324:-       | 324:-       | 324:-       
  644:  328:-       | 328:-       | 324:ldq     | 324:-       | 324:-       
  645:  328:-       | 328:-       | 328:-       | 324:ldq     | 324:-       BUS_LOAD  MEM[232] accepted 1
  646:  328:-       | 328:-       | 328:-       | 324:ldq     | 324:-       
  647:  328:-       | 328:-       | 328:-       | 324:ldq     | 324:-       
  648:  328:-       | 328:-       | 328:-       | 324:ldq     | 324:-       
  649:  328:-       | 328:-       | 328:-       | 324:ldq     | 324:-       
  650:  328:-       | 328:-       | 328:-       | 328:-       | 324:ldq     r3=3  
  651:  328:addq    | 328:-       | 328:-       | 328:-       | 328:-       
  652:  332:-       | 328:addq    | 328:-       | 328:-       | 328:-       
  653:  332:-       | 332:-       | 328:addq    | 328:-       | 328:-       
  654:  332:-       | 332:-       | 332:-       | 328:addq    | 328:-       
  655:  332:-       | 332:-       | 332:-       | 332:-       | 328:addq    r2=49998  
  656:  332:stq     | 332:-       | 332:-       | 332:-       | 332:-       
  657:  336:-       | 332:stq     | 332:-       | 332:-       | 332:-       
  658:  336:-       | 336:-       | 332:stq     | 332:-       | 332:-       
  659:  336:-       | 336:-       | 336:-       | 332:stq     | 332:-       BUS_STORE MEM[232] = 49998 accepted 1
  660:  336:-       | 336:-       | 336:-       | 336:-       | 332:stq     
  661:  336:addq    | 336:-       | 336:-       | 336:-       | 336:-       
  662:  340:-       | 336:addq    | 336:-       | 336:-       | 336:-       
  663:  340:-       | 340:-       | 336:addq    | 336:-       | 336:-       
  664:  340:-       | 340:-       | 340:-       | 336:addq    | 336:-       
  665:  340:-       | 340:-       | 340:-       | 340:-       | 336:addq    r0=96  
  666:  340:addq    | 340:-       | 340:-       | 340:-       | 340:-       
  667:  344:-       | 340:addq    | 340:-       | 340:-       | 340:-       
  668:  344:-       | 344:-       | 340:addq    | 340:-       | 340:-       
  669:  344:-       | 344:-       | 344:-       | 340:addq    | 340:-       
  670:  344:-       | 344:-       | 344:-       | 344:-       | 340:addq    r1=240  
  671:  344:addq    | 344:-       | 344:-       | 344:-       | 344:-       
  672:  348:-       | 344:addq    | 344:-       | 344:-       | 344:-       
  673:  348:-       | 348:-       | 344:addq    | 344:-       | 344:-       
  674:  348:-       | 348:-       | 348:-       | 344:addq    | 344:-       
  675:  348:-       | 348:-       | 348:-       | 348:-       | 344:addq    r5=11  
  676:  348:cmpult  | 348:-       | 348:-       | 348:-       | 348:-       
  677:  352:-       | 348:cmpult  | 348:-       | 348:-       | 348:-       
  678:  352:-       | 352:-       | 348:cmpult  | 348:-       | 348:-       
  679:  352:-       | 352:-       | 352:-       | 348:cmpult  | 348:-       
  680:  352:-       | 352:-       | 352:-       | 352:-       | 348:cmpult  r4=1  
  681:  352:bne     | 352:-       | 352:-       | 352:-       | 352:-       
  682:  356:-       | 352:bne     | 352:-       | 352:-       | 352:-       
  683:  356:-       | 356:-       | 352:bne     | 352:-       | 352:-       BUS_LOAD  MEM[352] accepted 1
  684:  356:-       | 356:-       | 356:-       | 352:bne     | 352:-       
  685:  316:-       | 356:-       | 356:-       | 356:-       | 352:bne     
  686:  316:ldq     | 316:-       | 356:-       | 356:-       | 356:-       
  687:  320:-       | 316:ldq     | 316:-       | 356:-       | 356:-       
  688:  320:-       | 320:-       | 316:ldq     | 316:-       | 356:-       
  689:  320:-       | 320:-       | 320:-       | 316:ldq     | 316:-       BUS_LOAD  MEM[96] accepted 1
  690:  320:-       | 320:-       | 320:-       | 316:ldq     | 316:-       
  691:  320:-       | 320:-       | 320:-       | 316:ldq     | 316:-       
  692:  320:-       | 320:-       | 320:-       | 316:ldq     | 316:-       
  693:  320:-       | 320:-       | 320:-       | 316:ldq     | 316:-       
  694:  320:-       | 320:-       | 320:-       | 320:-       | 316:ldq     r2=8  
  695:  320:mulq    | 320:-       | 320:-       | 320:-       | 320:-       
  696:  324:-       | 320:mulq    | 320:-       | 320:-       | 320:-       
  697:  324:-       | 324:-       | 320:mulq    | 320:-       | 320:-       
  698:  324:-       | 324:-       | 324:-       | 320:mulq    | 320:-       
  699:  324:-       | 324:-       | 324:-       | 324:-       | 320:mulq    r2=79992  
  700:  324:ldq     | 324:-       | 324:-       | 324:-       | 324:-       
  701:  328:-       | 324:ldq     | 324:-       | 324:-       | 324:-       
  702:  328:-       | 328:-       | 324:ldq     | 324:-       | 324:-       
  703:  328:-       | 328:-       | 328:-       | 324:ldq     | 324:-       BUS_LOAD  MEM[240] accepted 1
  704:  328:-       | 328:-       | 328:-       | 324:ldq     | 324:-       
  705:  328:-       | 328:-       | 328:-       | 324:ldq     | 324:-       
  706:  328:-       | 328:-       | 328:-       | 324:ldq     | 324:-       
  707:  328:-       | 328:-       | 328:-       | 324:ldq     | 324:-       
  708:  328:-       | 328:-       | 328:-       | 328:-       | 324:ldq     r3=7  
  709:  328:addq    | 328:-       | 328:-       | 328:-       | 328:-       
  710:  332:-       | 328:addq    | 328:-       | 328:-       | 328:-       
  711:  332:-       | 332:-       | 328:addq    | 328:-       | 328:-       
  712:  332:-       | 332:-       | 332:-       | 328:addq    | 328:-       
  713:  332:-       | 332:-       | 332:-       | 332:-       | 328:addq    r2=79999  
  714:  332:stq     | 332:-       | 332:-       | 332:-       | 332:-       
  715:  336:-       | 332:stq     | 332:-       | 332:-       | 332:-       
  716:  336:-       | 336:-       | 332:stq     | 332:-       | 332:-       
  717:  336:-       | 336:-       | 336:-       | 332:stq     | 332:-       BUS_STORE MEM[240] = 79999 accepted 1
  718:  336:-       | 336:-       | 336:-       | 336:-       | 332:stq     
  719:  336:addq    | 336:-       | 336:-       | 336:-       | 336:-       
  720:  340:-       | 336:addq    | 336:-       | 336:-       | 336:-       
  721:  340:-       | 340:-       | 336:addq    | 336:-       | 336:-       
  722:  340:-       | 340:-       | 340:-       | 336:addq    | 336:-       
  723:  340:-       | 340:-       | 340:-       | 340:-       | 336:addq    r0=104  
  724:  340:addq    | 340:-       | 340:-       | 340:-       | 340:-       
  725:  344:-       | 340:addq    | 340:-       | 340:-       | 340:-       
  726:  344:-       | 344:-       | 340:addq    | 340:-       | 340:-       
  727:  344:-       | 344:-       | 344:-       | 340:addq    | 340:-       
  728:  344:-       | 344:-       | 344:-       | 344:-       | 340:addq    r1=248  
  729:  344:addq    | 344:-       | 344:-       | 344:-       | 344:-       
  730:  348:-       | 344:addq    | 344:-       | 344:-       | 344:-       
  731:  348:-       | 348:-       | 344:addq    | 344:-       | 344:-       
  732:  348:-       | 348:-       | 348:-       | 344:addq    | 344:-       
  733:  348:-       | 348:-       | 348:-       | 348:-       | 344:addq    r5=12  
  734:  348:cmpult  | 348:-       | 348:-       | 348:-       | 348:-       
  735:  352:-       | 348:cmpult  | 348:-       | 348:-       | 348:-       
  736:  352:-       | 352:-       | 348:cmpult  | 348:-       | 348:-       
  737:  352:-       | 352:-       | 352:-       | 348:cmpult  | 348:-       
  738:  352:-       | 352:-       | 352:-       | 352:-       | 348:cmpult  r4=1  
  739:  352:bne     | 352:-       | 352:-       | 352:-       | 352:-       
  740:  356:-       | 352:bne     | 352:-       | 352:-       | 352:-       
  741:  356:-       | 356:-       | 352:bne     | 352:-       | 352:-       BUS_LOAD  MEM[352] accepted 1
  742:  356:-       | 356:-       | 356:-       | 352:bne     | 352:-       
  743:  316:-       | 356:-       | 356:-       | 356:-       | 352:bne     
  744:  316:ldq     | 316:-       | 356:-       | 356:-       | 356:-       
  745:  320:-       | 316:ldq     | 316:-       | 356:-       | 356:-       
  746:  320:-       | 320:-       | 316:ldq     | 316:-       | 356:-       
  747:  320:-       | 320:-       | 320:-       | 316:ldq     | 316:-       BUS_LOAD  MEM[104] accepted 1
  748:  320:-       | 320:-       | 320:-       | 316:ldq     | 316:-       
  749:  320:-       | 320:-       | 320:-       | 316:ldq     | 316:-       
  750:  320:-       | 320:-       | 320:-       | 316:ldq     | 316:-       
  751:  320:-       | 320:-       | 320:-       | 316:ldq     | 316:-       
  752:  320:-       | 320:-       | 320:-       | 320:-       | 316:ldq     r2=9  
  753:  320:mulq    | 320:-       | 320:-       | 320:-       | 320:-       
  754:  324:-       | 320:mulq    | 320:-       | 320:-       | 320:-       
  755:  324:-       | 324:-       | 320:mulq    | 320:-       | 320:-       
  756:  324:-       | 324:-       | 324:-       | 320:mulq    | 320:-       
  757:  324:-       | 324:-       | 324:-       | 324:-       | 320:mulq    r2=89991  
  758:  324:ldq     | 324:-       | 324:-       | 324:-       | 324:-       
  759:  328:-       | 324:ldq     | 324:-       | 324:-       | 324:-       
  760:  328:-       | 328:-       | 324:ldq     | 324:-       | 324:-       
  761:  328:-       | 328:-       | 328:-       | 324:ldq     | 324:-       BUS_LOAD  MEM[248] accepted 1
  762:  328:-       | 328:-       | 328:-       | 324:ldq     | 324:-       
  763:  328:-       | 328:-       | 328:-       | 324:ldq     | 324:-       
  764:  328:-       | 328:-       | 328:-       | 324:ldq     | 324:-       
  765:  328:-       | 328:-       | 328:-       | 324:ldq     | 324:-       
  766:  328:-       | 328:-       | 328:-       | 328:-       | 324:ldq     r3=3  
  767:  328:addq    | 328:-       | 328:-       | 328:-       | 328:-       
  768:  332:-       | 328:addq    | 328:-       | 328:-       | 328:-       
  769:  332:-       | 332:-       | 328:addq    | 328:-       | 328:-       
  770:  332:-       | 332:-       | 332:-       | 328:addq    | 328:-       
  771:  332:-       | 332:-       | 332:-       | 332:-       | 328:addq    r2=89994  
  772:  332:stq     | 332:-       | 332:-       | 332:-       | 332:-       
  773:  336:-       | 332:stq     | 332:-       | 332:-       | 332:-       
  774:  336:-       | 336:-       | 332:stq     | 332:-       | 332:-       
  775:  336:-       | 336:-       | 336:-       | 332:stq     | 332:-       BUS_STORE MEM[248] = 89994 accepted 1
  776:  336:-       | 336:-       | 336:-       | 336:-       | 332:stq     
  777:  336:addq    | 336:-       | 336:-       | 336:-       | 336:-       
  778:  340:-       | 336:addq    | 336:-       | 336:-       | 336:-       
  779:  340:-       | 340:-       | 336:addq    | 336:-       | 336:-       
  780:  340:-       | 340:-       | 340:-       | 336:addq    | 336:-       
  781:  340:-       | 340:-       | 340:-       | 340:-       | 336:addq    r0=112  
  782:  340:addq    | 340:-       | 340:-       | 340:-       | 340:-       
  783:  344:-       | 340:addq    | 340:-       | 340:-       | 340:-       
  784:  344:-       | 344:-       | 340:addq    | 340:-       | 340:-       
  785:  344:-       | 344:-       | 344:-       | 340:addq    | 340:-       
  786:  344:-       | 344:-       | 344:-       | 344:-       | 340:addq    r1=256  
  787:  344:addq    | 344:-       | 344:-       | 344:-       | 344:-       
  788:  348:-       | 344:addq    | 344:-       | 344:-       | 344:-       
  789:  348:-       | 348:-       | 344:addq    | 344:-       | 344:-       
  790:  348:-       | 348:-       | 348:-       | 344:addq    | 344:-       
  791:  348:-       | 348:-       | 348:-       | 348:-       | 344:addq    r5=13  
  792:  348:cmpult  | 348:-       | 348:-       | 348:-       | 348:-       
  793:  352:-       | 348:cmpult  | 348:-       | 348:-       | 348:-       
  794:  352:-       | 352:-       | 348:cmpult  | 348:-       | 348:-       
  795:  352:-       | 352:-       | 352:-       | 348:cmpult  | 348:-       
  796:  352:-       | 352:-       | 352:-       | 352:-       | 348:cmpult  r4=1  
  797:  352:bne     | 352:-       | 352:-       | 352:-       | 352:-       
  798:  356:-       | 352:bne     | 352:-       | 352:-       | 352:-       
  799:  356:-       | 356:-       | 352:bne     | 352:-       | 352:-       BUS_LOAD  MEM[352] accepted 1
  800:  356:-       | 356:-       | 356:-       | 352:bne     | 352:-       
  801:  316:-       | 356:-       | 356:-       | 356:-       | 352:bne     
  802:  316:ldq     | 316:-       | 356:-       | 356:-       | 356:-       
  803:  320:-       | 316:ldq     | 316:-       | 356:-       | 356:-       
  804:  320:-       | 320:-       | 316:ldq     | 316:-       | 356:-       
  805:  320:-       | 320:-       | 320:-       | 316:ldq     | 316:-       BUS_LOAD  MEM[112] accepted 1
  806:  320:-       | 320:-       | 320:-       | 316:ldq     | 316:-       
  807:  320:-       | 320:-       | 320:-       | 316:ldq     | 316:-       
  808:  320:-       | 320:-       | 320:-       | 316:ldq     | 316:-       
  809:  320:-       | 320:-       | 320:-       | 316:ldq     | 316:-       
  810:  320:-       | 320:-       | 320:-       | 320:-       | 316:ldq     r2=7  
  811:  320:mulq    | 320:-       | 320:-       | 320:-       | 320:-       
  812:  324:-       | 320:mulq    | 320:-       | 320:-       | 320:-       
  813:  324:-       | 324:-       | 320:mulq    | 320:-       | 320:-       
  814:  324:-       | 324:-       | 324:-       | 320:mulq    | 320:-       
  815:  324:-       | 324:-       | 324:-       | 324:-       | 320:mulq    r2=69993  
  816:  324:ldq     | 324:-       | 324:-       | 324:-       | 324:-       
  817:  328:-       | 324:ldq     | 324:-       | 324:-       | 324:-       
  818:  328:-       | 328:-       | 324:ldq     | 324:-       | 324:-       
  819:  328:-       | 328:-       | 328:-       | 324:ldq     | 324:-       BUS_LOAD  MEM[256] accepted 1
  820:  328:-       | 328:-       | 328:-       | 324:ldq     | 324:-       
  821:  328:-       | 328:-       | 328:-       | 324:ldq     | 324:-       
  822:  328:-       | 328:-       | 328:-       | 324:ldq     | 324:-       
  823:  328:-       | 328:-       | 328:-       | 324:ldq     | 324:-       
  824:  328:-       | 328:-       | 328:-       | 328:-       | 324:ldq     r3=0  
  825:  328:addq    | 328:-       | 328:-       | 328:-       | 328:-       
  826:  332:-       | 328:addq    | 328:-       | 328:-       | 328:-       
  827:  332:-       | 332:-       | 328:addq    | 328:-       | 328:-       
  828:  332:-       | 332:-       | 332:-       | 328:addq    | 328:-       
  829:  332:-       | 332:-       | 332:-       | 332:-       | 328:addq    r2=69993  
  830:  332:stq     | 332:-       | 332:-       | 332:-       | 332:-       
  831:  336:-       | 332:stq     | 332:-       | 332:-       | 332:-       
  832:  336:-       | 336:-       | 332:stq     | 332:-       | 332:-       
  833:  336:-       | 336:-       | 336:-       | 332:stq     | 332:-       BUS_STORE MEM[256] = 69993 accepted 1
  834:  336:-       | 336:-       | 336:-       | 336:-       | 332:stq     
  835:  336:addq    | 336:-       | 336:-       | 336:-       | 336:-       
  836:  340:-       | 336:addq    | 336:-       | 336:-       | 336:-       
  837:  340:-       | 340:-       | 336:addq    | 336:-       | 336:-       
  838:  340:-       | 340:-       | 340:-       | 336:addq    | 336:-       
  839:  340:-       | 340:-       | 340:-       | 340:-       | 336:addq    r0=120  
  840:  340:addq    | 340:-       | 340:-       | 340:-       | 340:-       
  841:  344:-       | 340:addq    | 340:-       | 340:-       | 340:-       
  842:  344:-       | 344:-       | 340:addq    | 340:-       | 340:-       
  843:  344:-       | 344:-       | 344:-       | 340:addq    | 340:-       
  844:  344:-       | 344:-       | 344:-       | 344:-       | 340:addq    r1=264  
  845:  344:addq    | 344:-       | 344:-       | 344:-       | 344:-       
  846:  348:-       | 344:addq    | 344:-       | 344:-       | 344:-       
  847:  348:-       | 348:-       | 344:addq    | 344:-       | 344:-       
  848:  348:-       | 348:-       | 348:-       | 344:addq    | 344:-       
  849:  348:-       | 348:-       | 348:-       | 348:-       | 344:addq    r5=14  
  850:  348:cmpult  | 348:-       | 348:-       | 348:-       | 348:-       
  851:  352:-       | 348:cmpult  | 348:-       | 348:-       | 348:-       
  852:  352:-       | 352:-       | 348:cmpult  | 348:-       | 348:-       
  853:  352:-       | 352:-       | 352:-       | 348:cmpult  | 348:-       
  854:  352:-       | 352:-       | 352:-       | 352:-       | 348:cmpult  r4=1  
  855:  352:bne     | 352:-       | 352:-       | 352:-       | 352:-       
  856:  356:-       | 352:bne     | 352:-       | 352:-       | 352:-       
  857:  356:-       | 356:-       | 352:bne     | 352:-       | 352:-       BUS_LOAD  MEM[352] accepted 1
  858:  356:-       | 356:-       | 356:-       | 352:bne     | 352:-       
  859:  316:-       | 356:-       | 356:-       | 356:-       | 352:bne     
  860:  316:ldq     | 316:-       | 356:-       | 356:-       | 356:-       
  861:  320:-       | 316:ldq     | 316:-       | 356:-       | 356:-       
  862:  320:-       | 320:-       | 316:ldq     | 316:-       | 356:-       
  863:  320:-       | 320:-       | 320:-       | 316:ldq     | 316:-       BUS_LOAD  MEM[120] accepted 1
  864:  320:-       | 320:-       | 320:-       | 316:ldq     | 316:-       
  865:  320:-       | 320:-       | 320:-       | 316:ldq     | 316:-       
  866:  320:-       | 320:-       | 320:-       | 316:ldq     | 316:-       
  867:  320:-       | 320:-       | 320:-       | 316:ldq     | 316:-       
  868:  320:-       | 320:-       | 320:-       | 320:-       | 316:ldq     r2=9  
  869:  320:mulq    | 320:-       | 320:-       | 320:-       | 320:-       
  870:  324:-       | 320:mulq    | 320:-       | 320:-       | 320:-       
  871:  324:-       | 324:-       | 320:mulq    | 320:-       | 320:-       
  872:  324:-       | 324:-       | 324:-       | 320:mulq    | 320:-       
  873:  324:-       | 324:-       | 324:-       | 324:-       | 320:mulq    r2=89991  
  874:  324:ldq     | 324:-       | 324:-       | 324:-       | 324:-       
  875:  328:-       | 324:ldq     | 324:-       | 324:-       | 324:-       
  876:  328:-       | 328:-       | 324:ldq     | 324:-       | 324:-       
  877:  328:-       | 328:-       | 328:-       | 324:ldq     | 324:-       BUS_LOAD  MEM[264] accepted 1
  878:  328:-       | 328:-       | 328:-       | 324:ldq     | 324:-       
  879:  328:-       | 328:-       | 328:-       | 324:ldq     | 324:-       
  880:  328:-       | 328:-       | 328:-       | 324:ldq     | 324:-       
  881:  328:-       | 328:-       | 328:-       | 324:ldq     | 324:-       
  882:  328:-       | 328:-       | 328:-       | 328:-       | 324:ldq     r3=9  
  883:  328:addq    | 328:-       | 328:-       | 328:-       | 328:-       
  884:  332:-       | 328:addq    | 328:-       | 328:-       | 328:-       
  885:  332:-       | 332:-       | 328:addq    | 328:-       | 328:-       
  886:  332:-       | 332:-       | 332:-       | 328:addq    | 328:-       
  887:  332:-       | 332:-       | 332:-       | 332:-       | 328:addq    r2=90000  
  888:  332:stq     | 332:-       | 332:-       | 332:-       | 332:-       
  889:  336:-       | 332:stq     | 332:-       | 332:-       | 332:-       
  890:  336:-       | 336:-       | 332:stq     | 332:-       | 332:-       
  891:  336:-       | 336:-       | 336:-       | 332:stq     | 332:-       BUS_STORE MEM[264] = 90000 accepted 1
  892:  336:-       | 336:-       | 336:-       | 336:-       | 332:stq     
  893:  336:addq    | 336:-       | 336:-       | 336:-       | 336:-       
  894:  340:-       | 336:addq    | 336:-       | 336:-       | 336:-       
  895:  340:-       | 340:-       | 336:addq    | 336:-       | 336:-       
  896:  340:-       | 340:-       | 340:-       | 336:addq    | 336:-       
  897:  340:-       | 340:-       | 340:-       | 340:-       | 336:addq    r0=128  
  898:  340:addq    | 340:-       | 340:-       | 340:-       | 340:-       
  899:  344:-       | 340:addq    | 340:-       | 340:-       | 340:-       
  900:  344:-       | 344:-       | 340:addq    | 340:-       | 340:-       
  901:  344:-       | 344:-       | 344:-       | 340:addq    | 340:-       
  902:  344:-       | 344:-       | 344:-       | 344:-       | 340:addq    r1=272  
  903:  344:addq    | 344:-       | 344:-       | 344:-       | 344:-       
  904:  348:-       | 344:addq    | 344:-       | 344:-       | 344:-       
  905:  348:-       | 348:-       | 344:addq    | 344:-       | 344:-       
  906:  348:-       | 348:-       | 348:-       | 344:addq    | 344:-       
  907:  348:-       | 348:-       | 348:-       | 348:-       | 344:addq    r5=15  
  908:  348:cmpult  | 348:-       | 348:-       | 348:-       | 348:-       
  909:  352:-       | 348:cmpult  | 348:-       | 348:-       | 348:-       
  910:  352:-       | 352:-       | 348:cmpult  | 348:-       | 348:-       
  911:  352:-       | 352:-       | 352:-       | 348:cmpult  | 348:-       
  912:  352:-       | 352:-       | 352:-       | 352:-       | 348:cmpult  r4=1  
  913:  352:bne     | 352:-       | 352:-       | 352:-       | 352:-       
  914:  356:-       | 352:bne     | 352:-       | 352:-       | 352:-       
  915:  356:-       | 356:-       | 352:bne     | 352:-       | 352:-       BUS_LOAD  MEM[352] accepted 1
  916:  356:-       | 356:-       | 356:-       | 352:bne     | 352:-       
  917:  316:-       | 356:-       | 356:-       | 356:-       | 352:bne     
  918:  316:ldq     | 316:-       | 356:-       | 356:-       | 356:-       
  919:  320:-       | 316:ldq     | 316:-       | 356:-       | 356:-       
  920:  320:-       | 320:-       | 316:ldq     | 316:-       | 356:-       
  921:  320:-       | 320:-       | 320:-       | 316:ldq     | 316:-       BUS_LOAD  MEM[128] accepted 1
  922:  320:-       | 320:-       | 320:-       | 316:ldq     | 316:-       
  923:  320:-       | 320:-       | 320:-       | 316:ldq     | 316:-       
  924:  320:-       | 320:-       | 320:-       | 316:ldq     | 316:-       
  925:  320:-       | 320:-       | 320:-       | 316:ldq     | 316:-       
  926:  320:-       | 320:-       | 320:-       | 320:-       | 316:ldq     r2=3  
  927:  320:mulq    | 320:-       | 320:-       | 320:-       | 320:-       
  928:  324:-       | 320:mulq    | 320:-       | 320:-       | 320:-       
  929:  324:-       | 324:-       | 320:mulq    | 320:-       | 320:-       
  930:  324:-       | 324:-       | 324:-       | 320:mulq    | 320:-       
  931:  324:-       | 324:-       | 324:-       | 324:-       | 320:mulq    r2=29997  
  932:  324:ldq     | 324:-       | 324:-       | 324:-       | 324:-       
  933:  328:-       | 324:ldq     | 324:-       | 324:-       | 324:-       
  934:  328:-       | 328:-       | 324:ldq     | 324:-       | 324:-       
  935:  328:-       | 328:-       | 328:-       | 324:ldq     | 324:-       BUS_LOAD  MEM[272] accepted 1
  936:  328:-       | 328:-       | 328:-       | 324:ldq     | 324:-       
  937:  328:-       | 328:-       | 328:-       | 324:ldq     | 324:-       
  938:  328:-       | 328:-       | 328:-       | 324:ldq     | 324:-       
  939:  328:-       | 328:-       | 328:-       | 324:ldq     | 324:-       
  940:  328:-       | 328:-       | 328:-       | 328:-       | 324:ldq     r3=5  
  941:  328:addq    | 328:-       | 328:-       | 328:-       | 328:-       
  942:  332:-       | 328:addq    | 328:-       | 328:-       | 328:-       
  943:  332:-       | 332:-       | 328:addq    | 328:-       | 328:-       
  944:  332:-       | 332:-       | 332:-       | 328:addq    | 328:-       
  945:  332:-       | 332:-       | 332:-       | 332:-       | 328:addq    r2=30002  
  946:  332:stq     | 332:-       | 332:-       | 332:-       | 332:-       
  947:  336:-       | 332:stq     | 332:-       | 332:-       | 332:-       
  948:  336:-       | 336:-       | 332:stq     | 332:-       | 332:-       
  949:  336:-       | 336:-       | 336:-       | 332:stq     | 332:-       BUS_STORE MEM[272] = 30002 accepted 1
  950:  336:-       | 336:-       | 336:-       | 336:-       | 332:stq     
  951:  336:addq    | 336:-       | 336:-       | 336:-       | 336:-       
  952:  340:-       | 336:addq    | 336:-       | 336:-       | 336:-       
  953:  340:-       | 340:-       | 336:addq    | 336:-       | 336:-       
  954:  340:-       | 340:-       | 340:-       | 336:addq    | 336:-       
  955:  340:-       | 340:-       | 340:-       | 340:-       | 336:addq    r0=136  
  956:  340:addq    | 340:-       | 340:-       | 340:-       | 340:-       
  957:  344:-       | 340:addq    | 340:-       | 340:-       | 340:-       
  958:  344:-       | 344:-       | 340:addq    | 340:-       | 340:-       
  959:  344:-       | 344:-       | 344:-       | 340:addq    | 340:-       
  960:  344:-       | 344:-       | 344:-       | 344:-       | 340:addq    r1=280  
  961:  344:addq    | 344:-       | 344:-       | 344:-       | 344:-       
  962:  348:-       | 344:addq    | 344:-       | 344:-       | 344:-       
  963:  348:-       | 348:-       | 344:addq    | 344:-       | 344:-       
  964:  348:-       | 348:-       | 348:-       | 344:addq    | 344:-       
  965:  348:-       | 348:-       | 348:-       | 348:-       | 344:addq    r5=16  
  966:  348:cmpult  | 348:-       | 348:-       | 348:-       | 348:-       
  967:  352:-       | 348:cmpult  | 348:-       | 348:-       | 348:-       
  968:  352:-       | 352:-       | 348:cmpult  | 348:-       | 348:-       
  969:  352:-       | 352:-       | 352:-       | 348:cmpult  | 348:-       
  970:  352:-       | 352:-       | 352:-       | 352:-       | 348:cmpult  r4=1  
  971:  352:bne     | 352:-       | 352:-       | 352:-       | 352:-       
  972:  356:-       | 352:bne     | 352:-       | 352:-       | 352:-       
  973:  356:-       | 356:-       | 352:bne     | 352:-       | 352:-       BUS_LOAD  MEM[352] accepted 1
  974:  356:-       | 356:-       | 356:-       | 352:bne     | 352:-       
  975:  316:-       | 356:-       | 356:-       | 356:-       | 352:bne     
  976:  316:ldq     | 316:-       | 356:-       | 356:-       | 356:-       
  977:  320:-       | 316:ldq     | 316:-       | 356:-       | 356:-       
  978:  320:-       | 320:-       | 316:ldq     | 316:-       | 356:-       
  979:  320:-       | 320:-       | 320:-       | 316:ldq     | 316:-       BUS_LOAD  MEM[136] accepted 1
  980:  320:-       | 320:-       | 320:-       | 316:ldq     | 316:-       
  981:  320:-       | 320:-       | 320:-       | 316:ldq     | 316:-       
  982:  320:-       | 320:-       | 320:-       | 316:ldq     | 316:-       
  983:  320:-       | 320:-       | 320:-       | 316:ldq     | 316:-       
  984:  320:-       | 320:-       | 320:-       | 320:-       | 316:ldq     r2=2  
  985:  320:mulq    | 320:-       | 320:-       | 320:-       | 320:-       
  986:  324:-       | 320:mulq    | 320:-       | 320:-       | 320:-       
  987:  324:-       | 324:-       | 320:mulq    | 320:-       | 320:-       
  988:  324:-       | 324:-       | 324:-       | 320:mulq    | 320:-       
  989:  324:-       | 324:-       | 324:-       | 324:-       | 320:mulq    r2=19998  
  990:  324:ldq     | 324:-       | 324:-       | 324:-       | 324:-       
  991:  328:-       | 324:ldq     | 324:-       | 324:-       | 324:-       
  992:  328:-       | 328:-       | 324:ldq     | 324:-       | 324:-       
  993:  328:-       | 328:-       | 328:-       | 324:ldq     | 324:-       BUS_LOAD  MEM[280] accepted 1
  994:  328:-       | 328:-       | 328:-       | 324:ldq     | 324:-       
  995:  328:-       | 328:-       | 328:-       | 324:ldq     | 324:-       
  996:  328:-       | 328:-       | 328:-       | 324:ldq     | 324:-       
  997:  328:-       | 328:-       | 328:-       | 324:ldq     | 324:-       
  998:  328:-       | 328:-       | 328:-       | 328:-       | 324:ldq     r3=0  
  999:  328:addq    | 328:-       | 328:-       | 328:-       | 328:-       
 1000:  332:-       | 328:addq    | 328:-       | 328:-       | 328:-       
 1001:  332:-       | 332:-       | 328:addq    | 328:-       | 328:-       
 1002:  332:-       | 332:-       | 332:-       | 328:addq    | 328:-       
 1003:  332:-       | 332:-       | 332:-       | 332:-       | 328:addq    r2=19998  
 1004:  332:stq     | 332:-       | 332:-       | 332:-       | 332:-       
 1005:  336:-       | 332:stq     | 332:-       | 332:-       | 332:-       
 1006:  336:-       | 336:-       | 332:stq     | 332:-       | 332:-       
 1007:  336:-       | 336:-       | 336:-       | 332:stq     | 332:-       BUS_STORE MEM[280] = 19998 accepted 1
 1008:  336:-       | 336:-       | 336:-       | 336:-       | 332:stq     
 1009:  336:addq    | 336:-       | 336:-       | 336:-       | 336:-       
 1010:  340:-       | 336:addq    | 336:-       | 336:-       | 336:-       
 1011:  340:-       | 340:-       | 336:addq    | 336:-       | 336:-       
 1012:  340:-       | 340:-       | 340:-       | 336:addq    | 336:-       
 1013:  340:-       | 340:-       | 340:-       | 340:-       | 336:addq    r0=144  
 1014:  340:addq    | 340:-       | 340:-       | 340:-       | 340:-       
 1015:  344:-       | 340:addq    | 340:-       | 340:-       | 340:-       
 1016:  344:-       | 344:-       | 340:addq    | 340:-       | 340:-       
 1017:  344:-       | 344:-       | 344:-       | 340:addq    | 340:-       
 1018:  344:-       | 344:-       | 344:-       | 344:-       | 340:addq    r1=288  
 1019:  344:addq    | 344:-       | 344:-       | 344:-       | 344:-       
 1020:  348:-       | 344:addq    | 344:-       | 344:-       | 344:-       
 1021:  348:-       | 348:-       | 344:addq    | 344:-       | 344:-       
 1022:  348:-       | 348:-       | 348:-       | 344:addq    | 344:-       
 1023:  348:-       | 348:-       | 348:-       | 348:-       | 344:addq    r5=17  
 1024:  348:cmpult  | 348:-       | 348:-       | 348:-       | 348:-       
 1025:  352:-       | 348:cmpult  | 348:-       | 348:-       | 348:-       
 1026:  352:-       | 352:-       | 348:cmpult  | 348:-       | 348:-       
 1027:  352:-       | 352:-       | 352:-       | 348:cmpult  | 348:-       
 1028:  352:-       | 352:-       | 352:-       | 352:-       | 348:cmpult  r4=1  
 1029:  352:bne     | 352:-       | 352:-       | 352:-       | 352:-       
 1030:  356:-       | 352:bne     | 352:-       | 352:-       | 352:-       
 1031:  356:-       | 356:-       | 352:bne     | 352:-       | 352:-       BUS_LOAD  MEM[352] accepted 1
 1032:  356:-       | 356:-       | 356:-       | 352:bne     | 352:-       
 1033:  316:-       | 356:-       | 356:-       | 356:-       | 352:bne     
 1034:  316:ldq     | 316:-       | 356:-       | 356:-       | 356:-       
 1035:  320:-       | 316:ldq     | 316:-       | 356:-       | 356:-       
 1036:  320:-       | 320:-       | 316:ldq     | 316:-       | 356:-       
 1037:  320:-       | 320:-       | 320:-       | 316:ldq     | 316:-       BUS_LOAD  MEM[144] accepted 1
 1038:  320:-       | 320:-       | 320:-       | 316:ldq     | 316:-       
 1039:  320:-       | 320:-       | 320:-       | 316:ldq     | 316:-       
 1040:  320:-       | 320:-       | 320:-       | 316:ldq     | 316:-       
 1041:  320:-       | 320:-       | 320:-       | 316:ldq     | 316:-       
 1042:  320:-       | 320:-       | 320:-       | 320:-       | 316:ldq     r2=3  
 1043:  320:mulq    | 320:-       | 320:-       | 320:-       | 320:-       
 1044:  324:-       | 320:mulq    | 320:-       | 320:-       | 320:-       
 1045:  324:-       | 324:-       | 320:mulq    | 320:-       | 320:-       
 1046:  324:-       | 324:-       | 324:-       | 320:mulq    | 320:-       
 1047:  324:-       | 324:-       | 324:-       | 324:-       | 320:mulq    r2=29997  
 1048:  324:ldq     | 324:-       | 324:-       | 324:-       | 324:-       
 1049:  328:-       | 324:ldq     | 324:-       | 324:-       | 324:-       
 1050:  328:-       | 328:-       | 324:ldq     | 324:-       | 324:-       
 1051:  328:-       | 328:-       | 328:-       | 324:ldq     | 324:-       BUS_LOAD  MEM[288] accepted 1
 1052:  328:-       | 328:-       | 328:-       | 324:ldq     | 324:-       
 1053:  328:-       | 328:-       | 328:-       | 324:ldq     | 324:-       
 1054:  328:-       | 328:-       | 328:-       | 324:ldq     | 324:-       
 1055:  328:-       | 328:-       | 328:-       | 324:ldq     | 324:-       
 1056:  328:-       | 328:-       | 328:-       | 328:-       | 324:ldq     r3=4  
 1057:  328:addq    | 328:-       | 328:-       | 328:-       | 328:-       
 1058:  332:-       | 328:addq    | 328:-       | 328:-       | 328:-       
 1059:  332:-       | 332:-       | 328:addq    | 328:-       | 328:-       
 1060:  332:-       | 332:-       | 332:-       | 328:addq    | 328:-       
 1061:  332:-       | 332:-       | 332:-       | 332:-       | 328:addq    r2=30001  
 1062:  332:stq     | 332:-       | 332:-       | 332:-       | 332:-       
 1063:  336:-       | 332:stq     | 332:-       | 332:-       | 332:-       
 1064:  336:-       | 336:-       | 332:stq     | 332:-       | 332:-       
 1065:  336:-       | 336:-       | 336:-       | 332:stq     | 332:-       BUS_STORE MEM[288] = 30001 accepted 1
 1066:  336:-       | 336:-       | 336:-       | 336:-       | 332:stq     
 1067:  336:addq    | 336:-       | 336:-       | 336:-       | 336:-       
 1068:  340:-       | 336:addq    | 336:-       | 336:-       | 336:-       
 1069:  340:-       | 340:-       | 336:addq    | 336:-       | 336:-       
 1070:  340:-       | 340:-       | 340:-       | 336:addq    | 336:-       
 1071:  340:-       | 340:-       | 340:-       | 340:-       | 336:addq    r0=152  
 1072:  340:addq    | 340:-       | 340:-       | 340:-       | 340:-       
 1073:  344:-       | 340:addq    | 340:-       | 340:-       | 340:-       
 1074:  344:-       | 344:-       | 340:addq    | 340:-       | 340:-       
 1075:  344:-       | 344:-       | 344:-       | 340:addq    | 340:-       
 1076:  344:-       | 344:-       | 344:-       | 344:-       | 340:addq    r1=296  
 1077:  344:addq    | 344:-       | 344:-       | 344:-       | 344:-       
 1078:  348:-       | 344:addq    | 344:-       | 344:-       | 344:-       
 1079:  348:-       | 348:-       | 344:addq    | 344:-       | 344:-       
 1080:  348:-       | 348:-       | 348:-       | 344:addq    | 344:-       
 1081:  348:-       | 348:-       | 348:-       | 348:-       | 344:addq    r5=18  
 1082:  348:cmpult  | 348:-       | 348:-       | 348:-       | 348:-       
 1083:  352:-       | 348:cmpult  | 348:-       | 348:-       | 348:-       
 1084:  352:-       | 352:-       | 348:cmpult  | 348:-       | 348:-       
 1085:  352:-       | 352:-       | 352:-       | 348:cmpult  | 348:-       
 1086:  352:-       | 352:-       | 352:-       | 352:-       | 348:cmpult  r4=0  
 1087:  352:bne     | 352:-       | 352:-       | 352:-       | 352:-       
 1088:  356:-       | 352:bne     | 352:-       | 352:-       | 352:-       
 1089:  356:-       | 356:-       | 352:bne     | 352:-       | 352:-       BUS_LOAD  MEM[352] accepted 1
 1090:  356:-       | 356:-       | 356:-       | 352:bne     | 352:-       
 1091:  356:-       | 356:-       | 356:-       | 356:-       | 352:bne     
 1092:  356:-       | 356:-       | 356:-       | 356:-       | 356:-       
 1093:  356:-       | 356:-       | 356:-       | 356:-       | 356:-       
 1094:  356:halt    | 356:-       | 356:-       | 356:-       | 356:-       
 1095:  360:-       | 356:halt    | 356:-       | 356:-       | 356:-       
 1096:  360:-       | 360:-       | 356:halt    | 356:-       | 356:-       
 1097:  360:-       | 360:-       | 360:-       | 356:halt    | 356:-       
 1098:  360:-       | 360:-       | 360:-       | 360:-       | 356:halt    
