                                                                            D-MEM Bus &
Cycle:      IF      |     ID      |     EX      |     MEM     |     WB      Reg Result
    0:    4:-       |   0:-       |   0:-       |   0:-       |   0:-       
    1:    4:-       |   4:-       |   0:-       |   0:-       |   0:-       BUS_LOAD  MEM[0] accepted 1
    2:    4:-       |   4:-       |   4:-       |   0:-       |   0:-       
    3:    4:-       |   4:-       |   4:-       |   4:-       |   0:-       
    4:    4:-       |   4:-       |   4:-       |   4:-       |   4:-       
    5:    4:-       |   4:-       |   4:-       |   4:-       |   4:-       
    6:    4:lda     |   4:-       |   4:-       |   4:-       |   4:-       
    7:    8:-       |   4:lda     |   4:-       |   4:-       |   4:-       
    8:    8:-       |   8:-       |   4:lda     |   4:-       |   4:-       
    9:    8:-       |   8:-       |   8:-       |   4:lda     |   4:-       
   10:    8:-       |   8:-       |   8:-       |   8:-       |   4:lda     r30=4096  
   11:    8:lda     |   8:-       |   8:-       |   8:-       |   8:-       
   12:   12:-       |   8:lda     |   8:-       |   8:-       |   8:-       
   13:   12:-       |  12:-       |   8:lda     |   8:-       |   8:-       BUS_LOAD  MEM[8] accepted 1
   14:   12:-       |  12:-       |  12:-       |   8:lda     |   8:-       
   15:   12:-       |  12:-       |  12:-       |  12:-       |   8:lda     r16=4  
   16:   12:-       |  12:-       |  12:-       |  12:-       |  12:-       
   17:   12:-       |  12:-       |  12:-       |  12:-       |  12:-       
   18:   12:bsr     |  12:-       |  12:-       |  12:-       |  12:-       
   19:   16:-       |  12:bsr     |  12:-       |  12:-       |  12:-       
   20:   16:-       |  16:-       |  12:bsr     |  12:-       |  12:-       
   21:   16:-       |  16:-       |  16:-       |  12:bsr     |  12:-       
   22:   28:-       |  16:-       |  16:-       |  16:-       |  12:bsr     r26=12  
   23:   28:-       |  28:-       |  16:-       |  16:-       |  16:-       BUS_LOAD  MEM[24] accepted 1
   24:   28:-       |  28:-       |  28:-       |  16:-       |  16:-       
   25:   28:-       |  28:-       |  28:-       |  28:-       |  16:-       
   26:   28:-       |  28:-       |  28:-       |  28:-       |  28:-       
   27:   28:-       |  28:-       |  28:-       |  28:-       |  28:-       
   28:   28:beq     |  28:-       |  28:-       |  28:-       |  28:-       
   29:   32:-       |  28:beq     |  28:-       |  28:-       |  28:-       
   30:   32:-       |  32:-       |  28:beq     |  28:-       |  28:-       
   31:   32:-       |  32:-       |  32:-       |  28:beq     |  28:-       
   32:   32:-       |  32:-       |  32:-       |  32:-       |  28:beq     
   33:   32:cmpeq   |  32:-       |  32:-       |  32:-       |  32:-       
   34:   36:-       |  32:cmpeq   |  32:-       |  32:-       |  32:-       
   35:   36:-       |  36:-       |  32:cmpeq   |  32:-       |  32:-       BUS_LOAD  MEM[32] accepted 1
   36:   36:-       |  36:-       |  36:-       |  32:cmpeq   |  32:-       
   37:   36:-       |  36:-       |  36:-       |  36:-       |  32:cmpeq   r1=0  
   38:   36:-       |  36:-       |  36:-       |  36:-       |  36:-       
   39:   36:-       |  36:-       |  36:-       |  36:-       |  36:-       
   40:   36:bne     |  36:-       |  36:-       |  36:-       |  36:-       
   41:   40:-       |  36:bne     |  36:-       |  36:-       |  36:-       
   42:   40:-       |  40:-       |  36:bne     |  36:-       |  36:-       
   43:   40:-       |  40:-       |  40:-       |  36:bne     |  36:-       
   44:   40:-       |  40:-       |  40:-       |  40:-       |  36:bne     
   45:   40:subq    |  40:-       |  40:-       |  40:-       |  40:-       
   46:   44:-       |  40:subq    |  40:-       |  40:-       |  40:-       
   47:   44:-       |  44:-       |  40:subq    |  40:-       |  40:-       BUS_LOAD  MEM[40] accepted 1
   48:   44:-       |  44:-       |  44:-       |  40:subq    |  40:-       
   49:   44:-       |  44:-       |  44:-       |  44:-       |  40:subq    r30=4064  
   50:   44:-       |  44:-       |  44:-       |  44:-       |  44:-       
   51:   44:-       |  44:-       |  44:-       |  44:-       |  44:-       
   52:   44:stq     |  44:-       |  44:-       |  44:-       |  44:-       
   53:   48:-       |  44:stq     |  44:-       |  44:-       |  44:-       
   54:   48:-       |  48:-       |  44:stq     |  44:-       |  44:-       
   55:   48:-       |  48:-       |  48:-       |  44:stq     |  44:-       BUS_STORE MEM[4088] = 12 accepted 1
   56:   48:-       |  48:-       |  48:-       |  48:-       |  44:stq     
   57:   48:stq     |  48:-       |  48:-       |  48:-       |  48:-       
   58:   52:-       |  48:stq     |  48:-       |  48:-       |  48:-       
   59:   52:-       |  52:-       |  48:stq     |  48:-       |  48:-       BUS_LOAD  MEM[48] accepted 2
   60:   52:-       |  52:-       |  52:-       |  48:stq     |  48:-       BUS_STORE MEM[4064] = 4 accepted 1
   61:   52:-       |  52:-       |  52:-       |  52:-       |  48:stq     
   62:   52:-       |  52:-       |  52:-       |  52:-       |  52:-       
   63:   52:-       |  52:-       |  52:-       |  52:-       |  52:-       
   64:   52:subq    |  52:-       |  52:-       |  52:-       |  52:-       
   65:   56:-       |  52:subq    |  52:-       |  52:-       |  52:-       
   66:   56:-       |  56:-       |  52:subq    |  52:-       |  52:-       
   67:   56:-       |  56:-       |  56:-       |  52:subq    |  52:-       
   68:   56:-       |  56:-       |  56:-       |  56:-       |  52:subq    r16=3  
   69:   56:bsr     |  56:-       |  56:-       |  56:-       |  56:-       
   70:   60:-       |  56:bsr     |  56:-       |  56:-       |  56:-       
   71:   60:-       |  60:-       |  56:bsr     |  56:-       |  56:-       BUS_LOAD  MEM[56] accepted 1
   72:   60:-       |  60:-       |  60:-       |  56:bsr     |  56:-       
   73:   28:-       |  60:-       |  60:-       |  60:-       |  56:bsr     r26=56  
   74:   28:beq     |  28:-       |  60:-       |  60:-       |  60:-       
   75:   32:-       |  28:beq     |  28:-       |  60:-       |  60:-       
   76:   32:-       |  32:-       |  28:beq     |  28:-       |  60:-       
   77:   32:-       |  32:-       |  32:-       |  28:beq     |  28:-       
   78:   32:-       |  32:-       |  32:-       |  32:-       |  28:beq     
   79:   32:cmpeq   |  32:-       |  32:-       |  32:-       |  32:-       
   80:   36:-       |  32:cmpeq   |  32:-       |  32:-       |  32:-       
   81:   36:-       |  36:-       |  32:cmpeq   |  32:-       |  32:-       
   82:   36:-       |  36:-       |  36:-       |  32:cmpeq   |  32:-       
   83:   36:-       |  36:-       |  36:-       |  36:-       |  32:cmpeq   r1=0  
   84:   36:bne     |  36:-       |  36:-       |  36:-       |  36:-       
   85:   40:-       |  36:bne     |  36:-       |  36:-       |  36:-       
   86:   40:-       |  40:-       |  36:bne     |  36:-       |  36:-       
   87:   40:-       |  40:-       |  40:-       |  36:bne     |  36:-       
   88:   40:-       |  40:-       |  40:-       |  40:-       |  36:bne     
   89:   40:subq    |  40:-       |  40:-       |  40:-       |  40:-       
   90:   44:-       |  40:subq    |  40:-       |  40:-       |  40:-       
   91:   44:-       |  44:-       |  40:subq    |  40:-       |  40:-       
   92:   44:-       |  44:-       |  44:-       |  40:subq    |  40:-       
   93:   44:-       |  44:-       |  44:-       |  44:-       |  40:subq    r30=4032  
   94:   44:stq     |  44:-       |  44:-       |  44:-       |  44:-       
   95:   48:-       |  44:stq     |  44:-       |  44:-       |  44:-       
   96:   48:-       |  48:-       |  44:stq     |  44:-       |  44:-       
   97:   48:-       |  48:-       |  48:-       |  44:stq     |  44:-       BUS_STORE MEM[4056] = 56 accepted 1
   98:   48:-       |  48:-       |  48:-       |  48:-       |  44:stq     
   99:   48:stq     |  48:-       |  48:-       |  48:-       |  48:-       
  100:   52:-       |  48:stq     |  48:-       |  48:-       |  48:-       
  101:   52:-       |  52:-       |  48:stq     |  48:-       |  48:-       
  102:   52:-       |  52:-       |  52:-       |  48:stq     |  48:-       BUS_STORE MEM[4032] = 3 accepted 1
  103:   52:-       |  52:-       |  52:-       |  52:-       |  48:stq     
  104:   52:subq    |  52:-       |  52:-       |  52:-       |  52:-       
  105:   56:-       |  52:subq    |  52:-       |  52:-       |  52:-       
  106:   56:-       |  56:-       |  52:subq    |  52:-       |  52:-       
  107:   56:-       |  56:-       |  56:-       |  52:subq    |  52:-       
  108:   56:-       |  56:-       |  56:-       |  56:-       |  52:subq    r16=2  
  109:   56:bsr     |  56:-       |  56:-       |  56:-       |  56:-       
  110:   60:-       |  56:bsr     |  56:-       |  56:-       |  56:-       
  111:   60:-       |  60:-       |  56:bsr     |  56:-       |  56:-       BUS_LOAD  MEM[56] accepted 1
  112:   60:-       |  60:-       |  60:-       |  56:bsr     |  56:-       
  113:   28:-       |  60:-       |  60:-       |  60:-       |  56:bsr     r26=56  
  114:   28:beq     |  28:-       |  60:-       |  60:-       |  60:-       
  115:   32:-       |  28:beq     |  28:-       |  60:-       |  60:-       
  116:   32:-       |  32:-       |  28:beq     |  28:-       |  60:-       
  117:   32:-       |  32:-       |  32:-       |  28:beq     |  28:-       
  118:   32:-       |  32:-       |  32:-       |  32:-       |  28:beq     
  119:   32:cmpeq   |  32:-       |  32:-       |  32:-       |  32:-       
  120:   36:-       |  32:cmpeq   |  32:-       |  32:-       |  32:-       
  121:   36:-       |  36:-       |  32:cmpeq   |  32:-       |  32:-       
  122:   36:-       |  36:-       |  36:-       |  32:cmpeq   |  32:-       
  123:   36:-       |  36:-       |  36:-       |  36:-       |  32:cmpeq   r1=0  
  124:   36:bne     |  36:-       |  36:-       |  36:-       |  36:-       
  125:   40:-       |  36:bne     |  36:-       |  36:-       |  36:-       
  126:   40:-       |  40:-       |  36:bne     |  36:-       |  36:-       
  127:   40:-       |  40:-       |  40:-       |  36:bne     |  36:-       
  128:   40:-       |  40:-       |  40:-       |  40:-       |  36:bne     
  129:   40:subq    |  40:-       |  40:-       |  40:-       |  40:-       
  130:   44:-       |  40:subq    |  40:-       |  40:-       |  40:-       
  131:   44:-       |  44:-       |  40:subq    |  40:-       |  40:-       
  132:   44:-       |  44:-       |  44:-       |  40:subq    |  40:-       
  133:   44:-       |  44:-       |  44:-       |  44:-       |  40:subq    r30=4000  
  134:   44:stq     |  44:-       |  44:-       |  44:-       |  44:-       
  135:   48:-       |  44:stq     |  44:-       |  44:-       |  44:-       
  136:   48:-       |  48:-       |  44:stq     |  44:-       |  44:-       
  137:   48:-       |  48:-       |  48:-       |  44:stq     |  44:-       BUS_STORE MEM[4024] = 56 accepted 1
  138:   48:-       |  48:-       |  48:-       |  48:-       |  44:stq     
  139:   48:stq     |  48:-       |  48:-       |  48:-       |  48:-       
  140:   52:-       |  48:stq     |  48:-       |  48:-       |  48:-       
  141:   52:-       |  52:-       |  48:stq     |  48:-       |  48:-       
  142:   52:-       |  52:-       |  52:-       |  48:stq     |  48:-       BUS_STORE MEM[4000] = 2 accepted 1
  143:   52:-       |  52:-       |  52:-       |  52:-       |  48:stq     
  144:   52:subq    |  52:-       |  52:-       |  52:-       |  52:-       
  145:   56:-       |  52:subq    |  52:-       |  52:-       |  52:-       
  146:   56:-       |  56:-       |  52:subq    |  52:-       |  52:-       
  147:   56:-       |  56:-       |  56:-       |  52:subq    |  52:-       
  148:   56:-       |  56:-       |  56:-       |  56:-       |  52:subq    r16=1  
  149:   56:bsr     |  56:-       |  56:-       |  56:-       |  56:-       
  150:   60:-       |  56:bsr     |  56:-       |  56:-       |  56:-       
  151:   60:-       |  60:-       |  56:bsr     |  56:-       |  56:-       BUS_LOAD  MEM[56] accepted 1
  152:   60:-       |  60:-       |  60:-       |  56:bsr     |  56:-       
  153:   28:-       |  60:-       |  60:-       |  60:-       |  56:bsr     r26=56  
  154:   28:beq     |  28:-       |  60:-       |  60:-       |  60:-       
  155:   32:-       |  28:beq     |  28:-       |  60:-       |  60:-       
  156:   32:-       |  32:-       |  28:beq     |  28:-       |  60:-       
  157:   32:-       |  32:-       |  32:-       |  28:beq     |  28:-       
  158:   32:-       |  32:-       |  32:-       |  32:-       |  28:beq     
  159:   32:cmpeq   |  32:-       |  32:-       |  32:-       |  32:-       
  160:   36:-       |  32:cmpeq   |  32:-       |  32:-       |  32:-       
  161:   36:-       |  36:-       |  32:cmpeq   |  32:-       |  32:-       
  162:   36:-       |  36:-       |  36:-       |  32:cmpeq   |  32:-       
  163:   36:-       |  36:-       |  36:-       |  36:-       |  32:cmpeq   r1=1  
  164:   36:bne     |  36:-       |  36:-       |  36:-       |  36:-       
  165:   40:-       |  36:bne     |  36:-       |  36:-       |  36:-       
  166:   40:-       |  40:-       |  36:bne     |  36:-       |  36:-       
  167:   40:-       |  40:-       |  40:-       |  36:bne     |  36:-       
  168:   96:-       |  40:-       |  40:-       |  40:-       |  36:bne     
  169:   96:-       |  96:-       |  40:-       |  40:-       |  40:-       BUS_LOAD  MEM[88] accepted 1
  170:   96:-       |  96:-       |  96:-       |  40:-       |  40:-       
  171:   96:-       |  96:-       |  96:-       |  96:-       |  40:-       
  172:   96:-       |  96:-       |  96:-       |  96:-       |  96:-       
  173:   96:-       |  96:-       |  96:-       |  96:-       |  96:-       
  174:   96:bis     |  96:-       |  96:-       |  96:-       |  96:-       
  175:  100:-       |  96:bis     |  96:-       |  96:-       |  96:-       
  176:  100:-       | 100:-       |  96:bis     |  96:-       |  96:-       BUS_LOAD  MEM[96] accepted 1
  177:  100:-       | 100:-       | 100:-       |  96:bis     |  96:-       
  178:  100:-       | 100:-       | 100:-       | 100:-       |  96:bis     r0=1  
  179:  100:-       | 100:-       | 100:-       | 100:-       | 100:-       
  180:  100:-       | 100:-       | 100:-       | 100:-       | 100:-       
  181:  100:jsr     | 100:-       | 100:-       | 100:-       | 100:-       
  182:  104:-       | 100:jsr     | 100:-       | 100:-       | 100:-       
  183:  104:-       | 104:-       | 100:jsr     | 100:-       | 100:-       
  184:  104:-       | 104:-       | 104:-       | 100:jsr     | 100:-       
  185:   60:-       | 104:-       | 104:-       | 104:-       | 100:jsr     
  186:   60:-       |  60:-       | 104:-       | 104:-       | 104:-       BUS_LOAD  MEM[56] accepted 1
  187:   60:-       |  60:-       |  60:-       | 104:-       | 104:-       
  188:   60:-       |  60:-       |  60:-       |  60:-       | 104:-       
  189:   60:-       |  60:-       |  60:-       |  60:-       |  60:-       
  190:   60:-       |  60:-       |  60:-       |  60:-       |  60:-       
  191:   60:stq     |  60:-       |  60:-       |  60:-       |  60:-       
  192:   64:-       |  60:stq     |  60:-       |  60:-       |  60:-       
  193:   64:-       |  64:-       |  60:stq     |  60:-       |  60:-       
  194:   64:-       |  64:-       |  64:-       |  60:stq     |  60:-       BUS_STORE MEM[4008] = 1 accepted 1
  195:   64:-       |  64:-       |  64:-       |  64:-       |  60:stq     
  196:   64:ldq     |  64:-       |  64:-       |  64:-       |  64:-       
  197:   68:-       |  64:ldq     |  64:-       |  64:-       |  64:-       
  198:   68:-       |  68:-       |  64:ldq     |  64:-       |  64:-       BUS_LOAD  MEM[64] accepted 2
  199:   68:-       |  68:-       |  68:-       |  64:ldq     |  64:-       BUS_LOAD  MEM[4000] accepted 1
  200:   68:-       |  68:-       |  68:-       |  64:ldq     |  64:-       
  201:   68:-       |  68:-       |  68:-       |  64:ldq     |  64:-       
  202:   68:-       |  68:-       |  68:-       |  64:ldq     |  64:-       
  203:   68:-       |  68:-       |  68:-       |  64:ldq     |  64:-       
  204:   68:-       |  68:-       |  68:-       |  68:-       |  64:ldq     r16=2  
  205:   68:subq    |  68:-       |  68:-       |  68:-       |  68:-       
  206:   72:-       |  68:subq    |  68:-       |  68:-       |  68:-       
  207:   72:-       |  72:-       |  68:subq    |  68:-       |  68:-       
  208:   72:-       |  72:-       |  72:-       |  68:subq    |  68:-       
  209:   72:-       |  72:-       |  72:-       |  72:-       |  68:subq    r16=0  
  210:   72:bsr     |  72:-       |  72:-       |  72:-       |  72:-       
  211:   76:-       |  72:bsr     |  72:-       |  72:-       |  72:-       
  212:   76:-       |  76:-       |  72:bsr     |  72:-       |  72:-       BUS_LOAD  MEM[72] accepted 1
  213:   76:-       |  76:-       |  76:-       |  72:bsr     |  72:-       
  214:   28:-       |  76:-       |  76:-       |  76:-       |  72:bsr     r26=72  
  215:   28:beq     |  28:-       |  76:-       |  76:-       |  76:-       
  216:   32:-       |  28:beq     |  28:-       |  76:-       |  76:-       
  217:   32:-       |  32:-       |  28:beq     |  28:-       |  76:-       
  218:   32:-       |  32:-       |  32:-       |  28:beq     |  28:-       
  219:   96:-       |  32:-       |  32:-       |  32:-       |  28:beq     
  220:   96:bis     |  96:-       |  32:-       |  32:-       |  32:-       
  221:  100:-       |  96:bis     |  96:-       |  32:-       |  32:-       
  222:  100:-       | 100:-       |  96:bis     |  96:-       |  32:-       
  223:  100:-       | 100:-       | 100:-       |  96:bis     |  96:-       
  224:  100:-       | 100:-       | 100:-       | 100:-       |  96:bis     r0=1  
  225:  100:jsr     | 100:-       | 100:-       | 100:-       | 100:-       
  226:  104:-       | 100:jsr     | 100:-       | 100:-       | 100:-       
  227:  104:-       | 104:-       | 100:jsr     | 100:-       | 100:-       
  228:  104:-       | 104:-       | 104:-       | 100:jsr     | 100:-       
  229:   76:-       | 104:-       | 104:-       | 104:-       | 100:jsr     
  230:   76:-       |  76:-       | 104:-       | 104:-       | 104:-       BUS_LOAD  MEM[72] accepted 1
  231:   76:-       |  76:-       |  76:-       | 104:-       | 104:-       
  232:   76:-       |  76:-       |  76:-       |  76:-       | 104:-       
  233:   76:-       |  76:-       |  76:-       |  76:-       |  76:-       
  234:   76:-       |  76:-       |  76:-       |  76:-       |  76:-       
  235:   76:ldq     |  76:-       |  76:-       |  76:-       |  76:-       
  236:   80:-       |  76:ldq     |  76:-       |  76:-       |  76:-       
  237:   80:-       |  80:-       |  76:ldq     |  76:-       |  76:-       
  238:   80:-       |  80:-       |  80:-       |  76:ldq     |  76:-       BUS_LOAD  MEM[4008] accepted 1
  239:   80:-       |  80:-       |  80:-       |  76:ldq     |  76:-       
  240:   80:-       |  80:-       |  80:-       |  76:ldq     |  76:-       
  241:   80:-       |  80:-       |  80:-       |  76:ldq     |  76:-       
  242:   80:-       |  80:-       |  80:-       |  76:ldq     |  76:-       
  243:   80:-       |  80:-       |  80:-       |  80:-       |  76:ldq     r1=1  
  244:   80:addq    |  80:-       |  80:-       |  80:-       |  80:-       
  245:   84:-       |  80:addq    |  80:-       |  80:-       |  80:-       
  246:   84:-       |  84:-       |  80:addq    |  80:-       |  80:-       BUS_LOAD  MEM[80] accepted 1
  247:   84:-       |  84:-       |  84:-       |  80:addq    |  80:-       
  248:   84:-       |  84:-       |  84:-       |  84:-       |  80:addq    r0=2  
  249:   84:-       |  84:-       |  84:-       |  84:-       |  84:-       
  250:   84:-       |  84:-       |  84:-       |  84:-       |  84:-       
  251:   84:ldq     |  84:-       |  84:-       |  84:-       |  84:-       
  252:   88:-       |  84:ldq     |  84:-       |  84:-       |  84:-       
  253:   88:-       |  88:-       |  84:ldq     |  84:-       |  84:-       
  254:   88:-       |  88:-       |  88:-       |  84:ldq     |  84:-       BUS_LOAD  MEM[4024] accepted 1
  255:   88:-       |  88:-       |  88:-       |  84:ldq     |  84:-       
  256:   88:-       |  88:-       |  88:-       |  84:ldq     |  84:-       
  257:   88:-       |  88:-       |  88:-       |  84:ldq     |  84:-       
  258:   88:-       |  88:-       |  88:-       |  84:ldq     |  84:-       
  259:   88:-       |  88:-       |  88:-       |  88:-       |  84:ldq     r26=56  
  260:   88:addq    |  88:-       |  88:-       |  88:-       |  88:-       
  261:   92:-       |  88:addq    |  88:-       |  88:-       |  88:-       
  262:   92:-       |  92:-       |  88:addq    |  88:-       |  88:-       
  263:   92:-       |  92:-       |  92:-       |  88:addq    |  88:-       
  264:   92:-       |  92:-       |  92:-       |  92:-       |  88:addq    r30=4032  
  265:   92:jsr     |  92:-       |  92:-       |  92:-       |  92:-       
  266:   96:-       |  92:jsr     |  92:-       |  92:-       |  92:-       
  267:   96:-       |  96:-       |  92:jsr     |  92:-       |  92:-       
  268:   96:-       |  96:-       |  96:-       |  92:jsr     |  92:-       
  269:   60:-       |  96:-       |  96:-       |  96:-       |  92:jsr     
  270:   60:stq     |  60:-       |  96:-       |  96:-       |  96:-       
  271:   64:-       |  60:stq     |  60:-       |  96:-       |  96:-       
  272:   64:-       |  64:-       |  60:stq     |  60:-       |  96:-       
  273:   64:-       |  64:-       |  64:-       |  60:stq     |  60:-       BUS_STORE MEM[4040] = 2 accepted 1
  274:   64:-       |  64:-       |  64:-       |  64:-       |  60:stq     
  275:   64:ldq     |  64:-       |  64:-       |  64:-       |  64:-       
  276:   68:-       |  64:ldq     |  64:-       |  64:-       |  64:-       
  277:   68:-       |  68:-       |  64:ldq     |  64:-       |  64:-       
  278:   68:-       |  68:-       |  68:-       |  64:ldq     |  64:-       BUS_LOAD  MEM[4032] accepted 1
  279:   68:-       |  68:-       |  68:-       |  64:ldq     |  64:-       
  280:   68:-       |  68:-       |  68:-       |  64:ldq     |  64:-       
  281:   68:-       |  68:-       |  68:-       |  64:ldq     |  64:-       
  282:   68:-       |  68:-       |  68:-       |  64:ldq     |  64:-       
  283:   68:-       |  68:-       |  68:-       |  68:-       |  64:ldq     r16=3  
  284:   68:subq    |  68:-       |  68:-       |  68:-       |  68:-       
  285:   72:-       |  68:subq    |  68:-       |  68:-       |  68:-       
  286:   72:-       |  72:-       |  68:subq    |  68:-       |  68:-       
  287:   72:-       |  72:-       |  72:-       |  68:subq    |  68:-       
  288:   72:-       |  72:-       |  72:-       |  72:-       |  68:subq    r16=1  
  289:   72:bsr     |  72:-       |  72:-       |  72:-       |  72:-       
  290:   76:-       |  72:bsr     |  72:-       |  72:-       |  72:-       
  291:   76:-       |  76:-       |  72:bsr     |  72:-       |  72:-       
  292:   76:-       |  76:-       |  76:-       |  72:bsr     |  72:-       
  293:   28:-       |  76:-       |  76:-       |  76:-       |  72:bsr     r26=72  
  294:   28:beq     |  28:-       |  76:-       |  76:-       |  76:-       
  295:   32:-       |  28:beq     |  28:-       |  76:-       |  76:-       
  296:   32:-       |  32:-       |  28:beq     |  28:-       |  76:-       
  297:   32:-       |  32:-       |  32:-       |  28:beq     |  28:-       
  298:   32:-       |  32:-       |  32:-       |  32:-       |  28:beq     
  299:   32:cmpeq   |  32:-       |  32:-       |  32:-       |  32:-       
  300:   36:-       |  32:cmpeq   |  32:-       |  32:-       |  32:-       
  301:   36:-       |  36:-       |  32:cmpeq   |  32:-       |  32:-       
  302:   36:-       |  36:-       |  36:-       |  32:cmpeq   |  32:-       
  303:   36:-       |  36:-       |  36:-       |  36:-       |  32:cmpeq   r1=1  
  304:   36:bne     |  36:-       |  36:-       |  36:-       |  36:-       
  305:   40:-       |  36:bne     |  36:-       |  36:-       |  36:-       
  306:   40:-       |  40:-       |  36:bne     |  36:-       |  36:-       
  307:   40:-       |  40:-       |  40:-       |  36:bne     |  36:-       
  308:   96:-       |  40:-       |  40:-       |  40:-       |  36:bne     
  309:   96:bis     |  96:-       |  40:-       |  40:-       |  40:-       
  310:  100:-       |  96:bis     |  96:-       |  40:-       |  40:-       
  311:  100:-       | 100:-       |  96:bis     |  96:-       |  40:-       
  312:  100:-       | 100:-       | 100:-       |  96:bis     |  96:-       
  313:  100:-       | 100:-       | 100:-       | 100:-       |  96:bis     r0=1  
  314:  100:jsr     | 100:-       | 100:-       | 100:-       | 100:-       
  315:  104:-       | 100:jsr     | 100:-       | 100:-       | 100:-       
  316:  104:-       | 104:-       | 100:jsr     | 100:-       | 100:-       
  317:  104:-       | 104:-       | 104:-       | 100:jsr     | 100:-       
  318:   76:-       | 104:-       | 104:-       | 104:-       | 100:jsr     
  319:   76:ldq     |  76:-       | 104:-       | 104:-       | 104:-       
  320:   80:-       |  76:ldq     |  76:-       | 104:-       | 104:-       
  321:   80:-       |  80:-       |  76:ldq     |  76:-       | 104:-       
  322:   80:-       |  80:-       |  80:-       |  76:ldq     |  76:-       BUS_LOAD  MEM[4040] accepted 1
  323:   80:-       |  80:-       |  80:-       |  76:ldq     |  76:-       
  324:   80:-       |  80:-       |  80:-       |  76:ldq     |  76:-       
  325:   80:-       |  80:-       |  80:-       |  76:ldq     |  76:-       
  326:   80:-       |  80:-       |  80:-       |  76:ldq     |  76:-       
  327:   80:-       |  80:-       |  80:-       |  80:-       |  76:ldq     r1=2  
  328:   80:addq    |  80:-       |  80:-       |  80:-       |  80:-       
  329:   84:-       |  80:addq    |  80:-       |  80:-       |  80:-       
  330:   84:-       |  84:-       |  80:addq    |  80:-       |  80:-       
  331:   84:-       |  84:-       |  84:-       |  80:addq    |  80:-       
  332:   84:-       |  84:-       |  84:-       |  84:-       |  80:addq    r0=3  
  333:   84:ldq     |  84:-       |  84:-       |  84:-       |  84:-       
  334:   88:-       |  84:ldq     |  84:-       |  84:-       |  84:-       
  335:   88:-       |  88:-       |  84:ldq     |  84:-       |  84:-       
  336:   88:-       |  88:-       |  88:-       |  84:ldq     |  84:-       BUS_LOAD  MEM[4056] accepted 1
  337:   88:-       |  88:-       |  88:-       |  84:ldq     |  84:-       
  338:   88:-       |  88:-       |  88:-       |  84:ldq     |  84:-       
  339:   88:-       |  88:-       |  88:-       |  84:ldq     |  84:-       
  340:   88:-       |  88:-       |  88:-       |  84:ldq     |  84:-       
  341:   88:-       |  88:-       |  88:-       |  88:-       |  84:ldq     r26=56  
  342:   88:addq    |  88:-       |  88:-       |  88:-       |  88:-       
  343:   92:-       |  88:addq    |  88:-       |  88:-       |  88:-       
  344:   92:-       |  92:-       |  88:addq    |  88:-       |  88:-       
  345:   92:-       |  92:-       |  92:-       |  88:addq    |  88:-       
  346:   92:-       |  92:-       |  92:-       |  92:-       |  88:addq    r30=4064  
  347:   92:jsr     |  92:-       |  92:-       |  92:-       |  92:-       
  348:   96:-       |  92:jsr     |  92:-       |  92:-       |  92:-       
  349:   96:-       |  96:-       |  92:jsr     |  92:-       |  92:-       
  350:   96:-       |  96:-       |  96:-       |  92:jsr     |  92:-       
  351:   60:-       |  96:-       |  96:-       |  96:-       |  92:jsr     
  352:   60:stq     |  60:-       |  96:-       |  96:-       |  96:-       
  353:   64:-       |  60:stq     |  60:-       |  96:-       |  96:-       
  354:   64:-       |  64:-       |  60:stq     |  60:-       |  96:-       
  355:   64:-       |  64:-       |  64:-       |  60:stq     |  60:-       BUS_STORE MEM[4072] = 3 accepted 1
  356:   64:-       |  64:-       |  64:-       |  64:-       |  60:stq     
  357:   64:ldq     |  64:-       |  64:-       |  64:-       |  64:-       
  358:   68:-       |  64:ldq     |  64:-       |  64:-       |  64:-       
  359:   68:-       |  68:-       |  64:ldq     |  64:-       |  64:-       
  360:   68:-       |  68:-       |  68:-       |  64:ldq     |  64:-       BUS_LOAD  MEM[4064] accepted 1
  361:   68:-       |  68:-       |  68:-       |  64:ldq     |  64:-       
  362:   68:-       |  68:-       |  68:-       |  64:ldq     |  64:-       
  363:   68:-       |  68:-       |  68:-       |  64:ldq     |  64:-       
  364:   68:-       |  68:-       |  68:-       |  64:ldq     |  64:-       
  365:   68:-       |  68:-       |  68:-       |  68:-       |  64:ldq     r16=4  
  366:   68:subq    |  68:-       |  68:-       |  68:-       |  68:-       
  367:   72:-       |  68:subq    |  68:-       |  68:-       |  68:-       
  368:   72:-       |  72:-       |  68:subq    |  68:-       |  68:-       
  369:   72:-       |  72:-       |  72:-       |  68:subq    |  68:-       
  370:   72:-       |  72:-       |  72:-       |  72:-       |  68:subq    r16=2  
  371:   72:bsr     |  72:-       |  72:-       |  72:-       |  72:-       
  372:   76:-       |  72:bsr     |  72:-       |  72:-       |  72:-       
  373:   76:-       |  76:-       |  72:bsr     |  72:-       |  72:-       
  374:   76:-       |  76:-       |  76:-       |  72:bsr     |  72:-       
  375:   28:-       |  76:-       |  76:-       |  76:-       |  72:bsr     r26=72  
  376:   28:beq     |  28:-       |  76:-       |  76:-       |  76:-       
  377:   32:-       |  28:beq     |  28:-       |  76:-       |  76:-       
  378:   32:-       |  32:-       |  28:beq     |  28:-       |  76:-       
  379:   32:-       |  32:-       |  32:-       |  28:beq     |  28:-       
  380:   32:-       |  32:-       |  32:-       |  32:-       |  28:beq     
  381:   32:cmpeq   |  32:-       |  32:-       |  32:-       |  32:-       
  382:   36:-       |  32:cmpeq   |  32:-       |  32:-       |  32:-       
  383:   36:-       |  36:-       |  32:cmpeq   |  32:-       |  32:-       
  384:   36:-       |  36:-       |  36:-       |  32:cmpeq   |  32:-       
  385:   36:-       |  36:-       |  36:-       |  36:-       |  32:cmpeq   r1=0  
  386:   36:bne     |  36:-       |  36:-       |  36:-       |  36:-       
  387:   40:-       |  36:bne     |  36:-       |  36:-       |  36:-       
  388:   40:-       |  40:-       |  36:bne     |  36:-       |  36:-       
  389:   40:-       |  40:-       |  40:-       |  36:bne     |  36:-       
  390:   40:-       |  40:-       |  40:-       |  40:-       |  36:bne     
  391:   40:subq    |  40:-       |  40:-       |  40:-       |  40:-       
  392:   44:-       |  40:subq    |  40:-       |  40:-       |  40:-       
  393:   44:-       |  44:-       |  40:subq    |  40:-       |  40:-       
  394:   44:-       |  44:-       |  44:-       |  40:subq    |  40:-       
  395:   44:-       |  44:-       |  44:-       |  44:-       |  40:subq    r30=4032  
  396:   44:stq     |  44:-       |  44:-       |  44:-       |  44:-       
  397:   48:-       |  44:stq     |  44:-       |  44:-       |  44:-       
  398:   48:-       |  48:-       |  44:stq     |  44:-       |  44:-       
  399:   48:-       |  48:-       |  48:-       |  44:stq     |  44:-       BUS_STORE MEM[4056] = 72 accepted 1
  400:   48:-       |  48:-       |  48:-       |  48:-       |  44:stq     
  401:   48:stq     |  48:-       |  48:-       |  48:-       |  48:-       
  402:   52:-       |  48:stq     |  48:-       |  48:-       |  48:-       
  403:   52:-       |  52:-       |  48:stq     |  48:-       |  48:-       
  404:   52:-       |  52:-       |  52:-       |  48:stq     |  48:-       BUS_STORE MEM[4032] = 2 accepted 1
  405:   52:-       |  52:-       |  52:-       |  52:-       |  48:stq     
  406:   52:subq    |  52:-       |  52:-       |  52:-       |  52:-       
  407:   56:-       |  52:subq    |  52:-       |  52:-       |  52:-       
  408:   56:-       |  56:-       |  52:subq    |  52:-       |  52:-       
  409:   56:-       |  56:-       |  56:-       |  52:subq    |  52:-       
  410:   56:-       |  56:-       |  56:-       |  56:-       |  52:subq    r16=1  
  411:   56:bsr     |  56:-       |  56:-       |  56:-       |  56:-       
  412:   60:-       |  56:bsr     |  56:-       |  56:-       |  56:-       
  413:   60:-       |  60:-       |  56:bsr     |  56:-       |  56:-       
  414:   60:-       |  60:-       |  60:-       |  56:bsr     |  56:-       
  415:   28:-       |  60:-       |  60:-       |  60:-       |  56:bsr     r26=56  
  416:   28:beq     |  28:-       |  60:-       |  60:-       |  60:-       
  417:   32:-       |  28:beq     |  28:-       |  60:-       |  60:-       
  418:   32:-       |  32:-       |  28:beq     |  28:-       |  60:-       
  419:   32:-       |  32:-       |  32:-       |  28:beq     |  28:-       
  420:   32:-       |  32:-       |  32:-       |  32:-       |  28:beq     
  421:   32:cmpeq   |  32:-       |  32:-       |  32:-       |  32:-       
  422:   36:-       |  32:cmpeq   |  32:-       |  32:-       |  32:-       
  423:   36:-       |  36:-       |  32:cmpeq   |  32:-       |  32:-       
  424:   36:-       |  36:-       |  36:-       |  32:cmpeq   |  32:-       
  425:   36:-       |  36:-       |  36:-       |  36:-       |  32:cmpeq   r1=1  
  426:   36:bne     |  36:-       |  36:-       |  36:-       |  36:-       
  427:   40:-       |  36:bne     |  36:-       |  36:-       |  36:-       
  428:   40:-       |  40:-       |  36:bne     |  36:-       |  36:-       
  429:   40:-       |  40:-       |  40:-       |  36:bne     |  36:-       
  430:   96:-       |  40:-       |  40:-       |  40:-       |  36:bne     
  431:   96:bis     |  96:-       |  40:-       |  40:-       |  40:-       
  432:  100:-       |  96:bis     |  96:-       |  40:-       |  40:-       
  433:  100:-       | 100:-       |  96:bis     |  96:-       |  40:-       
  434:  100:-       | 100:-       | 100:-       |  96:bis     |  96:-       
  435:  100:-       | 100:-       | 100:-       | 100:-       |  96:bis     r0=1  
  436:  100:jsr     | 100:-       | 100:-       | 100:-       | 100:-       
  437:  104:-       | 100:jsr     | 100:-       | 100:-       | 100:-       
  438:  104:-       | 104:-       | 100:jsr     | 100:-       | 100:-       
  439:  104:-       | 104:-       | 104:-       | 100:jsr     | 100:-       
  440:   60:-       | 104:-       | 104:-       | 104:-       | 100:jsr     
  441:   60:stq     |  60:-       | 104:-       | 104:-       | 104:-       
  442:   64:-       |  60:stq     |  60:-       | 104:-       | 104:-       
  443:   64:-       |  64:-       |  60:stq     |  60:-       | 104:-       
  444:   64:-       |  64:-       |  64:-       |  60:stq     |  60:-       BUS_STORE MEM[4040] = 1 accepted 1
  445:   64:-       |  64:-       |  64:-       |  64:-       |  60:stq     
  446:   64:ldq     |  64:-       |  64:-       |  64:-       |  64:-       
  447:   68:-       |  64:ldq     |  64:-       |  64:-       |  64:-       
  448:   68:-       |  68:-       |  64:ldq     |  64:-       |  64:-       
  449:   68:-       |  68:-       |  68:-       |  64:ldq     |  64:-       BUS_LOAD  MEM[4032] accepted 1
  450:   68:-       |  68:-       |  68:-       |  64:ldq     |  64:-       
  451:   68:-       |  68:-       |  68:-       |  64:ldq     |  64:-       
  452:   68:-       |  68:-       |  68:-       |  64:ldq     |  64:-       
  453:   68:-       |  68:-       |  68:-       |  64:ldq     |  64:-       
  454:   68:-       |  68:-       |  68:-       |  68:-       |  64:ldq     r16=2  
  455:   68:subq    |  68:-       |  68:-       |  68:-       |  68:-       
  456:   72:-       |  68:subq    |  68:-       |  68:-       |  68:-       
  457:   72:-       |  72:-       |  68:subq    |  68:-       |  68:-       
  458:   72:-       |  72:-       |  72:-       |  68:subq    |  68:-       
  459:   72:-       |  72:-       |  72:-       |  72:-       |  68:subq    r16=0  
  460:   72:bsr     |  72:-       |  72:-       |  72:-       |  72:-       
  461:   76:-       |  72:bsr     |  72:-       |  72:-       |  72:-       
  462:   76:-       |  76:-       |  72:bsr     |  72:-       |  72:-       
  463:   76:-       |  76:-       |  76:-       |  72:bsr     |  72:-       
  464:   28:-       |  76:-       |  76:-       |  76:-       |  72:bsr     r26=72  
  465:   28:beq     |  28:-       |  76:-       |  76:-       |  76:-       
  466:   32:-       |  28:beq     |  28:-       |  76:-       |  76:-       
  467:   32:-       |  32:-       |  28:beq     |  28:-       |  76:-       
  468:   32:-       |  32:-       |  32:-       |  28:beq     |  28:-       
  469:   96:-       |  32:-       |  32:-       |  32:-       |  28:beq     
  470:   96:bis     |  96:-       |  32:-       |  32:-       |  32:-       
  471:  100:-       |  96:bis     |  96:-       |  32:-       |  32:-       
  472:  100:-       | 100:-       |  96:bis     |  96:-       |  32:-       
  473:  100:-       | 100:-       | 100:-       |  96:bis     |  96:-       
  474:  100:-       | 100:-       | 100:-       | 100:-       |  96:bis     r0=1  
  475:  100:jsr     | 100:-       | 100:-       | 100:-       | 100:-       
  476:  104:-       | 100:jsr     | 100:-       | 100:-       | 100:-       
  477:  104:-       | 104:-       | 100:jsr     | 100:-       | 100:-       
  478:  104:-       | 104:-       | 104:-       | 100:jsr     | 100:-       
  479:   76:-       | 104:-       | 104:-       | 104:-       | 100:jsr     
  480:   76:ldq     |  76:-       | 104:-       | 104:-       | 104:-       
  481:   80:-       |  76:ldq     |  76:-       | 104:-       | 104:-       
  482:   80:-       |  80:-       |  76:ldq     |  76:-       | 104:-       
  483:   80:-       |  80:-       |  80:-       |  76:ldq     |  76:-       BUS_LOAD  MEM[4040] accepted 1
  484:   80:-       |  80:-       |  80:-       |  76:ldq     |  76:-       
  485:   80:-       |  80:-       |  80:-       |  76:ldq     |  76:-       
  486:   80:-       |  80:-       |  80:-       |  76:ldq     |  76:-       
  487:   80:-       |  80:-       |  80:-       |  76:ldq     |  76:-       
  488:   80:-       |  80:-       |  80:-       |  80:-       |  76:ldq     r1=1  
  489:   80:addq    |  80:-       |  80:-       |  80:-       |  80:-       
  490:   84:-       |  80:addq    |  80:-       |  80:-       |  80:-       
  491:   84:-       |  84:-       |  80:addq    |  80:-       |  80:-       
  492:   84:-       |  84:-       |  84:-       |  80:addq    |  80:-       
  493:   84:-       |  84:-       |  84:-       |  84:-       |  80:addq    r0=2  
  494:   84:ldq     |  84:-       |  84:-       |  84:-       |  84:-       
  495:   88:-       |  84:ldq     |  84:-       |  84:-       |  84:-       
  496:   88:-       |  88:-       |  84:ldq     |  84:-       |  84:-       
  497:   88:-       |  88:-       |  88:-       |  84:ldq     |  84:-       BUS_LOAD  MEM[4056] accepted 1
  498:   88:-       |  88:-       |  88:-       |  84:ldq     |  84:-       
  499:   88:-       |  88:-       |  88:-       |  84:ldq     |  84:-       
  500:   88:-       |  88:-       |  88:-       |  84:ldq     |  84:-       
  501:   88:-       |  88:-       |  88:-       |  84:ldq     |  84:-       
  502:   88:-       |  88:-       |  88:-       |  88:-       |  84:ldq     r26=72  
  503:   88:addq    |  88:-       |  88:-       |  88:-       |  88:-       
  504:   92:-       |  88:addq    |  88:-       |  88:-       |  88:-       
  505:   92:-       |  92:-       |  88:addq    |  88:-       |  88:-       
  506:   92:-       |  92:-       |  92:-       |  88:addq    |  88:-       
  507:   92:-       |  92:-       |  92:-       |  92:-       |  88:addq    r30=4064  
  508:   92:jsr     |  92:-       |  92:-       |  92:-       |  92:-       
  509:   96:-       |  92:jsr     |  92:-       |  92:-       |  92:-       
  510:   96:-       |  96:-       |  92:jsr     |  92:-       |  92:-       
  511:   96:-       |  96:-       |  96:-       |  92:jsr     |  92:-       
  512:   76:-       |  96:-       |  96:-       |  96:-       |  92:jsr     
  513:   76:ldq     |  76:-       |  96:-       |  96:-       |  96:-       
  514:   80:-       |  76:ldq     |  76:-       |  96:-       |  96:-       
  515:   80:-       |  80:-       |  76:ldq     |  76:-       |  96:-       
  516:   80:-       |  80:-       |  80:-       |  76:ldq     |  76:-       BUS_LOAD  MEM[4072] accepted 1
  517:   80:-       |  80:-       |  80:-       |  76:ldq     |  76:-       
  518:   80:-       |  80:-       |  80:-       |  76:ldq     |  76:-       
  519:   80:-       |  80:-       |  80:-       |  76:ldq     |  76:-       
  520:   80:-       |  80:-       |  80:-       |  76:ldq     |  76:-       
  521:   80:-       |  80:-       |  80:-       |  80:-       |  76:ldq     r1=3  
  522:   80:addq    |  80:-       |  80:-       |  80:-       |  80:-       
  523:   84:-       |  80:addq    |  80:-       |  80:-       |  80:-       
  524:   84:-       |  84:-       |  80:addq    |  80:-       |  80:-       
  525:   84:-       |  84:-       |  84:-       |  80:addq    |  80:-       
  526:   84:-       |  84:-       |  84:-       |  84:-       |  80:addq    r0=5  
  527:   84:ldq     |  84:-       |  84:-       |  84:-       |  84:-       
  528:   88:-       |  84:ldq     |  84:-       |  84:-       |  84:-       
  529:   88:-       |  88:-       |  84:ldq     |  84:-       |  84:-       
  530:   88:-       |  88:-       |  88:-       |  84:ldq     |  84:-       BUS_LOAD  MEM[4088] accepted 1
  531:   88:-       |  88:-       |  88:-       |  84:ldq     |  84:-       
  532:   88:-       |  88:-       |  88:-       |  84:ldq     |  84:-       
  533:   88:-       |  88:-       |  88:-       |  84:ldq     |  84:-       
  534:   88:-       |  88:-       |  88:-       |  84:ldq     |  84:-       
  535:   88:-       |  88:-       |  88:-       |  88:-       |  84:ldq     r26=12  
  536:   88:addq    |  88:-       |  88:-       |  88:-       |  88:-       
  537:   92:-       |  88:addq    |  88:-       |  88:-       |  88:-       
  538:   92:-       |  92:-       |  88:addq    |  88:-       |  88:-       
  539:   92:-       |  92:-       |  92:-       |  88:addq    |  88:-       
  540:   92:-       |  92:-       |  92:-       |  92:-       |  88:addq    r30=4096  
  541:   92:jsr     |  92:-       |  92:-       |  92:-       |  92:-       
  542:   96:-       |  92:jsr     |  92:-       |  92:-       |  92:-       
  543:   96:-       |  96:-       |  92:jsr     |  92:-       |  92:-       
  544:   96:-       |  96:-       |  96:-       |  92:jsr     |  92:-       
  545:   16:-       |  96:-       |  96:-       |  96:-       |  92:jsr     
  546:   16:lda     |  16:-       |  96:-       |  96:-       |  96:-       
  547:   20:-       |  16:lda     |  16:-       |  96:-       |  96:-       
  548:   20:-       |  20:-       |  16:lda     |  16:-       |  96:-       BUS_LOAD  MEM[16] accepted 1
  549:   20:-       |  20:-       |  20:-       |  16:lda     |  16:-       
  550:   20:-       |  20:-       |  20:-       |  20:-       |  16:lda     r1=1024  
  551:   20:-       |  20:-       |  20:-       |  20:-       |  20:-       
  552:   20:-       |  20:-       |  20:-       |  20:-       |  20:-       
  553:   20:stq     |  20:-       |  20:-       |  20:-       |  20:-       
  554:   24:-       |  20:stq     |  20:-       |  20:-       |  20:-       
  555:   24:-       |  24:-       |  20:stq     |  20:-       |  20:-       
  556:   24:-       |  24:-       |  24:-       |  20:stq     |  20:-       BUS_STORE MEM[1024] = 5 accepted 1
  557:   24:-       |  24:-       |  24:-       |  24:-       |  20:stq     
  558:   24:halt    |  24:-       |  24:-       |  24:-       |  24:-       
  559:   28:-       |  24:halt    |  24:-       |  24:-       |  24:-       
  560:   28:-       |  28:-       |  24:halt    |  24:-       |  24:-       
  561:   28:-       |  28:-       |  28:-       |  24:halt    |  24:-       
  562:   28:-       |  28:-       |  28:-       |  28:-       |  24:halt    
