Chronologic VCS simulator copyright 1991-2012
Contains Synopsys proprietary information.
Compiler version G-2012.09_Full64; Runtime version G-2012.09_Full64;  Dec 10 00:19 2012
@@
@@
@@                     0  Asserting System reset......
@@
@@                     0 : System STILL at reset, can't show anything
@@
@@
@@                   100 : System STILL at reset, can't show anything
@@
@@
@@                   200 : System STILL at reset, can't show anything
@@
@@
@@                   300 : System STILL at reset, can't show anything
@@
@@                   360  Deasserting System reset......
@@
@@
@@@ Unified Memory contents hex on left, decimal on right: 
@@@
@@@ mem[    0] = 209f1008207f1000 : 2350615157601669120
@@@ mem[    8] = 213f000220bf1010 : 2395633535923720208
@@@ mem[   16] = b4230000203f0001 : 12980218551552901121
@@@ mem[   24] = 0000000000000555 : 1365
@@@
@@@ mem[ 4096] = 0000000000000001 : 1
@@@
@@@
@@                  5020 : System halted
@@
@@@ System halted on HALT instruction
@@@
@@
@@  47 cycles / 6 instrs = 7.833333 CPI
@@
@@  1380.00 ns total time to execute
@@

$finish called from file "testbench/testbench.v", line 290.
$finish at simulation time                 6020
           V C S   S i m u l a t i o n   R e p o r t 
Time: 602000 ps
CPU Time:      0.450 seconds;       Data structure size:   0.1Mb
Mon Dec 10 00:19:51 2012
