                                                                            D-MEM Bus &
Cycle:      IF      |     ID      |     EX      |     MEM     |     WB      Reg Result
    0:    4:-       |   0:-       |   0:-       |   0:-       |   0:-       
    1:    4:-       |   4:-       |   0:-       |   0:-       |   0:-       BUS_LOAD  MEM[0] accepted 1
    2:    4:-       |   4:-       |   4:-       |   0:-       |   0:-       
    3:    4:-       |   4:-       |   4:-       |   4:-       |   0:-       
    4:    4:-       |   4:-       |   4:-       |   4:-       |   4:-       
    5:    4:-       |   4:-       |   4:-       |   4:-       |   4:-       
    6:    4:lda     |   4:-       |   4:-       |   4:-       |   4:-       
    7:    8:-       |   4:lda     |   4:-       |   4:-       |   4:-       
    8:    8:-       |   8:-       |   4:lda     |   4:-       |   4:-       
    9:    8:-       |   8:-       |   8:-       |   4:lda     |   4:-       
   10:    8:-       |   8:-       |   8:-       |   8:-       |   4:lda     r0=0  
   11:    8:lda     |   8:-       |   8:-       |   8:-       |   8:-       
   12:   12:-       |   8:lda     |   8:-       |   8:-       |   8:-       
   13:   12:-       |  12:-       |   8:lda     |   8:-       |   8:-       BUS_LOAD  MEM[8] accepted 1
   14:   12:-       |  12:-       |  12:-       |   8:lda     |   8:-       
   15:   12:-       |  12:-       |  12:-       |  12:-       |   8:lda     r1=8  
   16:   12:-       |  12:-       |  12:-       |  12:-       |  12:-       
   17:   12:-       |  12:-       |  12:-       |  12:-       |  12:-       
   18:   12:lda     |  12:-       |  12:-       |  12:-       |  12:-       
   19:   16:-       |  12:lda     |  12:-       |  12:-       |  12:-       
   20:   16:-       |  16:-       |  12:lda     |  12:-       |  12:-       
   21:   16:-       |  16:-       |  16:-       |  12:lda     |  12:-       
   22:   16:-       |  16:-       |  16:-       |  16:-       |  12:lda     r2=16  
   23:   16:lda     |  16:-       |  16:-       |  16:-       |  16:-       
   24:   20:-       |  16:lda     |  16:-       |  16:-       |  16:-       
   25:   20:-       |  20:-       |  16:lda     |  16:-       |  16:-       BUS_LOAD  MEM[16] accepted 1
   26:   20:-       |  20:-       |  20:-       |  16:lda     |  16:-       
   27:   20:-       |  20:-       |  20:-       |  20:-       |  16:lda     r3=24  
   28:   20:-       |  20:-       |  20:-       |  20:-       |  20:-       
   29:   20:-       |  20:-       |  20:-       |  20:-       |  20:-       
   30:   20:lda     |  20:-       |  20:-       |  20:-       |  20:-       
   31:   24:-       |  20:lda     |  20:-       |  20:-       |  20:-       
   32:   24:-       |  24:-       |  20:lda     |  20:-       |  20:-       
   33:   24:-       |  24:-       |  24:-       |  20:lda     |  20:-       
   34:   24:-       |  24:-       |  24:-       |  24:-       |  20:lda     r4=32  
   35:   24:lda     |  24:-       |  24:-       |  24:-       |  24:-       
   36:   28:-       |  24:lda     |  24:-       |  24:-       |  24:-       
   37:   28:-       |  28:-       |  24:lda     |  24:-       |  24:-       BUS_LOAD  MEM[24] accepted 1
   38:   28:-       |  28:-       |  28:-       |  24:lda     |  24:-       
   39:   28:-       |  28:-       |  28:-       |  28:-       |  24:lda     r5=40  
   40:   28:-       |  28:-       |  28:-       |  28:-       |  28:-       
   41:   28:-       |  28:-       |  28:-       |  28:-       |  28:-       
   42:   28:lda     |  28:-       |  28:-       |  28:-       |  28:-       
   43:   32:-       |  28:lda     |  28:-       |  28:-       |  28:-       
   44:   32:-       |  32:-       |  28:lda     |  28:-       |  28:-       
   45:   32:-       |  32:-       |  32:-       |  28:lda     |  28:-       
   46:   32:-       |  32:-       |  32:-       |  32:-       |  28:lda     r6=48  
   47:   32:lda     |  32:-       |  32:-       |  32:-       |  32:-       
   48:   36:-       |  32:lda     |  32:-       |  32:-       |  32:-       
   49:   36:-       |  36:-       |  32:lda     |  32:-       |  32:-       BUS_LOAD  MEM[32] accepted 1
   50:   36:-       |  36:-       |  36:-       |  32:lda     |  32:-       
   51:   36:-       |  36:-       |  36:-       |  36:-       |  32:lda     r7=56  
   52:   36:-       |  36:-       |  36:-       |  36:-       |  36:-       
   53:   36:-       |  36:-       |  36:-       |  36:-       |  36:-       
   54:   36:lda     |  36:-       |  36:-       |  36:-       |  36:-       
   55:   40:-       |  36:lda     |  36:-       |  36:-       |  36:-       
   56:   40:-       |  40:-       |  36:lda     |  36:-       |  36:-       
   57:   40:-       |  40:-       |  40:-       |  36:lda     |  36:-       
   58:   40:-       |  40:-       |  40:-       |  40:-       |  36:lda     r8=64  
   59:   40:lda     |  40:-       |  40:-       |  40:-       |  40:-       
   60:   44:-       |  40:lda     |  40:-       |  40:-       |  40:-       
   61:   44:-       |  44:-       |  40:lda     |  40:-       |  40:-       BUS_LOAD  MEM[40] accepted 1
   62:   44:-       |  44:-       |  44:-       |  40:lda     |  40:-       
   63:   44:-       |  44:-       |  44:-       |  44:-       |  40:lda     r9=8  
   64:   44:-       |  44:-       |  44:-       |  44:-       |  44:-       
   65:   44:-       |  44:-       |  44:-       |  44:-       |  44:-       
   66:   44:lda     |  44:-       |  44:-       |  44:-       |  44:-       
   67:   48:-       |  44:lda     |  44:-       |  44:-       |  44:-       
   68:   48:-       |  48:-       |  44:lda     |  44:-       |  44:-       
   69:   48:-       |  48:-       |  48:-       |  44:lda     |  44:-       
   70:   48:-       |  48:-       |  48:-       |  48:-       |  44:lda     r10=8  
   71:   48:lda     |  48:-       |  48:-       |  48:-       |  48:-       
   72:   52:-       |  48:lda     |  48:-       |  48:-       |  48:-       
   73:   52:-       |  52:-       |  48:lda     |  48:-       |  48:-       BUS_LOAD  MEM[48] accepted 1
   74:   52:-       |  52:-       |  52:-       |  48:lda     |  48:-       
   75:   52:-       |  52:-       |  52:-       |  52:-       |  48:lda     r29=1  
   76:   52:-       |  52:-       |  52:-       |  52:-       |  52:-       
   77:   52:-       |  52:-       |  52:-       |  52:-       |  52:-       
   78:   52:lda     |  52:-       |  52:-       |  52:-       |  52:-       
   79:   56:-       |  52:lda     |  52:-       |  52:-       |  52:-       
   80:   56:-       |  56:-       |  52:lda     |  52:-       |  52:-       
   81:   56:-       |  56:-       |  56:-       |  52:lda     |  52:-       
   82:   56:-       |  56:-       |  56:-       |  56:-       |  52:lda     r30=3  
   83:   56:subq    |  56:-       |  56:-       |  56:-       |  56:-       
   84:   60:-       |  56:subq    |  56:-       |  56:-       |  56:-       
   85:   60:-       |  60:-       |  56:subq    |  56:-       |  56:-       BUS_LOAD  MEM[56] accepted 1
   86:   60:-       |  60:-       |  60:-       |  56:subq    |  56:-       
   87:   60:-       |  60:-       |  60:-       |  60:-       |  56:subq    r30=2  
   88:   60:-       |  60:-       |  60:-       |  60:-       |  60:-       
   89:   60:-       |  60:-       |  60:-       |  60:-       |  60:-       
   90:   60:mulq    |  60:-       |  60:-       |  60:-       |  60:-       
   91:   64:-       |  60:mulq    |  60:-       |  60:-       |  60:-       
   92:   64:-       |  64:-       |  60:mulq    |  60:-       |  60:-       
   93:   64:-       |  64:-       |  64:-       |  60:mulq    |  60:-       
   94:   64:-       |  64:-       |  64:-       |  64:-       |  60:mulq    r0=0  
   95:   64:stq     |  64:-       |  64:-       |  64:-       |  64:-       
   96:   68:-       |  64:stq     |  64:-       |  64:-       |  64:-       
   97:   68:-       |  68:-       |  64:stq     |  64:-       |  64:-       BUS_LOAD  MEM[64] accepted 1
   98:   68:-       |  68:-       |  68:-       |  64:stq     |  64:-       BUS_STORE MEM[4128] = 0 accepted 2
   99:   68:-       |  68:-       |  68:-       |  68:-       |  64:stq     
  100:   68:-       |  68:-       |  68:-       |  68:-       |  68:-       
  101:   68:-       |  68:-       |  68:-       |  68:-       |  68:-       
  102:   68:mulq    |  68:-       |  68:-       |  68:-       |  68:-       
  103:   72:-       |  68:mulq    |  68:-       |  68:-       |  68:-       
  104:   72:-       |  72:-       |  68:mulq    |  68:-       |  68:-       
  105:   72:-       |  72:-       |  72:-       |  68:mulq    |  68:-       
  106:   72:-       |  72:-       |  72:-       |  72:-       |  68:mulq    r1=0  
  107:   72:stq     |  72:-       |  72:-       |  72:-       |  72:-       
  108:   76:-       |  72:stq     |  72:-       |  72:-       |  72:-       
  109:   76:-       |  76:-       |  72:stq     |  72:-       |  72:-       BUS_LOAD  MEM[72] accepted 1
  110:   76:-       |  76:-       |  76:-       |  72:stq     |  72:-       BUS_STORE MEM[4104] = 0 accepted 2
  111:   76:-       |  76:-       |  76:-       |  76:-       |  72:stq     
  112:   76:-       |  76:-       |  76:-       |  76:-       |  76:-       
  113:   76:-       |  76:-       |  76:-       |  76:-       |  76:-       
  114:   76:mulq    |  76:-       |  76:-       |  76:-       |  76:-       
  115:   80:-       |  76:mulq    |  76:-       |  76:-       |  76:-       
  116:   80:-       |  80:-       |  76:mulq    |  76:-       |  76:-       
  117:   80:-       |  80:-       |  80:-       |  76:mulq    |  76:-       
  118:   80:-       |  80:-       |  80:-       |  80:-       |  76:mulq    r2=0  
  119:   80:stq     |  80:-       |  80:-       |  80:-       |  80:-       
  120:   84:-       |  80:stq     |  80:-       |  80:-       |  80:-       
  121:   84:-       |  84:-       |  80:stq     |  80:-       |  80:-       BUS_LOAD  MEM[80] accepted 1
  122:   84:-       |  84:-       |  84:-       |  80:stq     |  80:-       BUS_STORE MEM[4104] = 0 accepted 2
  123:   84:-       |  84:-       |  84:-       |  84:-       |  80:stq     
  124:   84:-       |  84:-       |  84:-       |  84:-       |  84:-       
  125:   84:-       |  84:-       |  84:-       |  84:-       |  84:-       
  126:   84:mulq    |  84:-       |  84:-       |  84:-       |  84:-       
  127:   88:-       |  84:mulq    |  84:-       |  84:-       |  84:-       
  128:   88:-       |  88:-       |  84:mulq    |  84:-       |  84:-       
  129:   88:-       |  88:-       |  88:-       |  84:mulq    |  84:-       
  130:   88:-       |  88:-       |  88:-       |  88:-       |  84:mulq    r3=0  
  131:   88:stq     |  88:-       |  88:-       |  88:-       |  88:-       
  132:   92:-       |  88:stq     |  88:-       |  88:-       |  88:-       
  133:   92:-       |  92:-       |  88:stq     |  88:-       |  88:-       BUS_LOAD  MEM[88] accepted 1
  134:   92:-       |  92:-       |  92:-       |  88:stq     |  88:-       BUS_STORE MEM[4104] = 0 accepted 2
  135:   92:-       |  92:-       |  92:-       |  92:-       |  88:stq     
  136:   92:-       |  92:-       |  92:-       |  92:-       |  92:-       
  137:   92:-       |  92:-       |  92:-       |  92:-       |  92:-       
  138:   92:mulq    |  92:-       |  92:-       |  92:-       |  92:-       
  139:   96:-       |  92:mulq    |  92:-       |  92:-       |  92:-       
  140:   96:-       |  96:-       |  92:mulq    |  92:-       |  92:-       
  141:   96:-       |  96:-       |  96:-       |  92:mulq    |  92:-       
  142:   96:-       |  96:-       |  96:-       |  96:-       |  92:mulq    r4=0  
  143:   96:stq     |  96:-       |  96:-       |  96:-       |  96:-       
  144:  100:-       |  96:stq     |  96:-       |  96:-       |  96:-       
  145:  100:-       | 100:-       |  96:stq     |  96:-       |  96:-       BUS_LOAD  MEM[96] accepted 1
  146:  100:-       | 100:-       | 100:-       |  96:stq     |  96:-       BUS_STORE MEM[4120] = 0 accepted 2
  147:  100:-       | 100:-       | 100:-       | 100:-       |  96:stq     
  148:  100:-       | 100:-       | 100:-       | 100:-       | 100:-       
  149:  100:-       | 100:-       | 100:-       | 100:-       | 100:-       
  150:  100:mulq    | 100:-       | 100:-       | 100:-       | 100:-       
  151:  104:-       | 100:mulq    | 100:-       | 100:-       | 100:-       
  152:  104:-       | 104:-       | 100:mulq    | 100:-       | 100:-       
  153:  104:-       | 104:-       | 104:-       | 100:mulq    | 100:-       
  154:  104:-       | 104:-       | 104:-       | 104:-       | 100:mulq    r5=0  
  155:  104:stq     | 104:-       | 104:-       | 104:-       | 104:-       
  156:  108:-       | 104:stq     | 104:-       | 104:-       | 104:-       
  157:  108:-       | 108:-       | 104:stq     | 104:-       | 104:-       BUS_LOAD  MEM[104] accepted 1
  158:  108:-       | 108:-       | 108:-       | 104:stq     | 104:-       BUS_STORE MEM[4136] = 0 accepted 2
  159:  108:-       | 108:-       | 108:-       | 108:-       | 104:stq     
  160:  108:-       | 108:-       | 108:-       | 108:-       | 108:-       
  161:  108:-       | 108:-       | 108:-       | 108:-       | 108:-       
  162:  108:mulq    | 108:-       | 108:-       | 108:-       | 108:-       
  163:  112:-       | 108:mulq    | 108:-       | 108:-       | 108:-       
  164:  112:-       | 112:-       | 108:mulq    | 108:-       | 108:-       
  165:  112:-       | 112:-       | 112:-       | 108:mulq    | 108:-       
  166:  112:-       | 112:-       | 112:-       | 112:-       | 108:mulq    r6=0  
  167:  112:stq     | 112:-       | 112:-       | 112:-       | 112:-       
  168:  116:-       | 112:stq     | 112:-       | 112:-       | 112:-       
  169:  116:-       | 116:-       | 112:stq     | 112:-       | 112:-       BUS_LOAD  MEM[112] accepted 1
  170:  116:-       | 116:-       | 116:-       | 112:stq     | 112:-       BUS_STORE MEM[4152] = 0 accepted 2
  171:  116:-       | 116:-       | 116:-       | 116:-       | 112:stq     
  172:  116:-       | 116:-       | 116:-       | 116:-       | 116:-       
  173:  116:-       | 116:-       | 116:-       | 116:-       | 116:-       
  174:  116:mulq    | 116:-       | 116:-       | 116:-       | 116:-       
  175:  120:-       | 116:mulq    | 116:-       | 116:-       | 116:-       
  176:  120:-       | 120:-       | 116:mulq    | 116:-       | 116:-       
  177:  120:-       | 120:-       | 120:-       | 116:mulq    | 116:-       
  178:  120:-       | 120:-       | 120:-       | 120:-       | 116:mulq    r1=0  
  179:  120:stq     | 120:-       | 120:-       | 120:-       | 120:-       
  180:  124:-       | 120:stq     | 120:-       | 120:-       | 120:-       
  181:  124:-       | 124:-       | 120:stq     | 120:-       | 120:-       BUS_LOAD  MEM[120] accepted 1
  182:  124:-       | 124:-       | 124:-       | 120:stq     | 120:-       BUS_STORE MEM[4224] = 56 accepted 2
  183:  124:-       | 124:-       | 124:-       | 124:-       | 120:stq     
  184:  124:-       | 124:-       | 124:-       | 124:-       | 124:-       
  185:  124:-       | 124:-       | 124:-       | 124:-       | 124:-       
  186:  124:mulq    | 124:-       | 124:-       | 124:-       | 124:-       
  187:  128:-       | 124:mulq    | 124:-       | 124:-       | 124:-       
  188:  128:-       | 128:-       | 124:mulq    | 124:-       | 124:-       
  189:  128:-       | 128:-       | 128:-       | 124:mulq    | 124:-       
  190:  128:-       | 128:-       | 128:-       | 128:-       | 124:mulq    r8=3584  
  191:  128:stq     | 128:-       | 128:-       | 128:-       | 128:-       
  192:  132:-       | 128:stq     | 128:-       | 128:-       | 128:-       
  193:  132:-       | 132:-       | 128:stq     | 128:-       | 128:-       BUS_LOAD  MEM[128] accepted 1
  194:  132:-       | 132:-       | 132:-       | 128:stq     | 128:-       BUS_STORE MEM[4184] = 8 accepted 2
  195:  132:-       | 132:-       | 132:-       | 132:-       | 128:stq     
  196:  132:-       | 132:-       | 132:-       | 132:-       | 132:-       
  197:  132:-       | 132:-       | 132:-       | 132:-       | 132:-       
  198:  132:stq     | 132:-       | 132:-       | 132:-       | 132:-       
  199:  136:-       | 132:stq     | 132:-       | 132:-       | 132:-       
  200:  136:-       | 136:-       | 132:stq     | 132:-       | 132:-       
  201:  136:-       | 136:-       | 136:-       | 132:stq     | 132:-       BUS_STORE MEM[4192] = 8 accepted 1
  202:  136:-       | 136:-       | 136:-       | 136:-       | 132:stq     
  203:  136:stq     | 136:-       | 136:-       | 136:-       | 136:-       
  204:  140:-       | 136:stq     | 136:-       | 136:-       | 136:-       
  205:  140:-       | 140:-       | 136:stq     | 136:-       | 136:-       BUS_LOAD  MEM[136] accepted 2
  206:  140:-       | 140:-       | 140:-       | 136:stq     | 136:-       BUS_STORE MEM[4208] = 8 accepted 1
  207:  140:-       | 140:-       | 140:-       | 140:-       | 136:stq     
  208:  140:-       | 140:-       | 140:-       | 140:-       | 140:-       
  209:  140:-       | 140:-       | 140:-       | 140:-       | 140:-       
  210:  140:stq     | 140:-       | 140:-       | 140:-       | 140:-       
  211:  144:-       | 140:stq     | 140:-       | 140:-       | 140:-       
  212:  144:-       | 144:-       | 140:stq     | 140:-       | 140:-       
  213:  144:-       | 144:-       | 144:-       | 140:stq     | 140:-       BUS_STORE MEM[4176] = 8 accepted 1
  214:  144:-       | 144:-       | 144:-       | 144:-       | 140:stq     
  215:  144:stq     | 144:-       | 144:-       | 144:-       | 144:-       
  216:  148:-       | 144:stq     | 144:-       | 144:-       | 144:-       
  217:  148:-       | 148:-       | 144:stq     | 144:-       | 144:-       BUS_LOAD  MEM[144] accepted 2
  218:  148:-       | 148:-       | 148:-       | 144:stq     | 144:-       BUS_STORE MEM[4160] = 8 accepted 1
  219:  148:-       | 148:-       | 148:-       | 148:-       | 144:stq     
  220:  148:-       | 148:-       | 148:-       | 148:-       | 148:-       
  221:  148:-       | 148:-       | 148:-       | 148:-       | 148:-       
  222:  148:stq     | 148:-       | 148:-       | 148:-       | 148:-       
  223:  152:-       | 148:stq     | 148:-       | 148:-       | 148:-       
  224:  152:-       | 152:-       | 148:stq     | 148:-       | 148:-       
  225:  152:-       | 152:-       | 152:-       | 148:stq     | 148:-       BUS_STORE MEM[4144] = 8 accepted 1
  226:  152:-       | 152:-       | 152:-       | 152:-       | 148:stq     
  227:  152:stq     | 152:-       | 152:-       | 152:-       | 152:-       
  228:  156:-       | 152:stq     | 152:-       | 152:-       | 152:-       
  229:  156:-       | 156:-       | 152:stq     | 152:-       | 152:-       BUS_LOAD  MEM[152] accepted 2
  230:  156:-       | 156:-       | 156:-       | 152:stq     | 152:-       BUS_STORE MEM[4128] = 8 accepted 1
  231:  156:-       | 156:-       | 156:-       | 156:-       | 152:stq     
  232:  156:-       | 156:-       | 156:-       | 156:-       | 156:-       
  233:  156:-       | 156:-       | 156:-       | 156:-       | 156:-       
  234:  156:stq     | 156:-       | 156:-       | 156:-       | 156:-       
  235:  160:-       | 156:stq     | 156:-       | 156:-       | 156:-       
  236:  160:-       | 160:-       | 156:stq     | 156:-       | 156:-       
  237:  160:-       | 160:-       | 160:-       | 156:stq     | 156:-       BUS_STORE MEM[4112] = 8 accepted 1
  238:  160:-       | 160:-       | 160:-       | 160:-       | 156:stq     
  239:  160:stq     | 160:-       | 160:-       | 160:-       | 160:-       
  240:  164:-       | 160:stq     | 160:-       | 160:-       | 160:-       
  241:  164:-       | 164:-       | 160:stq     | 160:-       | 160:-       BUS_LOAD  MEM[160] accepted 2
  242:  164:-       | 164:-       | 164:-       | 160:stq     | 160:-       BUS_STORE MEM[4704] = 8 accepted 1
  243:  164:-       | 164:-       | 164:-       | 164:-       | 160:stq     
  244:  164:-       | 164:-       | 164:-       | 164:-       | 164:-       
  245:  164:-       | 164:-       | 164:-       | 164:-       | 164:-       
  246:  164:stq     | 164:-       | 164:-       | 164:-       | 164:-       
  247:  168:-       | 164:stq     | 164:-       | 164:-       | 164:-       
  248:  168:-       | 168:-       | 164:stq     | 164:-       | 164:-       
  249:  168:-       | 168:-       | 168:-       | 164:stq     | 164:-       BUS_STORE MEM[4704] = 8 accepted 1
  250:  168:-       | 168:-       | 168:-       | 168:-       | 164:stq     
  251:  168:stq     | 168:-       | 168:-       | 168:-       | 168:-       
  252:  172:-       | 168:stq     | 168:-       | 168:-       | 168:-       
  253:  172:-       | 172:-       | 168:stq     | 168:-       | 168:-       BUS_LOAD  MEM[168] accepted 2
  254:  172:-       | 172:-       | 172:-       | 168:stq     | 168:-       BUS_STORE MEM[4704] = 8 accepted 1
  255:  172:-       | 172:-       | 172:-       | 172:-       | 168:stq     
  256:  172:-       | 172:-       | 172:-       | 172:-       | 172:-       
  257:  172:-       | 172:-       | 172:-       | 172:-       | 172:-       
  258:  172:stq     | 172:-       | 172:-       | 172:-       | 172:-       
  259:  176:-       | 172:stq     | 172:-       | 172:-       | 172:-       
  260:  176:-       | 176:-       | 172:stq     | 172:-       | 172:-       
  261:  176:-       | 176:-       | 176:-       | 172:stq     | 172:-       BUS_STORE MEM[4704] = 8 accepted 1
  262:  176:-       | 176:-       | 176:-       | 176:-       | 172:stq     
  263:  176:stq     | 176:-       | 176:-       | 176:-       | 176:-       
  264:  180:-       | 176:stq     | 176:-       | 176:-       | 176:-       
  265:  180:-       | 180:-       | 176:stq     | 176:-       | 176:-       BUS_LOAD  MEM[176] accepted 2
  266:  180:-       | 180:-       | 180:-       | 176:stq     | 176:-       BUS_STORE MEM[4704] = 8 accepted 1
  267:  180:-       | 180:-       | 180:-       | 180:-       | 176:stq     
  268:  180:-       | 180:-       | 180:-       | 180:-       | 180:-       
  269:  180:-       | 180:-       | 180:-       | 180:-       | 180:-       
  270:  180:stq     | 180:-       | 180:-       | 180:-       | 180:-       
  271:  184:-       | 180:stq     | 180:-       | 180:-       | 180:-       
  272:  184:-       | 184:-       | 180:stq     | 180:-       | 180:-       
  273:  184:-       | 184:-       | 184:-       | 180:stq     | 180:-       BUS_STORE MEM[4704] = 8 accepted 1
  274:  184:-       | 184:-       | 184:-       | 184:-       | 180:stq     
  275:  184:stq     | 184:-       | 184:-       | 184:-       | 184:-       
  276:  188:-       | 184:stq     | 184:-       | 184:-       | 184:-       
  277:  188:-       | 188:-       | 184:stq     | 184:-       | 184:-       BUS_LOAD  MEM[184] accepted 2
  278:  188:-       | 188:-       | 188:-       | 184:stq     | 184:-       BUS_STORE MEM[4704] = 8 accepted 1
  279:  188:-       | 188:-       | 188:-       | 188:-       | 184:stq     
  280:  188:-       | 188:-       | 188:-       | 188:-       | 188:-       
  281:  188:-       | 188:-       | 188:-       | 188:-       | 188:-       
  282:  188:stq     | 188:-       | 188:-       | 188:-       | 188:-       
  283:  192:-       | 188:stq     | 188:-       | 188:-       | 188:-       
  284:  192:-       | 192:-       | 188:stq     | 188:-       | 188:-       
  285:  192:-       | 192:-       | 192:-       | 188:stq     | 188:-       BUS_STORE MEM[4704] = 8 accepted 1
  286:  192:-       | 192:-       | 192:-       | 192:-       | 188:stq     
  287:  192:stq     | 192:-       | 192:-       | 192:-       | 192:-       
  288:  196:-       | 192:stq     | 192:-       | 192:-       | 192:-       
  289:  196:-       | 196:-       | 192:stq     | 192:-       | 192:-       BUS_LOAD  MEM[192] accepted 2
  290:  196:-       | 196:-       | 196:-       | 192:stq     | 192:-       BUS_STORE MEM[4704] = 8 accepted 1
  291:  196:-       | 196:-       | 196:-       | 196:-       | 192:stq     
  292:  196:-       | 196:-       | 196:-       | 196:-       | 196:-       
  293:  196:-       | 196:-       | 196:-       | 196:-       | 196:-       
  294:  196:stq     | 196:-       | 196:-       | 196:-       | 196:-       
  295:  200:-       | 196:stq     | 196:-       | 196:-       | 196:-       
  296:  200:-       | 200:-       | 196:stq     | 196:-       | 196:-       
  297:  200:-       | 200:-       | 200:-       | 196:stq     | 196:-       BUS_STORE MEM[4704] = 8 accepted 1
  298:  200:-       | 200:-       | 200:-       | 200:-       | 196:stq     
  299:  200:stq     | 200:-       | 200:-       | 200:-       | 200:-       
  300:  204:-       | 200:stq     | 200:-       | 200:-       | 200:-       
  301:  204:-       | 204:-       | 200:stq     | 200:-       | 200:-       BUS_LOAD  MEM[200] accepted 2
  302:  204:-       | 204:-       | 204:-       | 200:stq     | 200:-       BUS_STORE MEM[4184] = 8 accepted 1
  303:  204:-       | 204:-       | 204:-       | 204:-       | 200:stq     
  304:  204:-       | 204:-       | 204:-       | 204:-       | 204:-       
  305:  204:-       | 204:-       | 204:-       | 204:-       | 204:-       
  306:  204:mulq    | 204:-       | 204:-       | 204:-       | 204:-       
  307:  208:-       | 204:mulq    | 204:-       | 204:-       | 204:-       
  308:  208:-       | 208:-       | 204:mulq    | 204:-       | 204:-       
  309:  208:-       | 208:-       | 208:-       | 204:mulq    | 204:-       
  310:  208:-       | 208:-       | 208:-       | 208:-       | 204:mulq    r3=0  
  311:  208:stq     | 208:-       | 208:-       | 208:-       | 208:-       
  312:  212:-       | 208:stq     | 208:-       | 208:-       | 208:-       
  313:  212:-       | 212:-       | 208:stq     | 208:-       | 208:-       BUS_LOAD  MEM[208] accepted 1
  314:  212:-       | 212:-       | 212:-       | 208:stq     | 208:-       BUS_STORE MEM[4608] = 56 accepted 2
  315:  212:-       | 212:-       | 212:-       | 212:-       | 208:stq     
  316:  212:-       | 212:-       | 212:-       | 212:-       | 212:-       
  317:  212:-       | 212:-       | 212:-       | 212:-       | 212:-       
  318:  212:stq     | 212:-       | 212:-       | 212:-       | 212:-       
  319:  216:-       | 212:stq     | 212:-       | 212:-       | 212:-       
  320:  216:-       | 216:-       | 212:stq     | 212:-       | 212:-       
  321:  216:-       | 216:-       | 216:-       | 212:stq     | 212:-       BUS_STORE MEM[4944] = 56 accepted 1
  322:  216:-       | 216:-       | 216:-       | 216:-       | 212:stq     
  323:  216:mulq    | 216:-       | 216:-       | 216:-       | 216:-       
  324:  220:-       | 216:mulq    | 216:-       | 216:-       | 216:-       
  325:  220:-       | 220:-       | 216:mulq    | 216:-       | 216:-       BUS_LOAD  MEM[216] accepted 2
  326:  220:-       | 220:-       | 220:-       | 216:mulq    | 216:-       
  327:  220:-       | 220:-       | 220:-       | 220:-       | 216:mulq    r3=0  
  328:  220:-       | 220:-       | 220:-       | 220:-       | 220:-       
  329:  220:-       | 220:-       | 220:-       | 220:-       | 220:-       
  330:  220:stq     | 220:-       | 220:-       | 220:-       | 220:-       
  331:  224:-       | 220:stq     | 220:-       | 220:-       | 220:-       
  332:  224:-       | 224:-       | 220:stq     | 220:-       | 220:-       
  333:  224:-       | 224:-       | 224:-       | 220:stq     | 220:-       BUS_STORE MEM[5200] = 56 accepted 1
  334:  224:-       | 224:-       | 224:-       | 224:-       | 220:stq     
  335:  224:mulq    | 224:-       | 224:-       | 224:-       | 224:-       
  336:  228:-       | 224:mulq    | 224:-       | 224:-       | 224:-       
  337:  228:-       | 228:-       | 224:mulq    | 224:-       | 224:-       BUS_LOAD  MEM[224] accepted 2
  338:  228:-       | 228:-       | 228:-       | 224:mulq    | 224:-       
  339:  228:-       | 228:-       | 228:-       | 228:-       | 224:mulq    r8=200704  
  340:  228:-       | 228:-       | 228:-       | 228:-       | 228:-       
  341:  228:-       | 228:-       | 228:-       | 228:-       | 228:-       
  342:  228:mulq    | 228:-       | 228:-       | 228:-       | 228:-       
  343:  232:-       | 228:mulq    | 228:-       | 228:-       | 228:-       
  344:  232:-       | 232:-       | 228:mulq    | 228:-       | 228:-       
  345:  232:-       | 232:-       | 232:-       | 228:mulq    | 228:-       
  346:  232:-       | 232:-       | 232:-       | 232:-       | 228:mulq    r8=11239424  
  347:  232:stq     | 232:-       | 232:-       | 232:-       | 232:-       
  348:  236:-       | 232:stq     | 232:-       | 232:-       | 232:-       
  349:  236:-       | 236:-       | 232:stq     | 232:-       | 232:-       BUS_LOAD  MEM[232] accepted 1
  350:  236:-       | 236:-       | 236:-       | 232:stq     | 232:-       BUS_STORE MEM[5248] = 56 accepted 2
  351:  236:-       | 236:-       | 236:-       | 236:-       | 232:stq     
  352:  236:-       | 236:-       | 236:-       | 236:-       | 236:-       
  353:  236:-       | 236:-       | 236:-       | 236:-       | 236:-       
  354:  236:stq     | 236:-       | 236:-       | 236:-       | 236:-       
  355:  240:-       | 236:stq     | 236:-       | 236:-       | 236:-       
  356:  240:-       | 240:-       | 236:stq     | 236:-       | 236:-       
  357:  240:-       | 240:-       | 240:-       | 236:stq     | 236:-       BUS_STORE MEM[5520] = 56 accepted 1
  358:  240:-       | 240:-       | 240:-       | 240:-       | 236:stq     
  359:  240:mulq    | 240:-       | 240:-       | 240:-       | 240:-       
  360:  244:-       | 240:mulq    | 240:-       | 240:-       | 240:-       
  361:  244:-       | 244:-       | 240:mulq    | 240:-       | 240:-       BUS_LOAD  MEM[240] accepted 2
  362:  244:-       | 244:-       | 244:-       | 240:mulq    | 240:-       
  363:  244:-       | 244:-       | 244:-       | 244:-       | 240:mulq    r2=0  
  364:  244:-       | 244:-       | 244:-       | 244:-       | 244:-       
  365:  244:-       | 244:-       | 244:-       | 244:-       | 244:-       
  366:  244:stq     | 244:-       | 244:-       | 244:-       | 244:-       
  367:  248:-       | 244:stq     | 244:-       | 244:-       | 244:-       
  368:  248:-       | 248:-       | 244:stq     | 244:-       | 244:-       
  369:  248:-       | 248:-       | 248:-       | 244:stq     | 244:-       BUS_STORE MEM[5776] = 56 accepted 1
  370:  248:-       | 248:-       | 248:-       | 248:-       | 244:stq     
  371:  248:addq    | 248:-       | 248:-       | 248:-       | 248:-       
  372:  252:-       | 248:addq    | 248:-       | 248:-       | 248:-       
  373:  252:-       | 252:-       | 248:addq    | 248:-       | 248:-       BUS_LOAD  MEM[248] accepted 2
  374:  252:-       | 252:-       | 252:-       | 248:addq    | 248:-       
  375:  252:-       | 252:-       | 252:-       | 252:-       | 248:addq    r3=0  
  376:  252:-       | 252:-       | 252:-       | 252:-       | 252:-       
  377:  252:-       | 252:-       | 252:-       | 252:-       | 252:-       
  378:  252:addq    | 252:-       | 252:-       | 252:-       | 252:-       
  379:  256:-       | 252:addq    | 252:-       | 252:-       | 252:-       
  380:  256:-       | 256:-       | 252:addq    | 252:-       | 252:-       
  381:  256:-       | 256:-       | 256:-       | 252:addq    | 252:-       
  382:  256:-       | 256:-       | 256:-       | 256:-       | 252:addq    r3=0  
  383:  256:addq    | 256:-       | 256:-       | 256:-       | 256:-       
  384:  260:-       | 256:addq    | 256:-       | 256:-       | 256:-       
  385:  260:-       | 260:-       | 256:addq    | 256:-       | 256:-       BUS_LOAD  MEM[256] accepted 1
  386:  260:-       | 260:-       | 260:-       | 256:addq    | 256:-       
  387:  260:-       | 260:-       | 260:-       | 260:-       | 256:addq    r3=0  
  388:  260:-       | 260:-       | 260:-       | 260:-       | 260:-       
  389:  260:-       | 260:-       | 260:-       | 260:-       | 260:-       
  390:  260:stq     | 260:-       | 260:-       | 260:-       | 260:-       
  391:  264:-       | 260:stq     | 260:-       | 260:-       | 260:-       
  392:  264:-       | 264:-       | 260:stq     | 260:-       | 260:-       
  393:  264:-       | 264:-       | 264:-       | 260:stq     | 260:-       BUS_STORE MEM[5776] = 56 accepted 1
  394:  264:-       | 264:-       | 264:-       | 264:-       | 260:stq     
  395:  264:stq     | 264:-       | 264:-       | 264:-       | 264:-       
  396:  268:-       | 264:stq     | 264:-       | 264:-       | 264:-       
  397:  268:-       | 268:-       | 264:stq     | 264:-       | 264:-       BUS_LOAD  MEM[264] accepted 2
  398:  268:-       | 268:-       | 268:-       | 264:stq     | 264:-       BUS_STORE MEM[5776] = 56 accepted 1
  399:  268:-       | 268:-       | 268:-       | 268:-       | 264:stq     
  400:  268:-       | 268:-       | 268:-       | 268:-       | 268:-       
  401:  268:-       | 268:-       | 268:-       | 268:-       | 268:-       
  402:  268:stq     | 268:-       | 268:-       | 268:-       | 268:-       
  403:  272:-       | 268:stq     | 268:-       | 268:-       | 268:-       
  404:  272:-       | 272:-       | 268:stq     | 268:-       | 268:-       
  405:  272:-       | 272:-       | 272:-       | 268:stq     | 268:-       BUS_STORE MEM[5776] = 56 accepted 1
  406:  272:-       | 272:-       | 272:-       | 272:-       | 268:stq     
  407:  272:stq     | 272:-       | 272:-       | 272:-       | 272:-       
  408:  276:-       | 272:stq     | 272:-       | 272:-       | 272:-       
  409:  276:-       | 276:-       | 272:stq     | 272:-       | 272:-       BUS_LOAD  MEM[272] accepted 2
  410:  276:-       | 276:-       | 276:-       | 272:stq     | 272:-       BUS_STORE MEM[5776] = 0 accepted 1
  411:  276:-       | 276:-       | 276:-       | 276:-       | 272:stq     
  412:  276:-       | 276:-       | 276:-       | 276:-       | 276:-       
  413:  276:-       | 276:-       | 276:-       | 276:-       | 276:-       
  414:  276:stq     | 276:-       | 276:-       | 276:-       | 276:-       
  415:  280:-       | 276:stq     | 276:-       | 276:-       | 276:-       
  416:  280:-       | 280:-       | 276:stq     | 276:-       | 276:-       
  417:  280:-       | 280:-       | 280:-       | 276:stq     | 276:-       BUS_STORE MEM[5776] = 56 accepted 1
  418:  280:-       | 280:-       | 280:-       | 280:-       | 276:stq     
  419:  280:stq     | 280:-       | 280:-       | 280:-       | 280:-       
  420:  284:-       | 280:stq     | 280:-       | 280:-       | 280:-       
  421:  284:-       | 284:-       | 280:stq     | 280:-       | 280:-       BUS_LOAD  MEM[280] accepted 2
  422:  284:-       | 284:-       | 284:-       | 280:stq     | 280:-       BUS_STORE MEM[5776] = 56 accepted 1
  423:  284:-       | 284:-       | 284:-       | 284:-       | 280:stq     
  424:  284:-       | 284:-       | 284:-       | 284:-       | 284:-       
  425:  284:-       | 284:-       | 284:-       | 284:-       | 284:-       
  426:  284:stq     | 284:-       | 284:-       | 284:-       | 284:-       
  427:  288:-       | 284:stq     | 284:-       | 284:-       | 284:-       
  428:  288:-       | 288:-       | 284:stq     | 284:-       | 284:-       
  429:  288:-       | 288:-       | 288:-       | 284:stq     | 284:-       BUS_STORE MEM[5776] = 56 accepted 1
  430:  288:-       | 288:-       | 288:-       | 288:-       | 284:stq     
  431:  288:stq     | 288:-       | 288:-       | 288:-       | 288:-       
  432:  292:-       | 288:stq     | 288:-       | 288:-       | 288:-       
  433:  292:-       | 292:-       | 288:stq     | 288:-       | 288:-       BUS_LOAD  MEM[288] accepted 2
  434:  292:-       | 292:-       | 292:-       | 288:stq     | 288:-       BUS_STORE MEM[5776] = 56 accepted 1
  435:  292:-       | 292:-       | 292:-       | 292:-       | 288:stq     
  436:  292:-       | 292:-       | 292:-       | 292:-       | 292:-       
  437:  292:-       | 292:-       | 292:-       | 292:-       | 292:-       
  438:  292:stq     | 292:-       | 292:-       | 292:-       | 292:-       
  439:  296:-       | 292:stq     | 292:-       | 292:-       | 292:-       
  440:  296:-       | 296:-       | 292:stq     | 292:-       | 292:-       
  441:  296:-       | 296:-       | 296:-       | 292:stq     | 292:-       BUS_STORE MEM[5776] = 56 accepted 1
  442:  296:-       | 296:-       | 296:-       | 296:-       | 292:stq     
  443:  296:addq    | 296:-       | 296:-       | 296:-       | 296:-       
  444:  300:-       | 296:addq    | 296:-       | 296:-       | 296:-       
  445:  300:-       | 300:-       | 296:addq    | 296:-       | 296:-       BUS_LOAD  MEM[296] accepted 2
  446:  300:-       | 300:-       | 300:-       | 296:addq    | 296:-       
  447:  300:-       | 300:-       | 300:-       | 300:-       | 296:addq    r3=0  
  448:  300:-       | 300:-       | 300:-       | 300:-       | 300:-       
  449:  300:-       | 300:-       | 300:-       | 300:-       | 300:-       
  450:  300:bne     | 300:-       | 300:-       | 300:-       | 300:-       
  451:  304:-       | 300:bne     | 300:-       | 300:-       | 300:-       
  452:  304:-       | 304:-       | 300:bne     | 300:-       | 300:-       
  453:  304:-       | 304:-       | 304:-       | 300:bne     | 300:-       
  454:   56:-       | 304:-       | 304:-       | 304:-       | 300:bne     
  455:   56:subq    |  56:-       | 304:-       | 304:-       | 304:-       
  456:   60:-       |  56:subq    |  56:-       | 304:-       | 304:-       
  457:   60:-       |  60:-       |  56:subq    |  56:-       | 304:-       
  458:   60:-       |  60:-       |  60:-       |  56:subq    |  56:-       
  459:   60:-       |  60:-       |  60:-       |  60:-       |  56:subq    r30=1  
  460:   60:mulq    |  60:-       |  60:-       |  60:-       |  60:-       
  461:   64:-       |  60:mulq    |  60:-       |  60:-       |  60:-       
  462:   64:-       |  64:-       |  60:mulq    |  60:-       |  60:-       
  463:   64:-       |  64:-       |  64:-       |  60:mulq    |  60:-       
  464:   64:-       |  64:-       |  64:-       |  64:-       |  60:mulq    r0=0  
  465:   64:stq     |  64:-       |  64:-       |  64:-       |  64:-       
  466:   68:-       |  64:stq     |  64:-       |  64:-       |  64:-       
  467:   68:-       |  68:-       |  64:stq     |  64:-       |  64:-       
  468:   68:-       |  68:-       |  68:-       |  64:stq     |  64:-       BUS_STORE MEM[4128] = 0 accepted 1
  469:   68:-       |  68:-       |  68:-       |  68:-       |  64:stq     
  470:   68:mulq    |  68:-       |  68:-       |  68:-       |  68:-       
  471:   72:-       |  68:mulq    |  68:-       |  68:-       |  68:-       
  472:   72:-       |  72:-       |  68:mulq    |  68:-       |  68:-       
  473:   72:-       |  72:-       |  72:-       |  68:mulq    |  68:-       
  474:   72:-       |  72:-       |  72:-       |  72:-       |  68:mulq    r1=0  
  475:   72:stq     |  72:-       |  72:-       |  72:-       |  72:-       
  476:   76:-       |  72:stq     |  72:-       |  72:-       |  72:-       
  477:   76:-       |  76:-       |  72:stq     |  72:-       |  72:-       
  478:   76:-       |  76:-       |  76:-       |  72:stq     |  72:-       BUS_STORE MEM[4104] = 0 accepted 1
  479:   76:-       |  76:-       |  76:-       |  76:-       |  72:stq     
  480:   76:mulq    |  76:-       |  76:-       |  76:-       |  76:-       
  481:   80:-       |  76:mulq    |  76:-       |  76:-       |  76:-       
  482:   80:-       |  80:-       |  76:mulq    |  76:-       |  76:-       
  483:   80:-       |  80:-       |  80:-       |  76:mulq    |  76:-       
  484:   80:-       |  80:-       |  80:-       |  80:-       |  76:mulq    r2=0  
  485:   80:stq     |  80:-       |  80:-       |  80:-       |  80:-       
  486:   84:-       |  80:stq     |  80:-       |  80:-       |  80:-       
  487:   84:-       |  84:-       |  80:stq     |  80:-       |  80:-       
  488:   84:-       |  84:-       |  84:-       |  80:stq     |  80:-       BUS_STORE MEM[4104] = 0 accepted 1
  489:   84:-       |  84:-       |  84:-       |  84:-       |  80:stq     
  490:   84:mulq    |  84:-       |  84:-       |  84:-       |  84:-       
  491:   88:-       |  84:mulq    |  84:-       |  84:-       |  84:-       
  492:   88:-       |  88:-       |  84:mulq    |  84:-       |  84:-       
  493:   88:-       |  88:-       |  88:-       |  84:mulq    |  84:-       
  494:   88:-       |  88:-       |  88:-       |  88:-       |  84:mulq    r3=0  
  495:   88:stq     |  88:-       |  88:-       |  88:-       |  88:-       
  496:   92:-       |  88:stq     |  88:-       |  88:-       |  88:-       
  497:   92:-       |  92:-       |  88:stq     |  88:-       |  88:-       
  498:   92:-       |  92:-       |  92:-       |  88:stq     |  88:-       BUS_STORE MEM[4104] = 0 accepted 1
  499:   92:-       |  92:-       |  92:-       |  92:-       |  88:stq     
  500:   92:mulq    |  92:-       |  92:-       |  92:-       |  92:-       
  501:   96:-       |  92:mulq    |  92:-       |  92:-       |  92:-       
  502:   96:-       |  96:-       |  92:mulq    |  92:-       |  92:-       
  503:   96:-       |  96:-       |  96:-       |  92:mulq    |  92:-       
  504:   96:-       |  96:-       |  96:-       |  96:-       |  92:mulq    r4=0  
  505:   96:stq     |  96:-       |  96:-       |  96:-       |  96:-       
  506:  100:-       |  96:stq     |  96:-       |  96:-       |  96:-       
  507:  100:-       | 100:-       |  96:stq     |  96:-       |  96:-       
  508:  100:-       | 100:-       | 100:-       |  96:stq     |  96:-       BUS_STORE MEM[4120] = 0 accepted 1
  509:  100:-       | 100:-       | 100:-       | 100:-       |  96:stq     
  510:  100:mulq    | 100:-       | 100:-       | 100:-       | 100:-       
  511:  104:-       | 100:mulq    | 100:-       | 100:-       | 100:-       
  512:  104:-       | 104:-       | 100:mulq    | 100:-       | 100:-       
  513:  104:-       | 104:-       | 104:-       | 100:mulq    | 100:-       
  514:  104:-       | 104:-       | 104:-       | 104:-       | 100:mulq    r5=0  
  515:  104:stq     | 104:-       | 104:-       | 104:-       | 104:-       
  516:  108:-       | 104:stq     | 104:-       | 104:-       | 104:-       
  517:  108:-       | 108:-       | 104:stq     | 104:-       | 104:-       
  518:  108:-       | 108:-       | 108:-       | 104:stq     | 104:-       BUS_STORE MEM[4136] = 0 accepted 1
  519:  108:-       | 108:-       | 108:-       | 108:-       | 104:stq     
  520:  108:mulq    | 108:-       | 108:-       | 108:-       | 108:-       
  521:  112:-       | 108:mulq    | 108:-       | 108:-       | 108:-       
  522:  112:-       | 112:-       | 108:mulq    | 108:-       | 108:-       
  523:  112:-       | 112:-       | 112:-       | 108:mulq    | 108:-       
  524:  112:-       | 112:-       | 112:-       | 112:-       | 108:mulq    r6=0  
  525:  112:stq     | 112:-       | 112:-       | 112:-       | 112:-       
  526:  116:-       | 112:stq     | 112:-       | 112:-       | 112:-       
  527:  116:-       | 116:-       | 112:stq     | 112:-       | 112:-       
  528:  116:-       | 116:-       | 116:-       | 112:stq     | 112:-       BUS_STORE MEM[4152] = 0 accepted 1
  529:  116:-       | 116:-       | 116:-       | 116:-       | 112:stq     
  530:  116:mulq    | 116:-       | 116:-       | 116:-       | 116:-       
  531:  120:-       | 116:mulq    | 116:-       | 116:-       | 116:-       
  532:  120:-       | 120:-       | 116:mulq    | 116:-       | 116:-       
  533:  120:-       | 120:-       | 120:-       | 116:mulq    | 116:-       
  534:  120:-       | 120:-       | 120:-       | 120:-       | 116:mulq    r1=0  
  535:  120:stq     | 120:-       | 120:-       | 120:-       | 120:-       
  536:  124:-       | 120:stq     | 120:-       | 120:-       | 120:-       
  537:  124:-       | 124:-       | 120:stq     | 120:-       | 120:-       
  538:  124:-       | 124:-       | 124:-       | 120:stq     | 120:-       BUS_STORE MEM[4224] = 56 accepted 1
  539:  124:-       | 124:-       | 124:-       | 124:-       | 120:stq     
  540:  124:mulq    | 124:-       | 124:-       | 124:-       | 124:-       
  541:  128:-       | 124:mulq    | 124:-       | 124:-       | 124:-       
  542:  128:-       | 128:-       | 124:mulq    | 124:-       | 124:-       
  543:  128:-       | 128:-       | 128:-       | 124:mulq    | 124:-       
  544:  128:-       | 128:-       | 128:-       | 128:-       | 124:mulq    r8=629407744  
  545:  128:stq     | 128:-       | 128:-       | 128:-       | 128:-       
  546:  132:-       | 128:stq     | 128:-       | 128:-       | 128:-       
  547:  132:-       | 132:-       | 128:stq     | 128:-       | 128:-       
  548:  132:-       | 132:-       | 132:-       | 128:stq     | 128:-       BUS_STORE MEM[4184] = 8 accepted 1
  549:  132:-       | 132:-       | 132:-       | 132:-       | 128:stq     
  550:  132:stq     | 132:-       | 132:-       | 132:-       | 132:-       
  551:  136:-       | 132:stq     | 132:-       | 132:-       | 132:-       
  552:  136:-       | 136:-       | 132:stq     | 132:-       | 132:-       
  553:  136:-       | 136:-       | 136:-       | 132:stq     | 132:-       BUS_STORE MEM[4192] = 8 accepted 1
  554:  136:-       | 136:-       | 136:-       | 136:-       | 132:stq     
  555:  136:stq     | 136:-       | 136:-       | 136:-       | 136:-       
  556:  140:-       | 136:stq     | 136:-       | 136:-       | 136:-       
  557:  140:-       | 140:-       | 136:stq     | 136:-       | 136:-       
  558:  140:-       | 140:-       | 140:-       | 136:stq     | 136:-       BUS_STORE MEM[4208] = 8 accepted 1
  559:  140:-       | 140:-       | 140:-       | 140:-       | 136:stq     
  560:  140:stq     | 140:-       | 140:-       | 140:-       | 140:-       
  561:  144:-       | 140:stq     | 140:-       | 140:-       | 140:-       
  562:  144:-       | 144:-       | 140:stq     | 140:-       | 140:-       
  563:  144:-       | 144:-       | 144:-       | 140:stq     | 140:-       BUS_STORE MEM[4176] = 8 accepted 1
  564:  144:-       | 144:-       | 144:-       | 144:-       | 140:stq     
  565:  144:stq     | 144:-       | 144:-       | 144:-       | 144:-       
  566:  148:-       | 144:stq     | 144:-       | 144:-       | 144:-       
  567:  148:-       | 148:-       | 144:stq     | 144:-       | 144:-       
  568:  148:-       | 148:-       | 148:-       | 144:stq     | 144:-       BUS_STORE MEM[4160] = 8 accepted 1
  569:  148:-       | 148:-       | 148:-       | 148:-       | 144:stq     
  570:  148:stq     | 148:-       | 148:-       | 148:-       | 148:-       
  571:  152:-       | 148:stq     | 148:-       | 148:-       | 148:-       
  572:  152:-       | 152:-       | 148:stq     | 148:-       | 148:-       
  573:  152:-       | 152:-       | 152:-       | 148:stq     | 148:-       BUS_STORE MEM[4144] = 8 accepted 1
  574:  152:-       | 152:-       | 152:-       | 152:-       | 148:stq     
  575:  152:stq     | 152:-       | 152:-       | 152:-       | 152:-       
  576:  156:-       | 152:stq     | 152:-       | 152:-       | 152:-       
  577:  156:-       | 156:-       | 152:stq     | 152:-       | 152:-       
  578:  156:-       | 156:-       | 156:-       | 152:stq     | 152:-       BUS_STORE MEM[4128] = 8 accepted 1
  579:  156:-       | 156:-       | 156:-       | 156:-       | 152:stq     
  580:  156:stq     | 156:-       | 156:-       | 156:-       | 156:-       
  581:  160:-       | 156:stq     | 156:-       | 156:-       | 156:-       
  582:  160:-       | 160:-       | 156:stq     | 156:-       | 156:-       
  583:  160:-       | 160:-       | 160:-       | 156:stq     | 156:-       BUS_STORE MEM[4112] = 8 accepted 1
  584:  160:-       | 160:-       | 160:-       | 160:-       | 156:stq     
  585:  160:stq     | 160:-       | 160:-       | 160:-       | 160:-       
  586:  164:-       | 160:stq     | 160:-       | 160:-       | 160:-       
  587:  164:-       | 164:-       | 160:stq     | 160:-       | 160:-       
  588:  164:-       | 164:-       | 164:-       | 160:stq     | 160:-       BUS_STORE MEM[4704] = 8 accepted 1
  589:  164:-       | 164:-       | 164:-       | 164:-       | 160:stq     
  590:  164:stq     | 164:-       | 164:-       | 164:-       | 164:-       
  591:  168:-       | 164:stq     | 164:-       | 164:-       | 164:-       
  592:  168:-       | 168:-       | 164:stq     | 164:-       | 164:-       
  593:  168:-       | 168:-       | 168:-       | 164:stq     | 164:-       BUS_STORE MEM[4704] = 8 accepted 1
  594:  168:-       | 168:-       | 168:-       | 168:-       | 164:stq     
  595:  168:stq     | 168:-       | 168:-       | 168:-       | 168:-       
  596:  172:-       | 168:stq     | 168:-       | 168:-       | 168:-       
  597:  172:-       | 172:-       | 168:stq     | 168:-       | 168:-       
  598:  172:-       | 172:-       | 172:-       | 168:stq     | 168:-       BUS_STORE MEM[4704] = 8 accepted 1
  599:  172:-       | 172:-       | 172:-       | 172:-       | 168:stq     
  600:  172:stq     | 172:-       | 172:-       | 172:-       | 172:-       
  601:  176:-       | 172:stq     | 172:-       | 172:-       | 172:-       
  602:  176:-       | 176:-       | 172:stq     | 172:-       | 172:-       
  603:  176:-       | 176:-       | 176:-       | 172:stq     | 172:-       BUS_STORE MEM[4704] = 8 accepted 1
  604:  176:-       | 176:-       | 176:-       | 176:-       | 172:stq     
  605:  176:stq     | 176:-       | 176:-       | 176:-       | 176:-       
  606:  180:-       | 176:stq     | 176:-       | 176:-       | 176:-       
  607:  180:-       | 180:-       | 176:stq     | 176:-       | 176:-       
  608:  180:-       | 180:-       | 180:-       | 176:stq     | 176:-       BUS_STORE MEM[4704] = 8 accepted 1
  609:  180:-       | 180:-       | 180:-       | 180:-       | 176:stq     
  610:  180:stq     | 180:-       | 180:-       | 180:-       | 180:-       
  611:  184:-       | 180:stq     | 180:-       | 180:-       | 180:-       
  612:  184:-       | 184:-       | 180:stq     | 180:-       | 180:-       
  613:  184:-       | 184:-       | 184:-       | 180:stq     | 180:-       BUS_STORE MEM[4704] = 8 accepted 1
  614:  184:-       | 184:-       | 184:-       | 184:-       | 180:stq     
  615:  184:stq     | 184:-       | 184:-       | 184:-       | 184:-       
  616:  188:-       | 184:stq     | 184:-       | 184:-       | 184:-       
  617:  188:-       | 188:-       | 184:stq     | 184:-       | 184:-       
  618:  188:-       | 188:-       | 188:-       | 184:stq     | 184:-       BUS_STORE MEM[4704] = 8 accepted 1
  619:  188:-       | 188:-       | 188:-       | 188:-       | 184:stq     
  620:  188:stq     | 188:-       | 188:-       | 188:-       | 188:-       
  621:  192:-       | 188:stq     | 188:-       | 188:-       | 188:-       
  622:  192:-       | 192:-       | 188:stq     | 188:-       | 188:-       
  623:  192:-       | 192:-       | 192:-       | 188:stq     | 188:-       BUS_STORE MEM[4704] = 8 accepted 1
  624:  192:-       | 192:-       | 192:-       | 192:-       | 188:stq     
  625:  192:stq     | 192:-       | 192:-       | 192:-       | 192:-       
  626:  196:-       | 192:stq     | 192:-       | 192:-       | 192:-       
  627:  196:-       | 196:-       | 192:stq     | 192:-       | 192:-       
  628:  196:-       | 196:-       | 196:-       | 192:stq     | 192:-       BUS_STORE MEM[4704] = 8 accepted 1
  629:  196:-       | 196:-       | 196:-       | 196:-       | 192:stq     
  630:  196:stq     | 196:-       | 196:-       | 196:-       | 196:-       
  631:  200:-       | 196:stq     | 196:-       | 196:-       | 196:-       
  632:  200:-       | 200:-       | 196:stq     | 196:-       | 196:-       
  633:  200:-       | 200:-       | 200:-       | 196:stq     | 196:-       BUS_STORE MEM[4704] = 8 accepted 1
  634:  200:-       | 200:-       | 200:-       | 200:-       | 196:stq     
  635:  200:stq     | 200:-       | 200:-       | 200:-       | 200:-       
  636:  204:-       | 200:stq     | 200:-       | 200:-       | 200:-       
  637:  204:-       | 204:-       | 200:stq     | 200:-       | 200:-       
  638:  204:-       | 204:-       | 204:-       | 200:stq     | 200:-       BUS_STORE MEM[4184] = 8 accepted 1
  639:  204:-       | 204:-       | 204:-       | 204:-       | 200:stq     
  640:  204:mulq    | 204:-       | 204:-       | 204:-       | 204:-       
  641:  208:-       | 204:mulq    | 204:-       | 204:-       | 204:-       
  642:  208:-       | 208:-       | 204:mulq    | 204:-       | 204:-       
  643:  208:-       | 208:-       | 208:-       | 204:mulq    | 204:-       
  644:  208:-       | 208:-       | 208:-       | 208:-       | 204:mulq    r3=0  
  645:  208:stq     | 208:-       | 208:-       | 208:-       | 208:-       
  646:  212:-       | 208:stq     | 208:-       | 208:-       | 208:-       
  647:  212:-       | 212:-       | 208:stq     | 208:-       | 208:-       
  648:  212:-       | 212:-       | 212:-       | 208:stq     | 208:-       BUS_STORE MEM[4608] = 56 accepted 1
  649:  212:-       | 212:-       | 212:-       | 212:-       | 208:stq     
  650:  212:stq     | 212:-       | 212:-       | 212:-       | 212:-       
  651:  216:-       | 212:stq     | 212:-       | 212:-       | 212:-       
  652:  216:-       | 216:-       | 212:stq     | 212:-       | 212:-       
  653:  216:-       | 216:-       | 216:-       | 212:stq     | 212:-       BUS_STORE MEM[4944] = 56 accepted 1
  654:  216:-       | 216:-       | 216:-       | 216:-       | 212:stq     
  655:  216:mulq    | 216:-       | 216:-       | 216:-       | 216:-       
  656:  220:-       | 216:mulq    | 216:-       | 216:-       | 216:-       
  657:  220:-       | 220:-       | 216:mulq    | 216:-       | 216:-       
  658:  220:-       | 220:-       | 220:-       | 216:mulq    | 216:-       
  659:  220:-       | 220:-       | 220:-       | 220:-       | 216:mulq    r3=0  
  660:  220:stq     | 220:-       | 220:-       | 220:-       | 220:-       
  661:  224:-       | 220:stq     | 220:-       | 220:-       | 220:-       
  662:  224:-       | 224:-       | 220:stq     | 220:-       | 220:-       
  663:  224:-       | 224:-       | 224:-       | 220:stq     | 220:-       BUS_STORE MEM[5200] = 56 accepted 1
  664:  224:-       | 224:-       | 224:-       | 224:-       | 220:stq     
  665:  224:mulq    | 224:-       | 224:-       | 224:-       | 224:-       
  666:  228:-       | 224:mulq    | 224:-       | 224:-       | 224:-       
  667:  228:-       | 228:-       | 224:mulq    | 224:-       | 224:-       
  668:  228:-       | 228:-       | 228:-       | 224:mulq    | 224:-       
  669:  228:-       | 228:-       | 228:-       | 228:-       | 224:mulq    r8=0x834e00000  
  670:  228:mulq    | 228:-       | 228:-       | 228:-       | 228:-       
  671:  232:-       | 228:mulq    | 228:-       | 228:-       | 228:-       
  672:  232:-       | 232:-       | 228:mulq    | 228:-       | 228:-       
  673:  232:-       | 232:-       | 232:-       | 228:mulq    | 228:-       
  674:  232:-       | 232:-       | 232:-       | 232:-       | 228:mulq    r8=0x1cb91000000  
  675:  232:stq     | 232:-       | 232:-       | 232:-       | 232:-       
  676:  236:-       | 232:stq     | 232:-       | 232:-       | 232:-       
  677:  236:-       | 236:-       | 232:stq     | 232:-       | 232:-       
  678:  236:-       | 236:-       | 236:-       | 232:stq     | 232:-       BUS_STORE MEM[5248] = 56 accepted 1
  679:  236:-       | 236:-       | 236:-       | 236:-       | 232:stq     
  680:  236:stq     | 236:-       | 236:-       | 236:-       | 236:-       
  681:  240:-       | 236:stq     | 236:-       | 236:-       | 236:-       
  682:  240:-       | 240:-       | 236:stq     | 236:-       | 236:-       
  683:  240:-       | 240:-       | 240:-       | 236:stq     | 236:-       BUS_STORE MEM[5520] = 56 accepted 1
  684:  240:-       | 240:-       | 240:-       | 240:-       | 236:stq     
  685:  240:mulq    | 240:-       | 240:-       | 240:-       | 240:-       
  686:  244:-       | 240:mulq    | 240:-       | 240:-       | 240:-       
  687:  244:-       | 244:-       | 240:mulq    | 240:-       | 240:-       
  688:  244:-       | 244:-       | 244:-       | 240:mulq    | 240:-       
  689:  244:-       | 244:-       | 244:-       | 244:-       | 240:mulq    r2=0  
  690:  244:stq     | 244:-       | 244:-       | 244:-       | 244:-       
  691:  248:-       | 244:stq     | 244:-       | 244:-       | 244:-       
  692:  248:-       | 248:-       | 244:stq     | 244:-       | 244:-       
  693:  248:-       | 248:-       | 248:-       | 244:stq     | 244:-       BUS_STORE MEM[5776] = 56 accepted 1
  694:  248:-       | 248:-       | 248:-       | 248:-       | 244:stq     
  695:  248:addq    | 248:-       | 248:-       | 248:-       | 248:-       
  696:  252:-       | 248:addq    | 248:-       | 248:-       | 248:-       
  697:  252:-       | 252:-       | 248:addq    | 248:-       | 248:-       
  698:  252:-       | 252:-       | 252:-       | 248:addq    | 248:-       
  699:  252:-       | 252:-       | 252:-       | 252:-       | 248:addq    r3=0  
  700:  252:addq    | 252:-       | 252:-       | 252:-       | 252:-       
  701:  256:-       | 252:addq    | 252:-       | 252:-       | 252:-       
  702:  256:-       | 256:-       | 252:addq    | 252:-       | 252:-       
  703:  256:-       | 256:-       | 256:-       | 252:addq    | 252:-       
  704:  256:-       | 256:-       | 256:-       | 256:-       | 252:addq    r3=0  
  705:  256:addq    | 256:-       | 256:-       | 256:-       | 256:-       
  706:  260:-       | 256:addq    | 256:-       | 256:-       | 256:-       
  707:  260:-       | 260:-       | 256:addq    | 256:-       | 256:-       
  708:  260:-       | 260:-       | 260:-       | 256:addq    | 256:-       
  709:  260:-       | 260:-       | 260:-       | 260:-       | 256:addq    r3=0  
  710:  260:stq     | 260:-       | 260:-       | 260:-       | 260:-       
  711:  264:-       | 260:stq     | 260:-       | 260:-       | 260:-       
  712:  264:-       | 264:-       | 260:stq     | 260:-       | 260:-       
  713:  264:-       | 264:-       | 264:-       | 260:stq     | 260:-       BUS_STORE MEM[5776] = 56 accepted 1
  714:  264:-       | 264:-       | 264:-       | 264:-       | 260:stq     
  715:  264:stq     | 264:-       | 264:-       | 264:-       | 264:-       
  716:  268:-       | 264:stq     | 264:-       | 264:-       | 264:-       
  717:  268:-       | 268:-       | 264:stq     | 264:-       | 264:-       
  718:  268:-       | 268:-       | 268:-       | 264:stq     | 264:-       BUS_STORE MEM[5776] = 56 accepted 1
  719:  268:-       | 268:-       | 268:-       | 268:-       | 264:stq     
  720:  268:stq     | 268:-       | 268:-       | 268:-       | 268:-       
  721:  272:-       | 268:stq     | 268:-       | 268:-       | 268:-       
  722:  272:-       | 272:-       | 268:stq     | 268:-       | 268:-       
  723:  272:-       | 272:-       | 272:-       | 268:stq     | 268:-       BUS_STORE MEM[5776] = 56 accepted 1
  724:  272:-       | 272:-       | 272:-       | 272:-       | 268:stq     
  725:  272:stq     | 272:-       | 272:-       | 272:-       | 272:-       
  726:  276:-       | 272:stq     | 272:-       | 272:-       | 272:-       
  727:  276:-       | 276:-       | 272:stq     | 272:-       | 272:-       
  728:  276:-       | 276:-       | 276:-       | 272:stq     | 272:-       BUS_STORE MEM[5776] = 0 accepted 1
  729:  276:-       | 276:-       | 276:-       | 276:-       | 272:stq     
  730:  276:stq     | 276:-       | 276:-       | 276:-       | 276:-       
  731:  280:-       | 276:stq     | 276:-       | 276:-       | 276:-       
  732:  280:-       | 280:-       | 276:stq     | 276:-       | 276:-       
  733:  280:-       | 280:-       | 280:-       | 276:stq     | 276:-       BUS_STORE MEM[5776] = 56 accepted 1
  734:  280:-       | 280:-       | 280:-       | 280:-       | 276:stq     
  735:  280:stq     | 280:-       | 280:-       | 280:-       | 280:-       
  736:  284:-       | 280:stq     | 280:-       | 280:-       | 280:-       
  737:  284:-       | 284:-       | 280:stq     | 280:-       | 280:-       
  738:  284:-       | 284:-       | 284:-       | 280:stq     | 280:-       BUS_STORE MEM[5776] = 56 accepted 1
  739:  284:-       | 284:-       | 284:-       | 284:-       | 280:stq     
  740:  284:stq     | 284:-       | 284:-       | 284:-       | 284:-       
  741:  288:-       | 284:stq     | 284:-       | 284:-       | 284:-       
  742:  288:-       | 288:-       | 284:stq     | 284:-       | 284:-       
  743:  288:-       | 288:-       | 288:-       | 284:stq     | 284:-       BUS_STORE MEM[5776] = 56 accepted 1
  744:  288:-       | 288:-       | 288:-       | 288:-       | 284:stq     
  745:  288:stq     | 288:-       | 288:-       | 288:-       | 288:-       
  746:  292:-       | 288:stq     | 288:-       | 288:-       | 288:-       
  747:  292:-       | 292:-       | 288:stq     | 288:-       | 288:-       
  748:  292:-       | 292:-       | 292:-       | 288:stq     | 288:-       BUS_STORE MEM[5776] = 56 accepted 1
  749:  292:-       | 292:-       | 292:-       | 292:-       | 288:stq     
  750:  292:stq     | 292:-       | 292:-       | 292:-       | 292:-       
  751:  296:-       | 292:stq     | 292:-       | 292:-       | 292:-       
  752:  296:-       | 296:-       | 292:stq     | 292:-       | 292:-       
  753:  296:-       | 296:-       | 296:-       | 292:stq     | 292:-       BUS_STORE MEM[5776] = 56 accepted 1
  754:  296:-       | 296:-       | 296:-       | 296:-       | 292:stq     
  755:  296:addq    | 296:-       | 296:-       | 296:-       | 296:-       
  756:  300:-       | 296:addq    | 296:-       | 296:-       | 296:-       
  757:  300:-       | 300:-       | 296:addq    | 296:-       | 296:-       
  758:  300:-       | 300:-       | 300:-       | 296:addq    | 296:-       
  759:  300:-       | 300:-       | 300:-       | 300:-       | 296:addq    r3=0  
  760:  300:bne     | 300:-       | 300:-       | 300:-       | 300:-       
  761:  304:-       | 300:bne     | 300:-       | 300:-       | 300:-       
  762:  304:-       | 304:-       | 300:bne     | 300:-       | 300:-       
  763:  304:-       | 304:-       | 304:-       | 300:bne     | 300:-       
  764:   56:-       | 304:-       | 304:-       | 304:-       | 300:bne     
  765:   56:subq    |  56:-       | 304:-       | 304:-       | 304:-       
  766:   60:-       |  56:subq    |  56:-       | 304:-       | 304:-       
  767:   60:-       |  60:-       |  56:subq    |  56:-       | 304:-       
  768:   60:-       |  60:-       |  60:-       |  56:subq    |  56:-       
  769:   60:-       |  60:-       |  60:-       |  60:-       |  56:subq    r30=0  
  770:   60:mulq    |  60:-       |  60:-       |  60:-       |  60:-       
  771:   64:-       |  60:mulq    |  60:-       |  60:-       |  60:-       
  772:   64:-       |  64:-       |  60:mulq    |  60:-       |  60:-       
  773:   64:-       |  64:-       |  64:-       |  60:mulq    |  60:-       
  774:   64:-       |  64:-       |  64:-       |  64:-       |  60:mulq    r0=0  
  775:   64:stq     |  64:-       |  64:-       |  64:-       |  64:-       
  776:   68:-       |  64:stq     |  64:-       |  64:-       |  64:-       
  777:   68:-       |  68:-       |  64:stq     |  64:-       |  64:-       
  778:   68:-       |  68:-       |  68:-       |  64:stq     |  64:-       BUS_STORE MEM[4128] = 0 accepted 1
  779:   68:-       |  68:-       |  68:-       |  68:-       |  64:stq     
  780:   68:mulq    |  68:-       |  68:-       |  68:-       |  68:-       
  781:   72:-       |  68:mulq    |  68:-       |  68:-       |  68:-       
  782:   72:-       |  72:-       |  68:mulq    |  68:-       |  68:-       
  783:   72:-       |  72:-       |  72:-       |  68:mulq    |  68:-       
  784:   72:-       |  72:-       |  72:-       |  72:-       |  68:mulq    r1=0  
  785:   72:stq     |  72:-       |  72:-       |  72:-       |  72:-       
  786:   76:-       |  72:stq     |  72:-       |  72:-       |  72:-       
  787:   76:-       |  76:-       |  72:stq     |  72:-       |  72:-       
  788:   76:-       |  76:-       |  76:-       |  72:stq     |  72:-       BUS_STORE MEM[4104] = 0 accepted 1
  789:   76:-       |  76:-       |  76:-       |  76:-       |  72:stq     
  790:   76:mulq    |  76:-       |  76:-       |  76:-       |  76:-       
  791:   80:-       |  76:mulq    |  76:-       |  76:-       |  76:-       
  792:   80:-       |  80:-       |  76:mulq    |  76:-       |  76:-       
  793:   80:-       |  80:-       |  80:-       |  76:mulq    |  76:-       
  794:   80:-       |  80:-       |  80:-       |  80:-       |  76:mulq    r2=0  
  795:   80:stq     |  80:-       |  80:-       |  80:-       |  80:-       
  796:   84:-       |  80:stq     |  80:-       |  80:-       |  80:-       
  797:   84:-       |  84:-       |  80:stq     |  80:-       |  80:-       
  798:   84:-       |  84:-       |  84:-       |  80:stq     |  80:-       BUS_STORE MEM[4104] = 0 accepted 1
  799:   84:-       |  84:-       |  84:-       |  84:-       |  80:stq     
  800:   84:mulq    |  84:-       |  84:-       |  84:-       |  84:-       
  801:   88:-       |  84:mulq    |  84:-       |  84:-       |  84:-       
  802:   88:-       |  88:-       |  84:mulq    |  84:-       |  84:-       
  803:   88:-       |  88:-       |  88:-       |  84:mulq    |  84:-       
  804:   88:-       |  88:-       |  88:-       |  88:-       |  84:mulq    r3=0  
  805:   88:stq     |  88:-       |  88:-       |  88:-       |  88:-       
  806:   92:-       |  88:stq     |  88:-       |  88:-       |  88:-       
  807:   92:-       |  92:-       |  88:stq     |  88:-       |  88:-       
  808:   92:-       |  92:-       |  92:-       |  88:stq     |  88:-       BUS_STORE MEM[4104] = 0 accepted 1
  809:   92:-       |  92:-       |  92:-       |  92:-       |  88:stq     
  810:   92:mulq    |  92:-       |  92:-       |  92:-       |  92:-       
  811:   96:-       |  92:mulq    |  92:-       |  92:-       |  92:-       
  812:   96:-       |  96:-       |  92:mulq    |  92:-       |  92:-       
  813:   96:-       |  96:-       |  96:-       |  92:mulq    |  92:-       
  814:   96:-       |  96:-       |  96:-       |  96:-       |  92:mulq    r4=0  
  815:   96:stq     |  96:-       |  96:-       |  96:-       |  96:-       
  816:  100:-       |  96:stq     |  96:-       |  96:-       |  96:-       
  817:  100:-       | 100:-       |  96:stq     |  96:-       |  96:-       
  818:  100:-       | 100:-       | 100:-       |  96:stq     |  96:-       BUS_STORE MEM[4120] = 0 accepted 1
  819:  100:-       | 100:-       | 100:-       | 100:-       |  96:stq     
  820:  100:mulq    | 100:-       | 100:-       | 100:-       | 100:-       
  821:  104:-       | 100:mulq    | 100:-       | 100:-       | 100:-       
  822:  104:-       | 104:-       | 100:mulq    | 100:-       | 100:-       
  823:  104:-       | 104:-       | 104:-       | 100:mulq    | 100:-       
  824:  104:-       | 104:-       | 104:-       | 104:-       | 100:mulq    r5=0  
  825:  104:stq     | 104:-       | 104:-       | 104:-       | 104:-       
  826:  108:-       | 104:stq     | 104:-       | 104:-       | 104:-       
  827:  108:-       | 108:-       | 104:stq     | 104:-       | 104:-       
  828:  108:-       | 108:-       | 108:-       | 104:stq     | 104:-       BUS_STORE MEM[4136] = 0 accepted 1
  829:  108:-       | 108:-       | 108:-       | 108:-       | 104:stq     
  830:  108:mulq    | 108:-       | 108:-       | 108:-       | 108:-       
  831:  112:-       | 108:mulq    | 108:-       | 108:-       | 108:-       
  832:  112:-       | 112:-       | 108:mulq    | 108:-       | 108:-       
  833:  112:-       | 112:-       | 112:-       | 108:mulq    | 108:-       
  834:  112:-       | 112:-       | 112:-       | 112:-       | 108:mulq    r6=0  
  835:  112:stq     | 112:-       | 112:-       | 112:-       | 112:-       
  836:  116:-       | 112:stq     | 112:-       | 112:-       | 112:-       
  837:  116:-       | 116:-       | 112:stq     | 112:-       | 112:-       
  838:  116:-       | 116:-       | 116:-       | 112:stq     | 112:-       BUS_STORE MEM[4152] = 0 accepted 1
  839:  116:-       | 116:-       | 116:-       | 116:-       | 112:stq     
  840:  116:mulq    | 116:-       | 116:-       | 116:-       | 116:-       
  841:  120:-       | 116:mulq    | 116:-       | 116:-       | 116:-       
  842:  120:-       | 120:-       | 116:mulq    | 116:-       | 116:-       
  843:  120:-       | 120:-       | 120:-       | 116:mulq    | 116:-       
  844:  120:-       | 120:-       | 120:-       | 120:-       | 116:mulq    r1=0  
  845:  120:stq     | 120:-       | 120:-       | 120:-       | 120:-       
  846:  124:-       | 120:stq     | 120:-       | 120:-       | 120:-       
  847:  124:-       | 124:-       | 120:stq     | 120:-       | 120:-       
  848:  124:-       | 124:-       | 124:-       | 120:stq     | 120:-       BUS_STORE MEM[4224] = 56 accepted 1
  849:  124:-       | 124:-       | 124:-       | 124:-       | 120:stq     
  850:  124:mulq    | 124:-       | 124:-       | 124:-       | 124:-       
  851:  128:-       | 124:mulq    | 124:-       | 124:-       | 124:-       
  852:  128:-       | 128:-       | 124:mulq    | 124:-       | 124:-       
  853:  128:-       | 128:-       | 128:-       | 124:mulq    | 124:-       
  854:  128:-       | 128:-       | 128:-       | 128:-       | 124:mulq    r8=0x6487b8000000  
  855:  128:stq     | 128:-       | 128:-       | 128:-       | 128:-       
  856:  132:-       | 128:stq     | 128:-       | 128:-       | 128:-       
  857:  132:-       | 132:-       | 128:stq     | 128:-       | 128:-       
  858:  132:-       | 132:-       | 132:-       | 128:stq     | 128:-       BUS_STORE MEM[4184] = 8 accepted 1
  859:  132:-       | 132:-       | 132:-       | 132:-       | 128:stq     
  860:  132:stq     | 132:-       | 132:-       | 132:-       | 132:-       
  861:  136:-       | 132:stq     | 132:-       | 132:-       | 132:-       
  862:  136:-       | 136:-       | 132:stq     | 132:-       | 132:-       
  863:  136:-       | 136:-       | 136:-       | 132:stq     | 132:-       BUS_STORE MEM[4192] = 8 accepted 1
  864:  136:-       | 136:-       | 136:-       | 136:-       | 132:stq     
  865:  136:stq     | 136:-       | 136:-       | 136:-       | 136:-       
  866:  140:-       | 136:stq     | 136:-       | 136:-       | 136:-       
  867:  140:-       | 140:-       | 136:stq     | 136:-       | 136:-       
  868:  140:-       | 140:-       | 140:-       | 136:stq     | 136:-       BUS_STORE MEM[4208] = 8 accepted 1
  869:  140:-       | 140:-       | 140:-       | 140:-       | 136:stq     
  870:  140:stq     | 140:-       | 140:-       | 140:-       | 140:-       
  871:  144:-       | 140:stq     | 140:-       | 140:-       | 140:-       
  872:  144:-       | 144:-       | 140:stq     | 140:-       | 140:-       
  873:  144:-       | 144:-       | 144:-       | 140:stq     | 140:-       BUS_STORE MEM[4176] = 8 accepted 1
  874:  144:-       | 144:-       | 144:-       | 144:-       | 140:stq     
  875:  144:stq     | 144:-       | 144:-       | 144:-       | 144:-       
  876:  148:-       | 144:stq     | 144:-       | 144:-       | 144:-       
  877:  148:-       | 148:-       | 144:stq     | 144:-       | 144:-       
  878:  148:-       | 148:-       | 148:-       | 144:stq     | 144:-       BUS_STORE MEM[4160] = 8 accepted 1
  879:  148:-       | 148:-       | 148:-       | 148:-       | 144:stq     
  880:  148:stq     | 148:-       | 148:-       | 148:-       | 148:-       
  881:  152:-       | 148:stq     | 148:-       | 148:-       | 148:-       
  882:  152:-       | 152:-       | 148:stq     | 148:-       | 148:-       
  883:  152:-       | 152:-       | 152:-       | 148:stq     | 148:-       BUS_STORE MEM[4144] = 8 accepted 1
  884:  152:-       | 152:-       | 152:-       | 152:-       | 148:stq     
  885:  152:stq     | 152:-       | 152:-       | 152:-       | 152:-       
  886:  156:-       | 152:stq     | 152:-       | 152:-       | 152:-       
  887:  156:-       | 156:-       | 152:stq     | 152:-       | 152:-       
  888:  156:-       | 156:-       | 156:-       | 152:stq     | 152:-       BUS_STORE MEM[4128] = 8 accepted 1
  889:  156:-       | 156:-       | 156:-       | 156:-       | 152:stq     
  890:  156:stq     | 156:-       | 156:-       | 156:-       | 156:-       
  891:  160:-       | 156:stq     | 156:-       | 156:-       | 156:-       
  892:  160:-       | 160:-       | 156:stq     | 156:-       | 156:-       
  893:  160:-       | 160:-       | 160:-       | 156:stq     | 156:-       BUS_STORE MEM[4112] = 8 accepted 1
  894:  160:-       | 160:-       | 160:-       | 160:-       | 156:stq     
  895:  160:stq     | 160:-       | 160:-       | 160:-       | 160:-       
  896:  164:-       | 160:stq     | 160:-       | 160:-       | 160:-       
  897:  164:-       | 164:-       | 160:stq     | 160:-       | 160:-       
  898:  164:-       | 164:-       | 164:-       | 160:stq     | 160:-       BUS_STORE MEM[4704] = 8 accepted 1
  899:  164:-       | 164:-       | 164:-       | 164:-       | 160:stq     
  900:  164:stq     | 164:-       | 164:-       | 164:-       | 164:-       
  901:  168:-       | 164:stq     | 164:-       | 164:-       | 164:-       
  902:  168:-       | 168:-       | 164:stq     | 164:-       | 164:-       
  903:  168:-       | 168:-       | 168:-       | 164:stq     | 164:-       BUS_STORE MEM[4704] = 8 accepted 1
  904:  168:-       | 168:-       | 168:-       | 168:-       | 164:stq     
  905:  168:stq     | 168:-       | 168:-       | 168:-       | 168:-       
  906:  172:-       | 168:stq     | 168:-       | 168:-       | 168:-       
  907:  172:-       | 172:-       | 168:stq     | 168:-       | 168:-       
  908:  172:-       | 172:-       | 172:-       | 168:stq     | 168:-       BUS_STORE MEM[4704] = 8 accepted 1
  909:  172:-       | 172:-       | 172:-       | 172:-       | 168:stq     
  910:  172:stq     | 172:-       | 172:-       | 172:-       | 172:-       
  911:  176:-       | 172:stq     | 172:-       | 172:-       | 172:-       
  912:  176:-       | 176:-       | 172:stq     | 172:-       | 172:-       
  913:  176:-       | 176:-       | 176:-       | 172:stq     | 172:-       BUS_STORE MEM[4704] = 8 accepted 1
  914:  176:-       | 176:-       | 176:-       | 176:-       | 172:stq     
  915:  176:stq     | 176:-       | 176:-       | 176:-       | 176:-       
  916:  180:-       | 176:stq     | 176:-       | 176:-       | 176:-       
  917:  180:-       | 180:-       | 176:stq     | 176:-       | 176:-       
  918:  180:-       | 180:-       | 180:-       | 176:stq     | 176:-       BUS_STORE MEM[4704] = 8 accepted 1
  919:  180:-       | 180:-       | 180:-       | 180:-       | 176:stq     
  920:  180:stq     | 180:-       | 180:-       | 180:-       | 180:-       
  921:  184:-       | 180:stq     | 180:-       | 180:-       | 180:-       
  922:  184:-       | 184:-       | 180:stq     | 180:-       | 180:-       
  923:  184:-       | 184:-       | 184:-       | 180:stq     | 180:-       BUS_STORE MEM[4704] = 8 accepted 1
  924:  184:-       | 184:-       | 184:-       | 184:-       | 180:stq     
  925:  184:stq     | 184:-       | 184:-       | 184:-       | 184:-       
  926:  188:-       | 184:stq     | 184:-       | 184:-       | 184:-       
  927:  188:-       | 188:-       | 184:stq     | 184:-       | 184:-       
  928:  188:-       | 188:-       | 188:-       | 184:stq     | 184:-       BUS_STORE MEM[4704] = 8 accepted 1
  929:  188:-       | 188:-       | 188:-       | 188:-       | 184:stq     
  930:  188:stq     | 188:-       | 188:-       | 188:-       | 188:-       
  931:  192:-       | 188:stq     | 188:-       | 188:-       | 188:-       
  932:  192:-       | 192:-       | 188:stq     | 188:-       | 188:-       
  933:  192:-       | 192:-       | 192:-       | 188:stq     | 188:-       BUS_STORE MEM[4704] = 8 accepted 1
  934:  192:-       | 192:-       | 192:-       | 192:-       | 188:stq     
  935:  192:stq     | 192:-       | 192:-       | 192:-       | 192:-       
  936:  196:-       | 192:stq     | 192:-       | 192:-       | 192:-       
  937:  196:-       | 196:-       | 192:stq     | 192:-       | 192:-       
  938:  196:-       | 196:-       | 196:-       | 192:stq     | 192:-       BUS_STORE MEM[4704] = 8 accepted 1
  939:  196:-       | 196:-       | 196:-       | 196:-       | 192:stq     
  940:  196:stq     | 196:-       | 196:-       | 196:-       | 196:-       
  941:  200:-       | 196:stq     | 196:-       | 196:-       | 196:-       
  942:  200:-       | 200:-       | 196:stq     | 196:-       | 196:-       
  943:  200:-       | 200:-       | 200:-       | 196:stq     | 196:-       BUS_STORE MEM[4704] = 8 accepted 1
  944:  200:-       | 200:-       | 200:-       | 200:-       | 196:stq     
  945:  200:stq     | 200:-       | 200:-       | 200:-       | 200:-       
  946:  204:-       | 200:stq     | 200:-       | 200:-       | 200:-       
  947:  204:-       | 204:-       | 200:stq     | 200:-       | 200:-       
  948:  204:-       | 204:-       | 204:-       | 200:stq     | 200:-       BUS_STORE MEM[4184] = 8 accepted 1
  949:  204:-       | 204:-       | 204:-       | 204:-       | 200:stq     
  950:  204:mulq    | 204:-       | 204:-       | 204:-       | 204:-       
  951:  208:-       | 204:mulq    | 204:-       | 204:-       | 204:-       
  952:  208:-       | 208:-       | 204:mulq    | 204:-       | 204:-       
  953:  208:-       | 208:-       | 208:-       | 204:mulq    | 204:-       
  954:  208:-       | 208:-       | 208:-       | 208:-       | 204:mulq    r3=0  
  955:  208:stq     | 208:-       | 208:-       | 208:-       | 208:-       
  956:  212:-       | 208:stq     | 208:-       | 208:-       | 208:-       
  957:  212:-       | 212:-       | 208:stq     | 208:-       | 208:-       
  958:  212:-       | 212:-       | 212:-       | 208:stq     | 208:-       BUS_STORE MEM[4608] = 56 accepted 1
  959:  212:-       | 212:-       | 212:-       | 212:-       | 208:stq     
  960:  212:stq     | 212:-       | 212:-       | 212:-       | 212:-       
  961:  216:-       | 212:stq     | 212:-       | 212:-       | 212:-       
  962:  216:-       | 216:-       | 212:stq     | 212:-       | 212:-       
  963:  216:-       | 216:-       | 216:-       | 212:stq     | 212:-       BUS_STORE MEM[4944] = 56 accepted 1
  964:  216:-       | 216:-       | 216:-       | 216:-       | 212:stq     
  965:  216:mulq    | 216:-       | 216:-       | 216:-       | 216:-       
  966:  220:-       | 216:mulq    | 216:-       | 216:-       | 216:-       
  967:  220:-       | 220:-       | 216:mulq    | 216:-       | 216:-       
  968:  220:-       | 220:-       | 220:-       | 216:mulq    | 216:-       
  969:  220:-       | 220:-       | 220:-       | 220:-       | 216:mulq    r3=0  
  970:  220:stq     | 220:-       | 220:-       | 220:-       | 220:-       
  971:  224:-       | 220:stq     | 220:-       | 220:-       | 220:-       
  972:  224:-       | 224:-       | 220:stq     | 220:-       | 220:-       
  973:  224:-       | 224:-       | 224:-       | 220:stq     | 220:-       BUS_STORE MEM[5200] = 56 accepted 1
  974:  224:-       | 224:-       | 224:-       | 224:-       | 220:stq     
  975:  224:mulq    | 224:-       | 224:-       | 224:-       | 224:-       
  976:  228:-       | 224:mulq    | 224:-       | 224:-       | 224:-       
  977:  228:-       | 228:-       | 224:mulq    | 224:-       | 224:-       
  978:  228:-       | 228:-       | 228:-       | 224:mulq    | 224:-       
  979:  228:-       | 228:-       | 228:-       | 228:-       | 224:mulq    r8=0x15fdb040000000  
  980:  228:mulq    | 228:-       | 228:-       | 228:-       | 228:-       
  981:  232:-       | 228:mulq    | 228:-       | 228:-       | 228:-       
  982:  232:-       | 232:-       | 228:mulq    | 228:-       | 228:-       
  983:  232:-       | 232:-       | 232:-       | 228:mulq    | 228:-       
  984:  232:-       | 232:-       | 232:-       | 232:-       | 228:mulq    r8=0x4cf7e8e0  
  985:  232:stq     | 232:-       | 232:-       | 232:-       | 232:-       
  986:  236:-       | 232:stq     | 232:-       | 232:-       | 232:-       
  987:  236:-       | 236:-       | 232:stq     | 232:-       | 232:-       
  988:  236:-       | 236:-       | 236:-       | 232:stq     | 232:-       BUS_STORE MEM[5248] = 56 accepted 1
  989:  236:-       | 236:-       | 236:-       | 236:-       | 232:stq     
  990:  236:stq     | 236:-       | 236:-       | 236:-       | 236:-       
  991:  240:-       | 236:stq     | 236:-       | 236:-       | 236:-       
  992:  240:-       | 240:-       | 236:stq     | 236:-       | 236:-       
  993:  240:-       | 240:-       | 240:-       | 236:stq     | 236:-       BUS_STORE MEM[5520] = 56 accepted 1
  994:  240:-       | 240:-       | 240:-       | 240:-       | 236:stq     
  995:  240:mulq    | 240:-       | 240:-       | 240:-       | 240:-       
  996:  244:-       | 240:mulq    | 240:-       | 240:-       | 240:-       
  997:  244:-       | 244:-       | 240:mulq    | 240:-       | 240:-       
  998:  244:-       | 244:-       | 244:-       | 240:mulq    | 240:-       
  999:  244:-       | 244:-       | 244:-       | 244:-       | 240:mulq    r2=0  
 1000:  244:stq     | 244:-       | 244:-       | 244:-       | 244:-       
 1001:  248:-       | 244:stq     | 244:-       | 244:-       | 244:-       
 1002:  248:-       | 248:-       | 244:stq     | 244:-       | 244:-       
 1003:  248:-       | 248:-       | 248:-       | 244:stq     | 244:-       BUS_STORE MEM[5776] = 56 accepted 1
 1004:  248:-       | 248:-       | 248:-       | 248:-       | 244:stq     
 1005:  248:addq    | 248:-       | 248:-       | 248:-       | 248:-       
 1006:  252:-       | 248:addq    | 248:-       | 248:-       | 248:-       
 1007:  252:-       | 252:-       | 248:addq    | 248:-       | 248:-       
 1008:  252:-       | 252:-       | 252:-       | 248:addq    | 248:-       
 1009:  252:-       | 252:-       | 252:-       | 252:-       | 248:addq    r3=0  
 1010:  252:addq    | 252:-       | 252:-       | 252:-       | 252:-       
 1011:  256:-       | 252:addq    | 252:-       | 252:-       | 252:-       
 1012:  256:-       | 256:-       | 252:addq    | 252:-       | 252:-       
 1013:  256:-       | 256:-       | 256:-       | 252:addq    | 252:-       
 1014:  256:-       | 256:-       | 256:-       | 256:-       | 252:addq    r3=0  
 1015:  256:addq    | 256:-       | 256:-       | 256:-       | 256:-       
 1016:  260:-       | 256:addq    | 256:-       | 256:-       | 256:-       
 1017:  260:-       | 260:-       | 256:addq    | 256:-       | 256:-       
 1018:  260:-       | 260:-       | 260:-       | 256:addq    | 256:-       
 1019:  260:-       | 260:-       | 260:-       | 260:-       | 256:addq    r3=0  
 1020:  260:stq     | 260:-       | 260:-       | 260:-       | 260:-       
 1021:  264:-       | 260:stq     | 260:-       | 260:-       | 260:-       
 1022:  264:-       | 264:-       | 260:stq     | 260:-       | 260:-       
 1023:  264:-       | 264:-       | 264:-       | 260:stq     | 260:-       BUS_STORE MEM[5776] = 56 accepted 1
 1024:  264:-       | 264:-       | 264:-       | 264:-       | 260:stq     
 1025:  264:stq     | 264:-       | 264:-       | 264:-       | 264:-       
 1026:  268:-       | 264:stq     | 264:-       | 264:-       | 264:-       
 1027:  268:-       | 268:-       | 264:stq     | 264:-       | 264:-       
 1028:  268:-       | 268:-       | 268:-       | 264:stq     | 264:-       BUS_STORE MEM[5776] = 56 accepted 1
 1029:  268:-       | 268:-       | 268:-       | 268:-       | 264:stq     
 1030:  268:stq     | 268:-       | 268:-       | 268:-       | 268:-       
 1031:  272:-       | 268:stq     | 268:-       | 268:-       | 268:-       
 1032:  272:-       | 272:-       | 268:stq     | 268:-       | 268:-       
 1033:  272:-       | 272:-       | 272:-       | 268:stq     | 268:-       BUS_STORE MEM[5776] = 56 accepted 1
 1034:  272:-       | 272:-       | 272:-       | 272:-       | 268:stq     
 1035:  272:stq     | 272:-       | 272:-       | 272:-       | 272:-       
 1036:  276:-       | 272:stq     | 272:-       | 272:-       | 272:-       
 1037:  276:-       | 276:-       | 272:stq     | 272:-       | 272:-       
 1038:  276:-       | 276:-       | 276:-       | 272:stq     | 272:-       BUS_STORE MEM[5776] = 0 accepted 1
 1039:  276:-       | 276:-       | 276:-       | 276:-       | 272:stq     
 1040:  276:stq     | 276:-       | 276:-       | 276:-       | 276:-       
 1041:  280:-       | 276:stq     | 276:-       | 276:-       | 276:-       
 1042:  280:-       | 280:-       | 276:stq     | 276:-       | 276:-       
 1043:  280:-       | 280:-       | 280:-       | 276:stq     | 276:-       BUS_STORE MEM[5776] = 56 accepted 1
 1044:  280:-       | 280:-       | 280:-       | 280:-       | 276:stq     
 1045:  280:stq     | 280:-       | 280:-       | 280:-       | 280:-       
 1046:  284:-       | 280:stq     | 280:-       | 280:-       | 280:-       
 1047:  284:-       | 284:-       | 280:stq     | 280:-       | 280:-       
 1048:  284:-       | 284:-       | 284:-       | 280:stq     | 280:-       BUS_STORE MEM[5776] = 56 accepted 1
 1049:  284:-       | 284:-       | 284:-       | 284:-       | 280:stq     
 1050:  284:stq     | 284:-       | 284:-       | 284:-       | 284:-       
 1051:  288:-       | 284:stq     | 284:-       | 284:-       | 284:-       
 1052:  288:-       | 288:-       | 284:stq     | 284:-       | 284:-       
 1053:  288:-       | 288:-       | 288:-       | 284:stq     | 284:-       BUS_STORE MEM[5776] = 56 accepted 1
 1054:  288:-       | 288:-       | 288:-       | 288:-       | 284:stq     
 1055:  288:stq     | 288:-       | 288:-       | 288:-       | 288:-       
 1056:  292:-       | 288:stq     | 288:-       | 288:-       | 288:-       
 1057:  292:-       | 292:-       | 288:stq     | 288:-       | 288:-       
 1058:  292:-       | 292:-       | 292:-       | 288:stq     | 288:-       BUS_STORE MEM[5776] = 56 accepted 1
 1059:  292:-       | 292:-       | 292:-       | 292:-       | 288:stq     
 1060:  292:stq     | 292:-       | 292:-       | 292:-       | 292:-       
 1061:  296:-       | 292:stq     | 292:-       | 292:-       | 292:-       
 1062:  296:-       | 296:-       | 292:stq     | 292:-       | 292:-       
 1063:  296:-       | 296:-       | 296:-       | 292:stq     | 292:-       BUS_STORE MEM[5776] = 56 accepted 1
 1064:  296:-       | 296:-       | 296:-       | 296:-       | 292:stq     
 1065:  296:addq    | 296:-       | 296:-       | 296:-       | 296:-       
 1066:  300:-       | 296:addq    | 296:-       | 296:-       | 296:-       
 1067:  300:-       | 300:-       | 296:addq    | 296:-       | 296:-       
 1068:  300:-       | 300:-       | 300:-       | 296:addq    | 296:-       
 1069:  300:-       | 300:-       | 300:-       | 300:-       | 296:addq    r3=0  
 1070:  300:bne     | 300:-       | 300:-       | 300:-       | 300:-       
 1071:  304:-       | 300:bne     | 300:-       | 300:-       | 300:-       
 1072:  304:-       | 304:-       | 300:bne     | 300:-       | 300:-       
 1073:  304:-       | 304:-       | 304:-       | 300:bne     | 300:-       
 1074:  304:-       | 304:-       | 304:-       | 304:-       | 300:bne     
 1075:  304:halt    | 304:-       | 304:-       | 304:-       | 304:-       
 1076:  308:-       | 304:halt    | 304:-       | 304:-       | 304:-       
 1077:  308:-       | 308:-       | 304:halt    | 304:-       | 304:-       BUS_LOAD  MEM[304] accepted 1
 1078:  308:-       | 308:-       | 308:-       | 304:halt    | 304:-       
 1079:  308:-       | 308:-       | 308:-       | 308:-       | 304:halt    
