Chronologic VCS simulator copyright 1991-2012
Contains Synopsys proprietary information.
Compiler version G-2012.09_Full64; Runtime version G-2012.09_Full64;  Dec 10 00:19 2012
@@
@@
@@                     0  Asserting System reset......
@@
@@                     0 : System STILL at reset, can't show anything
@@
@@
@@                   100 : System STILL at reset, can't show anything
@@
@@
@@                   200 : System STILL at reset, can't show anything
@@
@@
@@                   300 : System STILL at reset, can't show anything
@@
@@                   360  Deasserting System reset......
@@
@@
@@@ Unified Memory contents hex on left, decimal on right: 
@@@
@@@ mem[    0] = 207f1000205f0002 : 2341607923985088514
@@@ mem[    8] = 209f100023bf1008 : 2350615123296456712
@@@ mem[   16] = b45d0000b4430000 : 12996544102685409280
@@@ mem[   24] = 20bf0005b4630000 : 2359604754266652672
@@@ mem[   32] = 0000000000000555 : 1365
@@@
@@@ mem[ 4096] = 0000000000001000 : 4096
@@@ mem[ 4104] = 0000000000000002 : 2
@@@
@@@
@@                  6220 : System halted
@@
@@@ System halted on HALT instruction
@@@
@@
@@  59 cycles / 8 instrs = 7.375000 CPI
@@
@@  1740.00 ns total time to execute
@@

$finish called from file "testbench/testbench.v", line 290.
$finish at simulation time                 7220
           V C S   S i m u l a t i o n   R e p o r t 
Time: 722000 ps
CPU Time:      0.460 seconds;       Data structure size:   0.1Mb
Mon Dec 10 00:19:58 2012
